This is pdfTeX, Version 3.1415926-2.3-1.40.12 (TeX Live 2011) (format=pdflatex 2011.7.3)  3 JUL 2013 17:02
entering extended mode
 restricted \write18 enabled.
 %&-line parsing enabled.
**log.tex
(./log.tex
LaTeX2e <2009/09/24>
Babel <v3.8l> and hyphenation patterns for english, dumylang, nohyphenation, ge
rman-x-2009-06-19, ngerman-x-2009-06-19, afrikaans, ancientgreek, ibycus, arabi
c, armenian, basque, bulgarian, catalan, pinyin, coptic, croatian, czech, danis
h, dutch, ukenglish, usenglishmax, esperanto, estonian, ethiopic, farsi, finnis
h, french, galician, german, ngerman, swissgerman, monogreek, greek, hungarian,
 icelandic, assamese, bengali, gujarati, hindi, kannada, malayalam, marathi, or
iya, panjabi, tamil, telugu, indonesian, interlingua, irish, italian, kurmanji,
 lao, latin, latvian, lithuanian, mongolian, mongolianlmc, bokmal, nynorsk, pol
ish, portuguese, romanian, russian, sanskrit, serbian, serbianc, slovak, sloven
ian, spanish, swedish, turkish, turkmen, ukrainian, uppersorbian, welsh, loaded
.
(/usr/local/texlive/2011/texmf-dist/tex/latex/base/article.cls
Document Class: article 2007/10/19 v1.4h Standard LaTeX document class
(/usr/local/texlive/2011/texmf-dist/tex/latex/base/size11.clo
File: size11.clo 2007/10/19 v1.4h Standard LaTeX file (size option)
)
\c@part=\count79
\c@section=\count80
\c@subsection=\count81
\c@subsubsection=\count82
\c@paragraph=\count83
\c@subparagraph=\count84
\c@figure=\count85
\c@table=\count86
\abovecaptionskip=\skip41
\belowcaptionskip=\skip42
\bibindent=\dimen102
)
(/usr/local/texlive/2011/texmf-dist/tex/latex/base/inputenc.sty
Package: inputenc 2008/03/30 v1.1d Input encoding file
\inpenc@prehook=\toks14
\inpenc@posthook=\toks15

(/usr/local/texlive/2011/texmf-dist/tex/latex/base/utf8.def
File: utf8.def 2008/04/05 v1.1m UTF-8 support for inputenc
Now handling font encoding OML ...
... no UTF-8 mapping file for font encoding OML
Now handling font encoding T1 ...
... processing UTF-8 mapping file for font encoding T1

(/usr/local/texlive/2011/texmf-dist/tex/latex/base/t1enc.dfu
File: t1enc.dfu 2008/04/05 v1.1m UTF-8 support for inputenc
   defining Unicode char U+00A1 (decimal 161)
   defining Unicode char U+00A3 (decimal 163)
   defining Unicode char U+00AB (decimal 171)
   defining Unicode char U+00BB (decimal 187)
   defining Unicode char U+00BF (decimal 191)
   defining Unicode char U+00C0 (decimal 192)
   defining Unicode char U+00C1 (decimal 193)
   defining Unicode char U+00C2 (decimal 194)
   defining Unicode char U+00C3 (decimal 195)
   defining Unicode char U+00C4 (decimal 196)
   defining Unicode char U+00C5 (decimal 197)
   defining Unicode char U+00C6 (decimal 198)
   defining Unicode char U+00C7 (decimal 199)
   defining Unicode char U+00C8 (decimal 200)
   defining Unicode char U+00C9 (decimal 201)
   defining Unicode char U+00CA (decimal 202)
   defining Unicode char U+00CB (decimal 203)
   defining Unicode char U+00CC (decimal 204)
   defining Unicode char U+00CD (decimal 205)
   defining Unicode char U+00CE (decimal 206)
   defining Unicode char U+00CF (decimal 207)
   defining Unicode char U+00D0 (decimal 208)
   defining Unicode char U+00D1 (decimal 209)
   defining Unicode char U+00D2 (decimal 210)
   defining Unicode char U+00D3 (decimal 211)
   defining Unicode char U+00D4 (decimal 212)
   defining Unicode char U+00D5 (decimal 213)
   defining Unicode char U+00D6 (decimal 214)
   defining Unicode char U+00D8 (decimal 216)
   defining Unicode char U+00D9 (decimal 217)
   defining Unicode char U+00DA (decimal 218)
   defining Unicode char U+00DB (decimal 219)
   defining Unicode char U+00DC (decimal 220)
   defining Unicode char U+00DD (decimal 221)
   defining Unicode char U+00DE (decimal 222)
   defining Unicode char U+00DF (decimal 223)
   defining Unicode char U+00E0 (decimal 224)
   defining Unicode char U+00E1 (decimal 225)
   defining Unicode char U+00E2 (decimal 226)
   defining Unicode char U+00E3 (decimal 227)
   defining Unicode char U+00E4 (decimal 228)
   defining Unicode char U+00E5 (decimal 229)
   defining Unicode char U+00E6 (decimal 230)
   defining Unicode char U+00E7 (decimal 231)
   defining Unicode char U+00E8 (decimal 232)
   defining Unicode char U+00E9 (decimal 233)
   defining Unicode char U+00EA (decimal 234)
   defining Unicode char U+00EB (decimal 235)
   defining Unicode char U+00EC (decimal 236)
   defining Unicode char U+00ED (decimal 237)
   defining Unicode char U+00EE (decimal 238)
   defining Unicode char U+00EF (decimal 239)
   defining Unicode char U+00F0 (decimal 240)
   defining Unicode char U+00F1 (decimal 241)
   defining Unicode char U+00F2 (decimal 242)
   defining Unicode char U+00F3 (decimal 243)
   defining Unicode char U+00F4 (decimal 244)
   defining Unicode char U+00F5 (decimal 245)
   defining Unicode char U+00F6 (decimal 246)
   defining Unicode char U+00F8 (decimal 248)
   defining Unicode char U+00F9 (decimal 249)
   defining Unicode char U+00FA (decimal 250)
   defining Unicode char U+00FB (decimal 251)
   defining Unicode char U+00FC (decimal 252)
   defining Unicode char U+00FD (decimal 253)
   defining Unicode char U+00FE (decimal 254)
   defining Unicode char U+00FF (decimal 255)
   defining Unicode char U+0102 (decimal 258)
   defining Unicode char U+0103 (decimal 259)
   defining Unicode char U+0104 (decimal 260)
   defining Unicode char U+0105 (decimal 261)
   defining Unicode char U+0106 (decimal 262)
   defining Unicode char U+0107 (decimal 263)
   defining Unicode char U+010C (decimal 268)
   defining Unicode char U+010D (decimal 269)
   defining Unicode char U+010E (decimal 270)
   defining Unicode char U+010F (decimal 271)
   defining Unicode char U+0110 (decimal 272)
   defining Unicode char U+0111 (decimal 273)
   defining Unicode char U+0118 (decimal 280)
   defining Unicode char U+0119 (decimal 281)
   defining Unicode char U+011A (decimal 282)
   defining Unicode char U+011B (decimal 283)
   defining Unicode char U+011E (decimal 286)
   defining Unicode char U+011F (decimal 287)
   defining Unicode char U+0130 (decimal 304)
   defining Unicode char U+0131 (decimal 305)
   defining Unicode char U+0132 (decimal 306)
   defining Unicode char U+0133 (decimal 307)
   defining Unicode char U+0139 (decimal 313)
   defining Unicode char U+013A (decimal 314)
   defining Unicode char U+013D (decimal 317)
   defining Unicode char U+013E (decimal 318)
   defining Unicode char U+0141 (decimal 321)
   defining Unicode char U+0142 (decimal 322)
   defining Unicode char U+0143 (decimal 323)
   defining Unicode char U+0144 (decimal 324)
   defining Unicode char U+0147 (decimal 327)
   defining Unicode char U+0148 (decimal 328)
   defining Unicode char U+014A (decimal 330)
   defining Unicode char U+014B (decimal 331)
   defining Unicode char U+0150 (decimal 336)
   defining Unicode char U+0151 (decimal 337)
   defining Unicode char U+0152 (decimal 338)
   defining Unicode char U+0153 (decimal 339)
   defining Unicode char U+0154 (decimal 340)
   defining Unicode char U+0155 (decimal 341)
   defining Unicode char U+0158 (decimal 344)
   defining Unicode char U+0159 (decimal 345)
   defining Unicode char U+015A (decimal 346)
   defining Unicode char U+015B (decimal 347)
   defining Unicode char U+015E (decimal 350)
   defining Unicode char U+015F (decimal 351)
   defining Unicode char U+0160 (decimal 352)
   defining Unicode char U+0161 (decimal 353)
   defining Unicode char U+0162 (decimal 354)
   defining Unicode char U+0163 (decimal 355)
   defining Unicode char U+0164 (decimal 356)
   defining Unicode char U+0165 (decimal 357)
   defining Unicode char U+016E (decimal 366)
   defining Unicode char U+016F (decimal 367)
   defining Unicode char U+0170 (decimal 368)
   defining Unicode char U+0171 (decimal 369)
   defining Unicode char U+0178 (decimal 376)
   defining Unicode char U+0179 (decimal 377)
   defining Unicode char U+017A (decimal 378)
   defining Unicode char U+017B (decimal 379)
   defining Unicode char U+017C (decimal 380)
   defining Unicode char U+017D (decimal 381)
   defining Unicode char U+017E (decimal 382)
   defining Unicode char U+200C (decimal 8204)
   defining Unicode char U+2013 (decimal 8211)
   defining Unicode char U+2014 (decimal 8212)
   defining Unicode char U+2018 (decimal 8216)
   defining Unicode char U+2019 (decimal 8217)
   defining Unicode char U+201A (decimal 8218)
   defining Unicode char U+201C (decimal 8220)
   defining Unicode char U+201D (decimal 8221)
   defining Unicode char U+201E (decimal 8222)
   defining Unicode char U+2030 (decimal 8240)
   defining Unicode char U+2031 (decimal 8241)
   defining Unicode char U+2039 (decimal 8249)
   defining Unicode char U+203A (decimal 8250)
   defining Unicode char U+2423 (decimal 9251)
)
Now handling font encoding OT1 ...
... processing UTF-8 mapping file for font encoding OT1

(/usr/local/texlive/2011/texmf-dist/tex/latex/base/ot1enc.dfu
File: ot1enc.dfu 2008/04/05 v1.1m UTF-8 support for inputenc
   defining Unicode char U+00A1 (decimal 161)
   defining Unicode char U+00A3 (decimal 163)
   defining Unicode char U+00B8 (decimal 184)
   defining Unicode char U+00BF (decimal 191)
   defining Unicode char U+00C5 (decimal 197)
   defining Unicode char U+00C6 (decimal 198)
   defining Unicode char U+00D8 (decimal 216)
   defining Unicode char U+00DF (decimal 223)
   defining Unicode char U+00E6 (decimal 230)
   defining Unicode char U+00EC (decimal 236)
   defining Unicode char U+00ED (decimal 237)
   defining Unicode char U+00EE (decimal 238)
   defining Unicode char U+00EF (decimal 239)
   defining Unicode char U+00F8 (decimal 248)
   defining Unicode char U+0131 (decimal 305)
   defining Unicode char U+0141 (decimal 321)
   defining Unicode char U+0142 (decimal 322)
   defining Unicode char U+0152 (decimal 338)
   defining Unicode char U+0153 (decimal 339)
   defining Unicode char U+2013 (decimal 8211)
   defining Unicode char U+2014 (decimal 8212)
   defining Unicode char U+2018 (decimal 8216)
   defining Unicode char U+2019 (decimal 8217)
   defining Unicode char U+201C (decimal 8220)
   defining Unicode char U+201D (decimal 8221)
)
Now handling font encoding OMS ...
... processing UTF-8 mapping file for font encoding OMS

(/usr/local/texlive/2011/texmf-dist/tex/latex/base/omsenc.dfu
File: omsenc.dfu 2008/04/05 v1.1m UTF-8 support for inputenc
   defining Unicode char U+00A7 (decimal 167)
   defining Unicode char U+00B6 (decimal 182)
   defining Unicode char U+00B7 (decimal 183)
   defining Unicode char U+2020 (decimal 8224)
   defining Unicode char U+2021 (decimal 8225)
   defining Unicode char U+2022 (decimal 8226)
)
Now handling font encoding OMX ...
... no UTF-8 mapping file for font encoding OMX
Now handling font encoding U ...
... no UTF-8 mapping file for font encoding U
   defining Unicode char U+00A9 (decimal 169)
   defining Unicode char U+00AA (decimal 170)
   defining Unicode char U+00AE (decimal 174)
   defining Unicode char U+00BA (decimal 186)
   defining Unicode char U+02C6 (decimal 710)
   defining Unicode char U+02DC (decimal 732)
   defining Unicode char U+200C (decimal 8204)
   defining Unicode char U+2026 (decimal 8230)
   defining Unicode char U+2122 (decimal 8482)
   defining Unicode char U+2423 (decimal 9251)
))
(/usr/local/texlive/2011/texmf-dist/tex/latex/geometry/geometry.sty
Package: geometry 2010/09/12 v5.6 Page Geometry

(/usr/local/texlive/2011/texmf-dist/tex/latex/graphics/keyval.sty
Package: keyval 1999/03/16 v1.13 key=value parser (DPC)
\KV@toks@=\toks16
)
(/usr/local/texlive/2011/texmf-dist/tex/generic/oberdiek/ifpdf.sty
Package: ifpdf 2011/01/30 v2.3 Provides the ifpdf switch (HO)
Package ifpdf Info: pdfTeX in PDF mode is detected.
)
(/usr/local/texlive/2011/texmf-dist/tex/generic/oberdiek/ifvtex.sty
Package: ifvtex 2010/03/01 v1.5 Switches for detecting VTeX and its modes (HO)
Package ifvtex Info: VTeX not detected.
)
(/usr/local/texlive/2011/texmf-dist/tex/generic/ifxetex/ifxetex.sty
Package: ifxetex 2010/09/12 v0.6 Provides ifxetex conditional
)
\Gm@cnth=\count87
\Gm@cntv=\count88
\c@Gm@tempcnt=\count89
\Gm@bindingoffset=\dimen103
\Gm@wd@mp=\dimen104
\Gm@odd@mp=\dimen105
\Gm@even@mp=\dimen106
\Gm@layoutwidth=\dimen107
\Gm@layoutheight=\dimen108
\Gm@layouthoffset=\dimen109
\Gm@layoutvoffset=\dimen110
\Gm@dimlist=\toks17
)
(/usr/local/texlive/2011/texmf-dist/tex/latex/graphics/graphicx.sty
Package: graphicx 1999/02/16 v1.0f Enhanced LaTeX Graphics (DPC,SPQR)

(/usr/local/texlive/2011/texmf-dist/tex/latex/graphics/graphics.sty
Package: graphics 2009/02/05 v1.0o Standard LaTeX Graphics (DPC,SPQR)

(/usr/local/texlive/2011/texmf-dist/tex/latex/graphics/trig.sty
Package: trig 1999/03/16 v1.09 sin cos tan (DPC)
)
(/usr/local/texlive/2011/texmf-dist/tex/latex/latexconfig/graphics.cfg
File: graphics.cfg 2010/04/23 v1.9 graphics configuration of TeX Live
)
Package graphics Info: Driver file: pdftex.def on input line 91.

(/usr/local/texlive/2011/texmf-dist/tex/latex/pdftex-def/pdftex.def
File: pdftex.def 2011/05/27 v0.06d Graphics/color for pdfTeX

(/usr/local/texlive/2011/texmf-dist/tex/generic/oberdiek/infwarerr.sty
Package: infwarerr 2010/04/08 v1.3 Providing info/warning/message (HO)
)
(/usr/local/texlive/2011/texmf-dist/tex/generic/oberdiek/ltxcmds.sty
Package: ltxcmds 2011/04/18 v1.20 LaTeX kernel commands for general use (HO)
)
\Gread@gobject=\count90
))
\Gin@req@height=\dimen111
\Gin@req@width=\dimen112
)
(/usr/local/texlive/2011/texmf-dist/tex/latex/booktabs/booktabs.sty
Package: booktabs 2005/04/14 v1.61803 publication quality tables
\heavyrulewidth=\dimen113
\lightrulewidth=\dimen114
\cmidrulewidth=\dimen115
\belowrulesep=\dimen116
\belowbottomsep=\dimen117
\aboverulesep=\dimen118
\abovetopsep=\dimen119
\cmidrulesep=\dimen120
\cmidrulekern=\dimen121
\defaultaddspace=\dimen122
\@cmidla=\count91
\@cmidlb=\count92
\@aboverulesep=\dimen123
\@belowrulesep=\dimen124
\@thisruleclass=\count93
\@lastruleclass=\count94
\@thisrulewidth=\dimen125
)
(/usr/local/texlive/2011/texmf-dist/tex/latex/tools/array.sty
Package: array 2008/09/09 v2.4c Tabular extension package (FMi)
\col@sep=\dimen126
\extrarowheight=\dimen127
\NC@list=\toks18
\extratabsurround=\skip43
\backup@length=\skip44
)
(/usr/local/texlive/2011/texmf-dist/tex/latex/paralist/paralist.sty
Package: paralist 2002/03/18 v2.3b Extended list environments (BS)
\pltopsep=\skip45
\plpartopsep=\skip46
\plitemsep=\skip47
\plparsep=\skip48
\pl@lab=\toks19
)
(/usr/local/texlive/2011/texmf-dist/tex/latex/tools/verbatim.sty
Package: verbatim 2003/08/22 v1.5q LaTeX2e package for verbatim enhancements
\every@verbatim=\toks20
\verbatim@line=\toks21
\verbatim@in@stream=\read1
)
(/usr/local/texlive/2011/texmf-dist/tex/latex/listings/listings.sty
\lst@mode=\count95
\lst@gtempboxa=\box26
\lst@token=\toks22
\lst@length=\count96
\lst@currlwidth=\dimen128
\lst@column=\count97
\lst@pos=\count98
\lst@lostspace=\dimen129
\lst@width=\dimen130
\lst@newlines=\count99
\lst@lineno=\count100
\lst@maxwidth=\dimen131

(/usr/local/texlive/2011/texmf-dist/tex/latex/listings/lstmisc.sty
File: lstmisc.sty 2007/02/22 1.4 (Carsten Heinz)
\c@lstnumber=\count101
\lst@skipnumbers=\count102
\lst@framebox=\box27
)
(/usr/local/texlive/2011/texmf-dist/tex/latex/listings/listings.cfg
File: listings.cfg 2007/02/22 1.4 listings configuration
))
Package: listings 2007/02/22 1.4 (Carsten Heinz)

(/usr/local/texlive/2011/texmf-dist/tex/latex/subfig/subfig.sty
Package: subfig 2005/06/28 ver: 1.3 subfig package

(/usr/local/texlive/2011/texmf-dist/tex/latex/caption/caption.sty
Package: caption 2010/01/09 v3.1m Customizing captions (AR)

(/usr/local/texlive/2011/texmf-dist/tex/latex/caption/caption3.sty
Package: caption3 2010/01/14 v3.1m caption3 kernel (AR)
\captionmargin=\dimen132
\captionmargin@=\dimen133
\captionwidth=\dimen134
\caption@indent=\dimen135
\caption@parindent=\dimen136
\caption@hangindent=\dimen137
)
\c@ContinuedFloat=\count103
Package caption Info: listings package is loaded.
)
\c@KVtest=\count104
\sf@farskip=\skip49
\sf@captopadj=\dimen138
\sf@capskip=\skip50
\sf@nearskip=\skip51
\c@subfigure=\count105
\c@subfigure@save=\count106
\c@lofdepth=\count107
\c@subtable=\count108
\c@subtable@save=\count109
\c@lotdepth=\count110
\sf@top=\skip52
\sf@bottom=\skip53
)
(/usr/local/texlive/2011/texmf-dist/tex/latex/fancyhdr/fancyhdr.sty
\fancy@headwidth=\skip54
\f@ncyO@elh=\skip55
\f@ncyO@erh=\skip56
\f@ncyO@olh=\skip57
\f@ncyO@orh=\skip58
\f@ncyO@elf=\skip59
\f@ncyO@erf=\skip60
\f@ncyO@olf=\skip61
\f@ncyO@orf=\skip62
)
(/usr/local/texlive/2011/texmf-dist/tex/latex/sectsty/sectsty.sty
Package: sectsty 2002/02/25 v2.0.2 Commands to change all sectional heading sty
les
)
(/usr/local/texlive/2011/texmf-dist/tex/latex/tocbibind/tocbibind.sty
Package: tocbibind 2010/10/13 v1.5k extra ToC listings
Package tocbibind Info: The document has section divisions on input line 50.


Package tocbibind Note: Using section or other style headings.

) (/usr/local/texlive/2011/texmf-dist/tex/latex/tocloft/tocloft.sty
Package: tocloft 2010/10/13 v2.3e parameterised ToC, etc., typesetting
Package tocloft Info: The document has section divisions on input line 43.
\cftparskip=\skip63
\cftbeforetoctitleskip=\skip64
\cftaftertoctitleskip=\skip65
\cftbeforepartskip=\skip66
\cftpartnumwidth=\skip67
\cftpartindent=\skip68
\cftbeforesecskip=\skip69
\cftsecindent=\skip70
\cftsecnumwidth=\skip71
\cftbeforesubsecskip=\skip72
\cftsubsecindent=\skip73
\cftsubsecnumwidth=\skip74
\cftbeforesubsubsecskip=\skip75
\cftsubsubsecindent=\skip76
\cftsubsubsecnumwidth=\skip77
\cftbeforeparaskip=\skip78
\cftparaindent=\skip79
\cftparanumwidth=\skip80
\cftbeforesubparaskip=\skip81
\cftsubparaindent=\skip82
\cftsubparanumwidth=\skip83
\cftbeforeloftitleskip=\skip84
\cftafterloftitleskip=\skip85
\cftbeforefigskip=\skip86
\cftfigindent=\skip87
\cftfignumwidth=\skip88
\cftbeforelottitleskip=\skip89
\cftafterlottitleskip=\skip90
\cftbeforetabskip=\skip91
\cfttabindent=\skip92
\cfttabnumwidth=\skip93
\cftbeforesubfigskip=\skip94
\cftsubfigindent=\skip95
\cftsubfignumwidth=\skip96
\cftbeforesubtabskip=\skip97
\cftsubtabindent=\skip98
\cftsubtabnumwidth=\skip99
)
(/usr/local/texlive/2011/texmf-dist/tex/latex/hyperref/hyperref.sty
Package: hyperref 2011/04/17 v6.82g Hypertext links for LaTeX

(/usr/local/texlive/2011/texmf-dist/tex/generic/oberdiek/hobsub-hyperref.sty
Package: hobsub-hyperref 2011/04/23 v1.4 Bundle oberdiek, subset hyperref (HO)

(/usr/local/texlive/2011/texmf-dist/tex/generic/oberdiek/hobsub-generic.sty
Package: hobsub-generic 2011/04/23 v1.4 Bundle oberdiek, subset generic (HO)
Package: hobsub 2011/04/23 v1.4 Subsetting bundle oberdiek (HO)
Package hobsub Info: Skipping package `infwarerr' (already loaded).
Package hobsub Info: Skipping package `ltxcmds' (already loaded).
Package: ifluatex 2010/03/01 v1.3 Provides the ifluatex switch (HO)
Package ifluatex Info: LuaTeX not detected.
Package hobsub Info: Skipping package `ifvtex' (already loaded).
Package: intcalc 2007/09/27 v1.1 Expandable integer calculations (HO)
Package hobsub Info: Skipping package `ifpdf' (already loaded).
Package: etexcmds 2011/02/16 v1.5 Prefix for e-TeX command names (HO)
Package etexcmds Info: Could not find \expanded.
(etexcmds)             That can mean that you are not using pdfTeX 1.50 or
(etexcmds)             that some package has redefined \expanded.
(etexcmds)             In the latter case, load this package earlier.
Package: kvsetkeys 2011/04/07 v1.13 Key value parser (HO)
Package: kvdefinekeys 2011/04/07 v1.3 Defining keys (HO)
Package: pdftexcmds 2011/04/22 v0.16 Utilities of pdfTeX for LuaTeX (HO)
Package pdftexcmds Info: LuaTeX not detected.
Package pdftexcmds Info: \pdf@primitive is available.
Package pdftexcmds Info: \pdf@ifprimitive is available.
Package pdftexcmds Info: \pdfdraftmode found.
Package: pdfescape 2011/04/04 v1.12 Provides string conversions (HO)
Package: bigintcalc 2011/01/30 v1.2 Expandable big integer calculations (HO)
Package: bitset 2011/01/30 v1.1 Data type bit set (HO)
Package: uniquecounter 2011/01/30 v1.2 Provides unlimited unique counter (HO)
)
Package hobsub Info: Skipping package `hobsub' (already loaded).
Package: letltxmacro 2010/09/02 v1.4 Let assignment for LaTeX macros (HO)
Package: hopatch 2011/01/30 v1.0 Wrapper for package hooks (HO)
Package: xcolor-patch 2011/01/30 xcolor patch
Package: atveryend 2011/04/23 v1.7 Hooks at very end of document (HO)
Package atveryend Info: \enddocument detected (standard).
Package: atbegshi 2011/01/30 v1.15 At begin shipout hook (HO)
Package: refcount 2010/12/01 v3.2 Data extraction from references (HO)
Package: hycolor 2011/01/30 v1.7 Color options of hyperref/bookmark (HO)
)
(/usr/local/texlive/2011/texmf-dist/tex/latex/oberdiek/kvoptions.sty
Package: kvoptions 2010/12/23 v3.10 Keyval support for LaTeX options (HO)
)
\@linkdim=\dimen139
\Hy@linkcounter=\count111
\Hy@pagecounter=\count112

(/usr/local/texlive/2011/texmf-dist/tex/latex/hyperref/pd1enc.def
File: pd1enc.def 2011/04/17 v6.82g Hyperref: PDFDocEncoding definition (HO)
Now handling font encoding PD1 ...
... no UTF-8 mapping file for font encoding PD1
)
\Hy@SavedSpaceFactor=\count113

(/usr/local/texlive/2011/texmf-dist/tex/latex/latexconfig/hyperref.cfg
File: hyperref.cfg 2002/06/06 v1.2 hyperref configuration of TeXLive
)
Package hyperref Info: Hyper figures OFF on input line 4026.
Package hyperref Info: Link nesting OFF on input line 4031.
Package hyperref Info: Hyper index ON on input line 4034.
Package hyperref Info: Plain pages OFF on input line 4041.
Package hyperref Info: Backreferencing OFF on input line 4046.
Package hyperref Info: Implicit mode ON; LaTeX internals redefined.
Package hyperref Info: Bookmarks ON on input line 4264.
\c@Hy@tempcnt=\count114

(/usr/local/texlive/2011/texmf-dist/tex/latex/url/url.sty
\Urlmuskip=\muskip10
Package: url 2006/04/12  ver 3.3  Verb mode for urls, etc.
)
LaTeX Info: Redefining \url on input line 4617.
\Fld@menulength=\count115
\Field@Width=\dimen140
\Fld@charsize=\dimen141
Package hyperref Info: Hyper figures OFF on input line 5701.
Package hyperref Info: Link nesting OFF on input line 5706.
Package hyperref Info: Hyper index ON on input line 5709.
Package hyperref Info: backreferencing OFF on input line 5716.
Package hyperref Info: Link coloring OFF on input line 5721.
Package hyperref Info: Link coloring with OCG OFF on input line 5726.
Package hyperref Info: PDF/A mode OFF on input line 5731.
LaTeX Info: Redefining \ref on input line 5771.
LaTeX Info: Redefining \pageref on input line 5775.
\Hy@abspage=\count116
\c@Item=\count117
\c@Hfootnote=\count118
)

Package hyperref Message: Driver (autodetected): hpdftex.

(/usr/local/texlive/2011/texmf-dist/tex/latex/hyperref/hpdftex.def
File: hpdftex.def 2011/04/17 v6.82g Hyperref driver for pdfTeX
\Fld@listcount=\count119
\c@bookmark@seq@number=\count120

(/usr/local/texlive/2011/texmf-dist/tex/latex/oberdiek/rerunfilecheck.sty
Package: rerunfilecheck 2011/04/15 v1.7 Rerun checks for auxiliary files (HO)
Package uniquecounter Info: New unique counter `rerunfilecheck' on input line 2
82.
)
\Hy@SectionHShift=\skip100
)
(./log.aux

LaTeX Warning: Label `events' multiply defined.

)
\openout1 = `log.aux'.

LaTeX Font Info:    Checking defaults for OML/cmm/m/it on input line 23.
LaTeX Font Info:    ... okay on input line 23.
LaTeX Font Info:    Checking defaults for T1/cmr/m/n on input line 23.
LaTeX Font Info:    ... okay on input line 23.
LaTeX Font Info:    Checking defaults for OT1/cmr/m/n on input line 23.
LaTeX Font Info:    ... okay on input line 23.
LaTeX Font Info:    Checking defaults for OMS/cmsy/m/n on input line 23.
LaTeX Font Info:    ... okay on input line 23.
LaTeX Font Info:    Checking defaults for OMX/cmex/m/n on input line 23.
LaTeX Font Info:    ... okay on input line 23.
LaTeX Font Info:    Checking defaults for U/cmr/m/n on input line 23.
LaTeX Font Info:    ... okay on input line 23.
LaTeX Font Info:    Checking defaults for PD1/pdf/m/n on input line 23.
LaTeX Font Info:    ... okay on input line 23.

*geometry* driver: auto-detecting
*geometry* detected driver: pdftex
*geometry* verbose mode - [ preamble ] result:
* driver: pdftex
* paper: a4paper
* layout: <same size as paper>
* layoutoffset:(h,v)=(0.0pt,0.0pt)
* modes: 
* h-part:(L,W,R)=(89.62709pt, 418.25368pt, 89.6271pt)
* v-part:(T,H,B)=(101.40665pt, 591.5302pt, 152.11pt)
* \paperwidth=597.50787pt
* \paperheight=845.04684pt
* \textwidth=418.25368pt
* \textheight=591.5302pt
* \oddsidemargin=17.3571pt
* \evensidemargin=17.3571pt
* \topmargin=-7.86334pt
* \headheight=12.0pt
* \headsep=25.0pt
* \topskip=11.0pt
* \footskip=30.0pt
* \marginparwidth=59.0pt
* \marginparsep=10.0pt
* \columnsep=10.0pt
* \skip\footins=10.0pt plus 4.0pt minus 2.0pt
* \hoffset=0.0pt
* \voffset=0.0pt
* \mag=1000
* \@twocolumnfalse
* \@twosidefalse
* \@mparswitchfalse
* \@reversemarginfalse
* (1in=72.27pt=25.4mm, 1cm=28.453pt)

(/usr/local/texlive/2011/texmf-dist/tex/context/base/supp-pdf.mkii
[Loading MPS to PDF converter (version 2006.09.02).]
\scratchcounter=\count121
\scratchdimen=\dimen142
\scratchbox=\box28
\nofMPsegments=\count122
\nofMParguments=\count123
\everyMPshowfont=\toks23
\MPscratchCnt=\count124
\MPscratchDim=\dimen143
\MPnumerator=\count125
\makeMPintoPDFobject=\count126
\everyMPtoPDFconversion=\toks24
) (/usr/local/texlive/2011/texmf-dist/tex/latex/oberdiek/epstopdf-base.sty
Package: epstopdf-base 2010/02/09 v2.5 Base part for package epstopdf

(/usr/local/texlive/2011/texmf-dist/tex/latex/oberdiek/grfext.sty
Package: grfext 2010/08/19 v1.1 Managing graphics extensions (HO)
)
Package grfext Info: Graphics extension search list:
(grfext)             [.png,.pdf,.jpg,.mps,.jpeg,.jbig2,.jb2,.PNG,.PDF,.JPG,.JPE
G,.JBIG2,.JB2,.eps]
(grfext)             \AppendGraphicsExtensions on input line 452.

(/usr/local/texlive/2011/texmf-dist/tex/latex/latexconfig/epstopdf-sys.cfg
File: epstopdf-sys.cfg 2010/07/13 v1.3 Configuration of (r)epstopdf for TeX Liv
e
))
\c@lstlisting=\count127
Package caption Info: Begin \AtBeginDocument code.
Package caption3 Info: subfig package 1.2 or 1.3 is loaded.
LaTeX Info: Redefining \subref on input line 23.
Package caption Info: hyperref package is loaded.
Package caption Info: End \AtBeginDocument code.
\AtBeginShipoutBox=\box29
Package hyperref Info: Link coloring OFF on input line 23.

(/usr/local/texlive/2011/texmf-dist/tex/latex/hyperref/nameref.sty
Package: nameref 2010/04/30 v2.40 Cross-referencing by name of section

(/usr/local/texlive/2011/texmf-dist/tex/generic/oberdiek/gettitlestring.sty
Package: gettitlestring 2010/12/03 v1.4 Cleanup title references (HO)
)
\c@section@level=\count128
)
LaTeX Info: Redefining \ref on input line 23.
LaTeX Info: Redefining \pageref on input line 23.
LaTeX Info: Redefining \nameref on input line 23.

(./log.out) (./log.out)
\@outlinefile=\write3
\openout3 = `log.out'.

LaTeX Font Info:    External font `cmex10' loaded for size
(Font)              <12> on input line 25.
LaTeX Font Info:    External font `cmex10' loaded for size
(Font)              <8> on input line 25.
LaTeX Font Info:    External font `cmex10' loaded for size
(Font)              <6> on input line 25.
 (./log.toc
LaTeX Font Info:    External font `cmex10' loaded for size
(Font)              <10.95> on input line 1.
 [1

{/usr/local/texlive/2011/texmf-var/fonts/map/pdftex/updmap/pdftex.map}] [2]
Overfull \hbox (4.92746pt too wide) detected at line 116
 \OT1/cmr/m/n/10.95 1006
 []

[3]
Overfull \hbox (4.92746pt too wide) detected at line 117
 \OT1/cmr/m/n/10.95 1015
 []


Overfull \hbox (4.92746pt too wide) detected at line 118
 \OT1/cmr/m/n/10.95 1024
 []


Overfull \hbox (4.92746pt too wide) detected at line 119
 \OT1/cmr/m/n/10.95 1033
 []


Overfull \hbox (4.92746pt too wide) detected at line 120
 \OT1/cmr/m/n/10.95 1042
 []


Overfull \hbox (4.92746pt too wide) detected at line 121
 \OT1/cmr/m/n/10.95 1051
 []


Overfull \hbox (4.92746pt too wide) detected at line 122
 \OT1/cmr/m/n/10.95 1060
 []


Overfull \hbox (4.92746pt too wide) detected at line 123
 \OT1/cmr/m/n/10.95 1069
 []


Overfull \hbox (4.92746pt too wide) detected at line 124
 \OT1/cmr/m/n/10.95 1078
 []


Overfull \hbox (4.92746pt too wide) detected at line 125
 \OT1/cmr/m/n/10.95 1087
 []


Overfull \hbox (4.92746pt too wide) detected at line 126
 \OT1/cmr/m/n/10.95 1096
 []


Overfull \hbox (4.92746pt too wide) detected at line 127
 \OT1/cmr/m/n/10.95 1105
 []


Overfull \hbox (4.92746pt too wide) detected at line 128
 \OT1/cmr/m/n/10.95 1114
 []


Overfull \hbox (4.92746pt too wide) detected at line 129
 \OT1/cmr/m/n/10.95 1123
 []


Overfull \hbox (4.92746pt too wide) detected at line 130
 \OT1/cmr/m/n/10.95 1132
 []


Overfull \hbox (4.92746pt too wide) detected at line 131
 \OT1/cmr/m/n/10.95 1141
 []


Overfull \hbox (4.92746pt too wide) detected at line 132
 \OT1/cmr/m/n/10.95 1150
 []


Overfull \hbox (4.92746pt too wide) detected at line 133
 \OT1/cmr/m/n/10.95 1159
 []


Overfull \hbox (4.92746pt too wide) detected at line 134
 \OT1/cmr/m/n/10.95 1168
 []


Overfull \hbox (4.92746pt too wide) detected at line 135
 \OT1/cmr/m/n/10.95 1177
 []


Overfull \hbox (4.92746pt too wide) detected at line 136
 \OT1/cmr/m/n/10.95 1186
 []


Overfull \hbox (4.92746pt too wide) detected at line 137
 \OT1/cmr/m/n/10.95 1195
 []


Overfull \hbox (4.92746pt too wide) detected at line 138
 \OT1/cmr/m/n/10.95 1204
 []


Overfull \hbox (4.92746pt too wide) detected at line 139
 \OT1/cmr/m/n/10.95 1213
 []


Overfull \hbox (4.92746pt too wide) detected at line 140
 \OT1/cmr/m/n/10.95 1222
 []


Overfull \hbox (4.92746pt too wide) detected at line 141
 \OT1/cmr/m/n/10.95 1231
 []


Overfull \hbox (4.92746pt too wide) detected at line 142
 \OT1/cmr/m/n/10.95 1240
 []


Overfull \hbox (4.92746pt too wide) detected at line 143
 \OT1/cmr/m/n/10.95 1249
 []


Overfull \hbox (4.92746pt too wide) detected at line 144
 \OT1/cmr/m/n/10.95 1258
 []


Overfull \hbox (4.92746pt too wide) detected at line 145
 \OT1/cmr/m/n/10.95 1267
 []


Overfull \hbox (4.92746pt too wide) detected at line 146
 \OT1/cmr/m/n/10.95 1276
 []


Overfull \hbox (4.92746pt too wide) detected at line 147
 \OT1/cmr/m/n/10.95 1285
 []


Overfull \hbox (4.92746pt too wide) detected at line 148
 \OT1/cmr/m/n/10.95 1294
 []


Overfull \hbox (4.92746pt too wide) detected at line 149
 \OT1/cmr/m/n/10.95 1303
 []


Overfull \hbox (4.92746pt too wide) detected at line 150
 \OT1/cmr/m/n/10.95 1312
 []


Overfull \hbox (4.92746pt too wide) detected at line 151
 \OT1/cmr/m/n/10.95 1321
 []


Overfull \hbox (4.92746pt too wide) detected at line 152
 \OT1/cmr/m/n/10.95 1330
 []


Overfull \hbox (4.92746pt too wide) detected at line 153
 \OT1/cmr/m/n/10.95 1339
 []


Overfull \hbox (4.92746pt too wide) detected at line 154
 \OT1/cmr/m/n/10.95 1348
 []


Overfull \hbox (4.92746pt too wide) detected at line 155
 \OT1/cmr/m/n/10.95 1357
 []


Overfull \hbox (4.92746pt too wide) detected at line 156
 \OT1/cmr/m/n/10.95 1366
 []


Overfull \hbox (4.92746pt too wide) detected at line 157
 \OT1/cmr/m/n/10.95 1375
 []


Overfull \hbox (4.92746pt too wide) detected at line 158
 \OT1/cmr/m/n/10.95 1384
 []


Overfull \hbox (4.92746pt too wide) detected at line 159
 \OT1/cmr/m/n/10.95 1393
 []

[4]
Overfull \hbox (4.92746pt too wide) detected at line 160
 \OT1/cmr/m/n/10.95 1402
 []


Overfull \hbox (4.92746pt too wide) detected at line 161
 \OT1/cmr/m/n/10.95 1411
 []


Overfull \hbox (4.92746pt too wide) detected at line 162
 \OT1/cmr/m/n/10.95 1420
 []


Overfull \hbox (4.92746pt too wide) detected at line 163
 \OT1/cmr/m/n/10.95 1429
 []


Overfull \hbox (4.92746pt too wide) detected at line 164
 \OT1/cmr/m/n/10.95 1438
 []


Overfull \hbox (4.92746pt too wide) detected at line 165
 \OT1/cmr/m/n/10.95 1446
 []


Overfull \hbox (4.92746pt too wide) detected at line 166
 \OT1/cmr/m/n/10.95 1455
 []


Overfull \hbox (4.92746pt too wide) detected at line 167
 \OT1/cmr/m/n/10.95 1464
 []


Overfull \hbox (4.92746pt too wide) detected at line 168
 \OT1/cmr/m/n/10.95 1473
 []


Overfull \hbox (4.92746pt too wide) detected at line 169
 \OT1/cmr/m/n/10.95 1482
 []


Overfull \hbox (4.92746pt too wide) detected at line 170
 \OT1/cmr/m/n/10.95 1491
 []


Overfull \hbox (4.92746pt too wide) detected at line 171
 \OT1/cmr/m/n/10.95 1500
 []


Overfull \hbox (4.92746pt too wide) detected at line 172
 \OT1/cmr/m/n/10.95 1509
 []


Overfull \hbox (4.92746pt too wide) detected at line 173
 \OT1/cmr/m/n/10.95 1518
 []


Overfull \hbox (4.92746pt too wide) detected at line 174
 \OT1/cmr/m/n/10.95 1525
 []


Overfull \hbox (4.92746pt too wide) detected at line 175
 \OT1/cmr/m/n/10.95 1534
 []


Overfull \hbox (4.92746pt too wide) detected at line 176
 \OT1/cmr/m/n/10.95 1543
 []


Overfull \hbox (4.92746pt too wide) detected at line 177
 \OT1/cmr/m/n/10.95 1552
 []


Overfull \hbox (4.92746pt too wide) detected at line 178
 \OT1/cmr/m/n/10.95 1561
 []


Overfull \hbox (4.92746pt too wide) detected at line 179
 \OT1/cmr/m/n/10.95 1570
 []


Overfull \hbox (4.92746pt too wide) detected at line 180
 \OT1/cmr/m/n/10.95 1579
 []


Overfull \hbox (4.92746pt too wide) detected at line 181
 \OT1/cmr/m/n/10.95 1588
 []


Overfull \hbox (4.92746pt too wide) detected at line 182
 \OT1/cmr/m/n/10.95 1597
 []


Overfull \hbox (4.92746pt too wide) detected at line 183
 \OT1/cmr/m/n/10.95 1606
 []


Overfull \hbox (4.92746pt too wide) detected at line 184
 \OT1/cmr/m/n/10.95 1615
 []


Overfull \hbox (4.92746pt too wide) detected at line 185
 \OT1/cmr/m/n/10.95 1624
 []


Overfull \hbox (4.92746pt too wide) detected at line 186
 \OT1/cmr/m/n/10.95 1633
 []


Overfull \hbox (4.92746pt too wide) detected at line 187
 \OT1/cmr/m/n/10.95 1642
 []


Overfull \hbox (4.92746pt too wide) detected at line 188
 \OT1/cmr/m/n/10.95 1651
 []


Overfull \hbox (4.92746pt too wide) detected at line 189
 \OT1/cmr/m/n/10.95 1654
 []


Overfull \hbox (4.92746pt too wide) detected at line 190
 \OT1/cmr/m/n/10.95 1663
 []


Overfull \hbox (4.92746pt too wide) detected at line 191
 \OT1/cmr/m/n/10.95 1672
 []


Overfull \hbox (4.92746pt too wide) detected at line 192
 \OT1/cmr/m/n/10.95 1681
 []


Overfull \hbox (4.92746pt too wide) detected at line 193
 \OT1/cmr/m/n/10.95 1690
 []


Overfull \hbox (4.92746pt too wide) detected at line 194
 \OT1/cmr/m/n/10.95 1699
 []


Overfull \hbox (4.92746pt too wide) detected at line 195
 \OT1/cmr/m/n/10.95 1701
 []


Overfull \hbox (4.92746pt too wide) detected at line 196
 \OT1/cmr/m/n/10.95 1710
 []


Overfull \hbox (4.92746pt too wide) detected at line 197
 \OT1/cmr/m/n/10.95 1719
 []


Overfull \hbox (4.92746pt too wide) detected at line 198
 \OT1/cmr/m/n/10.95 1727
 []


Overfull \hbox (4.92746pt too wide) detected at line 199
 \OT1/cmr/m/n/10.95 1736
 []


Overfull \hbox (4.92746pt too wide) detected at line 200
 \OT1/cmr/m/n/10.95 1745
 []


Overfull \hbox (4.92746pt too wide) detected at line 201
 \OT1/cmr/m/n/10.95 1753
 []


Overfull \hbox (4.92746pt too wide) detected at line 202
 \OT1/cmr/m/n/10.95 1762
 []

[5]
Overfull \hbox (4.92746pt too wide) detected at line 203
 \OT1/cmr/m/n/10.95 1771
 []


Overfull \hbox (4.92746pt too wide) detected at line 204
 \OT1/cmr/m/n/10.95 1780
 []


Overfull \hbox (4.92746pt too wide) detected at line 205
 \OT1/cmr/m/n/10.95 1789
 []


Overfull \hbox (4.92746pt too wide) detected at line 206
 \OT1/cmr/m/n/10.95 1798
 []


Overfull \hbox (4.92746pt too wide) detected at line 207
 \OT1/cmr/m/n/10.95 1807
 []


Overfull \hbox (4.92746pt too wide) detected at line 208
 \OT1/cmr/m/n/10.95 1816
 []


Overfull \hbox (4.92746pt too wide) detected at line 209
 \OT1/cmr/m/n/10.95 1825
 []


Overfull \hbox (4.92746pt too wide) detected at line 210
 \OT1/cmr/m/n/10.95 1834
 []


Overfull \hbox (4.92746pt too wide) detected at line 211
 \OT1/cmr/m/n/10.95 1843
 []


Overfull \hbox (4.92746pt too wide) detected at line 212
 \OT1/cmr/m/n/10.95 1852
 []


Overfull \hbox (4.92746pt too wide) detected at line 213
 \OT1/cmr/m/n/10.95 1861
 []


Overfull \hbox (4.92746pt too wide) detected at line 214
 \OT1/cmr/m/n/10.95 1870
 []


Overfull \hbox (4.92746pt too wide) detected at line 215
 \OT1/cmr/m/n/10.95 1879
 []


Overfull \hbox (4.92746pt too wide) detected at line 216
 \OT1/cmr/m/n/10.95 1888
 []


Overfull \hbox (4.92746pt too wide) detected at line 217
 \OT1/cmr/m/n/10.95 1897
 []


Overfull \hbox (4.92746pt too wide) detected at line 218
 \OT1/cmr/m/n/10.95 1906
 []


Overfull \hbox (4.92746pt too wide) detected at line 219
 \OT1/cmr/m/n/10.95 1915
 []


Overfull \hbox (4.92746pt too wide) detected at line 220
 \OT1/cmr/m/n/10.95 1924
 []


Overfull \hbox (4.92746pt too wide) detected at line 221
 \OT1/cmr/m/n/10.95 1933
 []


Overfull \hbox (4.92746pt too wide) detected at line 222
 \OT1/cmr/m/n/10.95 1942
 []


Overfull \hbox (4.92746pt too wide) detected at line 223
 \OT1/cmr/m/n/10.95 1951
 []


Overfull \hbox (4.92746pt too wide) detected at line 224
 \OT1/cmr/m/n/10.95 1959
 []


Overfull \hbox (4.92746pt too wide) detected at line 225
 \OT1/cmr/m/n/10.95 1968
 []


Overfull \hbox (4.92746pt too wide) detected at line 226
 \OT1/cmr/m/n/10.95 1977
 []


Overfull \hbox (4.92746pt too wide) detected at line 227
 \OT1/cmr/m/n/10.95 1986
 []


Overfull \hbox (4.92746pt too wide) detected at line 228
 \OT1/cmr/m/n/10.95 1995
 []


Overfull \hbox (4.92746pt too wide) detected at line 229
 \OT1/cmr/m/n/10.95 2004
 []


Overfull \hbox (4.92746pt too wide) detected at line 230
 \OT1/cmr/m/n/10.95 2013
 []


Overfull \hbox (4.92746pt too wide) detected at line 231
 \OT1/cmr/m/n/10.95 2022
 []


Overfull \hbox (4.92746pt too wide) detected at line 232
 \OT1/cmr/m/n/10.95 2031
 []


Overfull \hbox (4.92746pt too wide) detected at line 233
 \OT1/cmr/m/n/10.95 2040
 []


Overfull \hbox (4.92746pt too wide) detected at line 234
 \OT1/cmr/m/n/10.95 2049
 []


Overfull \hbox (4.92746pt too wide) detected at line 235
 \OT1/cmr/m/n/10.95 2058
 []


Overfull \hbox (4.92746pt too wide) detected at line 236
 \OT1/cmr/m/n/10.95 2067
 []


Overfull \hbox (4.92746pt too wide) detected at line 237
 \OT1/cmr/m/n/10.95 2076
 []


Overfull \hbox (4.92746pt too wide) detected at line 238
 \OT1/cmr/m/n/10.95 2085
 []


Overfull \hbox (4.92746pt too wide) detected at line 239
 \OT1/cmr/m/n/10.95 2094
 []


Overfull \hbox (4.92746pt too wide) detected at line 240
 \OT1/cmr/m/n/10.95 2103
 []


Overfull \hbox (4.92746pt too wide) detected at line 241
 \OT1/cmr/m/n/10.95 2112
 []


Overfull \hbox (4.92746pt too wide) detected at line 242
 \OT1/cmr/m/n/10.95 2121
 []


Overfull \hbox (4.92746pt too wide) detected at line 243
 \OT1/cmr/m/n/10.95 2130
 []


Overfull \hbox (4.92746pt too wide) detected at line 244
 \OT1/cmr/m/n/10.95 2139
 []


Overfull \hbox (4.92746pt too wide) detected at line 245
 \OT1/cmr/m/n/10.95 2148
 []

[6]
Overfull \hbox (4.92746pt too wide) detected at line 246
 \OT1/cmr/m/n/10.95 2157
 []


Overfull \hbox (4.92746pt too wide) detected at line 247
 \OT1/cmr/m/n/10.95 2166
 []


Overfull \hbox (4.92746pt too wide) detected at line 248
 \OT1/cmr/m/n/10.95 2175
 []


Overfull \hbox (4.92746pt too wide) detected at line 249
 \OT1/cmr/m/n/10.95 2184
 []


Overfull \hbox (4.92746pt too wide) detected at line 250
 \OT1/cmr/m/n/10.95 2193
 []


Overfull \hbox (4.92746pt too wide) detected at line 251
 \OT1/cmr/m/n/10.95 2202
 []


Overfull \hbox (4.92746pt too wide) detected at line 252
 \OT1/cmr/m/n/10.95 2211
 []


Overfull \hbox (4.92746pt too wide) detected at line 253
 \OT1/cmr/m/n/10.95 2220
 []


Overfull \hbox (4.92746pt too wide) detected at line 254
 \OT1/cmr/m/n/10.95 2229
 []

)
\tf@toc=\write4
\openout4 = `log.toc'.



LaTeX Warning: Float too large for page by 3621.77257pt on input line 260.

[7] [8] [9] (/usr/local/texlive/2011/texmf-dist/tex/latex/listings/lstlang1.sty
File: lstlang1.sty 2004/09/05 1.3 listings language file
) (/usr/local/texlive/2011/texmf-dist/tex/latex/listings/lstlang2.sty
File: lstlang2.sty 2004/09/05 1.3 listings language file
)
LaTeX Font Info:    Try loading font information for OMS+cmr on input line 289.


(/usr/local/texlive/2011/texmf-dist/tex/latex/base/omscmr.fd
File: omscmr.fd 1999/05/25 v2.5h Standard LaTeX font definitions
)
LaTeX Font Info:    Font shape `OMS/cmr/m/n' in size <10.95> not available
(Font)              Font shape `OMS/cmsy/m/n' tried instead on input line 289.
LaTeX Font Info:    Try loading font information for OML+cmr on input line 296.


(/usr/local/texlive/2011/texmf-dist/tex/latex/base/omlcmr.fd
File: omlcmr.fd 1999/05/25 v2.5h Standard LaTeX font definitions
)
LaTeX Font Info:    Font shape `OML/cmr/m/n' in size <10.95> not available
(Font)              Font shape `OML/cmm/m/it' tried instead on input line 296.
 [10

] [11]
[12] [13] [14

] [15] [16] [17] [18] [19] [20] [21] [22

] [23] [24] [25] [26]
[27] [28] [29] [30

] [31] [32] [33] [34] [35] [36] [37] [38

] [39] [40] [41]
[42] [43] [44] [45] [46

] [47] [48] [49] [50] [51] [52] [53] [54

] [55] [56]
[57] [58] [59] [60] [61] [62] [63

] [64] [65] [66] [67] [68] [69] [70] [71]
[72

] [73] [74] [75] [76] [77] [78] [79] [80] [81

] [82] [83] [84] [85] [86]
[87] [88] [89] [90

] [91] [92] [93] [94] [95] [96] [97] [98] [99

] [100] [101]
[102] [103] [104] [105] [106] [107] [108

] [109] [110] [111] [112] [113]
[114] [115] [116] [117

] [118] [119] [120] [121] [122] [123] [124] [125]
[126

] [127] [128] [129] [130] [131] [132] [133] [134] [135

] [136] [137]
[138] [139] [140] [141] [142] [143] [144

] [145] [146] [147] [148] [149]
[150] [151] [152] [153

] [154] [155] [156] [157] [158] [159] [160] [161]
[162

] [163] [164] [165] [166] [167] [168] [169] [170] [171

] [172] [173]
[174] [175] [176] [177] [178] [179] [180

] [181] [182] [183] [184] [185]
[186] [187] [188] [189

] [190] [191] [192] [193] [194] [195] [196] [197]
[198

] [199] [200] [201] [202] [203] [204] [205] [206] [207

] [208] [209]
[210] [211] [212] [213] [214] [215] [216

] [217] [218] [219] [220] [221]
[222] [223] [224] [225

] [226] [227] [228] [229] [230] [231] [232] [233]
[234

] [235] [236] [237] [238] [239] [240] [241] [242] [243

] [244] [245]
[246] [247] [248] [249] [250] [251] [252

] [253] [254] [255] [256] [257]
[258] [259] [260] [261

] [262] [263] [264] [265] [266] [267] [268] [269]
[270

] [271] [272] [273] [274] [275] [276] [277] [278] [279

] [280] [281]
[282] [283] [284] [285] [286] [287] [288

] [289] [290] [291] [292] [293]
[294] [295] [296] [297

] [298] [299] [300] [301] [302] [303] [304] [305]
[306

] [307] [308] [309] [310] [311] [312] [313] [314] [315

] [316] [317]
[318] [319] [320] [321] [322] [323] [324

] [325] [326] [327] [328] [329]
[330] [331] [332] [333

] [334] [335] [336] [337] [338] [339] [340] [341]
[342

] [343] [344] [345] [346] [347] [348] [349] [350] [351

] [352] [353]
[354] [355] [356] [357] [358] [359] [360

] [361] [362] [363] [364] [365]
[366] [367] [368] [369

] [370] [371] [372] [373] [374] [375] [376] [377]
[378

] [379] [380] [381] [382] [383] [384] [385] [386] [387

] [388] [389]
[390] [391] [392] [393] [394] [395] [396

] [397] [398] [399] [400] [401]
[402] [403] [404] [405

] [406] [407] [408] [409] [410] [411] [412] [413]
[414

] [415] [416] [417] [418] [419] [420] [421] [422] [423

] [424] [425]
[426] [427] [428] [429] [430] [431] [432

] [433] [434] [435] [436] [437]
[438] [439] [440] [441

] [442] [443] [444] [445] [446] [447] [448] [449]
[450

] [451] [452] [453] [454] [455] [456] [457] [458] [459

] [460] [461]
[462] [463] [464] [465] [466] [467] [468

] [469] [470] [471] [472] [473]
[474] [475] [476] [477

] [478] [479] [480] [481] [482] [483] [484] [485]
[486

] [487] [488] [489] [490] [491] [492] [493] [494] [495

] [496] [497]
[498] [499] [500] [501] [502] [503] [504

] [505] [506] [507] [508] [509]
[510] [511] [512] [513

] [514] [515] [516] [517] [518] [519] [520] [521]
[522

] [523] [524] [525] [526] [527] [528] [529] [530] [531

] [532] [533]
[534] [535] [536] [537] [538] [539] [540

] [541] [542] [543] [544] [545]
[546] [547] [548] [549

] [550] [551] [552] [553] [554] [555] [556] [557]
[558

] [559] [560] [561] [562] [563] [564] [565] [566] [567

] [568] [569]
[570] [571] [572] [573] [574] [575] [576

] [577] [578] [579] [580] [581]
[582] [583] [584] [585

] [586] [587] [588] [589] [590] [591] [592] [593]
[594

] [595] [596] [597] [598] [599] [600] [601] [602] [603

] [604] [605]
[606] [607] [608] [609] [610] [611] [612

] [613] [614] [615] [616] [617]
[618] [619] [620] [621

] [622] [623] [624] [625] [626] [627] [628] [629]
[630

] [631] [632] [633] [634] [635] [636] [637] [638] [639

] [640] [641]
[642] [643] [644] [645] [646] [647] [648

] [649] [650] [651] [652] [653]
[654] [655] [656] [657

] [658] [659] [660] [661] [662] [663] [664] [665]
[666

] [667] [668] [669] [670] [671] [672] [673] [674] [675

] [676] [677]
[678] [679] [680] [681] [682] [683] [684

] [685] [686] [687] [688] [689]
[690] [691] [692] [693

] [694] [695] [696] [697] [698] [699] [700] [701]
[702

] [703] [704] [705] [706] [707] [708] [709] [710] [711

] [712] [713]
[714] [715] [716] [717] [718] [719] [720

] [721] [722] [723] [724] [725]
[726] [727] [728] [729

] [730] [731] [732] [733] [734] [735] [736] [737]
[738

] [739] [740] [741] [742] [743] [744] [745] [746] [747

] [748] [749]
[750] [751] [752] [753] [754] [755] [756

] [757] [758] [759] [760] [761]
[762] [763] [764] [765

] [766] [767] [768] [769] [770] [771] [772] [773]
[774

] [775] [776] [777] [778] [779] [780] [781] [782] [783

] [784] [785]
[786] [787] [788] [789] [790] [791] [792

] [793] [794] [795] [796] [797]
[798] [799] [800] [801

] [802] [803] [804] [805] [806] [807] [808] [809]
[810

] [811] [812] [813] [814] [815] [816] [817] [818] [819

] [820] [821]
[822] [823] [824] [825] [826] [827] [828

] [829] [830] [831] [832] [833]
[834] [835] [836] [837

] [838] [839] [840] [841] [842] [843] [844] [845]
[846

] [847] [848] [849] [850] [851] [852] [853] [854] [855

] [856] [857]
[858] [859] [860] [861] [862] [863] [864

] [865] [866] [867] [868] [869]
[870] [871] [872] [873

] [874] [875] [876] [877] [878] [879] [880] [881]
[882

] [883] [884] [885] [886] [887] [888] [889] [890] [891

] [892] [893]
[894] [895] [896] [897] [898] [899] [900

] [901] [902] [903] [904] [905]
[906] [907] [908] [909

] [910] [911] [912] [913] [914] [915] [916] [917]
[918

] [919] [920] [921] [922] [923] [924] [925] [926] [927

] [928] [929]
[930] [931] [932] [933] [934] [935] [936

] [937] [938] [939] [940] [941]
[942] [943] [944] [945

] [946] [947] [948] [949] [950] [951] [952] [953]
[954

] [955] [956] [957] [958] [959] [960] [961] [962] [963

] [964] [965]
[966] [967] [968] [969] [970] [971] [972

] [973] [974] [975] [976] [977]
[978] [979] [980] [981

] [982] [983] [984] [985] [986] [987] [988] [989]
[990

] [991] [992] [993] [994] [995] [996] [997] [998] [999

] [1000] [1001]
[1002] [1003] [1004] [1005] [1006] [1007] [1008

] [1009] [1010] [1011] [1012]
[1013] [1014] [1015] [1016] [1017

] [1018] [1019] [1020] [1021] [1022] [1023]
[1024] [1025] [1026

] [1027] [1028] [1029] [1030] [1031] [1032] [1033] [1034]
[1035

] [1036] [1037] [1038] [1039] [1040] [1041] [1042] [1043] [1044

] [1045]
[1046] [1047] [1048] [1049] [1050] [1051] [1052] [1053

] [1054] [1055] [1056]
[1057] [1058] [1059] [1060] [1061] [1062

] [1063] [1064] [1065] [1066] [1067]
[1068] [1069] [1070] [1071

] [1072] [1073] [1074] [1075] [1076] [1077] [1078]
[1079] [1080

] [1081] [1082] [1083] [1084] [1085] [1086] [1087] [1088] [1089

]
[1090] [1091] [1092] [1093] [1094] [1095] [1096] [1097] [1098

] [1099] [1100]
[1101] [1102] [1103] [1104] [1105] [1106] [1107

] [1108] [1109] [1110] [1111]
[1112] [1113] [1114] [1115] [1116

] [1117] [1118] [1119] [1120] [1121] [1122]
[1123] [1124] [1125

] [1126] [1127] [1128] [1129] [1130] [1131] [1132] [1133]
[1134

] [1135] [1136] [1137] [1138] [1139] [1140] [1141] [1142] [1143

] [1144]
[1145] [1146] [1147] [1148] [1149] [1150] [1151] [1152

] [1153] [1154] [1155]
[1156] [1157] [1158] [1159] [1160] [1161

] [1162] [1163] [1164] [1165] [1166]
[1167] [1168] [1169] [1170

] [1171] [1172] [1173] [1174] [1175] [1176] [1177]
[1178] [1179

] [1180] [1181] [1182] [1183] [1184] [1185] [1186] [1187] [1188

]
[1189] [1190] [1191] [1192] [1193] [1194] [1195] [1196] [1197

] [1198] [1199]
[1200] [1201] [1202] [1203] [1204] [1205] [1206

] [1207] [1208] [1209] [1210]
[1211] [1212] [1213] [1214] [1215

] [1216] [1217] [1218] [1219] [1220] [1221]
[1222] [1223] [1224

] [1225] [1226] [1227] [1228] [1229] [1230] [1231] [1232]
[1233

] [1234] [1235] [1236] [1237] [1238] [1239] [1240] [1241] [1242

] [1243]
[1244] [1245] [1246] [1247] [1248] [1249] [1250] [1251

] [1252] [1253] [1254]
[1255] [1256] [1257] [1258] [1259] [1260

] [1261] [1262] [1263] [1264] [1265]
[1266] [1267] [1268] [1269

] [1270] [1271] [1272] [1273] [1274] [1275] [1276]
[1277] [1278

] [1279] [1280] [1281] [1282] [1283] [1284] [1285] [1286] [1287

]
[1288] [1289] [1290] [1291] [1292] [1293] [1294] [1295] [1296

] [1297] [1298]
[1299] [1300] [1301] [1302] [1303] [1304] [1305

] [1306] [1307] [1308] [1309]
[1310] [1311] [1312] [1313] [1314

] [1315] [1316] [1317] [1318] [1319] [1320]
[1321] [1322] [1323

] [1324] [1325] [1326] [1327] [1328] [1329] [1330] [1331]
[1332

] [1333] [1334] [1335] [1336] [1337] [1338] [1339] [1340] [1341

] [1342]
[1343] [1344] [1345] [1346] [1347] [1348] [1349] [1350

] [1351] [1352] [1353]
[1354] [1355] [1356] [1357] [1358] [1359

] [1360] [1361] [1362] [1363] [1364]
[1365] [1366] [1367] [1368

] [1369] [1370] [1371] [1372] [1373] [1374] [1375]
[1376] [1377

] [1378] [1379] [1380] [1381] [1382] [1383] [1384] [1385] [1386

]
[1387] [1388] [1389] [1390] [1391] [1392] [1393] [1394] [1395

] [1396] [1397]
[1398] [1399] [1400] [1401] [1402] [1403] [1404

] [1405] [1406] [1407] [1408]
[1409] [1410] [1411] [1412] [1413

] [1414] [1415] [1416] [1417] [1418] [1419]
[1420] [1421] [1422

] [1423] [1424] [1425] [1426] [1427] [1428] [1429] [1430]
[1431

] [1432] [1433] [1434] [1435] [1436] [1437] [1438] [1439] [1440

] [1441]
[1442] [1443] [1444] [1445] [1446] [1447] [1448] [1449

] [1450] [1451] [1452]
[1453] [1454] [1455] [1456] [1457] [1458

] [1459] [1460] [1461] [1462] [1463]
[1464] [1465] [1466] [1467

] [1468] [1469] [1470] [1471] [1472] [1473] [1474]
[1475] [1476

] [1477] [1478] [1479] [1480] [1481] [1482] [1483] [1484] [1485

]
[1486] [1487] [1488] [1489] [1490] [1491] [1492] [1493] [1494

] [1495] [1496]
[1497] [1498] [1499] [1500] [1501] [1502] [1503

] [1504] [1505] [1506] [1507]
[1508] [1509] [1510] [1511] [1512

] [1513] [1514] [1515] [1516] [1517] [1518]
[1519] [1520] [1521

] [1522] [1523] [1524] [1525] [1526] [1527] [1528] [1529]
[1530

] [1531] [1532] [1533] [1534] [1535] [1536] [1537] [1538] [1539

] [1540]
[1541] [1542] [1543] [1544] [1545] [1546] [1547] [1548

] [1549] [1550] [1551]
[1552] [1553] [1554] [1555] [1556] [1557

] [1558] [1559] [1560] [1561] [1562]
[1563] [1564] [1565] [1566

] [1567] [1568] [1569] [1570] [1571] [1572] [1573]
[1574] [1575

] [1576] [1577] [1578] [1579] [1580] [1581] [1582] [1583] [1584

]
[1585] [1586] [1587] [1588] [1589] [1590] [1591] [1592] [1593

] [1594] [1595]
[1596] [1597] [1598] [1599] [1600] [1601] [1602

] [1603] [1604] [1605] [1606]
[1607] [1608] [1609] [1610] [1611

] [1612] [1613] [1614] [1615] [1616] [1617]
[1618] [1619] [1620

] [1621] [1622] [1623] [1624] [1625] [1626] [1627] [1628]
[1629

] [1630] [1631] [1632] [1633] [1634] [1635] [1636] [1637] [1638

] [1639]
[1640] [1641] [1642] [1643] [1644] [1645] [1646] [1647

] [1648] [1649] [1650]
[1651] [1652] [1653] [1654] [1655] [1656

] [1657] [1658] [1659] [1660] [1661]
[1662] [1663] [1664] [1665

] [1666] [1667] [1668] [1669] [1670] [1671] [1672]
[1673] [1674

] [1675] [1676] [1677] [1678] [1679] [1680] [1681] [1682] [1683

]
[1684] [1685] [1686] [1687] [1688] [1689] [1690] [1691] [1692

] [1693] [1694]
[1695] [1696] [1697] [1698] [1699] [1700] [1701

] [1702] [1703] [1704] [1705]
[1706] [1707] [1708] [1709] [1710

] [1711] [1712] [1713] [1714] [1715] [1716]
[1717] [1718] [1719

] [1720] [1721] [1722] [1723] [1724] [1725] [1726] [1727]
[1728

] [1729] [1730] [1731] [1732] [1733] [1734] [1735] [1736] [1737

] [1738]
[1739] [1740] [1741] [1742] [1743] [1744] [1745] [1746

] [1747] [1748] [1749]
[1750] [1751] [1752] [1753] [1754] [1755

] [1756] [1757] [1758] [1759] [1760]
[1761] [1762] [1763] [1764

] [1765] [1766] [1767] [1768] [1769] [1770] [1771]
[1772] [1773

] [1774] [1775] [1776] [1777] [1778] [1779] [1780] [1781] [1782

]
[1783] [1784] [1785] [1786] [1787] [1788] [1789] [1790] [1791

] [1792] [1793]
[1794] [1795] [1796] [1797] [1798] [1799] [1800

] [1801] [1802] [1803] [1804]
[1805] [1806] [1807] [1808] [1809

] [1810] [1811] [1812] [1813] [1814] [1815]
[1816] [1817] [1818

] [1819] [1820] [1821] [1822] [1823] [1824] [1825] [1826]
[1827

] [1828] [1829] [1830] [1831] [1832] [1833] [1834] [1835] [1836

] [1837]
[1838] [1839] [1840] [1841] [1842] [1843] [1844] [1845

] [1846] [1847] [1848]
[1849] [1850] [1851] [1852] [1853] [1854

] [1855] [1856] [1857] [1858] [1859]
[1860] [1861] [1862] [1863

] [1864] [1865] [1866] [1867] [1868] [1869] [1870]
[1871] [1872

] [1873] [1874] [1875] [1876] [1877] [1878] [1879] [1880] [1881

]
[1882] [1883] [1884] [1885] [1886] [1887] [1888] [1889] [1890

] [1891] [1892]
[1893] [1894] [1895] [1896] [1897] [1898] [1899

] [1900] [1901] [1902] [1903]
[1904] [1905] [1906] [1907] [1908

] [1909] [1910] [1911] [1912] [1913] [1914]
[1915] [1916] [1917

] [1918] [1919] [1920] [1921] [1922] [1923] [1924] [1925]
[1926

] [1927] [1928] [1929] [1930] [1931] [1932] [1933] [1934] [1935

] [1936]
[1937] [1938] [1939] [1940] [1941] [1942] [1943] [1944

] [1945] [1946] [1947]
[1948] [1949] [1950] [1951] [1952] [1953

] [1954] [1955] [1956] [1957] [1958]
[1959] [1960] [1961] [1962

] [1963] [1964] [1965] [1966] [1967] [1968] [1969]
[1970] [1971

] [1972] [1973] [1974] [1975] [1976] [1977] [1978] [1979] [1980

]
[1981] [1982] [1983] [1984] [1985] [1986] [1987] [1988] [1989

] [1990] [1991]
[1992] [1993] [1994] [1995] [1996] [1997] [1998

] [1999] [2000] [2001] [2002]
[2003] [2004] [2005]
Package atveryend Info: Empty hook `BeforeClearDocument' on input line 36470.
 [2006]
Package atveryend Info: Empty hook `AfterLastShipout' on input line 36470.
 (./log.aux)
Package atveryend Info: Executing hook `AtVeryEndDocument' on input line 36470.

Package atveryend Info: Executing hook `AtEndAfterFileList' on input line 36470
.


Package rerunfilecheck Warning: File `log.out' has changed.
(rerunfilecheck)                Rerun to get outlines right
(rerunfilecheck)                or use package `bookmark'.

Package rerunfilecheck Info: Checksums for `log.out':
(rerunfilecheck)             Before: 6A4CC9ECFD54A7B14D85F3102D00521F;17145
(rerunfilecheck)             After:  5F0FDE67C52829128BB4F305EBE6E112;15213.

LaTeX Warning: There were multiply-defined labels.

Package atveryend Info: Empty hook `AtVeryVeryEnd' on input line 36470.
 ) 
Here is how much of TeX's memory you used:
 45275 strings out of 493633
 723513 string characters out of 3143378
 620797 words of memory out of 3000000
 12689 multiletter control sequences out of 15000+200000
 10527 words of font info for 37 fonts, out of 3000000 for 9000
 831 hyphenation exceptions out of 8191
 44i,11n,43p,371b,1912s stack positions out of 5000i,500n,10000p,200000b,50000s
pdfTeX warning (dest): name{subsection.3.251} has been referenced but does no
t exist, replaced by a fixed one

pdfTeX warning (dest): name{subsection.3.250} has been referenced but does not 
exist, replaced by a fixed one

pdfTeX warning (dest): name{subsection.3.249} has been referenced but does not 
exist, replaced by a fixed one

pdfTeX warning (dest): name{subsection.3.248} has been referenced but does not 
exist, replaced by a fixed one

pdfTeX warning (dest): name{subsection.3.247} has been referenced but does not 
exist, replaced by a fixed one

pdfTeX warning (dest): name{subsection.3.246} has been referenced but does not 
exist, replaced by a fixed one

pdfTeX warning (dest): name{subsection.3.245} has been referenced but does not 
exist, replaced by a fixed one

pdfTeX warning (dest): name{subsection.3.244} has been referenced but does not 
exist, replaced by a fixed one

pdfTeX warning (dest): name{subsection.3.243} has been referenced but does not 
exist, replaced by a fixed one

pdfTeX warning (dest): name{subsection.3.242} has been referenced but does not 
exist, replaced by a fixed one

pdfTeX warning (dest): name{subsection.3.241} has been referenced but does not 
exist, replaced by a fixed one

pdfTeX warning (dest): name{subsection.3.240} has been referenced but does not 
exist, replaced by a fixed one

pdfTeX warning (dest): name{subsection.3.239} has been referenced but does not 
exist, replaced by a fixed one

pdfTeX warning (dest): name{subsection.3.238} has been referenced but does not 
exist, replaced by a fixed one

pdfTeX warning (dest): name{subsection.3.237} has been referenced but does not 
exist, replaced by a fixed one

pdfTeX warning (dest): name{subsection.3.236} has been referenced but does not 
exist, replaced by a fixed one

pdfTeX warning (dest): name{subsection.3.235} has been referenced but does not 
exist, replaced by a fixed one

pdfTeX warning (dest): name{subsection.3.234} has been referenced but does not 
exist, replaced by a fixed one

pdfTeX warning (dest): name{subsection.3.233} has been referenced but does not 
exist, replaced by a fixed one

pdfTeX warning (dest): name{subsection.3.232} has been referenced but does not 
exist, replaced by a fixed one

pdfTeX warning (dest): name{subsection.3.231} has been referenced but does not 
exist, replaced by a fixed one

pdfTeX warning (dest): name{subsection.3.230} has been referenced but does not 
exist, replaced by a fixed one

pdfTeX warning (dest): name{subsection.3.229} has been referenced but does not 
exist, replaced by a fixed one

pdfTeX warning (dest): name{subsection.3.228} has been referenced but does not 
exist, replaced by a fixed one

pdfTeX warning (dest): name{subsection.3.227} has been referenced but does not 
exist, replaced by a fixed one

pdfTeX warning (dest): name{subsection.3.226} has been referenced but does not 
exist, replaced by a fixed one

pdfTeX warning (dest): name{subsection.3.225} has been referenced but does not 
exist, replaced by a fixed one

pdfTeX warning (dest): name{subsection.3.224} has been referenced but does not 
exist, replaced by a fixed one

</usr/local/texlive/2011/texmf-dist/fonts/type1/public/amsfonts/cm/cmbx10.pfb><
/usr/local/texlive/2011/texmf-dist/fonts/type1/public/amsfonts/cm/cmmi10.pfb></
usr/local/texlive/2011/texmf-dist/fonts/type1/public/amsfonts/cm/cmr10.pfb></us
r/local/texlive/2011/texmf-dist/fonts/type1/public/amsfonts/cm/cmr12.pfb></usr/
local/texlive/2011/texmf-dist/fonts/type1/public/amsfonts/cm/cmr17.pfb></usr/lo
cal/texlive/2011/texmf-dist/fonts/type1/public/amsfonts/cm/cmss12.pfb></usr/loc
al/texlive/2011/texmf-dist/fonts/type1/public/amsfonts/cm/cmsy10.pfb></usr/loca
l/texlive/2011/texmf-dist/fonts/type1/public/amsfonts/cm/cmti10.pfb></usr/local
/texlive/2011/texmf-dist/fonts/type1/public/amsfonts/cm/cmtt10.pfb>
Output written on log.pdf (2006 pages, 5112377 bytes).
PDF statistics:
 50905 PDF objects out of 55141 (max. 8388607)
 48403 compressed objects within 485 object streams
 35782 named destinations out of 38293 (max. 500000)
 2033 words of extra memory for PDF output out of 10000 (max. 10000000)

