2014-03-28 11:56:09,710 CONFIG [com.gigaspaces.logger] - Log file: /Users/dxd/gigaspaces-xap-premium-9.5.1-ga/logs/2014-03-28~11.56-gigaspaces-service-128.243.23.149-16359.log
-------------------------last log tuples start--------------------------------
Cargo [id=null, cell=Cell [x=19, y=19], time=2014-03-28 11:54:20.886, clock=14]
Time [clock=111, time=null]
Time [clock=113, time=null]
Position [subject=a2, id=null, cell=Cell [x=16, y=14], time=2014-03-28 11:54:32.931, clock=41]
ActionRequest [id=null, subject=a1, type=reading, cell=Cell [x=14, y=10], clock=112, time=2014-03-28 11:55:08.338]
Time [clock=57, time=null]
ActionRequest [id=null, subject=a1, type=reading, cell=Cell [x=14, y=10], clock=116, time=2014-03-28 11:55:10.258]
ActionRequest [id=null, subject=a1, type=reading, cell=Cell [x=14, y=10], clock=110, time=2014-03-28 11:55:07.4]
Time [clock=94, time=null]
Obligation [subject=a4, obligation=[south(15, 10, a4)], sanction=[reduce(a4, 1000)], deadline=16, time=2014-03-28 11:54:18.554, clock=13]
Obligation [subject=a3, obligation=[north(15, 10, a3)], sanction=[reduce(a3, 1000)], deadline=16, time=2014-03-28 11:54:18.55, clock=13]
Position [subject=t1, id=null, cell=Cell [x=2, y=6], time=2014-03-28 11:54:46.632, clock=68]
Coin [id=null, cell=Cell [x=8, y=6], subject=a1, time=2014-03-28 11:54:20.918, clock=14]
Obligation [subject=a2, obligation=[east(15, 10, a2)], sanction=[reduce(a2, 1000)], deadline=16, time=2014-03-28 11:54:18.545, clock=13]
Time [clock=99, time=null]
Position [subject=t1, id=null, cell=Cell [x=2, y=2], time=2014-03-28 11:54:49.636, clock=74]
Coin [id=null, cell=Cell [x=2, y=2], subject=a3, time=2014-03-28 11:54:22.885, clock=20]
Position [subject=t1, id=null, cell=Cell [x=2, y=7], time=2014-03-28 11:54:45.798, clock=66]
Obligation [subject=a1, obligation=[west(15, 10, a1)], sanction=[reduce(a1, 1000)], deadline=16, time=2014-03-28 11:54:18.539, clock=13]
Time [clock=102, time=null]
Time [clock=89, time=null]
Coin [id=null, cell=Cell [x=16, y=16], subject=a2, time=2014-03-28 11:54:21.793, clock=19]
ActionRequest [id=null, subject=a1, type=reading, cell=Cell [x=14, y=10], clock=114, time=2014-03-28 11:55:09.295]
Position [subject=t1, id=null, cell=Cell [x=2, y=14], time=2014-03-28 11:54:40.362, clock=55]
ActionRequest [id=null, subject=a4, type=reading, cell=Cell [x=15, y=9], clock=105, time=2014-03-28 11:55:04.713]
ActionRequest [id=null, subject=a3, type=reading, cell=Cell [x=15, y=11], clock=108, time=2014-03-28 11:55:06.166]
Position [subject=t1, id=null, cell=Cell [x=2, y=8], time=2014-03-28 11:54:45.048, clock=65]
Obligation [subject=ra1, obligation=[surround(10, 10)], sanction=[sanction_group(g, 1000)], deadline=16, time=2014-03-28 11:54:18.536, clock=13]
Position [subject=a1, id=null, cell=Cell [x=14, y=10], time=2014-03-28 11:54:37.193, clock=49]
Position [subject=t1, id=null, cell=Cell [x=2, y=5], time=2014-03-28 11:54:47.384, clock=69]
Time [clock=107, time=null]
Time [clock=108, time=null]
Time [clock=114, time=null]
Time [clock=92, time=null]
ActionRequest [id=null, subject=a4, type=reading, cell=Cell [x=15, y=9], clock=114, time=2014-03-28 11:55:09.418]
ActionRequest [id=null, subject=a4, type=reading, cell=Cell [x=15, y=9], clock=104, time=2014-03-28 11:55:03.997]
ActionRequest [id=null, subject=a2, type=reading, cell=Cell [x=16, y=10], clock=112, time=2014-03-28 11:55:08.448]
Time [clock=88, time=null]
ActionRequest [id=null, subject=a2, type=reading, cell=Cell [x=16, y=10], clock=116, time=2014-03-28 11:55:10.384]
ActionRequest [id=null, subject=a4, type=reading, cell=Cell [x=15, y=9], clock=109, time=2014-03-28 11:55:06.582]
ActionRequest [id=null, subject=a4, type=reading, cell=Cell [x=15, y=9], clock=85, time=2014-03-28 11:54:54.835]
ActionRequest [id=null, subject=a2, type=reading, cell=Cell [x=16, y=10], clock=104, time=2014-03-28 11:55:03.993]
Position [subject=a1, id=null, cell=Cell [x=13, y=10], time=2014-03-28 11:54:36.372, clock=47]
ActionRequest [id=null, subject=a4, type=reading, cell=Cell [x=15, y=9], clock=112, time=2014-03-28 11:55:08.451]
ActionRequest [id=null, subject=a3, type=reading, cell=Cell [x=15, y=11], clock=103, time=2014-03-28 11:55:03.617]
Time [clock=90, time=null]
ActionRequest [id=null, subject=a3, type=reading, cell=Cell [x=15, y=11], clock=106, time=2014-03-28 11:55:05.203]
Position [subject=a4, id=null, cell=Cell [x=15, y=9], time=2014-03-28 11:54:32.13, clock=39]
ActionRequest [id=null, subject=a2, type=reading, cell=Cell [x=16, y=10], clock=114, time=2014-03-28 11:55:09.413]
Time [clock=73, time=null]
ActionRequest [id=null, subject=a1, type=reading, cell=Cell [x=14, y=10], clock=100, time=2014-03-28 11:55:02.227]
ActionRequest [id=null, subject=a2, type=reading, cell=Cell [x=16, y=10], clock=82, time=2014-03-28 11:54:53.324]
ActionRequest [id=null, subject=a3, type=reading, cell=Cell [x=15, y=11], clock=97, time=2014-03-28 11:55:00.512]
Position [subject=a2, id=null, cell=Cell [x=16, y=10], time=2014-03-28 11:54:36.361, clock=47]
Position [subject=t1, id=null, cell=Cell [x=2, y=9], time=2014-03-28 11:54:44.287, clock=63]
ActionRequest [id=null, subject=a3, type=reading, cell=Cell [x=15, y=11], clock=95, time=2014-03-28 11:54:59.744]
ActionRequest [id=null, subject=a3, type=reading, cell=Cell [x=15, y=11], clock=115, time=2014-03-28 11:55:09.957]
Time [clock=104, time=null]
ActionRequest [id=null, subject=a2, type=reading, cell=Cell [x=16, y=10], clock=100, time=2014-03-28 11:55:02.364]
ActionRequest [id=null, subject=a2, type=reading, cell=Cell [x=16, y=10], clock=67, time=2014-03-28 11:54:45.875]
Time [clock=110, time=null]
ActionRequest [id=null, subject=a3, type=reading, cell=Cell [x=15, y=11], clock=110, time=2014-03-28 11:55:07.101]
ActionRequest [id=null, subject=a2, type=reading, cell=Cell [x=16, y=10], clock=107, time=2014-03-28 11:55:05.626]
ActionRequest [id=null, subject=a4, type=reading, cell=Cell [x=15, y=9], clock=94, time=2014-03-28 11:54:59.324]
Time [clock=86, time=null]
ActionRequest [id=null, subject=a3, type=reading, cell=Cell [x=15, y=11], clock=112, time=2014-03-28 11:55:08.048]
Time [clock=68, time=null]
ActionRequest [id=null, subject=a3, type=reading, cell=Cell [x=15, y=11], clock=92, time=2014-03-28 11:54:58.263]
Time [clock=85, time=null]
Time [clock=80, time=null]
Time [clock=116, time=null]
ActionRequest [id=null, subject=a1, type=reading, cell=Cell [x=14, y=10], clock=88, time=2014-03-28 11:54:56.224]
Position [subject=t1, id=null, cell=Cell [x=2, y=12], time=2014-03-28 11:54:42.011, clock=59]
Position [subject=t1, id=null, cell=Cell [x=2, y=18], time=2014-03-28 11:54:37.086, clock=49]
Position [subject=t1, id=null, cell=Cell [x=3, y=19], time=2014-03-28 11:54:35.242, clock=45]
ActionRequest [id=null, subject=a1, type=reading, cell=Cell [x=14, y=10], clock=84, time=2014-03-28 11:54:53.987]
Position [subject=a1, id=null, cell=Cell [x=8, y=10], time=2014-03-28 11:54:32.125, clock=39]
Time [clock=78, time=null]
Position [subject=t1, id=null, cell=Cell [x=2, y=15], time=2014-03-28 11:54:39.555, clock=54]
ActionRequest [id=null, subject=a4, type=reading, cell=Cell [x=15, y=9], clock=97, time=2014-03-28 11:55:00.846]
Time [clock=105, time=null]
ActionRequest [id=null, subject=a2, type=reading, cell=Cell [x=16, y=10], clock=109, time=2014-03-28 11:55:06.574]
ActionRequest [id=null, subject=a4, type=reading, cell=Cell [x=15, y=9], clock=111, time=2014-03-28 11:55:07.526]
ActionRequest [id=null, subject=a2, type=reading, cell=Cell [x=16, y=10], clock=111, time=2014-03-28 11:55:07.523]
ActionRequest [id=null, subject=a2, type=reading, cell=Cell [x=16, y=10], clock=91, time=2014-03-28 11:54:57.84]
Position [subject=a2, id=null, cell=Cell [x=16, y=11], time=2014-03-28 11:54:35.319, clock=45]
ActionRequest [id=null, subject=a4, type=reading, cell=Cell [x=15, y=9], clock=93, time=2014-03-28 11:54:58.603]
ActionRequest [id=null, subject=a1, type=reading, cell=Cell [x=14, y=10], clock=93, time=2014-03-28 11:54:58.478]
ActionRequest [id=null, subject=a3, type=reading, cell=Cell [x=15, y=11], clock=113, time=2014-03-28 11:55:08.989]
ActionRequest [id=null, subject=a1, type=reading, cell=Cell [x=14, y=10], clock=102, time=2014-03-28 11:55:03.041]
Position [subject=a2, id=null, cell=Cell [x=16, y=12], time=2014-03-28 11:54:34.531, clock=44]
ActionRequest [id=null, subject=a1, type=reading, cell=Cell [x=14, y=10], clock=95, time=2014-03-28 11:54:59.966]
Time [clock=96, time=null]
Position [subject=t1, id=null, cell=Cell [x=8, y=19], time=2014-03-28 11:54:31.162, clock=37]
Position [subject=a4, id=null, cell=Cell [x=13, y=9], time=2014-03-28 11:54:30.448, clock=36]
ActionRequest [id=null, subject=a2, type=reading, cell=Cell [x=16, y=10], clock=79, time=2014-03-28 11:54:51.685]
ActionRequest [id=null, subject=a2, type=reading, cell=Cell [x=16, y=10], clock=105, time=2014-03-28 11:55:04.71]
ActionRequest [id=null, subject=a2, type=reading, cell=Cell [x=16, y=10], clock=90, time=2014-03-28 11:54:57.105]
ActionRequest [id=null, subject=a4, type=reading, cell=Cell [x=15, y=9], clock=100, time=2014-03-28 11:55:02.368]
ActionRequest [id=null, subject=a1, type=reading, cell=Cell [x=14, y=10], clock=98, time=2014-03-28 11:55:01.456]
ActionRequest [id=null, subject=a2, type=reading, cell=Cell [x=16, y=10], clock=97, time=2014-03-28 11:55:00.841]
Position [subject=a3, id=null, cell=Cell [x=13, y=11], time=2014-03-28 11:54:32.074, clock=39]
ActionRequest [id=null, subject=a3, type=reading, cell=Cell [x=15, y=11], clock=89, time=2014-03-28 11:54:56.776]
Position [subject=t1, id=null, cell=Cell [x=4, y=19], time=2014-03-28 11:54:34.445, clock=44]
ActionRequest [id=null, subject=a2, type=reading, cell=Cell [x=16, y=10], clock=77, time=2014-03-28 11:54:50.711]
Time [clock=79, time=null]
Time [clock=72, time=null]
ActionRequest [id=null, subject=a2, type=reading, cell=Cell [x=16, y=10], clock=87, time=2014-03-28 11:54:55.595]
Position [subject=t1, id=null, cell=Cell [x=2, y=17], time=2014-03-28 11:54:37.895, clock=51]
Position [subject=a3, id=null, cell=Cell [x=14, y=11], time=2014-03-28 11:54:32.891, clock=41]
ActionRequest [id=null, subject=a1, type=reading, cell=Cell [x=14, y=10], clock=87, time=2014-03-28 11:54:55.49]
Time [clock=97, time=null]
Time [clock=95, time=null]
Position [subject=a1, id=null, cell=Cell [x=6, y=10], time=2014-03-28 11:54:30.443, clock=36]
Position [subject=a2, id=null, cell=Cell [x=16, y=13], time=2014-03-28 11:54:33.726, clock=42]
Time [clock=48, time=null]
Position [subject=a1, id=null, cell=Cell [x=9, y=10], time=2014-03-28 11:54:32.939, clock=41]
ActionRequest [id=null, subject=a2, type=reading, cell=Cell [x=16, y=10], clock=94, time=2014-03-28 11:54:59.32]
Time [clock=101, time=null]
ActionRequest [id=null, subject=a3, type=reading, cell=Cell [x=15, y=11], clock=85, time=2014-03-28 11:54:54.505]
Time [clock=51, time=null]
ActionRequest [id=null, subject=a2, type=reading, cell=Cell [x=16, y=10], clock=96, time=2014-03-28 11:55:00.1]
Time [clock=41, time=null]
Time [clock=93, time=null]
ActionRequest [id=null, subject=a2, type=reading, cell=Cell [x=16, y=10], clock=81, time=2014-03-28 11:54:52.504]
ActionRequest [id=null, subject=a4, type=reading, cell=Cell [x=15, y=9], clock=84, time=2014-03-28 11:54:54.106]
ActionRequest [id=null, subject=a4, type=reading, cell=Cell [x=15, y=9], clock=107, time=2014-03-28 11:55:05.634]
ActionRequest [id=null, subject=a1, type=reading, cell=Cell [x=14, y=10], clock=103, time=2014-03-28 11:55:03.858]
Position [subject=a3, id=null, cell=Cell [x=11, y=10], time=2014-03-28 11:54:29.39, clock=34]
ActionRequest [id=null, subject=a1, type=reading, cell=Cell [x=14, y=10], clock=107, time=2014-03-28 11:55:05.512]
ActionRequest [id=null, subject=a3, type=reading, cell=Cell [x=15, y=11], clock=82, time=2014-03-28 11:54:52.956]
ActionRequest [id=null, subject=a3, type=reading, cell=Cell [x=15, y=11], clock=63, time=2014-03-28 11:54:43.571]
Time [clock=109, time=null]
ActionRequest [id=null, subject=a2, type=reading, cell=Cell [x=16, y=10], clock=102, time=2014-03-28 11:55:03.16]
ActionRequest [id=null, subject=a3, type=reading, cell=Cell [x=15, y=11], clock=78, time=2014-03-28 11:54:51.289]
ActionRequest [id=null, subject=a4, type=reading, cell=Cell [x=15, y=9], clock=96, time=2014-03-28 11:55:00.104]
ActionRequest [id=null, subject=a1, type=reading, cell=Cell [x=14, y=10], clock=82, time=2014-03-28 11:54:53.21]
Time [clock=67, time=null]
ActionRequest [id=null, subject=a2, type=reading, cell=Cell [x=16, y=10], clock=88, time=2014-03-28 11:54:56.336]
ActionRequest [id=null, subject=a4, type=reading, cell=Cell [x=15, y=9], clock=90, time=2014-03-28 11:54:57.109]
ActionRequest [id=null, subject=a3, type=reading, cell=Cell [x=15, y=11], clock=80, time=2014-03-28 11:54:52.113]
ActionRequest [id=null, subject=a3, type=reading, cell=Cell [x=15, y=11], clock=101, time=2014-03-28 11:55:02.853]
Position [subject=t1, id=null, cell=Cell [x=2, y=3], time=2014-03-28 11:54:48.878, clock=72]
ActionRequest [id=null, subject=a4, type=reading, cell=Cell [x=15, y=9], clock=91, time=2014-03-28 11:54:57.845]
Time [clock=87, time=null]
Time [clock=98, time=null]
Position [subject=t1, id=null, cell=Cell [x=2, y=13], time=2014-03-28 11:54:41.199, clock=57]
ActionRequest [id=null, subject=a2, type=reading, cell=Cell [x=16, y=10], clock=75, time=2014-03-28 11:54:49.709]
Position [subject=a4, id=null, cell=Cell [x=14, y=9], time=2014-03-28 11:54:31.255, clock=37]
ActionRequest [id=null, subject=a4, type=reading, cell=Cell [x=15, y=9], clock=73, time=2014-03-28 11:54:48.765]
ActionRequest [id=null, subject=a4, type=reading, cell=Cell [x=15, y=9], clock=99, time=2014-03-28 11:55:01.572]
Time [clock=91, time=null]
ActionRequest [id=null, subject=a4, type=reading, cell=Cell [x=15, y=9], clock=77, time=2014-03-28 11:54:50.715]
Time [clock=69, time=null]
ActionRequest [id=null, subject=a1, type=reading, cell=Cell [x=14, y=10], clock=91, time=2014-03-28 11:54:57.729]
Time [clock=31, time=null]
Time [clock=83, time=null]
Position [subject=t1, id=null, cell=Cell [x=2, y=16], time=2014-03-28 11:54:38.724, clock=52]
ActionRequest [id=null, subject=a4, type=reading, cell=Cell [x=15, y=9], clock=58, time=2014-03-28 11:54:41.073]
Time [clock=54, time=null]
Time [clock=66, time=null]
ActionRequest [id=null, subject=a2, type=reading, cell=Cell [x=16, y=10], clock=99, time=2014-03-28 11:55:01.569]
Time [clock=84, time=null]
ActionRequest [id=null, subject=a1, type=reading, cell=Cell [x=14, y=10], clock=77, time=2014-03-28 11:54:50.568]
Position [subject=a3, id=null, cell=Cell [x=11, y=9], time=2014-03-28 11:54:28.499, clock=32]
Position [subject=a2, id=null, cell=Cell [x=16, y=15], time=2014-03-28 11:54:32.119, clock=39]
Time [clock=53, time=null]
ActionRequest [id=null, subject=a1, type=reading, cell=Cell [x=14, y=10], clock=90, time=2014-03-28 11:54:56.987]
Time [clock=100, time=null]
Position [subject=t1, id=null, cell=Cell [x=2, y=19], time=2014-03-28 11:54:36.282, clock=47]
ActionRequest [id=null, subject=a2, type=reading, cell=Cell [x=16, y=10], clock=73, time=2014-03-28 11:54:48.761]
ActionRequest [id=null, subject=a3, type=reading, cell=Cell [x=15, y=11], clock=49, time=2014-03-28 11:54:36.526]
Position [subject=t1, id=null, cell=Cell [x=9, y=19], time=2014-03-28 11:54:30.361, clock=35]
ActionRequest [id=null, subject=a1, type=reading, cell=Cell [x=14, y=10], clock=97, time=2014-03-28 11:55:00.725]
ActionRequest [id=null, subject=a4, type=reading, cell=Cell [x=15, y=9], clock=56, time=2014-03-28 11:54:40.047]
Time [clock=77, time=null]
Time [clock=81, time=null]
Time [clock=39, time=null]
ActionRequest [id=null, subject=a1, type=reading, cell=Cell [x=14, y=10], clock=105, time=2014-03-28 11:55:04.598]
Position [subject=t1, id=null, cell=Cell [x=6, y=19], time=2014-03-28 11:54:32.845, clock=40]
Time [clock=26, time=null]
ActionRequest [id=null, subject=a1, type=reading, cell=Cell [x=14, y=10], clock=73, time=2014-03-28 11:54:48.603]
Time [clock=70, time=null]
Time [clock=115, time=null]
ActionRequest [id=null, subject=a3, type=reading, cell=Cell [x=15, y=11], clock=72, time=2014-03-28 11:54:48.342]
Position [subject=t1, id=null, cell=Cell [x=10, y=19], time=2014-03-28 11:54:29.36, clock=33]
Position [subject=t1, id=null, cell=Cell [x=13, y=19], time=2014-03-28 11:54:26.679, clock=28]
Position [subject=a4, id=null, cell=Cell [x=11, y=6], time=2014-03-28 11:54:25.878, clock=27]
Position [subject=ra1, id=null, cell=Cell [x=5, y=6], time=2014-03-28 11:54:25.873, clock=26]
Time [clock=75, time=null]
ActionRequest [id=null, subject=a1, type=reading, cell=Cell [x=14, y=10], clock=94, time=2014-03-28 11:54:59.206]
ActionRequest [id=null, subject=a4, type=reading, cell=Cell [x=15, y=9], clock=87, time=2014-03-28 11:54:55.599]
ActionRequest [id=null, subject=a3, type=reading, cell=Cell [x=15, y=11], clock=55, time=2014-03-28 11:54:39.598]
ActionRequest [id=null, subject=a1, type=reading, cell=Cell [x=14, y=10], clock=75, time=2014-03-28 11:54:49.551]
Position [subject=a4, id=null, cell=Cell [x=11, y=8], time=2014-03-28 11:54:27.641, clock=30]
ActionRequest [id=null, subject=a1, type=reading, cell=Cell [x=14, y=10], clock=108, time=2014-03-28 11:55:06.461]
Position [subject=a1, id=null, cell=Cell [x=3, y=5], time=2014-03-28 11:54:23.212, clock=20]
ActionRequest [id=null, subject=a3, type=reading, cell=Cell [x=15, y=11], clock=71, time=2014-03-28 11:54:47.421]
Position [subject=a2, id=null, cell=Cell [x=13, y=19], time=2014-03-28 11:54:25.864, clock=26]
ActionRequest [id=null, subject=a4, type=reading, cell=Cell [x=15, y=9], clock=75, time=2014-03-28 11:54:49.713]
Position [subject=a4, id=null, cell=Cell [x=11, y=7], time=2014-03-28 11:54:26.746, clock=28]
ActionRequest [id=null, subject=a3, type=reading, cell=Cell [x=15, y=11], clock=104, time=2014-03-28 11:55:04.398]
Position [subject=a1, id=null, cell=Cell [x=3, y=7], time=2014-03-28 11:54:24.965, clock=25]
ActionRequest [id=null, subject=a3, type=reading, cell=Cell [x=15, y=11], clock=86, time=2014-03-28 11:54:55.276]
Position [subject=a1, id=null, cell=Cell [x=3, y=6], time=2014-03-28 11:54:24.105, clock=23]
ActionRequest [id=null, subject=a3, type=reading, cell=Cell [x=15, y=11], clock=94, time=2014-03-28 11:54:58.991]
Time [clock=71, time=null]
ActionRequest [id=null, subject=a1, type=reading, cell=Cell [x=14, y=10], clock=85, time=2014-03-28 11:54:54.708]
Time [clock=46, time=null]
ActionRequest [id=null, subject=a2, type=reading, cell=Cell [x=16, y=10], clock=93, time=2014-03-28 11:54:58.601]
ActionRequest [id=null, subject=a3, type=reading, cell=Cell [x=15, y=11], clock=74, time=2014-03-28 11:54:49.289]
Position [subject=a2, id=null, cell=Cell [x=16, y=16], time=2014-03-28 11:54:31.247, clock=37]
Position [subject=a1, id=null, cell=Cell [x=12, y=10], time=2014-03-28 11:54:35.329, clock=45]
Position [subject=a4, id=null, cell=Cell [x=11, y=9], time=2014-03-28 11:54:28.551, clock=32]
ActionRequest [id=null, subject=a4, type=reading, cell=Cell [x=15, y=9], clock=62, time=2014-03-28 11:54:43.045]
Position [subject=ra1, id=null, cell=Cell [x=5, y=5], time=2014-03-28 11:54:24.119, clock=23]
Position [subject=a2, id=null, cell=Cell [x=15, y=19], time=2014-03-28 11:54:27.631, clock=30]
ActionRequest [id=null, subject=a4, type=reading, cell=Cell [x=15, y=9], clock=102, time=2014-03-28 11:55:03.173]
Time [clock=65, time=null]
ActionRequest [id=null, subject=a2, type=reading, cell=Cell [x=16, y=10], clock=52, time=2014-03-28 11:54:37.99]
Time [clock=20, time=null]
ActionRequest [id=null, subject=a3, type=reading, cell=Cell [x=15, y=11], clock=88, time=2014-03-28 11:54:56.016]
ActionRequest [id=null, subject=a4, type=reading, cell=Cell [x=15, y=9], clock=54, time=2014-03-28 11:54:39.022]
Time [clock=112, time=null]
ActionRequest [id=null, subject=a4, type=reading, cell=Cell [x=15, y=9], clock=50, time=2014-03-28 11:54:36.969]
Time [clock=59, time=null]
Time [clock=13, time=null]
Time [clock=12, time=null]
ActionRequest [id=null, subject=a3, type=reading, cell=Cell [x=15, y=11], clock=46, time=2014-03-28 11:54:35.279]
Time [clock=44, time=null]
ActionRequest [id=null, subject=a3, type=reading, cell=Cell [x=11, y=1], clock=16, time=2014-03-28 11:54:20.208]
Position [subject=a1, id=null, cell=Cell [x=11, y=10], time=2014-03-28 11:54:34.539, clock=44]
Time [clock=25, time=null]
Time [clock=6, time=null]
Time [clock=63, time=null]
ActionRequest [id=null, subject=a3, type=reading, cell=Cell [x=15, y=11], clock=100, time=2014-03-28 11:55:01.996]
Time [clock=32, time=null]
ActionRequest [id=null, subject=a3, type=reading, cell=Cell [x=15, y=11], clock=98, time=2014-03-28 11:55:01.249]
Position [subject=a3, id=null, cell=Cell [x=11, y=5], time=2014-03-28 11:54:24.947, clock=25]
ActionRequest [id=null, subject=a2, type=reading, cell=Cell [x=16, y=10], clock=84, time=2014-03-28 11:54:54.103]
Time [clock=16, time=null]
ActionRequest [id=null, subject=a2, type=reading, cell=Cell [x=16, y=10], clock=62, time=2014-03-28 11:54:43.041]
Time [clock=30, time=null]
Time [clock=64, time=null]
ActionRequest [id=null, subject=a4, type=reading, cell=Cell [x=15, y=9], clock=81, time=2014-03-28 11:54:52.508]
ActionRequest [id=null, subject=a3, type=reading, cell=Cell [x=15, y=11], clock=67, time=2014-03-28 11:54:45.466]
ActionRequest [id=null, subject=a1, type=reading, cell=Cell [x=14, y=10], clock=79, time=2014-03-28 11:54:51.542]
Time [clock=106, time=null]
Time [clock=33, time=null]
ActionRequest [id=null, subject=a3, type=reading, cell=Cell [x=15, y=11], clock=91, time=2014-03-28 11:54:57.517]
Time [clock=56, time=null]
Time [clock=60, time=null]
Time [clock=62, time=null]
Position [subject=ra1, id=null, cell=Cell [x=3, y=5], time=2014-03-28 11:54:21.989, clock=19]
Time [clock=29, time=null]
ActionRequest [id=null, subject=a4, type=reading, cell=Cell [x=15, y=9], clock=88, time=2014-03-28 11:54:56.341]
Time [clock=9, time=null]
ActionRequest [id=null, subject=a2, type=reading, cell=Cell [x=16, y=10], clock=64, time=2014-03-28 11:54:43.984]
ActionRequest [id=null, subject=a3, type=reading, cell=Cell [x=15, y=11], clock=76, time=2014-03-28 11:54:50.232]
ActionRequest [id=null, subject=a4, type=reading, cell=Cell [x=15, y=9], clock=67, time=2014-03-28 11:54:45.878]
Position [subject=a3, id=null, cell=Cell [x=15, y=11], time=2014-03-28 11:54:33.686, clock=42]
Position [subject=a3, id=null, cell=Cell [x=11, y=8], time=2014-03-28 11:54:27.599, clock=30]
Time [clock=76, time=null]
ActionRequest [id=null, subject=a3, type=reading, cell=Cell [x=15, y=11], clock=69, time=2014-03-28 11:54:46.477]
Time [clock=17, time=null]
ActionRequest [id=null, subject=a3, type=reading, cell=Cell [x=15, y=11], clock=83, time=2014-03-28 11:54:53.784]
Time [clock=42, time=null]
Time [clock=34, time=null]
Position [subject=ra1, id=null, cell=Cell [x=6, y=6], time=2014-03-28 11:54:26.738, clock=28]
Time [clock=24, time=null]
ActionRequest [id=null, subject=a1, type=reading, cell=Cell [x=14, y=10], clock=61, time=2014-03-28 11:54:42.889]
Position [subject=a1, id=null, cell=Cell [x=10, y=10], time=2014-03-28 11:54:33.734, clock=42]
Position [subject=a1, id=null, cell=Cell [x=3, y=8], time=2014-03-28 11:54:25.852, clock=26]
ActionRequest [id=null, subject=a2, type=reading, cell=Cell [x=16, y=10], clock=85, time=2014-03-28 11:54:54.832]
Position [subject=a2, id=null, cell=Cell [x=10, y=19], time=2014-03-28 11:54:23.217, clock=20]
ActionRequest [id=null, subject=a3, type=reading, cell=Cell [x=15, y=11], clock=57, time=2014-03-28 11:54:40.615]
Time [clock=15, time=null]
Position [subject=t1, id=null, cell=Cell [x=11, y=19], time=2014-03-28 11:54:28.471, clock=32]
Time [clock=38, time=null]
Position [subject=t1, id=null, cell=Cell [x=2, y=10], time=2014-03-28 11:54:43.535, clock=62]
ActionRequest [id=null, subject=a3, type=reading, cell=Cell [x=15, y=11], clock=61, time=2014-03-28 11:54:42.626]
Time [clock=47, time=null]
ActionRequest [id=null, subject=a4, type=reading, cell=Cell [x=15, y=9], clock=79, time=2014-03-28 11:54:51.695]
ActionRequest [id=null, subject=a2, type=reading, cell=Cell [x=16, y=10], clock=71, time=2014-03-28 11:54:47.826]
Time [clock=45, time=null]
Position [subject=a3, id=null, cell=Cell [x=12, y=11], time=2014-03-28 11:54:31.205, clock=37]
ActionRequest [id=null, subject=a4, type=reading, cell=Cell [x=15, y=9], clock=69, time=2014-03-28 11:54:46.9]
Time [clock=35, time=null]
Position [subject=t1, id=null, cell=Cell [x=18, y=19], time=2014-03-28 11:54:21.957, clock=19]
ActionRequest [id=null, subject=a2, type=reading, cell=Cell [x=16, y=10], clock=69, time=2014-03-28 11:54:46.895]
Time [clock=37, time=null]
Position [subject=a1, id=null, cell=Cell [x=3, y=9], time=2014-03-28 11:54:26.728, clock=28]
ActionRequest [id=null, subject=a3, type=reading, cell=Cell [x=15, y=11], clock=65, time=2014-03-28 11:54:44.521]
ActionRequest [id=null, subject=a2, type=reading, cell=Cell [x=16, y=10], clock=60, time=2014-03-28 11:54:42.1]
Time [clock=103, time=null]
Time [clock=4, time=null]
ActionRequest [id=null, subject=a2, type=reading, cell=Cell [x=16, y=10], clock=56, time=2014-03-28 11:54:40.042]
Time [clock=36, time=null]
ActionRequest [id=null, subject=a1, type=reading, cell=Cell [x=14, y=10], clock=60, time=2014-03-28 11:54:41.928]
Position [subject=a2, id=null, cell=Cell [x=11, y=19], time=2014-03-28 11:54:24.111, clock=23]
Position [subject=t1, id=null, cell=Cell [x=2, y=11], time=2014-03-28 11:54:42.779, clock=60]
ActionRequest [id=null, subject=a4, type=reading, cell=Cell [x=15, y=9], clock=82, time=2014-03-28 11:54:53.328]
Time [clock=82, time=null]
Position [subject=t1, id=null, cell=Cell [x=2, y=4], time=2014-03-28 11:54:48.119, clock=71]
Position [subject=a4, id=null, cell=Cell [x=12, y=9], time=2014-03-28 11:54:29.455, clock=34]
Position [subject=a3, id=null, cell=Cell [x=11, y=4], time=2014-03-28 11:54:24.091, clock=23]
ActionRequest [id=null, subject=a4, type=reading, cell=Cell [x=15, y=9], clock=52, time=2014-03-28 11:54:37.994]
ActionRequest [id=null, subject=a4, type=reading, cell=Cell [x=15, y=9], clock=41, time=2014-03-28 11:54:32.735]
Time [clock=27, time=null]
ActionRequest [id=null, subject=a1, type=reading, cell=Cell [x=14, y=10], clock=53, time=2014-03-28 11:54:38.838]
ActionRequest [id=null, subject=a1, type=reading, cell=Cell [x=14, y=10], clock=67, time=2014-03-28 11:54:45.719]
ActionRequest [id=null, subject=a4, type=reading, cell=Cell [x=15, y=9], clock=71, time=2014-03-28 11:54:47.829]
ActionRequest [id=null, subject=a2, type=reading, cell=Cell [x=16, y=10], clock=58, time=2014-03-28 11:54:41.069]
Position [subject=a1, id=null, cell=Cell [x=7, y=10], time=2014-03-28 11:54:31.251, clock=37]
ActionRequest [id=null, subject=a2, type=reading, cell=Cell [x=16, y=10], clock=54, time=2014-03-28 11:54:39.019]
Position [subject=a3, id=null, cell=Cell [x=11, y=6], time=2014-03-28 11:54:25.837, clock=26]
ActionRequest [id=null, subject=a1, type=reading, cell=Cell [x=14, y=10], clock=71, time=2014-03-28 11:54:47.681]
ActionRequest [id=null, subject=a1, type=reading, cell=Cell [x=14, y=10], clock=57, time=2014-03-28 11:54:40.895]
ActionRequest [id=null, subject=a2, type=reading, cell=Cell [x=16, y=10], clock=66, time=2014-03-28 11:54:44.925]
ActionRequest [id=null, subject=a4, type=reading, cell=Cell [x=15, y=9], clock=48, time=2014-03-28 11:54:35.935]
Time [clock=28, time=null]
ActionRequest [id=null, subject=a1, type=reading, cell=Cell [x=14, y=10], clock=80, time=2014-03-28 11:54:52.397]
ActionRequest [id=null, subject=a1, type=reading, cell=Cell [x=14, y=10], clock=65, time=2014-03-28 11:54:44.776]
ActionRequest [id=null, subject=a1, type=reading, cell=Cell [x=14, y=10], clock=63, time=2014-03-28 11:54:43.837]
Time [clock=74, time=null]
ActionRequest [id=null, subject=a4, type=reading, cell=Cell [x=15, y=9], clock=60, time=2014-03-28 11:54:42.108]
ActionRequest [id=null, subject=a1, type=reading, cell=Cell [x=14, y=10], clock=51, time=2014-03-28 11:54:37.806]
ActionRequest [id=null, subject=a2, type=reading, cell=Cell [x=16, y=10], clock=50, time=2014-03-28 11:54:36.965]
Position [subject=a4, id=null, cell=Cell [x=11, y=2], time=2014-03-28 11:54:21.993, clock=19]
ActionRequest [id=null, subject=a3, type=reading, cell=Cell [x=15, y=11], clock=44, time=2014-03-28 11:54:34.29]
ActionRequest [id=null, subject=a3, type=reading, cell=Cell [x=15, y=11], clock=51, time=2014-03-28 11:54:37.543]
ActionRequest [id=null, subject=a4, type=reading, cell=Cell [x=15, y=9], clock=43, time=2014-03-28 11:54:33.73]
ActionRequest [id=null, subject=a4, type=reading, cell=Cell [x=11, y=1], clock=16, time=2014-03-28 11:54:20.283]
ActionRequest [id=null, subject=a4, type=reading, cell=Cell [x=15, y=9], clock=45, time=2014-03-28 11:54:34.739]
ActionRequest [id=null, subject=a1, type=reading, cell=Cell [x=14, y=10], clock=69, time=2014-03-28 11:54:46.747]
Position [subject=ra1, id=null, cell=Cell [x=3, y=4], time=2014-03-28 11:54:21.198, clock=17]
ActionRequest [id=null, subject=ra1, type=reading, cell=Cell [x=5, y=5], clock=25, time=2014-03-28 11:54:24.754]
ActionRequest [id=null, subject=a4, type=reading, cell=Cell [x=15, y=9], clock=66, time=2014-03-28 11:54:44.929]
ActionRequest [id=null, subject=a4, type=reading, cell=Cell [x=15, y=9], clock=64, time=2014-03-28 11:54:43.988]
ActionRequest [id=null, subject=a3, type=reading, cell=Cell [x=15, y=11], clock=59, time=2014-03-28 11:54:41.66]
ActionRequest [id=null, subject=a1, type=reading, cell=Cell [x=14, y=10], clock=55, time=2014-03-28 11:54:39.872]
Time [clock=23, time=null]
Position [subject=t1, id=null, cell=Cell [x=14, y=19], time=2014-03-28 11:54:25.825, clock=26]
Position [subject=a2, id=null, cell=Cell [x=12, y=19], time=2014-03-28 11:54:24.972, clock=25]
ActionRequest [id=null, subject=a3, type=reading, cell=Cell [x=15, y=11], clock=53, time=2014-03-28 11:54:38.556]
GroupCoin [x=10, y=10, clock=18]
Position [subject=t1, id=null, cell=Cell [x=7, y=19], time=2014-03-28 11:54:32.023, clock=39]
Time [clock=43, time=null]
Position [subject=a2, id=null, cell=Cell [x=16, y=17], time=2014-03-28 11:54:30.439, clock=36]
Position [subject=a1, id=null, cell=Cell [x=4, y=10], time=2014-03-28 11:54:28.532, clock=32]
Position [subject=t1, id=null, cell=Cell [x=16, y=19], time=2014-03-28 11:54:24.079, clock=23]
Position [subject=t1, id=null, cell=Cell [x=15, y=19], time=2014-03-28 11:54:24.933, clock=25]
Position [subject=t1, id=null, cell=Cell [x=5, y=19], time=2014-03-28 11:54:33.648, clock=42]
Time [clock=1, time=null]
Position [subject=a2, id=null, cell=Cell [x=16, y=18], time=2014-03-28 11:54:29.433, clock=34]
Time [clock=14, time=null]
Position [subject=a2, id=null, cell=Cell [x=16, y=19], time=2014-03-28 11:54:28.543, clock=32]
Time [clock=10, time=null]
Position [subject=a3, id=null, cell=Cell [x=11, y=11], time=2014-03-28 11:54:30.399, clock=36]
Position [subject=a4, id=null, cell=Cell [x=11, y=4], time=2014-03-28 11:54:24.124, clock=23]
Position [subject=a2, id=null, cell=Cell [x=9, y=19], time=2014-03-28 11:54:21.979, clock=19]
Position [subject=ra1, id=null, cell=Cell [x=4, y=5], time=2014-03-28 11:54:23.226, clock=20]
Time [clock=11, time=null]
Position [subject=t1, id=null, cell=Cell [x=17, y=19], time=2014-03-28 11:54:23.191, clock=20]
Position [subject=a4, id=null, cell=Cell [x=11, y=5], time=2014-03-28 11:54:24.988, clock=25]
Time [clock=8, time=null]
Position [subject=a1, id=null, cell=Cell [x=5, y=10], time=2014-03-28 11:54:29.447, clock=34]
Position [subject=a4, id=null, cell=Cell [x=11, y=3], time=2014-03-28 11:54:23.23, clock=20]
Position [subject=a3, id=null, cell=Cell [x=11, y=3], time=2014-03-28 11:54:23.186, clock=20]
Position [subject=a3, id=null, cell=Cell [x=11, y=7], time=2014-03-28 11:54:26.709, clock=28]
Position [subject=a1, id=null, cell=Cell [x=3, y=10], time=2014-03-28 11:54:27.621, clock=30]
Time [clock=3, time=null]
Position [subject=t1, id=null, cell=Cell [x=12, y=19], time=2014-03-28 11:54:27.565, clock=30]
Position [subject=a2, id=null, cell=Cell [x=14, y=19], time=2014-03-28 11:54:26.734, clock=28]
Position [subject=a1, id=null, cell=Cell [x=3, y=4], time=2014-03-28 11:54:21.973, clock=19]
Time [clock=2, time=null]
Position [subject=a3, id=null, cell=Cell [x=11, y=2], time=2014-03-28 11:54:21.952, clock=19]
Time [clock=7, time=null]
Time [clock=5, time=null]
Time [clock=18, time=null]
Time [clock=50, time=null]
Time [clock=40, time=null]
Time [clock=22, time=null]
Time [clock=19, time=null]
Time [clock=61, time=null]
Time [clock=58, time=null]
Time [clock=55, time=null]
Time [clock=52, time=null]
Time [clock=49, time=null]
Time [clock=21, time=null]
-------------------------last log tuples end----------------------------------
1
register a1
register a2
register a3
register a4
register c1
register t1
register ra1
2
3
4
5
6
7
8
9
10
agent notification: Time [clock=2, time=null]
agent notification: Time [clock=2, time=null]
Event sent to agent      a1 clock(2)
Event sent to agent      a4 clock(2)
agent notification: Time [clock=3, time=null]
Event sent to agent      a4 clock(3)
agent notification: Time [clock=3, time=null]
Event sent to agent      a1 clock(3)
agent notification: Time [clock=2, time=null]
agent notification: Time [clock=2, time=null]
Event sent to agent      c1 clock(2)
Event sent to agent      a2 clock(2)
agent notification: Time [clock=3, time=null]
agent notification: Time [clock=3, time=null]
Event sent to agent      c1 clock(3)
Event sent to agent      a2 clock(3)
agent notification: Time [clock=4, time=null]
agent notification: Time [clock=4, time=null]
Event sent to agent      c1 clock(4)
Event sent to agent      a4 clock(4)
agent notification: Time [clock=4, time=null]
Event sent to agent      a1 clock(4)
org notification: Time [clock=1, time=null]
org notified found Time [clock=1, time=null]
org notified sent time(1).
Organization notifies agent (write): Obligation [subject=ra1, obligation=[surround(10, 10)], sanction=[sanction_group(g, 1000)], deadline=16, time=2014-03-28 11:56:15.857, clock=10]
agent notification: Time [clock=5, time=null]
agent notification: Time [clock=4, time=null]
Event sent to agent      c1 clock(5)
Event sent to agent      a2 clock(4)
agent notification: Time [clock=2, time=null]
Event sent to agent      a3 clock(2)
agent notification: Time [clock=3, time=null]
Event sent to agent      a3 clock(3)
agent notification: Time [clock=5, time=null]
Event sent to agent      a4 clock(5)
agent notification: Time [clock=4, time=null]
Event sent to agent      a3 clock(4)
agent notification: Time [clock=6, time=null]
Event sent to agent      c1 clock(6)
agent notification: Time [clock=6, time=null]
Event sent to agent      a4 clock(6)
agent notification: Time [clock=5, time=null]
Event sent to agent      a3 clock(5)
agent notification: Time [clock=7, time=null]
Event sent to agent      c1 clock(7)
agent notification: Time [clock=7, time=null]
Event sent to agent      a4 clock(7)
agent notification: Time [clock=6, time=null]
Event sent to agent      a3 clock(6)
agent notification: Time [clock=7, time=null]
Event sent to agent      a3 clock(7)
agent notification: Time [clock=5, time=null]
Event sent to agent      a1 clock(5)
org notification: Coin [id=null, cell=Cell [x=8, y=6], subject=a1, time=2014-03-28 11:56:14.217, clock=0]
org notified found Coin [id=null, cell=Cell [x=8, y=6], subject=a1, time=2014-03-28 11:56:14.217, clock=0]
org notified sent coin(cell(8,6),0,a1).
agent notification: Time [clock=8, time=null]
Event sent to agent      a4 clock(8)
agent notification: Time [clock=2, time=null]
Event sent to agent      t1 clock(2)
agent notification: Time [clock=8, time=null]
Event sent to agent      c1 clock(8)
agent notification: Time [clock=8, time=null]
Event sent to agent      a3 clock(8)
org notification: Cargo [id=null, cell=Cell [x=19, y=19], time=2014-03-28 11:56:14.203, clock=0]
org notified found Cargo [id=null, cell=Cell [x=19, y=19], time=2014-03-28 11:56:14.203, clock=0]
org notified sent cargo(cell(19,19),0).
agent notification: Time [clock=3, time=null]
Event sent to agent      t1 clock(3)
agent notification: Time [clock=9, time=null]
Event sent to agent      a4 clock(9)
agent notification: Time [clock=9, time=null]
Event sent to agent      c1 clock(9)
agent notification: Time [clock=5, time=null]
Event sent to agent      a2 clock(5)
agent notification: Time [clock=6, time=null]
Event sent to agent      a1 clock(6)
agent notification: Time [clock=4, time=null]
Event sent to agent      t1 clock(4)
agent notification: Time [clock=6, time=null]
Event sent to agent      a2 clock(6)
agent notification: Time [clock=7, time=null]
Event sent to agent      a1 clock(7)
agent notification: Time [clock=9, time=null]
Event sent to agent      a3 clock(9)
agent notification: Time [clock=7, time=null]
Event sent to agent      a2 clock(7)
agent notification: Time [clock=8, time=null]
Event sent to agent      a1 clock(8)
org notification: Position [subject=a2, id=null, cell=Cell [x=7, y=19], time=2014-03-28 11:56:14.439, clock=0]
org notified found Position [subject=a2, id=null, cell=Cell [x=7, y=19], time=2014-03-28 11:56:14.439, clock=0]
org notified sent position(a2,cell(7,19),0).
agent notification: Time [clock=8, time=null]
Event sent to agent      a2 clock(8)
agent notification: Time [clock=9, time=null]
Event sent to agent      a1 clock(9)
agent notification: Time [clock=10, time=null]
Event sent to agent      c1 clock(10)
agent notification: Time [clock=5, time=null]
agent notification: Time [clock=10, time=null]
Event sent to agent      a3 clock(10)
agent notification: Time [clock=9, time=null]
Event sent to agent      a2 clock(9)
agent notification: Time [clock=2, time=null]
Event sent to agent      ra1 clock(2)
agent notification: Time [clock=10, time=null]
agent notification: Time [clock=10, time=null]
Event sent to agent      a2 clock(10)
agent notification: Time [clock=3, time=null]
agent notification: Time [clock=10, time=null]
Event sent to agent      a4 clock(10)
org notification: Position [subject=a1, id=null, cell=Cell [x=3, y=4], time=2014-03-28 11:56:14.46, clock=0]
org notified found Position [subject=a1, id=null, cell=Cell [x=3, y=4], time=2014-03-28 11:56:14.46, clock=0]
org notified sent position(a1,cell(3,4),0).
Organization notifies agent (write): Obligation [subject=a1, obligation=[west(15, 10, a1)], sanction=[reduce(a1, 1000)], deadline=16, time=2014-03-28 11:56:15.893, clock=10]
Event sent to agent      a1 clock(10)
org notification: Position [subject=a3, id=null, cell=Cell [x=11, y=2], time=2014-03-28 11:56:15.148, clock=0]
org notified found Position [subject=a3, id=null, cell=Cell [x=11, y=2], time=2014-03-28 11:56:15.148, clock=0]
org notified sent position(a3,cell(11,2),0).
Event sent to agent      t1 clock(5)
agent notification: Time [clock=6, time=null]
Event sent to agent      t1 clock(6)
Event sent to agent      ra1 clock(3)
agent notification: Time [clock=4, time=null]
Event sent to agent      ra1 clock(4)
agent notification: Time [clock=5, time=null]
Event sent to agent      ra1 clock(5)
agent notification: Time [clock=6, time=null]
Organization notifies agent (write): Obligation [subject=a2, obligation=[east(15, 10, a2)], sanction=[reduce(a2, 1000)], deadline=16, time=2014-03-28 11:56:15.9, clock=10]
Event sent to agent      ra1 clock(6)
agent notification: Time [clock=7, time=null]
agent notification: Time [clock=7, time=null]
Event sent to agent      ra1 clock(7)
Event sent to agent      t1 clock(7)
agent notification: Time [clock=8, time=null]
agent notification: Time [clock=8, time=null]
Event sent to agent      ra1 clock(8)
Event sent to agent      t1 clock(8)
agent notification: Time [clock=9, time=null]
org notification: Position [subject=t1, id=null, cell=Cell [x=18, y=19], time=2014-03-28 11:56:15.691, clock=0]
agent notification: Time [clock=9, time=null]
Event sent to agent      ra1 clock(9)
org notified found Position [subject=t1, id=null, cell=Cell [x=18, y=19], time=2014-03-28 11:56:15.691, clock=0]
Event sent to agent      t1 clock(9)
agent notification: Time [clock=10, time=null]
org notified sent position(t1,cell(18,19),0).
agent notification: Time [clock=10, time=null]
Event sent to agent      ra1 clock(10)
Event sent to agent      t1 clock(10)
Organization notifies agent (write): Obligation [subject=a3, obligation=[north(15, 10, a3)], sanction=[reduce(a3, 1000)], deadline=16, time=2014-03-28 11:56:15.904, clock=10]
agent notification: Obligation [subject=ra1, obligation=[surround(10, 10)], sanction=[sanction_group(g, 1000)], deadline=16, time=2014-03-28 11:56:15.857, clock=10]
Event sent to agent      ra1 obligation([surround(10, 10)], 16, [sanction_group(g, 1000)])
Organization notifies agent (write): Obligation [subject=a4, obligation=[south(15, 10, a4)], sanction=[reduce(a4, 1000)], deadline=16, time=2014-03-28 11:56:15.906, clock=10]
org notification: Time [clock=2, time=null]
org notified found Time [clock=2, time=null]
org notified sent time(2).
Event processed UpdateClock(2)
Event processed UpdateClock(3)
Event processed UpdateClock(4)
Event processed UpdateClock(5)
Event processed UpdateClock(6)
Event processed UpdateClock(7)
Event processed UpdateClock(8)
Event processed UpdateClock(9)
Event processed UpdateClock(10)
Event processed adoptObligation(surround(10, 10), 16, sanction_group(g, 1000))
org notification: Position [subject=a1, id=null, cell=Cell [x=3, y=5], time=2014-03-28 11:56:15.759, clock=0]
org notified found Position [subject=a1, id=null, cell=Cell [x=3, y=5], time=2014-03-28 11:56:15.759, clock=0]
org notified sent position(a1,cell(3,5),0).
Event processed UpdateClock(2)
Event processed UpdateClock(3)
Event processed UpdateClock(4)
Event processed UpdateClock(5)
Event processed UpdateClock(6)
Event processed UpdateClock(7)
Event processed UpdateClock(8)
Event processed UpdateClock(9)
Event processed UpdateClock(10)
org notification: Position [subject=a2, id=null, cell=Cell [x=6, y=19], time=2014-03-28 11:56:15.716, clock=0]
org notified found Position [subject=a2, id=null, cell=Cell [x=6, y=19], time=2014-03-28 11:56:15.716, clock=0]
org notified sent position(a2,cell(6,19),0).
org notification: Coin [id=null, cell=Cell [x=16, y=16], subject=a2, time=2014-03-28 11:56:15.446, clock=0]
org notified found Coin [id=null, cell=Cell [x=16, y=16], subject=a2, time=2014-03-28 11:56:15.446, clock=0]
org notified sent coin(cell(16,16),0,a2).
org notification: Time [clock=3, time=null]
org notified found Time [clock=3, time=null]
org notified sent time(3).
org notification: Time [clock=4, time=null]
org notified found Time [clock=4, time=null]
org notified sent time(4).
org notification: Time [clock=5, time=null]
org notified found Time [clock=5, time=null]
org notified sent time(5).
org notification: Time [clock=6, time=null]
org notified found Time [clock=6, time=null]
org notified sent time(6).
org notification: Time [clock=7, time=null]
org notified found Time [clock=7, time=null]
org notified sent time(7).
org notification: Time [clock=8, time=null]
org notified found Time [clock=8, time=null]
org notified sent time(8).
org notification: Time [clock=9, time=null]
org notified found Time [clock=9, time=null]
org notified sent time(9).
org notification: Time [clock=10, time=null]
org notified found Time [clock=10, time=null]
org notified sent time(10).
Event processed UpdateClock(2)
Event processed UpdateClock(3)
Event processed UpdateClock(4)
Event processed UpdateClock(5)
Event processed UpdateClock(6)
Event processed UpdateClock(7)
Event processed UpdateClock(8)
Event processed UpdateClock(2)
Event processed UpdateClock(3)
Event processed UpdateClock(9)
Event processed UpdateClock(4)
Event processed UpdateClock(5)
Event processed UpdateClock(10)
Event processed UpdateClock(6)
Event processed UpdateClock(7)
Event processed UpdateClock(8)
Event processed UpdateClock(9)
Event processed UpdateClock(10)
Event processed UpdateClock(2)
Event processed UpdateClock(3)
Event processed UpdateClock(4)
Event processed UpdateClock(5)
Event processed UpdateClock(6)
Event processed UpdateClock(7)
Event processed UpdateClock(8)
Event processed UpdateClock(9)
Event processed UpdateClock(10)
Event processed UpdateClock(2)
Event processed UpdateClock(3)
Event processed UpdateClock(4)
Event processed UpdateClock(5)
Event processed UpdateClock(6)
Event processed UpdateClock(7)
Event processed UpdateClock(8)
Event processed UpdateClock(9)
Event processed UpdateClock(2)
Event processed UpdateClock(10)
Event processed UpdateClock(3)
Event processed UpdateClock(4)
Event processed UpdateClock(5)
Event processed UpdateClock(6)
Event processed UpdateClock(7)
Event processed UpdateClock(8)
Event processed UpdateClock(9)
Event processed UpdateClock(10)
11
12
GroupCoin [x=10, y=10, clock=null]
13
14
agent notification: Obligation [subject=a1, obligation=[west(15, 10, a1)], sanction=[reduce(a1, 1000)], deadline=16, time=2014-03-28 11:56:15.893, clock=10]
agent notification: Obligation [subject=a2, obligation=[east(15, 10, a2)], sanction=[reduce(a2, 1000)], deadline=16, time=2014-03-28 11:56:15.9, clock=10]
Event sent to agent      a1 obligation([west(15, 10, a1)], 16, [reduce(a1, 1000)])
Event sent to agent      a2 obligation([east(15, 10, a2)], 16, [reduce(a2, 1000)])
agent notification: Obligation [subject=a3, obligation=[north(15, 10, a3)], sanction=[reduce(a3, 1000)], deadline=16, time=2014-03-28 11:56:15.904, clock=10]
Event sent to agent      a3 obligation([north(15, 10, a3)], 16, [reduce(a3, 1000)])
agent notification: Time [clock=11, time=null]
agent notification: Time [clock=11, time=null]
agent notification: Time [clock=11, time=null]
Event sent to agent      a2 clock(11)
Event sent to agent      a4 clock(11)
org notification: Time [clock=11, time=null]
org notified found Time [clock=11, time=null]
org notified sent time(11).
agent notification: Time [clock=11, time=null]
Event sent to agent      a1 clock(11)
Event sent to agent      ra1 clock(11)
agent notification: Time [clock=11, time=null]
Event sent to agent      a3 clock(11)
agent notification: Time [clock=11, time=null]
Event sent to agent      c1 clock(11)
agent notification: Time [clock=11, time=null]
Event sent to agent      t1 clock(11)
agent notification: Obligation [subject=a4, obligation=[south(15, 10, a4)], sanction=[reduce(a4, 1000)], deadline=16, time=2014-03-28 11:56:15.906, clock=10]
Event sent to agent      a4 obligation([south(15, 10, a4)], 16, [reduce(a4, 1000)])
org notification: Position [subject=a3, id=null, cell=Cell [x=11, y=3], time=2014-03-28 11:56:16.353, clock=0]
org notified found Position [subject=a3, id=null, cell=Cell [x=11, y=3], time=2014-03-28 11:56:16.353, clock=0]
org notified sent position(a3,cell(11,3),0).
org notification: Coin [id=null, cell=Cell [x=2, y=2], subject=a3, time=2014-03-28 11:56:16.594, clock=0]
org notified found Coin [id=null, cell=Cell [x=2, y=2], subject=a3, time=2014-03-28 11:56:16.594, clock=0]
org notified sent coin(cell(2,2),0,a3).
Event processed adoptObligation(north(15, 10, a3), 16, reduce(a3, 1000))
Event processed UpdateClock(11)
agent notification: Time [clock=12, time=null]
Event sent to agent      ra1 clock(12)
org notification: Position [subject=a3, id=null, cell=Cell [x=11, y=4], time=2014-03-28 11:56:17.184, clock=10]
org notified found Position [subject=a3, id=null, cell=Cell [x=11, y=4], time=2014-03-28 11:56:17.184, clock=10]
org notified sent position(a3,cell(11,4),10).
org notification: Position [subject=t1, id=null, cell=Cell [x=17, y=19], time=2014-03-28 11:56:16.777, clock=10]
org notified found Position [subject=t1, id=null, cell=Cell [x=17, y=19], time=2014-03-28 11:56:16.777, clock=10]
org notified sent position(t1,cell(17,19),10).
agent notification: Time [clock=12, time=null]
Event sent to agent      a3 clock(12)
agent notification: Time [clock=12, time=null]
Event sent to agent      a4 clock(12)
org notification: Position [subject=a1, id=null, cell=Cell [x=4, y=5], time=2014-03-28 11:56:16.874, clock=10]
org notified found Position [subject=a1, id=null, cell=Cell [x=4, y=5], time=2014-03-28 11:56:16.874, clock=10]
org notified sent position(a1,cell(4,5),10).
agent notification: Time [clock=12, time=null]
Event sent to agent      t1 clock(12)
org notification: Time [clock=12, time=null]
org notified found Time [clock=12, time=null]
org notified sent time(12).
agent notification: Time [clock=12, time=null]
Event sent to agent      c1 clock(12)
agent notification: Time [clock=12, time=null]
Event sent to agent      a2 clock(12)
org notification: Position [subject=a2, id=null, cell=Cell [x=6, y=18], time=2014-03-28 11:56:16.825, clock=10]
org notified found Position [subject=a2, id=null, cell=Cell [x=6, y=18], time=2014-03-28 11:56:16.825, clock=10]
org notified sent position(a2,cell(6,18),10).
agent notification: Time [clock=12, time=null]
Event sent to agent      a1 clock(12)
agent notification: Time [clock=13, time=null]
org notification: Time [clock=13, time=null]
Event sent to agent      c1 clock(13)
agent notification: Time [clock=13, time=null]
Event sent to agent      a1 clock(13)
org notification: Position [subject=a1, id=null, cell=Cell [x=5, y=5], time=2014-03-28 11:56:17.665, clock=10]
org notified found Position [subject=a1, id=null, cell=Cell [x=5, y=5], time=2014-03-28 11:56:17.665, clock=10]
org notified sent position(a1,cell(5,5),10).
agent notification: Time [clock=14, time=null]
org notification: Position [subject=t1, id=null, cell=Cell [x=16, y=19], time=2014-03-28 11:56:17.562, clock=10]
org notified found Position [subject=t1, id=null, cell=Cell [x=16, y=19], time=2014-03-28 11:56:17.562, clock=10]
org notified sent position(t1,cell(16,19),10).
org notified found Time [clock=13, time=null]
org notified sent time(13).
Error while procession organization notification
java.lang.ArrayIndexOutOfBoundsException: -1
	at aplprolog.Parsing.IntPrologTokenManager.jjMoveNfa_0(IntPrologTokenManager.java:343)
	at aplprolog.Parsing.IntPrologTokenManager.jjMoveStringLiteralDfa0_0(IntPrologTokenManager.java:131)
	at aplprolog.Parsing.IntPrologTokenManager.getNextToken(IntPrologTokenManager.java:1042)
	at aplprolog.Parsing.IntProlog.jj_ntk(IntProlog.java:1333)
	at aplprolog.Parsing.IntProlog.Rule(IntProlog.java:244)
	at aplprolog.Parsing.IntProlog.parseFact(IntProlog.java:80)
	at geoSenseMW.EnvGeoSense.notifyOrg(EnvGeoSense.java:692)
	at geoSenseMW.OrgHandler.notify(OrgHandler.java:31)
	at com.j_spaces.core.client.NotifyDelegator.notify(NotifyDelegator.java:142)
	at com.gigaspaces.events.fifo.BlockedOrderedQueue$NotifyFifoTask.dequeueAndTrigger(BlockedOrderedQueue.java:319)
	at com.gigaspaces.events.fifo.BlockedOrderedQueue$NotifyFifoTask.run(BlockedOrderedQueue.java:290)
	at com.gigaspaces.internal.utils.concurrent.RunnableContextClassLoaderDecorator.run(RunnableContextClassLoaderDecorator.java:40)
	at java.util.concurrent.ThreadPoolExecutor$Worker.runTask(ThreadPoolExecutor.java:895)
	at java.util.concurrent.ThreadPoolExecutor$Worker.run(ThreadPoolExecutor.java:918)
	at java.lang.Thread.run(Thread.java:695)
Event sent to agent      c1 clock(14)
agent notification: Time [clock=14, time=null]
Event sent to agent      a1 clock(14)
agent notification: Time [clock=13, time=null]
Event sent to agent      a3 clock(13)
org notification: Time [clock=14, time=null]
org notified found Time [clock=14, time=null]
org notified sent time(14).
agent notification: Time [clock=14, time=null]
Event sent to agent      a3 clock(14)
agent notification: Time [clock=13, time=null]
org notification: Position [subject=a2, id=null, cell=Cell [x=6, y=17], time=2014-03-28 11:56:17.61, clock=10]
org notified found Position [subject=a2, id=null, cell=Cell [x=6, y=17], time=2014-03-28 11:56:17.61, clock=10]
org notified sent position(a2,cell(6,17),10).
agent notification: Time [clock=13, time=null]
Event sent to agent      a2 clock(13)
agent notification: Time [clock=13, time=null]
Event sent to agent      ra1 clock(13)
agent notification: Time [clock=14, time=null]
Event sent to agent      a2 clock(14)
Event sent to agent      a4 clock(13)
agent notification: Time [clock=14, time=null]
Event sent to agent      a4 clock(14)
agent notification: Time [clock=13, time=null]
Event sent to agent      t1 clock(13)
agent notification: Time [clock=14, time=null]
Event sent to agent      ra1 clock(14)
agent notification: Time [clock=14, time=null]
Event sent to agent      t1 clock(14)
Event processed UpdateClock(11)
Event processed adoptObligation(south(15, 10, a4), 16, reduce(a4, 1000))
Event processed UpdateClock(12)
Event processed UpdateClock(13)
Event processed UpdateClock(14)
Event processed adoptObligation(east(15, 10, a2), 16, reduce(a2, 1000))
Event processed UpdateClock(11)
Event processed UpdateClock(12)
Event processed UpdateClock(13)
Event processed UpdateClock(14)
Event processed UpdateClock(11)
Event processed UpdateClock(12)
Event processed UpdateClock(13)
Event processed UpdateClock(14)
Event processed adoptObligation(west(15, 10, a1), 16, reduce(a1, 1000))
Event processed UpdateClock(11)
Event processed UpdateClock(12)
Event processed UpdateClock(13)
Event processed UpdateClock(14)
org notification: Position [subject=a3, id=null, cell=Cell [x=11, y=5], time=2014-03-28 11:56:18.02, clock=10]
org notified found Position [subject=a3, id=null, cell=Cell [x=11, y=5], time=2014-03-28 11:56:18.02, clock=10]
org notified sent position(a3,cell(11,5),10).
Event processed UpdateClock(11)
Event processed UpdateClock(12)
Event processed UpdateClock(13)
Event processed UpdateClock(14)
Event processed UpdateClock(11)
Event processed UpdateClock(12)
Event processed UpdateClock(13)
Event processed UpdateClock(14)
Event processed UpdateClock(12)
Event processed UpdateClock(13)
Event processed UpdateClock(14)
15
agent notification: Time [clock=15, time=null]
Event sent to agent      a4 clock(15)
agent notification: Time [clock=15, time=null]
Event sent to agent      a1 clock(15)
agent notification: Time [clock=15, time=null]
Event sent to agent      c1 clock(15)
agent notification: Time [clock=15, time=null]
Event sent to agent      a2 clock(15)
agent notification: Time [clock=15, time=null]
Event sent to agent      t1 clock(15)
org notification: Time [clock=15, time=null]
org notified found Time [clock=15, time=null]
org notified sent time(15).
agent notification: Time [clock=15, time=null]
Event sent to agent      a3 clock(15)
agent notification: Time [clock=15, time=null]
Event sent to agent      ra1 clock(15)
Event processed UpdateClock(15)
Event processed UpdateClock(15)
org notification: Position [subject=t1, id=null, cell=Cell [x=15, y=19], time=2014-03-28 11:56:18.416, clock=10]
org notified found Position [subject=t1, id=null, cell=Cell [x=15, y=19], time=2014-03-28 11:56:18.416, clock=10]
org notified sent position(t1,cell(15,19),10).
Event processed UpdateClock(15)
Event processed UpdateClock(15)
Event processed UpdateClock(15)
Event processed UpdateClock(15)
Event processed UpdateClock(15)
16
agent notification: Time [clock=16, time=null]
agent notification: Time [clock=16, time=null]
Event sent to agent      a4 clock(16)
Event sent to agent      a1 clock(16)
agent notification: Time [clock=16, time=null]
Event sent to agent      c1 clock(16)
agent notification: Time [clock=16, time=null]
Event sent to agent      a2 clock(16)
agent notification: Time [clock=16, time=null]
agent notification: Time [clock=16, time=null]
Event sent to agent      t1 clock(16)
Event sent to agent      ra1 clock(16)
agent notification: Time [clock=16, time=null]
org notification: Time [clock=16, time=null]
org notified found Time [clock=16, time=null]
org notified sent time(16).
Event sent to agent      a3 clock(16)
Event processed UpdateClock(16)
Event processed UpdateClock(16)
Event processed UpdateClock(16)
Event processed UpdateClock(16)
Event processed UpdateClock(16)
Event processed UpdateClock(16)
Event processed UpdateClock(16)
org notification: Position [subject=t1, id=null, cell=Cell [x=14, y=19], time=2014-03-28 11:56:19.258, clock=15]
org notified found Position [subject=t1, id=null, cell=Cell [x=14, y=19], time=2014-03-28 11:56:19.258, clock=15]
org notified sent position(t1,cell(14,19),15).
17
agent notification: Time [clock=17, time=null]
Event sent to agent      a4 clock(17)
agent notification: Time [clock=17, time=null]
Event sent to agent      a1 clock(17)
agent notification: Time [clock=17, time=null]
agent notification: Time [clock=17, time=null]
agent notification: Time [clock=17, time=null]
agent notification: Time [clock=17, time=null]
Event sent to agent      a2 clock(17)
org notification: Time [clock=17, time=null]
Event sent to agent      t1 clock(17)
agent notification: Time [clock=17, time=null]
org notified found Time [clock=17, time=null]
Event sent to agent      c1 clock(17)
Event sent to agent      a3 clock(17)
Event sent to agent      ra1 clock(17)
org notified sent time(17).
Event processed UpdateClock(17)
Event processed UpdateClock(17)
Event processed UpdateClock(17)
Event processed UpdateClock(17)
Event processed UpdateClock(17)
Event processed UpdateClock(17)
Event processed UpdateClock(17)
org notification: Position [subject=a3, id=null, cell=Cell [x=11, y=6], time=2014-03-28 11:56:19.518, clock=16]
org notified found Position [subject=a3, id=null, cell=Cell [x=11, y=6], time=2014-03-28 11:56:19.518, clock=16]
org notified sent position(a3,cell(11,6),16).
org notification: Position [subject=a2, id=null, cell=Cell [x=7, y=16], time=2014-03-28 11:56:19.558, clock=16]
org notified found Position [subject=a2, id=null, cell=Cell [x=7, y=16], time=2014-03-28 11:56:19.558, clock=16]
org notified sent position(a2,cell(7,16),16).
org notification: Position [subject=a1, id=null, cell=Cell [x=5, y=6], time=2014-03-28 11:56:19.606, clock=16]
org notified found Position [subject=a1, id=null, cell=Cell [x=5, y=6], time=2014-03-28 11:56:19.606, clock=16]
org notified sent position(a1,cell(5,6),16).
18
agent notification: Time [clock=18, time=null]
Event sent to agent      a1 clock(18)
agent notification: Time [clock=18, time=null]
agent notification: Time [clock=18, time=null]
agent notification: Time [clock=18, time=null]
agent notification: Time [clock=18, time=null]
Event sent to agent      t1 clock(18)
Event sent to agent      c1 clock(18)
Event sent to agent      a4 clock(18)
Event sent to agent      a2 clock(18)
org notification: Time [clock=18, time=null]
org notified found Time [clock=18, time=null]
org notified sent time(18).
agent notification: Time [clock=18, time=null]
agent notification: Time [clock=18, time=null]
Event sent to agent      a3 clock(18)
Event sent to agent      ra1 clock(18)
Event processed UpdateClock(18)
Event processed UpdateClock(18)
Event processed UpdateClock(18)
Event processed UpdateClock(18)
Event processed UpdateClock(18)
Event processed UpdateClock(18)
Event processed UpdateClock(18)
org notification: Position [subject=t1, id=null, cell=Cell [x=13, y=19], time=2014-03-28 11:56:20.084, clock=17]
org notified found Position [subject=t1, id=null, cell=Cell [x=13, y=19], time=2014-03-28 11:56:20.084, clock=17]
org notified sent position(t1,cell(13,19),17).
19
agent notification: Time [clock=19, time=null]
org notification: Time [clock=19, time=null]
agent notification: Time [clock=19, time=null]
agent notification: Time [clock=19, time=null]
Event sent to agent      a1 clock(19)
agent notification: Time [clock=19, time=null]
Event sent to agent      a3 clock(19)
agent notification: Time [clock=19, time=null]
Event sent to agent      t1 clock(19)
Event sent to agent      c1 clock(19)
Event sent to agent      ra1 clock(19)
agent notification: Time [clock=19, time=null]
agent notification: Time [clock=19, time=null]
Event sent to agent      a2 clock(19)
org notified found Time [clock=19, time=null]
org notified sent time(19).
Event sent to agent      a4 clock(19)
org notification: Position [subject=a3, id=null, cell=Cell [x=11, y=7], time=2014-03-28 11:56:20.355, clock=17]
org notified found Position [subject=a3, id=null, cell=Cell [x=11, y=7], time=2014-03-28 11:56:20.355, clock=17]
org notified sent position(a3,cell(11,7),17).
org notification: Position [subject=a2, id=null, cell=Cell [x=8, y=16], time=2014-03-28 11:56:20.397, clock=18]
org notified found Position [subject=a2, id=null, cell=Cell [x=8, y=16], time=2014-03-28 11:56:20.397, clock=18]
org notified sent position(a2,cell(8,16),18).
Event processed UpdateClock(19)
org notification: Position [subject=a1, id=null, cell=Cell [x=5, y=7], time=2014-03-28 11:56:20.451, clock=18]
org notified found Position [subject=a1, id=null, cell=Cell [x=5, y=7], time=2014-03-28 11:56:20.451, clock=18]
org notified sent position(a1,cell(5,7),18).
Event processed UpdateClock(19)
Event processed UpdateClock(19)
Event processed UpdateClock(19)
Event processed UpdateClock(19)
Event processed UpdateClock(19)
Event processed UpdateClock(19)
20
agent notification: Time [clock=20, time=null]
agent notification: Time [clock=20, time=null]
Event sent to agent      a1 clock(20)
Event sent to agent      a4 clock(20)
agent notification: Time [clock=20, time=null]
agent notification: Time [clock=20, time=null]
Event sent to agent      ra1 clock(20)
Event sent to agent      a2 clock(20)
org notification: Time [clock=20, time=null]
org notified found Time [clock=20, time=null]
org notified sent time(20).
agent notification: Time [clock=20, time=null]
Event sent to agent      t1 clock(20)
agent notification: Time [clock=20, time=null]
agent notification: Time [clock=20, time=null]
Event sent to agent      a3 clock(20)
Event sent to agent      c1 clock(20)
Event processed UpdateClock(20)
Event processed UpdateClock(20)
Event processed UpdateClock(20)
Event processed UpdateClock(20)
org notification: Position [subject=t1, id=null, cell=Cell [x=12, y=19], time=2014-03-28 11:56:20.926, clock=19]
org notified found Position [subject=t1, id=null, cell=Cell [x=12, y=19], time=2014-03-28 11:56:20.926, clock=19]
org notified sent position(t1,cell(12,19),19).
Event processed UpdateClock(20)
Event processed UpdateClock(20)
Event processed UpdateClock(20)
org notification: Position [subject=a3, id=null, cell=Cell [x=11, y=8], time=2014-03-28 11:56:21.168, clock=19]
org notified found Position [subject=a3, id=null, cell=Cell [x=11, y=8], time=2014-03-28 11:56:21.168, clock=19]
org notified sent position(a3,cell(11,8),19).
org notification: Position [subject=a2, id=null, cell=Cell [x=9, y=16], time=2014-03-28 11:56:21.204, clock=19]
org notified found Position [subject=a2, id=null, cell=Cell [x=9, y=16], time=2014-03-28 11:56:21.204, clock=19]
org notified sent position(a2,cell(9,16),19).
org notification: Position [subject=a1, id=null, cell=Cell [x=5, y=8], time=2014-03-28 11:56:21.266, clock=19]
org notified found Position [subject=a1, id=null, cell=Cell [x=5, y=8], time=2014-03-28 11:56:21.266, clock=19]
org notified sent position(a1,cell(5,8),19).
21
agent notification: Time [clock=21, time=null]
Event sent to agent      a1 clock(21)
agent notification: Time [clock=21, time=null]
Event sent to agent      c1 clock(21)
agent notification: Time [clock=21, time=null]
agent notification: Time [clock=21, time=null]
Event sent to agent      a2 clock(21)
org notification: Time [clock=21, time=null]
org notified found Time [clock=21, time=null]
org notified sent time(21).
Event sent to agent      t1 clock(21)
agent notification: Time [clock=21, time=null]
agent notification: Time [clock=21, time=null]
Event sent to agent      a4 clock(21)
agent notification: Time [clock=21, time=null]
Event sent to agent      ra1 clock(21)
Event sent to agent      a3 clock(21)
Event processed UpdateClock(21)
Event processed UpdateClock(21)
Event processed UpdateClock(21)
Event processed UpdateClock(21)
Event processed UpdateClock(21)
Event processed UpdateClock(21)
Event processed UpdateClock(21)
org notification: Position [subject=t1, id=null, cell=Cell [x=11, y=19], time=2014-03-28 11:56:21.716, clock=20]
org notified found Position [subject=t1, id=null, cell=Cell [x=11, y=19], time=2014-03-28 11:56:21.716, clock=20]
org notified sent position(t1,cell(11,19),20).
22
agent notification: Time [clock=22, time=null]
Event sent to agent      a4 clock(22)
agent notification: Time [clock=22, time=null]
Event sent to agent      a1 clock(22)
agent notification: Time [clock=22, time=null]
org notification: Time [clock=22, time=null]
org notified found Time [clock=22, time=null]
Event sent to agent      a2 clock(22)
agent notification: Time [clock=22, time=null]
Event sent to agent      c1 clock(22)
agent notification: Time [clock=22, time=null]
org notified sent time(22).
agent notification: Time [clock=22, time=null]
Event sent to agent      a3 clock(22)
Event sent to agent      t1 clock(22)
agent notification: Time [clock=22, time=null]
Event sent to agent      ra1 clock(22)
Event processed UpdateClock(22)
Event processed UpdateClock(22)
Event processed UpdateClock(22)
Event processed UpdateClock(22)
Event processed UpdateClock(22)
org notification: Position [subject=a3, id=null, cell=Cell [x=11, y=9], time=2014-03-28 11:56:21.965, clock=21]
org notified found Position [subject=a3, id=null, cell=Cell [x=11, y=9], time=2014-03-28 11:56:21.965, clock=21]
org notified sent position(a3,cell(11,9),21).
Event processed UpdateClock(22)
org notification: Position [subject=a2, id=null, cell=Cell [x=10, y=16], time=2014-03-28 11:56:22.01, clock=21]
org notified found Position [subject=a2, id=null, cell=Cell [x=10, y=16], time=2014-03-28 11:56:22.01, clock=21]
org notified sent position(a2,cell(10,16),21).
Event processed UpdateClock(22)
org notification: Position [subject=a1, id=null, cell=Cell [x=5, y=9], time=2014-03-28 11:56:22.077, clock=21]
org notified found Position [subject=a1, id=null, cell=Cell [x=5, y=9], time=2014-03-28 11:56:22.077, clock=21]
org notified sent position(a1,cell(5,9),21).
23
agent notification: Time [clock=23, time=null]
Event sent to agent      a1 clock(23)
agent notification: Time [clock=23, time=null]
Event sent to agent      c1 clock(23)
agent notification: Time [clock=23, time=null]
Event sent to agent      a2 clock(23)
agent notification: Time [clock=23, time=null]
Event sent to agent      ra1 clock(23)
agent notification: Time [clock=23, time=null]
org notification: Time [clock=23, time=null]
org notified found Time [clock=23, time=null]
org notified sent time(23).
Event sent to agent      t1 clock(23)
agent notification: Time [clock=23, time=null]
Event sent to agent      a3 clock(23)
agent notification: Time [clock=23, time=null]
Event sent to agent      a4 clock(23)
Event processed UpdateClock(23)
Event processed UpdateClock(23)
Event processed UpdateClock(23)
Event processed UpdateClock(23)
Event processed UpdateClock(23)
Event processed UpdateClock(23)
Event processed UpdateClock(23)
org notification: Position [subject=t1, id=null, cell=Cell [x=10, y=19], time=2014-03-28 11:56:22.539, clock=22]
org notified found Position [subject=t1, id=null, cell=Cell [x=10, y=19], time=2014-03-28 11:56:22.539, clock=22]
org notified sent position(t1,cell(10,19),22).
org notification: Position [subject=a3, id=null, cell=Cell [x=11, y=10], time=2014-03-28 11:56:22.78, clock=22]
org notified found Position [subject=a3, id=null, cell=Cell [x=11, y=10], time=2014-03-28 11:56:22.78, clock=22]
org notified sent position(a3,cell(11,10),22).
org notification: Position [subject=a2, id=null, cell=Cell [x=11, y=16], time=2014-03-28 11:56:22.828, clock=22]
org notified found Position [subject=a2, id=null, cell=Cell [x=11, y=16], time=2014-03-28 11:56:22.828, clock=22]
org notified sent position(a2,cell(11,16),22).
24
agent notification: Time [clock=24, time=null]
agent notification: Time [clock=24, time=null]
Event sent to agent      a4 clock(24)
Event sent to agent      a1 clock(24)
agent notification: Time [clock=24, time=null]
Event sent to agent      c1 clock(24)
agent notification: Time [clock=24, time=null]
Event sent to agent      t1 clock(24)
agent notification: Time [clock=24, time=null]
agent notification: Time [clock=24, time=null]
Event sent to agent      a2 clock(24)
Event sent to agent      a3 clock(24)
agent notification: Time [clock=24, time=null]
Event sent to agent      ra1 clock(24)
org notification: Time [clock=24, time=null]
org notified found Time [clock=24, time=null]
org notified sent time(24).
Event processed UpdateClock(24)
org notification: Position [subject=a1, id=null, cell=Cell [x=5, y=10], time=2014-03-28 11:56:22.904, clock=23]
org notified found Position [subject=a1, id=null, cell=Cell [x=5, y=10], time=2014-03-28 11:56:22.904, clock=23]
org notified sent position(a1,cell(5,10),23).
Event processed UpdateClock(24)
Event processed UpdateClock(24)
Event processed UpdateClock(24)
Event processed UpdateClock(24)
Event processed UpdateClock(24)
Event processed UpdateClock(24)
25
agent notification: Time [clock=25, time=null]
agent notification: Time [clock=25, time=null]
Event sent to agent      a4 clock(25)
agent notification: Time [clock=25, time=null]
agent notification: Time [clock=25, time=null]
org notification: Time [clock=25, time=null]
org notified found Time [clock=25, time=null]
org notified sent time(25).
Event sent to agent      c1 clock(25)
agent notification: Time [clock=25, time=null]
agent notification: Time [clock=25, time=null]
Event sent to agent      a1 clock(25)
Event sent to agent      ra1 clock(25)
agent notification: Time [clock=25, time=null]
Event sent to agent      a3 clock(25)
Event sent to agent      t1 clock(25)
Event sent to agent      a2 clock(25)
26
agent notification: Time [clock=26, time=null]
agent notification: Time [clock=26, time=null]
agent notification: Time [clock=26, time=null]
agent notification: Time [clock=26, time=null]
Event sent to agent      a1 clock(26)
Event sent to agent      a2 clock(26)
Event sent to agent      t1 clock(26)
Event sent to agent      c1 clock(26)
agent notification: Time [clock=26, time=null]
org notification: Time [clock=26, time=null]
org notified found Time [clock=26, time=null]
org notified sent time(26).
agent notification: Time [clock=26, time=null]
Event sent to agent      a3 clock(26)
agent notification: Time [clock=26, time=null]
Event sent to agent      ra1 clock(26)
Event sent to agent      a4 clock(26)
27
agent notification: Time [clock=27, time=null]
agent notification: Time [clock=27, time=null]
Event sent to agent      a1 clock(27)
agent notification: Time [clock=27, time=null]
Event sent to agent      a2 clock(27)
Event sent to agent      a4 clock(27)
agent notification: Time [clock=27, time=null]
agent notification: Time [clock=27, time=null]
Event sent to agent      c1 clock(27)
agent notification: Time [clock=27, time=null]
org notification: Time [clock=27, time=null]
org notified found Time [clock=27, time=null]
org notified sent time(27).
Event sent to agent      a3 clock(27)
Event sent to agent      ra1 clock(27)
agent notification: Time [clock=27, time=null]
Event sent to agent      t1 clock(27)
28
agent notification: Time [clock=28, time=null]
Event sent to agent      a1 clock(28)
agent notification: Time [clock=28, time=null]
agent notification: Time [clock=28, time=null]
Event sent to agent      a2 clock(28)
Event sent to agent      ra1 clock(28)
agent notification: Time [clock=28, time=null]
agent notification: Time [clock=28, time=null]
Event sent to agent      t1 clock(28)
Event sent to agent      a4 clock(28)
agent notification: Time [clock=28, time=null]
Event sent to agent      a3 clock(28)
org notification: Time [clock=28, time=null]
agent notification: Time [clock=28, time=null]
org notified found Time [clock=28, time=null]
org notified sent time(28).
Event sent to agent      c1 clock(28)
29
agent notification: Time [clock=29, time=null]
agent notification: Time [clock=29, time=null]
agent notification: Time [clock=29, time=null]
Event sent to agent      a1 clock(29)
Event sent to agent      a2 clock(29)
Event sent to agent      a4 clock(29)
agent notification: Time [clock=29, time=null]
Event sent to agent      t1 clock(29)
org notification: Time [clock=29, time=null]
org notified found Time [clock=29, time=null]
agent notification: Time [clock=29, time=null]
agent notification: Time [clock=29, time=null]
org notified sent time(29).
Event sent to agent      ra1 clock(29)
Event sent to agent      c1 clock(29)
agent notification: Time [clock=29, time=null]
Event sent to agent      a3 clock(29)
30
agent notification: Time [clock=30, time=null]
agent notification: Time [clock=30, time=null]
Event sent to agent      a1 clock(30)
Event sent to agent      a2 clock(30)
org notification: Time [clock=30, time=null]
org notified found Time [clock=30, time=null]
org notified sent time(30).
agent notification: Time [clock=30, time=null]
Event sent to agent      a3 clock(30)
agent notification: Time [clock=30, time=null]
agent notification: Time [clock=30, time=null]
Event sent to agent      ra1 clock(30)
agent notification: Time [clock=30, time=null]
Event sent to agent      a4 clock(30)
Event sent to agent      t1 clock(30)
agent notification: Time [clock=30, time=null]
Event sent to agent      c1 clock(30)
31
agent notification: Time [clock=31, time=null]
org notification: Time [clock=31, time=null]
org notified found Time [clock=31, time=null]
org notified sent time(31).
agent notification: Time [clock=31, time=null]
agent notification: Time [clock=31, time=null]
Event sent to agent      a2 clock(31)
agent notification: Time [clock=31, time=null]
agent notification: Time [clock=31, time=null]
Event sent to agent      t1 clock(31)
Event sent to agent      a3 clock(31)
agent notification: Time [clock=31, time=null]
agent notification: Time [clock=31, time=null]
Event sent to agent      a1 clock(31)
Event sent to agent      ra1 clock(31)
Event sent to agent      c1 clock(31)
Event sent to agent      a4 clock(31)
32
agent notification: Time [clock=32, time=null]
agent notification: Time [clock=32, time=null]
Event sent to agent      a1 clock(32)
agent notification: Time [clock=32, time=null]
agent notification: Time [clock=32, time=null]
Event sent to agent      a4 clock(32)
agent notification: Time [clock=32, time=null]
Event sent to agent      t1 clock(32)
Event sent to agent      ra1 clock(32)
agent notification: Time [clock=32, time=null]
org notification: Time [clock=32, time=null]
org notified found Time [clock=32, time=null]
Event sent to agent      c1 clock(32)
org notified sent time(32).
Event sent to agent      a3 clock(32)
agent notification: Time [clock=32, time=null]
Event sent to agent      a2 clock(32)
33
agent notification: Time [clock=33, time=null]
agent notification: Time [clock=33, time=null]
org notification: Time [clock=33, time=null]
org notified found Time [clock=33, time=null]
org notified sent time(33).
Event sent to agent      c1 clock(33)
agent notification: Time [clock=33, time=null]
agent notification: Time [clock=33, time=null]
agent notification: Time [clock=33, time=null]
Event sent to agent      a4 clock(33)
Event sent to agent      a3 clock(33)
agent notification: Time [clock=33, time=null]
Event sent to agent      a2 clock(33)
Event sent to agent      t1 clock(33)
agent notification: Time [clock=33, time=null]
Event sent to agent      ra1 clock(33)
Event sent to agent      a1 clock(33)
34
agent notification: Time [clock=34, time=null]
Event sent to agent      a1 clock(34)
org notification: Time [clock=34, time=null]
org notified found Time [clock=34, time=null]
org notified sent time(34).
agent notification: Time [clock=34, time=null]
agent notification: Time [clock=34, time=null]
Event sent to agent      ra1 clock(34)
Event sent to agent      a3 clock(34)
agent notification: Time [clock=34, time=null]
agent notification: Time [clock=34, time=null]
Event sent to agent      a4 clock(34)
agent notification: Time [clock=34, time=null]
Event sent to agent      c1 clock(34)
Event sent to agent      t1 clock(34)
agent notification: Time [clock=34, time=null]
Event sent to agent      a2 clock(34)
35
agent notification: Time [clock=35, time=null]
org notification: Time [clock=35, time=null]
agent notification: Time [clock=35, time=null]
agent notification: Time [clock=35, time=null]
Event sent to agent      a2 clock(35)
agent notification: Time [clock=35, time=null]
agent notification: Time [clock=35, time=null]
org notified found Time [clock=35, time=null]
org notified sent time(35).
Event sent to agent      a4 clock(35)
agent notification: Time [clock=35, time=null]
Event sent to agent      c1 clock(35)
Event sent to agent      a3 clock(35)
Event sent to agent      t1 clock(35)
agent notification: Time [clock=35, time=null]
Event sent to agent      a1 clock(35)
Event sent to agent      ra1 clock(35)
36
agent notification: Time [clock=36, time=null]
Event sent to agent      a4 clock(36)
org notification: Time [clock=36, time=null]
agent notification: Time [clock=36, time=null]
agent notification: Time [clock=36, time=null]
Event sent to agent      a2 clock(36)
agent notification: Time [clock=36, time=null]
agent notification: Time [clock=36, time=null]
org notified found Time [clock=36, time=null]
Event sent to agent      a1 clock(36)
Event sent to agent      c1 clock(36)
agent notification: Time [clock=36, time=null]
Event sent to agent      t1 clock(36)
agent notification: Time [clock=36, time=null]
Event sent to agent      ra1 clock(36)
Event sent to agent      a3 clock(36)
org notified sent time(36).
37
agent notification: Time [clock=37, time=null]
agent notification: Time [clock=37, time=null]
agent notification: Time [clock=37, time=null]
agent notification: Time [clock=37, time=null]
agent notification: Time [clock=37, time=null]
agent notification: Time [clock=37, time=null]
org notification: Time [clock=37, time=null]
org notified found Time [clock=37, time=null]
org notified sent time(37).
Event sent to agent      a4 clock(37)
agent notification: Time [clock=37, time=null]
Event sent to agent      a3 clock(37)
Event sent to agent      a1 clock(37)
Event sent to agent      c1 clock(37)
Event sent to agent      t1 clock(37)
Event sent to agent      a2 clock(37)
Event sent to agent      ra1 clock(37)
38
agent notification: Time [clock=38, time=null]
agent notification: Time [clock=38, time=null]
Event sent to agent      a2 clock(38)
agent notification: Time [clock=38, time=null]
agent notification: Time [clock=38, time=null]
Event sent to agent      a1 clock(38)
Event sent to agent      a4 clock(38)
org notification: Time [clock=38, time=null]
Event sent to agent      a3 clock(38)
agent notification: Time [clock=38, time=null]
agent notification: Time [clock=38, time=null]
agent notification: Time [clock=38, time=null]
Event sent to agent      t1 clock(38)
org notified found Time [clock=38, time=null]
org notified sent time(38).
Event sent to agent      c1 clock(38)
Event sent to agent      ra1 clock(38)
39
org notification: Time [clock=39, time=null]
agent notification: Time [clock=39, time=null]
agent notification: Time [clock=39, time=null]
agent notification: Time [clock=39, time=null]
Event sent to agent      a3 clock(39)
org notified found Time [clock=39, time=null]
agent notification: Time [clock=39, time=null]
agent notification: Time [clock=39, time=null]
Event sent to agent      a2 clock(39)
Event sent to agent      ra1 clock(39)
agent notification: Time [clock=39, time=null]
agent notification: Time [clock=39, time=null]
Event sent to agent      a4 clock(39)
Event sent to agent      c1 clock(39)
Event sent to agent      t1 clock(39)
org notified sent time(39).
Event sent to agent      a1 clock(39)
40
agent notification: Time [clock=40, time=null]
agent notification: Time [clock=40, time=null]
Event sent to agent      ra1 clock(40)
agent notification: Time [clock=40, time=null]
agent notification: Time [clock=40, time=null]
agent notification: Time [clock=40, time=null]
Event sent to agent      t1 clock(40)
agent notification: Time [clock=40, time=null]
Event sent to agent      a4 clock(40)
Event sent to agent      a1 clock(40)
agent notification: Time [clock=40, time=null]
org notification: Time [clock=40, time=null]
org notified found Time [clock=40, time=null]
org notified sent time(40).
Event sent to agent      a2 clock(40)
Event sent to agent      a3 clock(40)
Event sent to agent      c1 clock(40)
41
agent notification: Time [clock=41, time=null]
agent notification: Time [clock=41, time=null]
Event sent to agent      a4 clock(41)
Event sent to agent      a1 clock(41)
agent notification: Time [clock=41, time=null]
agent notification: Time [clock=41, time=null]
agent notification: Time [clock=41, time=null]
agent notification: Time [clock=41, time=null]
agent notification: Time [clock=41, time=null]
org notification: Time [clock=41, time=null]
org notified found Time [clock=41, time=null]
org notified sent time(41).
Event sent to agent      t1 clock(41)
Event sent to agent      a3 clock(41)
Event sent to agent      c1 clock(41)
Event sent to agent      a2 clock(41)
Event sent to agent      ra1 clock(41)
42
agent notification: Time [clock=42, time=null]
agent notification: Time [clock=42, time=null]
agent notification: Time [clock=42, time=null]
Event sent to agent      a3 clock(42)
agent notification: Time [clock=42, time=null]
agent notification: Time [clock=42, time=null]
agent notification: Time [clock=42, time=null]
Event sent to agent      a1 clock(42)
Event sent to agent      a4 clock(42)
Event sent to agent      ra1 clock(42)
agent notification: Time [clock=42, time=null]
Event sent to agent      t1 clock(42)
org notification: Time [clock=42, time=null]
Event sent to agent      a2 clock(42)
org notified found Time [clock=42, time=null]
org notified sent time(42).
Event sent to agent      c1 clock(42)
43
agent notification: Time [clock=43, time=null]
agent notification: Time [clock=43, time=null]
agent notification: Time [clock=43, time=null]
Event sent to agent      a1 clock(43)
Event sent to agent      a2 clock(43)
agent notification: Time [clock=43, time=null]
agent notification: Time [clock=43, time=null]
org notification: Time [clock=43, time=null]
org notified found Time [clock=43, time=null]
Event sent to agent      c1 clock(43)
agent notification: Time [clock=43, time=null]
agent notification: Time [clock=43, time=null]
Event sent to agent      a4 clock(43)
Event sent to agent      ra1 clock(43)
org notified sent time(43).
Event sent to agent      t1 clock(43)
Event sent to agent      a3 clock(43)
44
agent notification: Time [clock=44, time=null]
agent notification: Time [clock=44, time=null]
Event sent to agent      ra1 clock(44)
agent notification: Time [clock=44, time=null]
agent notification: Time [clock=44, time=null]
agent notification: Time [clock=44, time=null]
Event sent to agent      t1 clock(44)
agent notification: Time [clock=44, time=null]
Event sent to agent      a2 clock(44)
Event sent to agent      a4 clock(44)
agent notification: Time [clock=44, time=null]
Event sent to agent      a1 clock(44)
org notification: Time [clock=44, time=null]
Event sent to agent      a3 clock(44)
Event sent to agent      c1 clock(44)
org notified found Time [clock=44, time=null]
org notified sent time(44).
45
agent notification: Time [clock=45, time=null]
Event sent to agent      a4 clock(45)
agent notification: Time [clock=45, time=null]
Event sent to agent      a2 clock(45)
org notification: Time [clock=45, time=null]
org notified found Time [clock=45, time=null]
agent notification: Time [clock=45, time=null]
org notified sent time(45).
agent notification: Time [clock=45, time=null]
agent notification: Time [clock=45, time=null]
Event sent to agent      ra1 clock(45)
Event sent to agent      c1 clock(45)
agent notification: Time [clock=45, time=null]
agent notification: Time [clock=45, time=null]
Event sent to agent      a3 clock(45)
Event sent to agent      a1 clock(45)
Event sent to agent      t1 clock(45)
46
agent notification: Time [clock=46, time=null]
agent notification: Time [clock=46, time=null]
Event sent to agent      a4 clock(46)
agent notification: Time [clock=46, time=null]
agent notification: Time [clock=46, time=null]
agent notification: Time [clock=46, time=null]
Event sent to agent      c1 clock(46)
org notification: Time [clock=46, time=null]
org notified found Time [clock=46, time=null]
org notified sent time(46).
Event sent to agent      a1 clock(46)
agent notification: Time [clock=46, time=null]
agent notification: Time [clock=46, time=null]
Event sent to agent      a3 clock(46)
Event sent to agent      a2 clock(46)
Event sent to agent      ra1 clock(46)
Event sent to agent      t1 clock(46)
47
agent notification: Time [clock=47, time=null]
agent notification: Time [clock=47, time=null]
Event sent to agent      ra1 clock(47)
agent notification: Time [clock=47, time=null]
agent notification: Time [clock=47, time=null]
Event sent to agent      a4 clock(47)
org notification: Time [clock=47, time=null]
org notified found Time [clock=47, time=null]
org notified sent time(47).
Event sent to agent      a1 clock(47)
Event sent to agent      t1 clock(47)
agent notification: Time [clock=47, time=null]
Event sent to agent      a2 clock(47)
agent notification: Time [clock=47, time=null]
Event sent to agent      a3 clock(47)
agent notification: Time [clock=47, time=null]
Event sent to agent      c1 clock(47)
48
agent notification: Time [clock=48, time=null]
agent notification: Time [clock=48, time=null]
org notification: Time [clock=48, time=null]
org notified found Time [clock=48, time=null]
org notified sent time(48).
agent notification: Time [clock=48, time=null]
agent notification: Time [clock=48, time=null]
agent notification: Time [clock=48, time=null]
Event sent to agent      ra1 clock(48)
Event sent to agent      a1 clock(48)
Event sent to agent      c1 clock(48)
Event sent to agent      a4 clock(48)
agent notification: Time [clock=48, time=null]
Event sent to agent      a2 clock(48)
agent notification: Time [clock=48, time=null]
Event sent to agent      a3 clock(48)
Event sent to agent      t1 clock(48)
49
agent notification: Time [clock=49, time=null]
agent notification: Time [clock=49, time=null]
agent notification: Time [clock=49, time=null]
agent notification: Time [clock=49, time=null]
agent notification: Time [clock=49, time=null]
Event sent to agent      a3 clock(49)
org notification: Time [clock=49, time=null]
org notified found Time [clock=49, time=null]
org notified sent time(49).
Event sent to agent      ra1 clock(49)
Event sent to agent      a1 clock(49)
Event sent to agent      a2 clock(49)
agent notification: Time [clock=49, time=null]
Event sent to agent      a4 clock(49)
Event sent to agent      c1 clock(49)
agent notification: Time [clock=49, time=null]
Event sent to agent      t1 clock(49)
50
agent notification: Time [clock=50, time=null]
agent notification: Time [clock=50, time=null]
Event sent to agent      a1 clock(50)
Event sent to agent      a2 clock(50)
org notification: Time [clock=50, time=null]
agent notification: Time [clock=50, time=null]
agent notification: Time [clock=50, time=null]
agent notification: Time [clock=50, time=null]
Event sent to agent      ra1 clock(50)
Event sent to agent      c1 clock(50)
Event sent to agent      a4 clock(50)
org notified found Time [clock=50, time=null]
org notified sent time(50).
agent notification: Time [clock=50, time=null]
agent notification: Time [clock=50, time=null]
Event sent to agent      t1 clock(50)
Event sent to agent      a3 clock(50)
51
agent notification: Time [clock=51, time=null]
agent notification: Time [clock=51, time=null]
agent notification: Time [clock=51, time=null]
Event sent to agent      a1 clock(51)
agent notification: Time [clock=51, time=null]
agent notification: Time [clock=51, time=null]
org notification: Time [clock=51, time=null]
org notified found Time [clock=51, time=null]
org notified sent time(51).
Event sent to agent      t1 clock(51)
Event sent to agent      a4 clock(51)
agent notification: Time [clock=51, time=null]
Event sent to agent      a2 clock(51)
agent notification: Time [clock=51, time=null]
Event sent to agent      c1 clock(51)
Event sent to agent      ra1 clock(51)
Event sent to agent      a3 clock(51)
52
agent notification: Time [clock=52, time=null]
agent notification: Time [clock=52, time=null]
Event sent to agent      a2 clock(52)
Event sent to agent      t1 clock(52)
org notification: Time [clock=52, time=null]
org notified found Time [clock=52, time=null]
org notified sent time(52).
agent notification: Time [clock=52, time=null]
agent notification: Time [clock=52, time=null]
agent notification: Time [clock=52, time=null]
Event sent to agent      ra1 clock(52)
Event sent to agent      a1 clock(52)
agent notification: Time [clock=52, time=null]
agent notification: Time [clock=52, time=null]
Event sent to agent      c1 clock(52)
Event sent to agent      a3 clock(52)
Event sent to agent      a4 clock(52)
53
agent notification: Time [clock=53, time=null]
agent notification: Time [clock=53, time=null]
Event sent to agent      a2 clock(53)
agent notification: Time [clock=53, time=null]
agent notification: Time [clock=53, time=null]
Event sent to agent      a4 clock(53)
agent notification: Time [clock=53, time=null]
Event sent to agent      a1 clock(53)
Event sent to agent      a3 clock(53)
agent notification: Time [clock=53, time=null]
Event sent to agent      c1 clock(53)
org notification: Time [clock=53, time=null]
agent notification: Time [clock=53, time=null]
org notified found Time [clock=53, time=null]
org notified sent time(53).
Event sent to agent      ra1 clock(53)
Event sent to agent      t1 clock(53)
54
agent notification: Time [clock=54, time=null]
agent notification: Time [clock=54, time=null]
Event sent to agent      a2 clock(54)
Event sent to agent      c1 clock(54)
agent notification: Time [clock=54, time=null]
agent notification: Time [clock=54, time=null]
Event sent to agent      t1 clock(54)
Event sent to agent      a3 clock(54)
agent notification: Time [clock=54, time=null]
agent notification: Time [clock=54, time=null]
agent notification: Time [clock=54, time=null]
org notification: Time [clock=54, time=null]
org notified found Time [clock=54, time=null]
org notified sent time(54).
Event sent to agent      ra1 clock(54)
Event sent to agent      a4 clock(54)
Event sent to agent      a1 clock(54)
