2014-03-28 10:40:14,077 CONFIG [com.gigaspaces.logger] - Log file: /Users/dxd/gigaspaces-xap-premium-9.5.1-ga/logs/2014-03-28~10.40-gigaspaces-service-128.243.23.149-16159.log
-------------------------last log tuples start--------------------------------
-------------------------last log tuples end----------------------------------
register a1
register a2
register a3
register a4
register c1
register t1
register ra1
org notification: Coin [id=null, cell=Cell [x=8, y=6], subject=a1, time=2014-03-28 10:41:00.473, clock=0]
org notification: Cargo [id=null, cell=Cell [x=19, y=19], time=2014-03-28 10:41:00.479, clock=0]
org notified found Coin [id=null, cell=Cell [x=8, y=6], subject=a1, time=2014-03-28 10:41:00.473, clock=0]
org notified found Cargo [id=null, cell=Cell [x=19, y=19], time=2014-03-28 10:41:00.479, clock=0]
org notified sent coin(cell(8,6),0,a1).
org notified sent cargo(cell(19,19),0).
Error while procession organization notification
Error while procession organization notification
java.lang.ArrayIndexOutOfBoundsException: 4097
	at aplprolog.Parsing.SimpleCharStream.readChar(SimpleCharStream.java:198)
	at aplprolog.Parsing.IntPrologTokenManager.jjMoveNfa_0(IntPrologTokenManager.java:662)
	at aplprolog.Parsing.IntPrologTokenManager.jjMoveStringLiteralDfa0_0(IntPrologTokenManager.java:131)
	at aplprolog.Parsing.IntPrologTokenManager.getNextToken(IntPrologTokenManager.java:1042)
	at aplprolog.Parsing.IntProlog.jj_ntk(IntProlog.java:1333)
	at aplprolog.Parsing.IntProlog.Rule(IntProlog.java:244)
	at aplprolog.Parsing.IntProlog.parseFact(IntProlog.java:80)
	at geoSenseMW.EnvGeoSense.notifyOrg(EnvGeoSense.java:693)
	at geoSenseMW.OrgHandler.notify(OrgHandler.java:31)
	at com.j_spaces.core.client.NotifyDelegator.notify(NotifyDelegator.java:142)
	at com.gigaspaces.events.fifo.BlockedOrderedQueue$NotifyFifoTask.dequeueAndTrigger(BlockedOrderedQueue.java:319)
	at com.gigaspaces.events.fifo.BlockedOrderedQueue$NotifyFifoTask.run(BlockedOrderedQueue.java:290)
	at com.gigaspaces.internal.utils.concurrent.RunnableContextClassLoaderDecorator.run(RunnableContextClassLoaderDecorator.java:40)
	at java.util.concurrent.ThreadPoolExecutor$Worker.runTask(ThreadPoolExecutor.java:895)
	at java.util.concurrent.ThreadPoolExecutor$Worker.run(ThreadPoolExecutor.java:918)
	at java.lang.Thread.run(Thread.java:695)
java.lang.ArrayIndexOutOfBoundsException: 4096
	at aplprolog.Parsing.SimpleCharStream.getBeginLine(SimpleCharStream.java:241)
	at aplprolog.Parsing.IntPrologTokenManager.jjFillToken(IntPrologTokenManager.java:984)
	at aplprolog.Parsing.IntPrologTokenManager.getNextToken(IntPrologTokenManager.java:1022)
	at aplprolog.Parsing.IntProlog.jj_ntk(IntProlog.java:1333)
	at aplprolog.Parsing.IntProlog.Rule(IntProlog.java:244)
	at aplprolog.Parsing.IntProlog.parseFact(IntProlog.java:80)
	at geoSenseMW.EnvGeoSense.notifyOrg(EnvGeoSense.java:693)
	at geoSenseMW.OrgHandler.notify(OrgHandler.java:31)
	at com.j_spaces.core.client.NotifyDelegator.notify(NotifyDelegator.java:142)
	at com.gigaspaces.events.fifo.BlockedOrderedQueue$NotifyFifoTask.dequeueAndTrigger(BlockedOrderedQueue.java:319)
	at com.gigaspaces.events.fifo.BlockedOrderedQueue$NotifyFifoTask.run(BlockedOrderedQueue.java:290)
	at com.gigaspaces.internal.utils.concurrent.RunnableContextClassLoaderDecorator.run(RunnableContextClassLoaderDecorator.java:40)
	at java.util.concurrent.ThreadPoolExecutor$Worker.runTask(ThreadPoolExecutor.java:895)
	at java.util.concurrent.ThreadPoolExecutor$Worker.run(ThreadPoolExecutor.java:918)
	at java.lang.Thread.run(Thread.java:695)
org notification: Position [subject=a1, id=null, cell=Cell [x=3, y=4], time=2014-03-28 10:41:00.787, clock=0]
org notified found Position [subject=a1, id=null, cell=Cell [x=3, y=4], time=2014-03-28 10:41:00.787, clock=0]
org notified sent position(a1,cell(3,4),0).
Organization notifies agent (write): Obligation [subject=ra1, obligation=[surround(10, 10)], sanction=[sanction_group(g, 1000)], deadline=15, time=2014-03-28 10:41:00.799, clock=0]
Organization notifies agent (write): Obligation [subject=a1, obligation=[west(10, 10, a1)], sanction=[reduce(a1, 1000)], deadline=15, time=2014-03-28 10:41:00.812, clock=0]
org notification: Position [subject=a2, id=null, cell=Cell [x=7, y=19], time=2014-03-28 10:41:00.807, clock=0]
org notified found Position [subject=a2, id=null, cell=Cell [x=7, y=19], time=2014-03-28 10:41:00.807, clock=0]
org notified sent position(a2,cell(7,19),0).
Organization notifies agent (write): Obligation [subject=a2, obligation=[east(10, 10, a2)], sanction=[reduce(a2, 1000)], deadline=15, time=2014-03-28 10:41:00.815, clock=0]
agent notification: Obligation [subject=ra1, obligation=[surround(10, 10)], sanction=[sanction_group(g, 1000)], deadline=15, time=2014-03-28 10:41:00.799, clock=0]
Event sent to agent      ra1 obligation([surround(10, 10)], 15, [sanction_group(g, 1000)])
Organization notifies agent (write): Obligation [subject=a3, obligation=[north(10, 10, a3)], sanction=[reduce(a3, 1000)], deadline=15, time=2014-03-28 10:41:00.819, clock=0]
Organization notifies agent (write): Obligation [subject=a4, obligation=[south(10, 10, a4)], sanction=[reduce(a4, 1000)], deadline=15, time=2014-03-28 10:41:00.822, clock=0]
agent notification: Obligation [subject=a1, obligation=[west(10, 10, a1)], sanction=[reduce(a1, 1000)], deadline=15, time=2014-03-28 10:41:00.812, clock=0]
Event sent to agent      a1 obligation([west(10, 10, a1)], 15, [reduce(a1, 1000)])
agent notification: Obligation [subject=a2, obligation=[east(10, 10, a2)], sanction=[reduce(a2, 1000)], deadline=15, time=2014-03-28 10:41:00.815, clock=0]
Event sent to agent      a2 obligation([east(10, 10, a2)], 15, [reduce(a2, 1000)])
agent notification: Obligation [subject=a3, obligation=[north(10, 10, a3)], sanction=[reduce(a3, 1000)], deadline=15, time=2014-03-28 10:41:00.819, clock=0]
Event sent to agent      a3 obligation([north(10, 10, a3)], 15, [reduce(a3, 1000)])
agent notification: Obligation [subject=a4, obligation=[south(10, 10, a4)], sanction=[reduce(a4, 1000)], deadline=15, time=2014-03-28 10:41:00.822, clock=0]
Event sent to agent      a4 obligation([south(10, 10, a4)], 15, [reduce(a4, 1000)])
Event processed adoptObligation(surround(10, 10), 15, sanction_group(g, 1000))
Event processed adoptObligation(west(10, 10, a1), 15, reduce(a1, 1000))
Event processed adoptObligation(east(10, 10, a2), 15, reduce(a2, 1000))
Event processed adoptObligation(south(10, 10, a4), 15, reduce(a4, 1000))
Event processed adoptObligation(north(10, 10, a3), 15, reduce(a3, 1000))
org notification: Position [subject=a3, id=null, cell=Cell [x=11, y=2], time=2014-03-28 10:41:01.358, clock=0]
org notified found Position [subject=a3, id=null, cell=Cell [x=11, y=2], time=2014-03-28 10:41:01.358, clock=0]
org notified sent position(a3,cell(11,2),0).
org notification: Coin [id=null, cell=Cell [x=16, y=16], subject=a2, time=2014-03-28 10:41:01.485, clock=0]
org notified found Coin [id=null, cell=Cell [x=16, y=16], subject=a2, time=2014-03-28 10:41:01.485, clock=0]
org notified sent coin(cell(16,16),0,a2).
org notification: Position [subject=t1, id=null, cell=Cell [x=18, y=19], time=2014-03-28 10:41:01.74, clock=0]
org notified found Position [subject=t1, id=null, cell=Cell [x=18, y=19], time=2014-03-28 10:41:01.74, clock=0]
org notified sent position(t1,cell(18,19),0).
org notification: Coin [id=null, cell=Cell [x=2, y=2], subject=a3, time=2014-03-28 10:41:02.356, clock=0]
org notified found Coin [id=null, cell=Cell [x=2, y=2], subject=a3, time=2014-03-28 10:41:02.356, clock=0]
org notified sent coin(cell(2,2),0,a3).
org notification: Position [subject=t1, id=null, cell=Cell [x=17, y=19], time=2014-03-28 10:41:02.563, clock=0]
org notified found Position [subject=t1, id=null, cell=Cell [x=17, y=19], time=2014-03-28 10:41:02.563, clock=0]
org notified sent position(t1,cell(17,19),0).
org notification: Position [subject=a1, id=null, cell=Cell [x=3, y=5], time=2014-03-28 10:41:02.655, clock=0]
org notified found Position [subject=a1, id=null, cell=Cell [x=3, y=5], time=2014-03-28 10:41:02.655, clock=0]
org notified sent position(a1,cell(3,5),0).
org notification: Position [subject=a2, id=null, cell=Cell [x=8, y=19], time=2014-03-28 10:41:02.67, clock=0]
org notified found Position [subject=a2, id=null, cell=Cell [x=8, y=19], time=2014-03-28 10:41:02.67, clock=0]
org notified sent position(a2,cell(8,19),0).
org notification: Position [subject=a3, id=null, cell=Cell [x=11, y=3], time=2014-03-28 10:41:02.71, clock=0]
org notified found Position [subject=a3, id=null, cell=Cell [x=11, y=3], time=2014-03-28 10:41:02.71, clock=0]
org notified sent position(a3,cell(11,3),0).
org notification: Position [subject=t1, id=null, cell=Cell [x=16, y=19], time=2014-03-28 10:41:03.385, clock=0]
org notified found Position [subject=t1, id=null, cell=Cell [x=16, y=19], time=2014-03-28 10:41:03.385, clock=0]
org notified sent position(t1,cell(16,19),0).
org notification: Position [subject=a1, id=null, cell=Cell [x=3, y=6], time=2014-03-28 10:41:03.473, clock=0]
org notified found Position [subject=a1, id=null, cell=Cell [x=3, y=6], time=2014-03-28 10:41:03.473, clock=0]
org notified sent position(a1,cell(3,6),0).
org notification: Position [subject=a2, id=null, cell=Cell [x=9, y=19], time=2014-03-28 10:41:03.478, clock=0]
org notified found Position [subject=a2, id=null, cell=Cell [x=9, y=19], time=2014-03-28 10:41:03.478, clock=0]
org notified sent position(a2,cell(9,19),0).
org notification: Position [subject=a3, id=null, cell=Cell [x=11, y=4], time=2014-03-28 10:41:03.494, clock=0]
org notified found Position [subject=a3, id=null, cell=Cell [x=11, y=4], time=2014-03-28 10:41:03.494, clock=0]
org notified sent position(a3,cell(11,4),0).
org notification: Position [subject=t1, id=null, cell=Cell [x=15, y=19], time=2014-03-28 10:41:04.126, clock=0]
org notified found Position [subject=t1, id=null, cell=Cell [x=15, y=19], time=2014-03-28 10:41:04.126, clock=0]
org notified sent position(t1,cell(15,19),0).
org notification: Position [subject=a1, id=null, cell=Cell [x=3, y=7], time=2014-03-28 10:41:04.262, clock=0]
org notified found Position [subject=a1, id=null, cell=Cell [x=3, y=7], time=2014-03-28 10:41:04.262, clock=0]
org notified sent position(a1,cell(3,7),0).
org notification: Position [subject=a2, id=null, cell=Cell [x=10, y=19], time=2014-03-28 10:41:04.27, clock=0]
org notified found Position [subject=a2, id=null, cell=Cell [x=10, y=19], time=2014-03-28 10:41:04.27, clock=0]
org notified sent position(a2,cell(10,19),0).
org notification: Position [subject=a3, id=null, cell=Cell [x=11, y=5], time=2014-03-28 10:41:04.278, clock=0]
org notified found Position [subject=a3, id=null, cell=Cell [x=11, y=5], time=2014-03-28 10:41:04.278, clock=0]
org notified sent position(a3,cell(11,5),0).
org notification: Position [subject=t1, id=null, cell=Cell [x=14, y=19], time=2014-03-28 10:41:04.887, clock=0]
org notified found Position [subject=t1, id=null, cell=Cell [x=14, y=19], time=2014-03-28 10:41:04.887, clock=0]
org notified sent position(t1,cell(14,19),0).
org notification: Position [subject=a1, id=null, cell=Cell [x=3, y=8], time=2014-03-28 10:41:05.012, clock=0]
org notified found Position [subject=a1, id=null, cell=Cell [x=3, y=8], time=2014-03-28 10:41:05.012, clock=0]
org notified sent position(a1,cell(3,8),0).
org notification: Position [subject=a2, id=null, cell=Cell [x=11, y=19], time=2014-03-28 10:41:05.022, clock=0]
org notified found Position [subject=a2, id=null, cell=Cell [x=11, y=19], time=2014-03-28 10:41:05.022, clock=0]
org notified sent position(a2,cell(11,19),0).
org notification: Position [subject=a3, id=null, cell=Cell [x=11, y=6], time=2014-03-28 10:41:05.03, clock=0]
org notified found Position [subject=a3, id=null, cell=Cell [x=11, y=6], time=2014-03-28 10:41:05.03, clock=0]
org notified sent position(a3,cell(11,6),0).
org notification: Position [subject=t1, id=null, cell=Cell [x=13, y=19], time=2014-03-28 10:41:05.625, clock=0]
org notified found Position [subject=t1, id=null, cell=Cell [x=13, y=19], time=2014-03-28 10:41:05.625, clock=0]
org notified sent position(t1,cell(13,19),0).
org notification: Position [subject=a1, id=null, cell=Cell [x=3, y=9], time=2014-03-28 10:41:05.742, clock=0]
org notified found Position [subject=a1, id=null, cell=Cell [x=3, y=9], time=2014-03-28 10:41:05.742, clock=0]
org notified sent position(a1,cell(3,9),0).
org notification: Position [subject=a2, id=null, cell=Cell [x=11, y=18], time=2014-03-28 10:41:05.756, clock=0]
org notified found Position [subject=a2, id=null, cell=Cell [x=11, y=18], time=2014-03-28 10:41:05.756, clock=0]
org notified sent position(a2,cell(11,18),0).
org notification: Position [subject=a3, id=null, cell=Cell [x=11, y=7], time=2014-03-28 10:41:05.767, clock=0]
org notified found Position [subject=a3, id=null, cell=Cell [x=11, y=7], time=2014-03-28 10:41:05.767, clock=0]
org notified sent position(a3,cell(11,7),0).
org notification: Position [subject=t1, id=null, cell=Cell [x=12, y=19], time=2014-03-28 10:41:06.377, clock=0]
org notified found Position [subject=t1, id=null, cell=Cell [x=12, y=19], time=2014-03-28 10:41:06.377, clock=0]
org notified sent position(t1,cell(12,19),0).
org notification: Position [subject=a1, id=null, cell=Cell [x=3, y=10], time=2014-03-28 10:41:06.569, clock=0]
org notified found Position [subject=a1, id=null, cell=Cell [x=3, y=10], time=2014-03-28 10:41:06.569, clock=0]
org notified sent position(a1,cell(3,10),0).
org notification: Position [subject=a2, id=null, cell=Cell [x=11, y=17], time=2014-03-28 10:41:06.578, clock=0]
org notified found Position [subject=a2, id=null, cell=Cell [x=11, y=17], time=2014-03-28 10:41:06.578, clock=0]
org notified sent position(a2,cell(11,17),0).
org notification: Position [subject=a3, id=null, cell=Cell [x=11, y=8], time=2014-03-28 10:41:06.583, clock=0]
org notified found Position [subject=a3, id=null, cell=Cell [x=11, y=8], time=2014-03-28 10:41:06.583, clock=0]
org notified sent position(a3,cell(11,8),0).
org notification: Position [subject=t1, id=null, cell=Cell [x=11, y=19], time=2014-03-28 10:41:07.236, clock=0]
org notified found Position [subject=t1, id=null, cell=Cell [x=11, y=19], time=2014-03-28 10:41:07.236, clock=0]
org notified sent position(t1,cell(11,19),0).
org notification: Position [subject=a1, id=null, cell=Cell [x=4, y=10], time=2014-03-28 10:41:07.412, clock=0]
org notified found Position [subject=a1, id=null, cell=Cell [x=4, y=10], time=2014-03-28 10:41:07.412, clock=0]
org notified sent position(a1,cell(4,10),0).
org notification: Position [subject=a2, id=null, cell=Cell [x=11, y=16], time=2014-03-28 10:41:07.421, clock=0]
org notified found Position [subject=a2, id=null, cell=Cell [x=11, y=16], time=2014-03-28 10:41:07.421, clock=0]
org notified sent position(a2,cell(11,16),0).
org notification: Position [subject=a3, id=null, cell=Cell [x=11, y=9], time=2014-03-28 10:41:07.425, clock=0]
org notified found Position [subject=a3, id=null, cell=Cell [x=11, y=9], time=2014-03-28 10:41:07.425, clock=0]
org notified sent position(a3,cell(11,9),0).
