2014-03-31 16:29:42,588 CONFIG [com.gigaspaces.logger] - Log file: /Users/dxd/gigaspaces-xap-premium-9.5.1-ga/logs/2014-03-31~16.29-gigaspaces-service-128.243.23.149-20409.log
-------------------------last log tuples start--------------------------------
Cargo [id=null, cell=Cell [x=19, y=19], time=2014-03-31 16:27:53.451, clock=0]
Position [subject=a3, id=null, cell=Cell [x=19, y=19], time=2014-03-31 16:28:06.951, clock=0]
Position [subject=t1, id=null, cell=Cell [x=2, y=8], time=2014-03-31 16:28:07.562, clock=0]
Time [clock=166, time=null]
ActionRequest [id=null, subject=a2, type=reading, cell=Cell [x=8, y=19], clock=26, time=2014-03-31 16:28:02.579]
Time [clock=212, time=null]
ActionRequest [id=null, subject=a3, type=reading, cell=Cell [x=11, y=1], clock=6, time=2014-03-31 16:27:52.863]
ActionRequest [id=null, subject=a4, type=reading, cell=Cell [x=11, y=1], clock=6, time=2014-03-31 16:27:52.927]
Time [clock=165, time=null]
Position [subject=t1, id=null, cell=Cell [x=2, y=3], time=2014-03-31 16:28:08.273, clock=0]
Position [subject=t1, id=null, cell=Cell [x=2, y=10], time=2014-03-31 16:28:07.204, clock=0]
ActionRequest [id=null, subject=a1, type=reading, cell=Cell [x=5, y=5], clock=14, time=2014-03-31 16:27:56.993]
ActionRequest [id=null, subject=ra1, type=reading, cell=Cell [x=5, y=5], clock=14, time=2014-03-31 16:27:56.997]
Time [clock=179, time=null]
Position [subject=ra1, id=null, cell=Cell [x=6, y=6], time=2014-03-31 16:27:58.442, clock=0]
Position [subject=t1, id=null, cell=Cell [x=18, y=19], time=2014-03-31 16:27:54.704, clock=0]
Coin [id=null, cell=Cell [x=8, y=6], subject=a1, time=2014-03-31 16:27:53.439, clock=0]
Time [clock=170, time=null]
Position [subject=a3, id=null, cell=Cell [x=15, y=19], time=2014-03-31 16:28:05.379, clock=0]
Time [clock=210, time=null]
Time [clock=194, time=null]
Position [subject=a4, id=null, cell=Cell [x=18, y=19], time=2014-03-31 16:28:06.658, clock=0]
Position [subject=a4, id=null, cell=Cell [x=12, y=19], time=2014-03-31 16:28:04.074, clock=0]
Position [subject=a4, id=null, cell=Cell [x=11, y=16], time=2014-03-31 16:28:02.357, clock=0]
Time [clock=202, time=null]
Position [subject=t1, id=null, cell=Cell [x=2, y=7], time=2014-03-31 16:28:07.703, clock=0]
Time [clock=207, time=null]
Position [subject=t1, id=null, cell=Cell [x=5, y=19], time=2014-03-31 16:28:02.12, clock=0]
Time [clock=206, time=null]
Time [clock=200, time=null]
Position [subject=a3, id=null, cell=Cell [x=14, y=19], time=2014-03-31 16:28:04.975, clock=0]
Position [subject=a4, id=null, cell=Cell [x=19, y=19], time=2014-03-31 16:28:07.045, clock=0]
Position [subject=t1, id=null, cell=Cell [x=2, y=14], time=2014-03-31 16:28:05.655, clock=0]
Time [clock=163, time=null]
Time [clock=203, time=null]
Position [subject=t1, id=null, cell=Cell [x=2, y=9], time=2014-03-31 16:28:07.419, clock=0]
Position [subject=a4, id=null, cell=Cell [x=14, y=19], time=2014-03-31 16:28:05.064, clock=0]
Time [clock=186, time=null]
Position [subject=t1, id=null, cell=Cell [x=2, y=11], time=2014-03-31 16:28:06.832, clock=0]
Coin [id=null, cell=Cell [x=16, y=16], subject=a2, time=2014-03-31 16:27:54.473, clock=0]
Coin [id=null, cell=Cell [x=2, y=2], subject=a3, time=2014-03-31 16:27:55.368, clock=0]
Time [clock=159, time=null]
Position [subject=t1, id=null, cell=Cell [x=2, y=6], time=2014-03-31 16:28:07.846, clock=0]
Position [subject=a2, id=null, cell=Cell [x=6, y=10], time=2014-03-31 16:28:00.402, clock=0]
Position [subject=a4, id=null, cell=Cell [x=13, y=19], time=2014-03-31 16:28:04.667, clock=0]
Position [subject=a4, id=null, cell=Cell [x=17, y=19], time=2014-03-31 16:28:06.23, clock=0]
Position [subject=a3, id=null, cell=Cell [x=16, y=19], time=2014-03-31 16:28:05.775, clock=0]
Time [clock=205, time=null]
Time [clock=180, time=null]
Position [subject=a4, id=null, cell=Cell [x=11, y=17], time=2014-03-31 16:28:02.79, clock=0]
Position [subject=a3, id=null, cell=Cell [x=12, y=19], time=2014-03-31 16:28:03.987, clock=0]
Position [subject=a4, id=null, cell=Cell [x=11, y=18], time=2014-03-31 16:28:03.142, clock=0]
Position [subject=t1, id=null, cell=Cell [x=2, y=13], time=2014-03-31 16:28:06.036, clock=0]
Position [subject=a3, id=null, cell=Cell [x=11, y=11], time=2014-03-31 16:28:00.159, clock=0]
Time [clock=177, time=null]
Time [clock=209, time=null]
Position [subject=a4, id=null, cell=Cell [x=11, y=11], time=2014-03-31 16:28:00.188, clock=0]
Time [clock=211, time=null]
Time [clock=201, time=null]
Time [clock=148, time=null]
Position [subject=a4, id=null, cell=Cell [x=16, y=19], time=2014-03-31 16:28:05.863, clock=0]
Time [clock=127, time=null]
Position [subject=a3, id=null, cell=Cell [x=11, y=13], time=2014-03-31 16:28:01.007, clock=0]
Position [subject=a2, id=null, cell=Cell [x=6, y=9], time=2014-03-31 16:28:00.82, clock=0]
Position [subject=t1, id=null, cell=Cell [x=4, y=19], time=2014-03-31 16:28:02.562, clock=0]
Time [clock=204, time=null]
Position [subject=a3, id=null, cell=Cell [x=18, y=19], time=2014-03-31 16:28:06.553, clock=0]
Position [subject=t1, id=null, cell=Cell [x=2, y=16], time=2014-03-31 16:28:04.849, clock=0]
Time [clock=151, time=null]
Time [clock=181, time=null]
Position [subject=a4, id=null, cell=Cell [x=11, y=10], time=2014-03-31 16:27:59.763, clock=0]
Position [subject=a3, id=null, cell=Cell [x=11, y=17], time=2014-03-31 16:28:02.764, clock=0]
Time [clock=196, time=null]
Position [subject=a2, id=null, cell=Cell [x=6, y=6], time=2014-03-31 16:28:02.127, clock=0]
Time [clock=139, time=null]
Position [subject=t1, id=null, cell=Cell [x=17, y=19], time=2014-03-31 16:27:55.619, clock=0]
Time [clock=158, time=null]
Position [subject=t1, id=null, cell=Cell [x=9, y=19], time=2014-03-31 16:28:00.394, clock=0]
Position [subject=t1, id=null, cell=Cell [x=3, y=19], time=2014-03-31 16:28:02.955, clock=0]
Position [subject=a4, id=null, cell=Cell [x=11, y=14], time=2014-03-31 16:28:01.468, clock=0]
Position [subject=t1, id=null, cell=Cell [x=2, y=18], time=2014-03-31 16:28:03.862, clock=0]
Time [clock=199, time=null]
Time [clock=197, time=null]
Time [clock=134, time=null]
Time [clock=198, time=null]
Position [subject=a3, id=null, cell=Cell [x=11, y=10], time=2014-03-31 16:27:59.74, clock=0]
Time [clock=195, time=null]
Time [clock=144, time=null]
Position [subject=a3, id=null, cell=Cell [x=11, y=14], time=2014-03-31 16:28:01.434, clock=0]
Position [subject=a2, id=null, cell=Cell [x=6, y=13], time=2014-03-31 16:27:59.086, clock=0]
Position [subject=ra1, id=null, cell=Cell [x=4, y=5], time=2014-03-31 16:27:55.637, clock=0]
Time [clock=183, time=null]
Time [clock=113, time=null]
Position [subject=a2, id=null, cell=Cell [x=6, y=16], time=2014-03-31 16:27:57.177, clock=0]
Time [clock=193, time=null]
Time [clock=138, time=null]
Position [subject=t1, id=null, cell=Cell [x=6, y=19], time=2014-03-31 16:28:01.681, clock=0]
Position [subject=t1, id=null, cell=Cell [x=2, y=2], time=2014-03-31 16:28:08.407, clock=0]
Position [subject=t1, id=null, cell=Cell [x=2, y=17], time=2014-03-31 16:28:04.368, clock=0]
Position [subject=a2, id=null, cell=Cell [x=6, y=15], time=2014-03-31 16:27:57.82, clock=0]
Position [subject=a4, id=null, cell=Cell [x=11, y=2], time=2014-03-31 16:27:54.303, clock=0]
Position [subject=a2, id=null, cell=Cell [x=6, y=8], time=2014-03-31 16:28:01.237, clock=0]
Position [subject=t1, id=null, cell=Cell [x=2, y=15], time=2014-03-31 16:28:05.23, clock=0]
Position [subject=a4, id=null, cell=Cell [x=11, y=19], time=2014-03-31 16:28:03.697, clock=0]
Position [subject=a3, id=null, cell=Cell [x=11, y=15], time=2014-03-31 16:28:01.89, clock=0]
Position [subject=t1, id=null, cell=Cell [x=14, y=19], time=2014-03-31 16:27:57.796, clock=0]
Time [clock=190, time=null]
Position [subject=a2, id=null, cell=Cell [x=6, y=7], time=2014-03-31 16:28:01.691, clock=0]
Position [subject=t1, id=null, cell=Cell [x=2, y=12], time=2014-03-31 16:28:06.393, clock=0]
Position [subject=a1, id=null, cell=Cell [x=4, y=5], time=2014-03-31 16:27:55.63, clock=0]
Position [subject=a4, id=null, cell=Cell [x=15, y=19], time=2014-03-31 16:28:05.475, clock=0]
Position [subject=a3, id=null, cell=Cell [x=11, y=6], time=2014-03-31 16:27:57.464, clock=0]
Position [subject=t1, id=null, cell=Cell [x=11, y=19], time=2014-03-31 16:27:59.533, clock=0]
Position [subject=t1, id=null, cell=Cell [x=7, y=19], time=2014-03-31 16:28:01.229, clock=0]
Position [subject=t1, id=null, cell=Cell [x=8, y=19], time=2014-03-31 16:28:00.811, clock=0]
Position [subject=a3, id=null, cell=Cell [x=11, y=19], time=2014-03-31 16:28:03.609, clock=0]
Time [clock=175, time=null]
Position [subject=a3, id=null, cell=Cell [x=11, y=18], time=2014-03-31 16:28:03.126, clock=0]
Time [clock=162, time=null]
Time [clock=117, time=null]
Position [subject=a4, id=null, cell=Cell [x=11, y=12], time=2014-03-31 16:28:00.621, clock=0]
Position [subject=a2, id=null, cell=Cell [x=6, y=11], time=2014-03-31 16:27:59.967, clock=0]
Position [subject=t1, id=null, cell=Cell [x=2, y=4], time=2014-03-31 16:28:08.134, clock=0]
Position [subject=a4, id=null, cell=Cell [x=11, y=13], time=2014-03-31 16:28:01.033, clock=0]
Time [clock=129, time=null]
Time [clock=164, time=null]
Time [clock=156, time=null]
Position [subject=a3, id=null, cell=Cell [x=11, y=16], time=2014-03-31 16:28:02.322, clock=0]
Time [clock=136, time=null]
Time [clock=189, time=null]
Time [clock=191, time=null]
Position [subject=a3, id=null, cell=Cell [x=11, y=3], time=2014-03-31 16:27:55.091, clock=0]
Time [clock=192, time=null]
Time [clock=108, time=null]
Time [clock=208, time=null]
Position [subject=a1, id=null, cell=Cell [x=3, y=5], time=2014-03-31 16:27:54.71, clock=0]
Position [subject=a3, id=null, cell=Cell [x=11, y=5], time=2014-03-31 16:27:56.777, clock=0]
Position [subject=t1, id=null, cell=Cell [x=2, y=5], time=2014-03-31 16:28:07.988, clock=0]
Time [clock=157, time=null]
Position [subject=a4, id=null, cell=Cell [x=11, y=9], time=2014-03-31 16:27:59.327, clock=0]
Time [clock=123, time=null]
Position [subject=a1, id=null, cell=Cell [x=3, y=4], time=2014-03-31 16:27:53.726, clock=0]
Time [clock=155, time=null]
Time [clock=146, time=null]
Position [subject=a3, id=null, cell=Cell [x=11, y=7], time=2014-03-31 16:27:58.093, clock=0]
Position [subject=a3, id=null, cell=Cell [x=11, y=8], time=2014-03-31 16:27:58.729, clock=0]
Position [subject=a4, id=null, cell=Cell [x=11, y=6], time=2014-03-31 16:27:57.511, clock=0]
Position [subject=t1, id=null, cell=Cell [x=10, y=19], time=2014-03-31 16:27:59.959, clock=0]
Position [subject=a3, id=null, cell=Cell [x=11, y=9], time=2014-03-31 16:27:59.301, clock=0]
Position [subject=t1, id=null, cell=Cell [x=12, y=19], time=2014-03-31 16:27:59.057, clock=0]
Position [subject=a1, id=null, cell=Cell [x=6, y=6], time=2014-03-31 16:27:58.438, clock=0]
Position [subject=a4, id=null, cell=Cell [x=11, y=8], time=2014-03-31 16:27:58.773, clock=0]
Position [subject=a2, id=null, cell=Cell [x=6, y=17], time=2014-03-31 16:27:56.423, clock=0]
Position [subject=a4, id=null, cell=Cell [x=11, y=3], time=2014-03-31 16:27:55.157, clock=0]
Position [subject=ra1, id=null, cell=Cell [x=5, y=6], time=2014-03-31 16:27:57.816, clock=0]
Time [clock=182, time=null]
Position [subject=a1, id=null, cell=Cell [x=5, y=6], time=2014-03-31 16:27:57.812, clock=0]
Time [clock=184, time=null]
Time [clock=135, time=null]
Time [clock=130, time=null]
Position [subject=a2, id=null, cell=Cell [x=6, y=14], time=2014-03-31 16:27:58.448, clock=0]
Position [subject=a3, id=null, cell=Cell [x=11, y=12], time=2014-03-31 16:28:00.586, clock=0]
Position [subject=a2, id=null, cell=Cell [x=6, y=18], time=2014-03-31 16:27:55.651, clock=0]
Time [clock=153, time=null]
Time [clock=174, time=null]
Time [clock=103, time=null]
Time [clock=188, time=null]
Position [subject=a3, id=null, cell=Cell [x=17, y=19], time=2014-03-31 16:28:06.146, clock=0]
Position [subject=a1, id=null, cell=Cell [x=5, y=5], time=2014-03-31 16:27:56.411, clock=0]
Time [clock=145, time=null]
Position [subject=a3, id=null, cell=Cell [x=13, y=19], time=2014-03-31 16:28:04.547, clock=0]
Position [subject=a4, id=null, cell=Cell [x=11, y=15], time=2014-03-31 16:28:01.911, clock=0]
Time [clock=94, time=null]
Position [subject=a3, id=null, cell=Cell [x=11, y=2], time=2014-03-31 16:27:54.248, clock=0]
Position [subject=ra1, id=null, cell=Cell [x=5, y=5], time=2014-03-31 16:27:56.416, clock=0]
Time [clock=137, time=null]
Position [subject=a2, id=null, cell=Cell [x=6, y=19], time=2014-03-31 16:27:54.725, clock=0]
Position [subject=a2, id=null, cell=Cell [x=6, y=12], time=2014-03-31 16:27:59.542, clock=0]
Position [subject=ra1, id=null, cell=Cell [x=3, y=5], time=2014-03-31 16:27:54.716, clock=0]
Position [subject=t1, id=null, cell=Cell [x=2, y=19], time=2014-03-31 16:28:03.452, clock=0]
Position [subject=t1, id=null, cell=Cell [x=13, y=19], time=2014-03-31 16:27:58.43, clock=0]
Position [subject=t1, id=null, cell=Cell [x=16, y=19], time=2014-03-31 16:27:56.402, clock=0]
Time [clock=128, time=null]
Position [subject=a3, id=null, cell=Cell [x=11, y=4], time=2014-03-31 16:27:56.01, clock=0]
Position [subject=a4, id=null, cell=Cell [x=11, y=7], time=2014-03-31 16:27:58.133, clock=0]
Position [subject=ra1, id=null, cell=Cell [x=3, y=4], time=2014-03-31 16:27:53.737, clock=0]
Position [subject=t1, id=null, cell=Cell [x=15, y=19], time=2014-03-31 16:27:57.16, clock=0]
Position [subject=a4, id=null, cell=Cell [x=11, y=5], time=2014-03-31 16:27:56.817, clock=0]
Position [subject=a2, id=null, cell=Cell [x=7, y=19], time=2014-03-31 16:27:53.752, clock=0]
Position [subject=a4, id=null, cell=Cell [x=11, y=4], time=2014-03-31 16:27:56.064, clock=0]
Time [clock=168, time=null]
Time [clock=85, time=null]
Time [clock=131, time=null]
Time [clock=78, time=null]
Time [clock=178, time=null]
Time [clock=75, time=null]
Time [clock=171, time=null]
Time [clock=147, time=null]
Time [clock=33, time=null]
Time [clock=150, time=null]
Time [clock=121, time=null]
Time [clock=125, time=null]
Time [clock=104, time=null]
Time [clock=149, time=null]
Time [clock=141, time=null]
Time [clock=124, time=null]
Time [clock=79, time=null]
Time [clock=80, time=null]
Time [clock=102, time=null]
Time [clock=61, time=null]
Time [clock=120, time=null]
Time [clock=133, time=null]
Time [clock=173, time=null]
Time [clock=92, time=null]
Time [clock=32, time=null]
Time [clock=160, time=null]
Time [clock=106, time=null]
Time [clock=99, time=null]
Time [clock=126, time=null]
Time [clock=86, time=null]
Time [clock=119, time=null]
Time [clock=161, time=null]
Time [clock=15, time=null]
Time [clock=105, time=null]
Time [clock=47, time=null]
Time [clock=154, time=null]
Time [clock=132, time=null]
Time [clock=95, time=null]
Time [clock=143, time=null]
Time [clock=10, time=null]
Time [clock=185, time=null]
Time [clock=122, time=null]
Time [clock=98, time=null]
Time [clock=140, time=null]
Time [clock=93, time=null]
Time [clock=73, time=null]
Time [clock=66, time=null]
Time [clock=39, time=null]
Time [clock=114, time=null]
Time [clock=115, time=null]
Time [clock=76, time=null]
Time [clock=71, time=null]
Time [clock=24, time=null]
Time [clock=64, time=null]
Time [clock=48, time=null]
Time [clock=169, time=null]
Time [clock=83, time=null]
Time [clock=97, time=null]
Time [clock=172, time=null]
Time [clock=2, time=null]
Time [clock=167, time=null]
Time [clock=187, time=null]
Time [clock=44, time=null]
Time [clock=90, time=null]
Time [clock=152, time=null]
Time [clock=77, time=null]
Time [clock=111, time=null]
Time [clock=45, time=null]
Time [clock=110, time=null]
Time [clock=84, time=null]
Time [clock=112, time=null]
Time [clock=96, time=null]
Time [clock=70, time=null]
Time [clock=176, time=null]
Time [clock=46, time=null]
Time [clock=109, time=null]
Time [clock=116, time=null]
Time [clock=56, time=null]
Time [clock=87, time=null]
Time [clock=67, time=null]
Time [clock=26, time=null]
Time [clock=81, time=null]
Time [clock=91, time=null]
Time [clock=59, time=null]
Time [clock=63, time=null]
Time [clock=20, time=null]
Time [clock=58, time=null]
Time [clock=62, time=null]
Time [clock=52, time=null]
Time [clock=107, time=null]
Time [clock=55, time=null]
Time [clock=51, time=null]
Time [clock=19, time=null]
Time [clock=57, time=null]
Time [clock=142, time=null]
Time [clock=101, time=null]
Time [clock=17, time=null]
Time [clock=37, time=null]
Time [clock=49, time=null]
Time [clock=54, time=null]
Time [clock=22, time=null]
Time [clock=5, time=null]
Time [clock=89, time=null]
Time [clock=118, time=null]
Time [clock=50, time=null]
Time [clock=42, time=null]
Time [clock=72, time=null]
Time [clock=68, time=null]
Time [clock=21, time=null]
Time [clock=82, time=null]
Time [clock=88, time=null]
Time [clock=12, time=null]
Time [clock=35, time=null]
Time [clock=31, time=null]
Time [clock=69, time=null]
Time [clock=23, time=null]
Time [clock=60, time=null]
Time [clock=14, time=null]
Time [clock=100, time=null]
Time [clock=74, time=null]
Time [clock=36, time=null]
Time [clock=65, time=null]
Time [clock=38, time=null]
Time [clock=34, time=null]
Time [clock=7, time=null]
Time [clock=40, time=null]
Time [clock=30, time=null]
Time [clock=9, time=null]
Time [clock=16, time=null]
Time [clock=25, time=null]
Time [clock=13, time=null]
Time [clock=3, time=null]
Time [clock=41, time=null]
Time [clock=4, time=null]
Time [clock=18, time=null]
Time [clock=6, time=null]
Time [clock=53, time=null]
Time [clock=29, time=null]
Time [clock=28, time=null]
Time [clock=43, time=null]
Time [clock=11, time=null]
Time [clock=1, time=null]
Time [clock=27, time=null]
Time [clock=8, time=null]
-------------------------last log tuples end----------------------------------
1
register a1
register a2
register a3
register a4
register c1
register t1
register ra1
2
3
4
5
6
7
8
9
10
11
12
13
14
15
16
17
18
19
20
21
22
23
24
25
26
27
28
29
30
31
32
33
34
35
36
37
38
39
40
41
42
43
44
45
46
47
48
49
50
51
52
53
54
55
56
57
58
59
60
61
62
63
64
65
66
67
68
69
70
71
72
73
74
75
76
77
78
79
80
81
82
83
84
85
86
87
88
89
90
91
92
93
94
95
96
97
98
99
100
101
102
103
104
105
106
107
108
109
110
111
112
113
114
115
116
117
118
119
120
121
122
123
124
125
126
127
128
129
130
131
