2014-03-31 16:31:14,030 CONFIG [com.gigaspaces.logger] - Log file: /Users/dxd/gigaspaces-xap-premium-9.5.1-ga/logs/2014-03-31~16.31-gigaspaces-service-128.243.23.149-20419.log
-------------------------last log tuples start--------------------------------
ActionRequest [id=null, subject=a3, type=reading, cell=Cell [x=11, y=1], clock=7, time=2014-03-31 16:29:47.163]
Cargo [id=null, cell=Cell [x=19, y=19], time=2014-03-31 16:29:47.736, clock=0]
ActionRequest [id=null, subject=ra1, type=reading, cell=Cell [x=5, y=5], clock=14, time=2014-03-31 16:29:50.747]
ActionRequest [id=null, subject=a2, type=reading, cell=Cell [x=8, y=19], clock=23, time=2014-03-31 16:29:55.224]
Position [subject=t1, id=null, cell=Cell [x=2, y=8], time=2014-03-31 16:29:58.495, clock=0]
ActionRequest [id=null, subject=a1, type=reading, cell=Cell [x=5, y=5], clock=14, time=2014-03-31 16:29:50.743]
Position [subject=a4, id=null, cell=Cell [x=19, y=19], time=2014-03-31 16:29:58.079, clock=0]
ActionRequest [id=null, subject=a4, type=reading, cell=Cell [x=11, y=1], clock=7, time=2014-03-31 16:29:47.187]
Position [subject=a3, id=null, cell=Cell [x=11, y=16], time=2014-03-31 16:29:55.068, clock=0]
Position [subject=t1, id=null, cell=Cell [x=2, y=7], time=2014-03-31 16:29:58.607, clock=0]
Time [clock=84, time=null]
Time [clock=87, time=null]
Position [subject=t1, id=null, cell=Cell [x=2, y=15], time=2014-03-31 16:29:56.87, clock=0]
Position [subject=a3, id=null, cell=Cell [x=17, y=19], time=2014-03-31 16:29:57.571, clock=0]
Time [clock=127, time=null]
Position [subject=a3, id=null, cell=Cell [x=12, y=19], time=2014-03-31 16:29:56.21, clock=0]
Position [subject=t1, id=null, cell=Cell [x=2, y=16], time=2014-03-31 16:29:56.593, clock=0]
Coin [id=null, cell=Cell [x=16, y=16], subject=a2, time=2014-03-31 16:29:48.774, clock=0]
Position [subject=t1, id=null, cell=Cell [x=2, y=10], time=2014-03-31 16:29:58.188, clock=0]
Position [subject=a4, id=null, cell=Cell [x=12, y=19], time=2014-03-31 16:29:56.219, clock=0]
Position [subject=a4, id=null, cell=Cell [x=15, y=19], time=2014-03-31 16:29:57.029, clock=0]
Position [subject=t1, id=null, cell=Cell [x=3, y=19], time=2014-03-31 16:29:55.533, clock=0]
Coin [id=null, cell=Cell [x=8, y=6], subject=a1, time=2014-03-31 16:29:47.764, clock=0]
Position [subject=t1, id=null, cell=Cell [x=2, y=14], time=2014-03-31 16:29:57.169, clock=0]
Position [subject=a4, id=null, cell=Cell [x=11, y=13], time=2014-03-31 16:29:54.007, clock=0]
Position [subject=t1, id=null, cell=Cell [x=2, y=2], time=2014-03-31 16:29:59.152, clock=0]
Time [clock=131, time=null]
Position [subject=a4, id=null, cell=Cell [x=11, y=18], time=2014-03-31 16:29:55.673, clock=0]
Time [clock=128, time=null]
Position [subject=t1, id=null, cell=Cell [x=2, y=4], time=2014-03-31 16:29:58.932, clock=0]
Time [clock=63, time=null]
Time [clock=59, time=null]
Time [clock=112, time=null]
Position [subject=t1, id=null, cell=Cell [x=2, y=9], time=2014-03-31 16:29:58.365, clock=0]
Time [clock=109, time=null]
Position [subject=a4, id=null, cell=Cell [x=16, y=19], time=2014-03-31 16:29:57.316, clock=0]
Time [clock=117, time=null]
Position [subject=a3, id=null, cell=Cell [x=11, y=19], time=2014-03-31 16:29:55.928, clock=0]
Coin [id=null, cell=Cell [x=2, y=2], subject=a3, time=2014-03-31 16:29:49.443, clock=0]
Time [clock=110, time=null]
Time [clock=124, time=null]
Position [subject=t1, id=null, cell=Cell [x=2, y=18], time=2014-03-31 16:29:56.055, clock=0]
Position [subject=a4, id=null, cell=Cell [x=18, y=19], time=2014-03-31 16:29:57.828, clock=0]
Time [clock=129, time=null]
Position [subject=t1, id=null, cell=Cell [x=2, y=11], time=2014-03-31 16:29:57.941, clock=0]
Time [clock=125, time=null]
Time [clock=130, time=null]
Position [subject=a3, id=null, cell=Cell [x=14, y=19], time=2014-03-31 16:29:56.72, clock=0]
Position [subject=a4, id=null, cell=Cell [x=13, y=19], time=2014-03-31 16:29:56.481, clock=0]
Position [subject=t1, id=null, cell=Cell [x=15, y=19], time=2014-03-31 16:29:50.838, clock=0]
Position [subject=a2, id=null, cell=Cell [x=6, y=6], time=2014-03-31 16:29:54.906, clock=0]
Position [subject=t1, id=null, cell=Cell [x=2, y=17], time=2014-03-31 16:29:56.329, clock=0]
Position [subject=t1, id=null, cell=Cell [x=2, y=12], time=2014-03-31 16:29:57.694, clock=0]
Position [subject=a3, id=null, cell=Cell [x=15, y=19], time=2014-03-31 16:29:57.022, clock=0]
Position [subject=t1, id=null, cell=Cell [x=8, y=19], time=2014-03-31 16:29:53.805, clock=0]
Time [clock=27, time=null]
Time [clock=89, time=null]
Position [subject=a3, id=null, cell=Cell [x=19, y=19], time=2014-03-31 16:29:58.073, clock=0]
Position [subject=a4, id=null, cell=Cell [x=14, y=19], time=2014-03-31 16:29:56.729, clock=0]
Time [clock=120, time=null]
Position [subject=a4, id=null, cell=Cell [x=11, y=16], time=2014-03-31 16:29:55.077, clock=0]
Position [subject=a4, id=null, cell=Cell [x=11, y=11], time=2014-03-31 16:29:53.334, clock=0]
Time [clock=58, time=null]
Time [clock=52, time=null]
Time [clock=23, time=null]
Time [clock=96, time=null]
Position [subject=t1, id=null, cell=Cell [x=2, y=5], time=2014-03-31 16:29:58.824, clock=0]
Position [subject=a4, id=null, cell=Cell [x=11, y=12], time=2014-03-31 16:29:53.658, clock=0]
Position [subject=a2, id=null, cell=Cell [x=6, y=15], time=2014-03-31 16:29:51.373, clock=0]
Time [clock=123, time=null]
Time [clock=115, time=null]
Position [subject=a4, id=null, cell=Cell [x=11, y=19], time=2014-03-31 16:29:55.938, clock=0]
Position [subject=a3, id=null, cell=Cell [x=11, y=12], time=2014-03-31 16:29:53.652, clock=0]
Position [subject=a2, id=null, cell=Cell [x=6, y=7], time=2014-03-31 16:29:54.544, clock=0]
Time [clock=98, time=null]
Position [subject=a3, id=null, cell=Cell [x=11, y=9], time=2014-03-31 16:29:52.662, clock=0]
Time [clock=126, time=null]
Position [subject=a3, id=null, cell=Cell [x=11, y=11], time=2014-03-31 16:29:53.324, clock=0]
Position [subject=a3, id=null, cell=Cell [x=18, y=19], time=2014-03-31 16:29:57.821, clock=0]
Position [subject=a3, id=null, cell=Cell [x=11, y=10], time=2014-03-31 16:29:52.984, clock=0]
Position [subject=a3, id=null, cell=Cell [x=11, y=8], time=2014-03-31 16:29:52.186, clock=0]
Position [subject=a2, id=null, cell=Cell [x=6, y=14], time=2014-03-31 16:29:51.897, clock=0]
Time [clock=100, time=null]
Position [subject=a4, id=null, cell=Cell [x=11, y=9], time=2014-03-31 16:29:52.667, clock=0]
Position [subject=t1, id=null, cell=Cell [x=2, y=6], time=2014-03-31 16:29:58.714, clock=0]
Position [subject=t1, id=null, cell=Cell [x=2, y=3], time=2014-03-31 16:29:59.046, clock=0]
Position [subject=t1, id=null, cell=Cell [x=2, y=19], time=2014-03-31 16:29:55.783, clock=0]
Time [clock=83, time=null]
Time [clock=66, time=null]
Position [subject=ra1, id=null, cell=Cell [x=5, y=6], time=2014-03-31 16:29:51.428, clock=0]
Position [subject=a4, id=null, cell=Cell [x=11, y=15], time=2014-03-31 16:29:54.749, clock=0]
Time [clock=22, time=null]
Time [clock=56, time=null]
Position [subject=a2, id=null, cell=Cell [x=6, y=17], time=2014-03-31 16:29:50.228, clock=0]
Time [clock=105, time=null]
Position [subject=a3, id=null, cell=Cell [x=11, y=13], time=2014-03-31 16:29:53.999, clock=0]
Position [subject=a2, id=null, cell=Cell [x=6, y=18], time=2014-03-31 16:29:49.625, clock=0]
Position [subject=t1, id=null, cell=Cell [x=10, y=19], time=2014-03-31 16:29:53.139, clock=0]
Position [subject=a4, id=null, cell=Cell [x=17, y=19], time=2014-03-31 16:29:57.579, clock=0]
Time [clock=93, time=null]
Position [subject=a3, id=null, cell=Cell [x=11, y=4], time=2014-03-31 16:29:49.946, clock=0]
Position [subject=a2, id=null, cell=Cell [x=6, y=19], time=2014-03-31 16:29:48.954, clock=0]
Position [subject=a3, id=null, cell=Cell [x=11, y=7], time=2014-03-31 16:29:51.65, clock=0]
Time [clock=35, time=null]
Position [subject=a2, id=null, cell=Cell [x=6, y=12], time=2014-03-31 16:29:52.82, clock=0]
Time [clock=85, time=null]
Position [subject=a2, id=null, cell=Cell [x=6, y=16], time=2014-03-31 16:29:50.843, clock=0]
Position [subject=a4, id=null, cell=Cell [x=11, y=6], time=2014-03-31 16:29:51.128, clock=0]
Position [subject=a1, id=null, cell=Cell [x=6, y=6], time=2014-03-31 16:29:51.947, clock=0]
Position [subject=t1, id=null, cell=Cell [x=6, y=19], time=2014-03-31 16:29:54.538, clock=0]
Position [subject=a3, id=null, cell=Cell [x=11, y=14], time=2014-03-31 16:29:54.375, clock=0]
Position [subject=a4, id=null, cell=Cell [x=11, y=10], time=2014-03-31 16:29:52.994, clock=0]
Position [subject=t1, id=null, cell=Cell [x=11, y=19], time=2014-03-31 16:29:52.812, clock=0]
Position [subject=a4, id=null, cell=Cell [x=11, y=17], time=2014-03-31 16:29:55.415, clock=0]
Time [clock=92, time=null]
Time [clock=119, time=null]
Position [subject=a3, id=null, cell=Cell [x=11, y=6], time=2014-03-31 16:29:51.12, clock=0]
Position [subject=t1, id=null, cell=Cell [x=12, y=19], time=2014-03-31 16:29:52.447, clock=0]
Position [subject=a1, id=null, cell=Cell [x=5, y=6], time=2014-03-31 16:29:51.424, clock=0]
Time [clock=106, time=null]
Position [subject=t1, id=null, cell=Cell [x=5, y=19], time=2014-03-31 16:29:54.897, clock=0]
Time [clock=60, time=null]
Position [subject=a4, id=null, cell=Cell [x=11, y=8], time=2014-03-31 16:29:52.193, clock=0]
Position [subject=a4, id=null, cell=Cell [x=11, y=5], time=2014-03-31 16:29:50.575, clock=0]
Position [subject=a3, id=null, cell=Cell [x=13, y=19], time=2014-03-31 16:29:56.476, clock=0]
Position [subject=t1, id=null, cell=Cell [x=13, y=19], time=2014-03-31 16:29:51.891, clock=0]
Time [clock=75, time=null]
Time [clock=122, time=null]
Position [subject=a4, id=null, cell=Cell [x=11, y=3], time=2014-03-31 16:29:49.296, clock=0]
Position [subject=a3, id=null, cell=Cell [x=11, y=3], time=2014-03-31 16:29:49.285, clock=0]
Position [subject=t1, id=null, cell=Cell [x=9, y=19], time=2014-03-31 16:29:53.483, clock=0]
Position [subject=a2, id=null, cell=Cell [x=6, y=9], time=2014-03-31 16:29:53.812, clock=0]
Position [subject=ra1, id=null, cell=Cell [x=3, y=4], time=2014-03-31 16:29:48.079, clock=0]
Position [subject=a3, id=null, cell=Cell [x=11, y=2], time=2014-03-31 16:29:48.507, clock=0]
Position [subject=a2, id=null, cell=Cell [x=6, y=8], time=2014-03-31 16:29:54.181, clock=0]
Position [subject=a4, id=null, cell=Cell [x=11, y=4], time=2014-03-31 16:29:49.949, clock=0]
Position [subject=ra1, id=null, cell=Cell [x=3, y=5], time=2014-03-31 16:29:49.007, clock=0]
Position [subject=a2, id=null, cell=Cell [x=6, y=10], time=2014-03-31 16:29:53.489, clock=0]
Time [clock=118, time=null]
Time [clock=71, time=null]
Position [subject=a3, id=null, cell=Cell [x=11, y=18], time=2014-03-31 16:29:55.666, clock=0]
Position [subject=a1, id=null, cell=Cell [x=3, y=4], time=2014-03-31 16:29:48.068, clock=0]
Time [clock=24, time=null]
Position [subject=t1, id=null, cell=Cell [x=2, y=13], time=2014-03-31 16:29:57.442, clock=0]
Position [subject=ra1, id=null, cell=Cell [x=4, y=5], time=2014-03-31 16:29:49.686, clock=0]
Time [clock=103, time=null]
Position [subject=a3, id=null, cell=Cell [x=11, y=15], time=2014-03-31 16:29:54.743, clock=0]
Time [clock=8, time=null]
Position [subject=a3, id=null, cell=Cell [x=16, y=19], time=2014-03-31 16:29:57.309, clock=0]
Position [subject=a2, id=null, cell=Cell [x=6, y=13], time=2014-03-31 16:29:52.467, clock=0]
Position [subject=t1, id=null, cell=Cell [x=7, y=19], time=2014-03-31 16:29:54.173, clock=0]
Time [clock=113, time=null]
Position [subject=a2, id=null, cell=Cell [x=6, y=11], time=2014-03-31 16:29:53.147, clock=0]
Position [subject=t1, id=null, cell=Cell [x=16, y=19], time=2014-03-31 16:29:50.215, clock=0]
Position [subject=a4, id=null, cell=Cell [x=11, y=2], time=2014-03-31 16:29:48.523, clock=0]
Time [clock=49, time=null]
Position [subject=t1, id=null, cell=Cell [x=17, y=19], time=2014-03-31 16:29:49.613, clock=0]
Position [subject=a3, id=null, cell=Cell [x=11, y=17], time=2014-03-31 16:29:55.403, clock=0]
Time [clock=17, time=null]
Time [clock=95, time=null]
Position [subject=a4, id=null, cell=Cell [x=11, y=7], time=2014-03-31 16:29:51.656, clock=0]
Position [subject=t1, id=null, cell=Cell [x=4, y=19], time=2014-03-31 16:29:55.217, clock=0]
Position [subject=ra1, id=null, cell=Cell [x=6, y=6], time=2014-03-31 16:29:51.949, clock=0]
Position [subject=t1, id=null, cell=Cell [x=14, y=19], time=2014-03-31 16:29:51.366, clock=0]
Time [clock=91, time=null]
Time [clock=68, time=null]
Time [clock=29, time=null]
Time [clock=111, time=null]
Time [clock=82, time=null]
Position [subject=a3, id=null, cell=Cell [x=11, y=5], time=2014-03-31 16:29:50.571, clock=0]
Position [subject=ra1, id=null, cell=Cell [x=5, y=5], time=2014-03-31 16:29:50.271, clock=0]
Position [subject=a2, id=null, cell=Cell [x=7, y=19], time=2014-03-31 16:29:48.006, clock=0]
Time [clock=78, time=null]
Time [clock=16, time=null]
Position [subject=t1, id=null, cell=Cell [x=18, y=19], time=2014-03-31 16:29:48.944, clock=0]
Position [subject=a1, id=null, cell=Cell [x=5, y=5], time=2014-03-31 16:29:50.267, clock=0]
Position [subject=a1, id=null, cell=Cell [x=4, y=5], time=2014-03-31 16:29:49.678, clock=0]
Position [subject=a1, id=null, cell=Cell [x=3, y=5], time=2014-03-31 16:29:48.994, clock=0]
Position [subject=a4, id=null, cell=Cell [x=11, y=14], time=2014-03-31 16:29:54.381, clock=0]
Time [clock=79, time=null]
Time [clock=61, time=null]
Time [clock=121, time=null]
Time [clock=54, time=null]
Time [clock=70, time=null]
Time [clock=97, time=null]
Time [clock=116, time=null]
Time [clock=104, time=null]
Time [clock=47, time=null]
Time [clock=42, time=null]
Time [clock=108, time=null]
Time [clock=64, time=null]
Time [clock=114, time=null]
Time [clock=41, time=null]
Time [clock=18, time=null]
Time [clock=45, time=null]
Time [clock=53, time=null]
Time [clock=94, time=null]
Time [clock=107, time=null]
Time [clock=77, time=null]
Time [clock=62, time=null]
Time [clock=40, time=null]
Time [clock=30, time=null]
Time [clock=7, time=null]
Time [clock=33, time=null]
Time [clock=99, time=null]
Time [clock=43, time=null]
Time [clock=10, time=null]
Time [clock=3, time=null]
Time [clock=28, time=null]
Time [clock=102, time=null]
Time [clock=101, time=null]
Time [clock=36, time=null]
Time [clock=4, time=null]
Time [clock=86, time=null]
Time [clock=32, time=null]
Time [clock=26, time=null]
Time [clock=12, time=null]
Time [clock=25, time=null]
Time [clock=19, time=null]
Time [clock=51, time=null]
Time [clock=13, time=null]
Time [clock=88, time=null]
Time [clock=20, time=null]
Time [clock=9, time=null]
Time [clock=2, time=null]
Time [clock=37, time=null]
Time [clock=80, time=null]
Time [clock=34, time=null]
Time [clock=11, time=null]
Time [clock=65, time=null]
Time [clock=6, time=null]
Time [clock=50, time=null]
Time [clock=21, time=null]
Time [clock=73, time=null]
Time [clock=5, time=null]
Time [clock=76, time=null]
Time [clock=48, time=null]
Time [clock=90, time=null]
Time [clock=67, time=null]
Time [clock=1, time=null]
Time [clock=81, time=null]
Time [clock=72, time=null]
Time [clock=69, time=null]
Time [clock=55, time=null]
Time [clock=57, time=null]
Time [clock=39, time=null]
Time [clock=74, time=null]
Time [clock=46, time=null]
Time [clock=44, time=null]
Time [clock=38, time=null]
Time [clock=31, time=null]
Time [clock=15, time=null]
Time [clock=14, time=null]
-------------------------last log tuples end----------------------------------
1
register a1
register a2
register a3
register a4
register c1
register t1
register ra1
2
3
4
5
6
7
8
9
10
11
12
13
14
15
16
17
18
19
20
21
22
23
24
25
26
27
28
29
30
31
32
33
34
35
