2014-03-31 16:27:47,418 CONFIG [com.gigaspaces.logger] - Log file: /Users/dxd/gigaspaces-xap-premium-9.5.1-ga/logs/2014-03-31~16.27-gigaspaces-service-128.243.23.149-20395.log
-------------------------last log tuples start--------------------------------
Prohibition [subject=a4, prohibition=[at(9, 10, a4)], sanction=[reduce(a4, 300)], clock=1, time=2014-03-31 16:25:21.612]
Time [clock=268, time=null]
Prohibition [subject=a1, prohibition=[at(11, 10, a1)], sanction=[reduce(a1, 300)], clock=1, time=2014-03-31 16:25:21.595]
Position [subject=a3, id=null, cell=Cell [x=10, y=18], time=2014-03-31 16:26:10.039, clock=87]
Coin [id=null, cell=Cell [x=16, y=16], subject=a2, time=2014-03-31 16:25:32.653, clock=21]
Time [clock=254, time=null]
Coin [id=null, cell=Cell [x=2, y=2], subject=a3, time=2014-03-31 16:25:33.3, clock=23]
Time [clock=255, time=null]
Obligation [subject=a3, obligation=[north(10, 10, a3)], sanction=[reduce(a3, 1000)], deadline=86, time=2014-03-31 16:26:04.241, clock=85]
Coin [id=null, cell=Cell [x=8, y=6], subject=a1, time=2014-03-31 16:25:31.732, clock=18]
Prohibition [subject=ra1, prohibition=[at(10, 9, ra1)], sanction=[reduce(ra1, 300)], clock=1, time=2014-03-31 16:25:21.624]
Position [subject=a3, id=null, cell=Cell [x=10, y=14], time=2014-03-31 16:26:12.093, clock=87]
Position [subject=a4, id=null, cell=Cell [x=10, y=15], time=2014-03-31 16:26:11.583, clock=87]
Prohibition [subject=ra1, prohibition=[at(9, 10, ra1)], sanction=[reduce(ra1, 300)], clock=1, time=2014-03-31 16:25:21.622]
Cargo [id=null, cell=Cell [x=19, y=19], time=2014-03-31 16:25:31.617, clock=18]
Position [subject=a4, id=null, cell=Cell [x=12, y=19], time=2014-03-31 16:25:43.49, clock=43]
Time [clock=265, time=null]
Obligation [subject=a1, obligation=[west(10, 10, a1)], sanction=[reduce(a1, 1000)], deadline=86, time=2014-03-31 16:26:04.239, clock=85]
Obligation [subject=a4, obligation=[south(10, 10, a4)], sanction=[reduce(a4, 1000)], deadline=86, time=2014-03-31 16:26:04.243, clock=85]
Points [subject=a1, time=2014-03-31 16:26:04.812, clock=87, value=0, id=null]
Points [subject=g, time=2014-03-31 16:26:04.248, clock=85, value=null, id=null]
Prohibition [subject=a3, prohibition=[at(10, 10, a3)], sanction=[reduce(a3, 300)], clock=1, time=2014-03-31 16:25:21.603]
Obligation [subject=a2, obligation=[east(10, 10, a2)], sanction=[reduce(a2, 1000)], deadline=86, time=2014-03-31 16:26:04.24, clock=85]
Time [clock=264, time=null]
Position [subject=a4, id=null, cell=Cell [x=10, y=9], time=2014-03-31 16:26:14.693, clock=87]
Position [subject=a4, id=null, cell=Cell [x=10, y=18], time=2014-03-31 16:26:10.063, clock=87]
Prohibition [subject=a3, prohibition=[at(9, 10, a3)], sanction=[reduce(a3, 300)], clock=1, time=2014-03-31 16:25:21.605]
ActionRequest [id=null, subject=a4, type=reading, cell=Cell [x=10, y=9], clock=268, time=2014-03-31 16:27:35.689]
Prohibition [subject=a2, prohibition=[at(9, 10, a2)], sanction=[reduce(a2, 300)], clock=1, time=2014-03-31 16:25:21.598]
Position [subject=a2, id=null, cell=Cell [x=6, y=8], time=2014-03-31 16:25:39.821, clock=36]
Position [subject=a4, id=null, cell=Cell [x=12, y=19], time=2014-03-31 16:26:08.566, clock=87]
Time [clock=225, time=null]
Time [clock=252, time=null]
Obligation [subject=ra1, obligation=[surround(10, 10)], sanction=[reduce(g, 1000)], deadline=2, time=2014-03-31 16:25:21.584, clock=1]
Points [subject=g, time=2014-03-31 16:26:04.81, clock=87, value=null, id=null]
Time [clock=223, time=null]
Points [subject=g, time=2014-03-31 16:26:04.811, clock=87, value=null, id=null]
Position [subject=a3, id=null, cell=Cell [x=10, y=12], time=2014-03-31 16:26:13.135, clock=87]
Position [subject=a2, id=null, cell=Cell [x=6, y=9], time=2014-03-31 16:26:06.544, clock=87]
Time [clock=262, time=null]
Prohibition [subject=ra1, prohibition=[at(11, 10, ra1)], sanction=[reduce(ra1, 300)], clock=1, time=2014-03-31 16:25:21.626]
Obligation [subject=ra1, obligation=[surround(10, 10)], sanction=[reduce(g, 1000)], deadline=86, time=2014-03-31 16:26:03.805, clock=85]
Points [subject=a4, time=2014-03-31 16:26:04.815, clock=87, value=0, id=null]
Time [clock=271, time=null]
ActionRequest [id=null, subject=a1, type=reading, cell=Cell [x=9, y=10], clock=265, time=2014-03-31 16:27:34.6]
Time [clock=251, time=null]
Prohibition [subject=a4, prohibition=[at(10, 10, a4)], sanction=[reduce(a4, 300)], clock=1, time=2014-03-31 16:25:21.61]
Prohibition [subject=a3, prohibition=[at(10, 9, a3)], sanction=[reduce(a3, 300)], clock=1, time=2014-03-31 16:25:21.607]
Time [clock=233, time=null]
Points [subject=a2, time=2014-03-31 16:26:04.813, clock=87, value=0, id=null]
Time [clock=256, time=null]
ActionRequest [id=null, subject=a2, type=reading, cell=Cell [x=11, y=10], clock=269, time=2014-03-31 16:27:36.314]
Points [subject=a3, time=2014-03-31 16:26:04.814, clock=87, value=0, id=null]
Position [subject=a3, id=null, cell=Cell [x=10, y=17], time=2014-03-31 16:26:10.572, clock=87]
Time [clock=212, time=null]
Position [subject=a4, id=null, cell=Cell [x=10, y=19], time=2014-03-31 16:26:09.55, clock=87]
Points [subject=g, time=2014-03-31 16:26:04.306, clock=86, value=null, id=null]
ActionRequest [id=null, subject=a1, type=reading, cell=Cell [x=9, y=10], clock=271, time=2014-03-31 16:27:37.183]
Points [subject=g, time=2014-03-31 16:26:03.81, clock=85, value=null, id=null]
Prohibition [subject=a1, prohibition=[at(10, 9, a1)], sanction=[reduce(a1, 300)], clock=1, time=2014-03-31 16:25:21.593]
Time [clock=263, time=null]
Points [subject=g, time=2014-03-31 16:26:03.308, clock=84, value=null, id=null]
Position [subject=a4, id=null, cell=Cell [x=10, y=11], time=2014-03-31 16:26:13.674, clock=87]
Prohibition [subject=a1, prohibition=[at(10, 10, a1)], sanction=[reduce(a1, 300)], clock=1, time=2014-03-31 16:25:21.589]
ActionRequest [id=null, subject=a2, type=reading, cell=Cell [x=11, y=10], clock=270, time=2014-03-31 16:27:36.96]
Time [clock=190, time=null]
Time [clock=230, time=null]
ActionRequest [id=null, subject=a1, type=reading, cell=Cell [x=9, y=10], clock=268, time=2014-03-31 16:27:35.896]
Position [subject=t1, id=null, cell=Cell [x=2, y=8], time=2014-03-31 16:25:48.48, clock=53]
Time [clock=270, time=null]
ActionRequest [id=null, subject=a2, type=reading, cell=Cell [x=11, y=10], clock=265, time=2014-03-31 16:27:34.385]
Time [clock=188, time=null]
ActionRequest [id=null, subject=a2, type=reading, cell=Cell [x=11, y=10], clock=264, time=2014-03-31 16:27:33.748]
Prohibition [subject=a3, prohibition=[at(11, 10, a3)], sanction=[reduce(a3, 300)], clock=1, time=2014-03-31 16:25:21.608]
ActionRequest [id=null, subject=a1, type=reading, cell=Cell [x=9, y=10], clock=269, time=2014-03-31 16:27:36.549]
ActionRequest [id=null, subject=a3, type=reading, cell=Cell [x=10, y=11], clock=269, time=2014-03-31 16:27:36.562]
Prohibition [subject=a2, prohibition=[at(11, 10, a2)], sanction=[reduce(a2, 300)], clock=1, time=2014-03-31 16:25:21.601]
Prohibition [subject=a1, prohibition=[at(9, 10, a1)], sanction=[reduce(a1, 300)], clock=1, time=2014-03-31 16:25:21.591]
Prohibition [subject=a4, prohibition=[at(10, 9, a4)], sanction=[reduce(a4, 300)], clock=1, time=2014-03-31 16:25:21.615]
Position [subject=a4, id=null, cell=Cell [x=10, y=14], time=2014-03-31 16:26:12.127, clock=87]
ActionRequest [id=null, subject=a3, type=reading, cell=Cell [x=10, y=11], clock=267, time=2014-03-31 16:27:35.254]
Position [subject=a3, id=null, cell=Cell [x=10, y=15], time=2014-03-31 16:26:11.559, clock=87]
Position [subject=a3, id=null, cell=Cell [x=10, y=19], time=2014-03-31 16:26:09.519, clock=87]
ActionRequest [id=null, subject=a4, type=reading, cell=Cell [x=10, y=9], clock=230, time=2014-03-31 16:27:16.934]
Time [clock=257, time=null]
Time [clock=247, time=null]
Time [clock=162, time=null]
ActionRequest [id=null, subject=a1, type=reading, cell=Cell [x=9, y=10], clock=263, time=2014-03-31 16:27:33.316]
ActionRequest [id=null, subject=a4, type=reading, cell=Cell [x=10, y=9], clock=270, time=2014-03-31 16:27:36.975]
Time [clock=142, time=null]
Time [clock=261, time=null]
ActionRequest [id=null, subject=a1, type=reading, cell=Cell [x=9, y=10], clock=237, time=2014-03-31 16:27:20.309]
Time [clock=253, time=null]
Time [clock=260, time=null]
Time [clock=246, time=null]
ActionRequest [id=null, subject=a2, type=reading, cell=Cell [x=11, y=10], clock=261, time=2014-03-31 16:27:32.431]
Prohibition [subject=a2, prohibition=[at(10, 10, a2)], sanction=[reduce(a2, 300)], clock=1, time=2014-03-31 16:25:21.596]
Position [subject=a3, id=null, cell=Cell [x=11, y=19], time=2014-03-31 16:26:09.02, clock=87]
ActionRequest [id=null, subject=a4, type=reading, cell=Cell [x=10, y=9], clock=269, time=2014-03-31 16:27:36.33]
ActionRequest [id=null, subject=a3, type=reading, cell=Cell [x=10, y=11], clock=268, time=2014-03-31 16:27:35.909]
Time [clock=259, time=null]
Position [subject=a2, id=null, cell=Cell [x=9, y=10], time=2014-03-31 16:26:08.562, clock=87]
Prohibition [subject=a4, prohibition=[at(11, 10, a4)], sanction=[reduce(a4, 300)], clock=1, time=2014-03-31 16:25:21.618]
ActionRequest [id=null, subject=a1, type=reading, cell=Cell [x=9, y=10], clock=259, time=2014-03-31 16:27:31.359]
ActionRequest [id=null, subject=a1, type=reading, cell=Cell [x=9, y=10], clock=264, time=2014-03-31 16:27:33.975]
ActionRequest [id=null, subject=a1, type=reading, cell=Cell [x=9, y=10], clock=242, time=2014-03-31 16:27:22.797]
ActionRequest [id=null, subject=a1, type=reading, cell=Cell [x=9, y=10], clock=267, time=2014-03-31 16:27:35.24]
Position [subject=t1, id=null, cell=Cell [x=2, y=13], time=2014-03-31 16:25:45.951, clock=48]
Position [subject=a2, id=null, cell=Cell [x=7, y=19], time=2014-03-31 16:25:32.046, clock=19]
Time [clock=238, time=null]
Position [subject=a1, id=null, cell=Cell [x=7, y=10], time=2014-03-31 16:26:07.529, clock=87]
Prohibition [subject=ra1, prohibition=[at(10, 10, ra1)], sanction=[reduce(ra1, 300)], clock=1, time=2014-03-31 16:25:21.62]
ActionRequest [id=null, subject=a4, type=reading, cell=Cell [x=10, y=9], clock=258, time=2014-03-31 16:27:31.128]
Time [clock=218, time=null]
Time [clock=185, time=null]
Position [subject=t1, id=null, cell=Cell [x=2, y=2], time=2014-03-31 16:25:51.065, clock=59]
Position [subject=a1, id=null, cell=Cell [x=6, y=9], time=2014-03-31 16:26:06.516, clock=87]
ActionRequest [id=null, subject=a4, type=reading, cell=Cell [x=10, y=9], clock=257, time=2014-03-31 16:27:30.488]
Position [subject=a3, id=null, cell=Cell [x=18, y=19], time=2014-03-31 16:26:05.493, clock=87]
Time [clock=248, time=null]
Position [subject=a3, id=null, cell=Cell [x=10, y=11], time=2014-03-31 16:26:13.644, clock=87]
Time [clock=235, time=null]
Time [clock=250, time=null]
Time [clock=204, time=null]
Time [clock=160, time=null]
ActionRequest [id=null, subject=a4, type=reading, cell=Cell [x=10, y=9], clock=266, time=2014-03-31 16:27:35.036]
ActionRequest [id=null, subject=a3, type=reading, cell=Cell [x=10, y=11], clock=228, time=2014-03-31 16:27:15.923]
ActionRequest [id=null, subject=a2, type=reading, cell=Cell [x=11, y=10], clock=254, time=2014-03-31 16:27:29.106]
Position [subject=a3, id=null, cell=Cell [x=14, y=19], time=2014-03-31 16:26:07.532, clock=87]
Time [clock=226, time=null]
Time [clock=240, time=null]
ActionRequest [id=null, subject=a4, type=reading, cell=Cell [x=10, y=9], clock=256, time=2014-03-31 16:27:29.827]
ActionRequest [id=null, subject=a3, type=reading, cell=Cell [x=10, y=11], clock=260, time=2014-03-31 16:27:32.017]
Time [clock=183, time=null]
Position [subject=a4, id=null, cell=Cell [x=11, y=13], time=2014-03-31 16:25:39.501, clock=35]
Position [subject=a4, id=null, cell=Cell [x=11, y=8], time=2014-03-31 16:25:36.546, clock=29]
Prohibition [subject=a2, prohibition=[at(10, 9, a2)], sanction=[reduce(a2, 300)], clock=1, time=2014-03-31 16:25:21.599]
ActionRequest [id=null, subject=a3, type=reading, cell=Cell [x=10, y=11], clock=254, time=2014-03-31 16:27:28.681]
Time [clock=244, time=null]
Time [clock=236, time=null]
Position [subject=a4, id=null, cell=Cell [x=13, y=19], time=2014-03-31 16:26:08.071, clock=87]
Position [subject=t1, id=null, cell=Cell [x=2, y=7], time=2014-03-31 16:25:48.899, clock=54]
Time [clock=222, time=null]
ActionRequest [id=null, subject=a2, type=reading, cell=Cell [x=11, y=10], clock=258, time=2014-03-31 16:27:31.111]
ActionRequest [id=null, subject=a4, type=reading, cell=Cell [x=10, y=9], clock=253, time=2014-03-31 16:27:28.454]
Position [subject=a3, id=null, cell=Cell [x=11, y=5], time=2014-03-31 16:25:34.722, clock=25]
Position [subject=a4, id=null, cell=Cell [x=10, y=12], time=2014-03-31 16:26:13.161, clock=87]
ActionRequest [id=null, subject=a3, type=reading, cell=Cell [x=10, y=11], clock=256, time=2014-03-31 16:27:30.064]
Time [clock=211, time=null]
ActionRequest [id=null, subject=a3, type=reading, cell=Cell [x=10, y=11], clock=262, time=2014-03-31 16:27:32.685]
ActionRequest [id=null, subject=a1, type=reading, cell=Cell [x=9, y=10], clock=241, time=2014-03-31 16:27:22.185]
Position [subject=a4, id=null, cell=Cell [x=19, y=19], time=2014-03-31 16:25:47.318, clock=51]
ActionRequest [id=null, subject=a3, type=reading, cell=Cell [x=10, y=11], clock=251, time=2014-03-31 16:27:27.35]
ActionRequest [id=null, subject=a4, type=reading, cell=Cell [x=10, y=9], clock=252, time=2014-03-31 16:27:27.793]
Time [clock=267, time=null]
ActionRequest [id=null, subject=a2, type=reading, cell=Cell [x=11, y=10], clock=268, time=2014-03-31 16:27:35.672]
ActionRequest [id=null, subject=a4, type=reading, cell=Cell [x=10, y=9], clock=234, time=2014-03-31 16:27:18.789]
ActionRequest [id=null, subject=a1, type=reading, cell=Cell [x=9, y=10], clock=258, time=2014-03-31 16:27:30.699]
ActionRequest [id=null, subject=a3, type=reading, cell=Cell [x=10, y=11], clock=219, time=2014-03-31 16:27:11.465]
ActionRequest [id=null, subject=a3, type=reading, cell=Cell [x=10, y=11], clock=263, time=2014-03-31 16:27:33.337]
Position [subject=a3, id=null, cell=Cell [x=12, y=19], time=2014-03-31 16:26:08.538, clock=87]
Position [subject=t1, id=null, cell=Cell [x=2, y=12], time=2014-03-31 16:25:46.511, clock=49]
Time [clock=213, time=null]
ActionRequest [id=null, subject=a1, type=reading, cell=Cell [x=9, y=10], clock=232, time=2014-03-31 16:27:17.741]
ActionRequest [id=null, subject=a4, type=reading, cell=Cell [x=10, y=9], clock=261, time=2014-03-31 16:27:32.447]
Position [subject=a4, id=null, cell=Cell [x=16, y=19], time=2014-03-31 16:25:45.673, clock=48]
ActionRequest [id=null, subject=a1, type=reading, cell=Cell [x=9, y=10], clock=260, time=2014-03-31 16:27:32.005]
Time [clock=220, time=null]
ActionRequest [id=null, subject=a2, type=reading, cell=Cell [x=11, y=10], clock=249, time=2014-03-31 16:27:26.312]
Time [clock=195, time=null]
ActionRequest [id=null, subject=a4, type=reading, cell=Cell [x=10, y=9], clock=250, time=2014-03-31 16:27:27.112]
Position [subject=a2, id=null, cell=Cell [x=6, y=7], time=2014-03-31 16:26:05.517, clock=87]
Position [subject=ra1, id=null, cell=Cell [x=5, y=5], time=2014-03-31 16:25:34.319, clock=25]
Position [subject=a2, id=null, cell=Cell [x=8, y=10], time=2014-03-31 16:26:08.066, clock=87]
Position [subject=a3, id=null, cell=Cell [x=12, y=19], time=2014-03-31 16:25:43.513, clock=43]
Position [subject=a4, id=null, cell=Cell [x=16, y=19], time=2014-03-31 16:26:06.549, clock=87]
ActionRequest [id=null, subject=a2, type=reading, cell=Cell [x=11, y=10], clock=262, time=2014-03-31 16:27:33.087]
Position [subject=a4, id=null, cell=Cell [x=14, y=19], time=2014-03-31 16:26:07.555, clock=87]
Time [clock=201, time=null]
ActionRequest [id=null, subject=a3, type=reading, cell=Cell [x=10, y=11], clock=250, time=2014-03-31 16:27:26.62]
ActionRequest [id=null, subject=a4, type=reading, cell=Cell [x=10, y=9], clock=182, time=2014-03-31 16:26:52.504]
Position [subject=a4, id=null, cell=Cell [x=15, y=19], time=2014-03-31 16:26:07.038, clock=87]
ActionRequest [id=null, subject=a2, type=reading, cell=Cell [x=11, y=10], clock=250, time=2014-03-31 16:27:27.091]
Time [clock=157, time=null]
ActionRequest [id=null, subject=a3, type=reading, cell=Cell [x=10, y=11], clock=265, time=2014-03-31 16:27:34.615]
ActionRequest [id=null, subject=a4, type=reading, cell=Cell [x=10, y=9], clock=223, time=2014-03-31 16:27:13.571]
ActionRequest [id=null, subject=a2, type=reading, cell=Cell [x=11, y=10], clock=256, time=2014-03-31 16:27:29.809]
Time [clock=205, time=null]
Time [clock=239, time=null]
Position [subject=t1, id=null, cell=Cell [x=2, y=19], time=2014-03-31 16:25:42.676, clock=42]
Time [clock=199, time=null]
Time [clock=171, time=null]
Time [clock=214, time=null]
ActionRequest [id=null, subject=a1, type=reading, cell=Cell [x=9, y=10], clock=228, time=2014-03-31 16:27:15.91]
ActionRequest [id=null, subject=a3, type=reading, cell=Cell [x=10, y=11], clock=258, time=2014-03-31 16:27:30.713]
Time [clock=243, time=null]
ActionRequest [id=null, subject=a2, type=reading, cell=Cell [x=11, y=10], clock=241, time=2014-03-31 16:27:22.579]
ActionRequest [id=null, subject=a4, type=reading, cell=Cell [x=10, y=9], clock=249, time=2014-03-31 16:27:26.329]
Position [subject=a3, id=null, cell=Cell [x=15, y=19], time=2014-03-31 16:26:07.004, clock=87]
ActionRequest [id=null, subject=a2, type=reading, cell=Cell [x=11, y=10], clock=223, time=2014-03-31 16:27:13.54]
ActionRequest [id=null, subject=a1, type=reading, cell=Cell [x=9, y=10], clock=248, time=2014-03-31 16:27:25.9]
ActionRequest [id=null, subject=a4, type=reading, cell=Cell [x=10, y=9], clock=264, time=2014-03-31 16:27:33.771]
ActionRequest [id=null, subject=a2, type=reading, cell=Cell [x=11, y=10], clock=233, time=2014-03-31 16:27:18.136]
ActionRequest [id=null, subject=a1, type=reading, cell=Cell [x=9, y=10], clock=212, time=2014-03-31 16:27:07.979]
Time [clock=258, time=null]
Position [subject=a2, id=null, cell=Cell [x=6, y=10], time=2014-03-31 16:26:07.033, clock=87]
ActionRequest [id=null, subject=a1, type=reading, cell=Cell [x=9, y=10], clock=262, time=2014-03-31 16:27:32.667]
ActionRequest [id=null, subject=a2, type=reading, cell=Cell [x=11, y=10], clock=266, time=2014-03-31 16:27:35.019]
ActionRequest [id=null, subject=a3, type=reading, cell=Cell [x=10, y=11], clock=215, time=2014-03-31 16:27:09.312]
Position [subject=a4, id=null, cell=Cell [x=11, y=19], time=2014-03-31 16:26:09.044, clock=87]
ActionRequest [id=null, subject=a3, type=reading, cell=Cell [x=10, y=11], clock=259, time=2014-03-31 16:27:31.372]
Time [clock=221, time=null]
Time [clock=136, time=null]
ActionRequest [id=null, subject=a3, type=reading, cell=Cell [x=10, y=11], clock=239, time=2014-03-31 16:27:21.59]
Time [clock=196, time=null]
ActionRequest [id=null, subject=a2, type=reading, cell=Cell [x=11, y=10], clock=230, time=2014-03-31 16:27:16.919]
ActionRequest [id=null, subject=a4, type=reading, cell=Cell [x=10, y=9], clock=248, time=2014-03-31 16:27:25.693]
ActionRequest [id=null, subject=a3, type=reading, cell=Cell [x=10, y=11], clock=271, time=2014-03-31 16:27:37.202]
Time [clock=197, time=null]
Time [clock=130, time=null]
ActionRequest [id=null, subject=a4, type=reading, cell=Cell [x=10, y=9], clock=262, time=2014-03-31 16:27:33.106]
ActionRequest [id=null, subject=a3, type=reading, cell=Cell [x=10, y=11], clock=242, time=2014-03-31 16:27:22.81]
Time [clock=215, time=null]
ActionRequest [id=null, subject=a2, type=reading, cell=Cell [x=11, y=10], clock=235, time=2014-03-31 16:27:19.411]
ActionRequest [id=null, subject=a3, type=reading, cell=Cell [x=10, y=11], clock=264, time=2014-03-31 16:27:33.991]
ActionRequest [id=null, subject=a2, type=reading, cell=Cell [x=11, y=10], clock=260, time=2014-03-31 16:27:31.771]
ActionRequest [id=null, subject=a2, type=reading, cell=Cell [x=11, y=10], clock=213, time=2014-03-31 16:27:08.432]
Time [clock=269, time=null]
Position [subject=t1, id=null, cell=Cell [x=5, y=19], time=2014-03-31 16:25:40.958, clock=38]
Position [subject=t1, id=null, cell=Cell [x=12, y=19], time=2014-03-31 16:25:36.815, clock=30]
ActionRequest [id=null, subject=a3, type=reading, cell=Cell [x=10, y=11], clock=203, time=2014-03-31 16:27:03.247]
Time [clock=127, time=null]
Position [subject=ra1, id=null, cell=Cell [x=4, y=5], time=2014-03-31 16:25:33.439, clock=23]
Time [clock=93, time=null]
ActionRequest [id=null, subject=a1, type=reading, cell=Cell [x=9, y=10], clock=247, time=2014-03-31 16:27:25.262]
Position [subject=t1, id=null, cell=Cell [x=2, y=6], time=2014-03-31 16:25:49.355, clock=55]
ActionRequest [id=null, subject=a3, type=reading, cell=Cell [x=10, y=11], clock=208, time=2014-03-31 16:27:06.029]
ActionRequest [id=null, subject=a3, type=reading, cell=Cell [x=10, y=11], clock=247, time=2014-03-31 16:27:25.278]
ActionRequest [id=null, subject=a1, type=reading, cell=Cell [x=9, y=10], clock=224, time=2014-03-31 16:27:13.846]
ActionRequest [id=null, subject=a4, type=reading, cell=Cell [x=10, y=9], clock=265, time=2014-03-31 16:27:34.402]
ActionRequest [id=null, subject=a2, type=reading, cell=Cell [x=11, y=10], clock=240, time=2014-03-31 16:27:21.968]
Position [subject=a2, id=null, cell=Cell [x=6, y=15], time=2014-03-31 16:25:35.632, clock=28]
Time [clock=227, time=null]
ActionRequest [id=null, subject=a2, type=reading, cell=Cell [x=11, y=10], clock=257, time=2014-03-31 16:27:30.471]
ActionRequest [id=null, subject=a1, type=reading, cell=Cell [x=9, y=10], clock=246, time=2014-03-31 16:27:24.649]
Time [clock=193, time=null]
ActionRequest [id=null, subject=a3, type=reading, cell=Cell [x=10, y=11], clock=248, time=2014-03-31 16:27:25.915]
Position [subject=a1, id=null, cell=Cell [x=6, y=10], time=2014-03-31 16:26:07.0, clock=87]
Position [subject=a4, id=null, cell=Cell [x=17, y=19], time=2014-03-31 16:26:06.045, clock=87]
ActionRequest [id=null, subject=a3, type=reading, cell=Cell [x=10, y=11], clock=222, time=2014-03-31 16:27:13.017]
ActionRequest [id=null, subject=a1, type=reading, cell=Cell [x=9, y=10], clock=252, time=2014-03-31 16:27:28.012]
Position [subject=a4, id=null, cell=Cell [x=11, y=2], time=2014-03-31 16:25:32.447, clock=21]
ActionRequest [id=null, subject=a2, type=reading, cell=Cell [x=11, y=10], clock=244, time=2014-03-31 16:27:23.82]
ActionRequest [id=null, subject=a3, type=reading, cell=Cell [x=10, y=11], clock=234, time=2014-03-31 16:27:19.012]
ActionRequest [id=null, subject=a4, type=reading, cell=Cell [x=10, y=9], clock=216, time=2014-03-31 16:27:09.753]
ActionRequest [id=null, subject=a1, type=reading, cell=Cell [x=9, y=10], clock=256, time=2014-03-31 16:27:30.048]
Position [subject=a3, id=null, cell=Cell [x=16, y=19], time=2014-03-31 16:26:06.519, clock=87]
ActionRequest [id=null, subject=a2, type=reading, cell=Cell [x=11, y=10], clock=245, time=2014-03-31 16:27:24.439]
Time [clock=219, time=null]
Position [subject=t1, id=null, cell=Cell [x=2, y=3], time=2014-03-31 16:25:50.622, clock=58]
ActionRequest [id=null, subject=a4, type=reading, cell=Cell [x=10, y=9], clock=239, time=2014-03-31 16:27:21.379]
Time [clock=194, time=null]
Time [clock=118, time=null]
Position [subject=a2, id=null, cell=Cell [x=6, y=18], time=2014-03-31 16:25:33.455, clock=23]
Position [subject=a4, id=null, cell=Cell [x=10, y=13], time=2014-03-31 16:26:12.657, clock=87]
Time [clock=88, time=null]
ActionRequest [id=null, subject=a3, type=reading, cell=Cell [x=10, y=11], clock=226, time=2014-03-31 16:27:14.67]
Time [clock=245, time=null]
Time [clock=79, time=null]
Position [subject=t1, id=null, cell=Cell [x=2, y=10], time=2014-03-31 16:25:47.545, clock=51]
Position [subject=a2, id=null, cell=Cell [x=6, y=8], time=2014-03-31 16:26:06.042, clock=87]
Position [subject=a4, id=null, cell=Cell [x=10, y=16], time=2014-03-31 16:26:11.089, clock=87]
ActionRequest [id=null, subject=a1, type=reading, cell=Cell [x=9, y=10], clock=208, time=2014-03-31 16:27:06.015]
ActionRequest [id=null, subject=a2, type=reading, cell=Cell [x=11, y=10], clock=246, time=2014-03-31 16:27:25.043]
ActionRequest [id=null, subject=a2, type=reading, cell=Cell [x=11, y=10], clock=211, time=2014-03-31 16:27:07.098]
ActionRequest [id=null, subject=a4, type=reading, cell=Cell [x=10, y=9], clock=240, time=2014-03-31 16:27:21.986]
ActionRequest [id=null, subject=a4, type=reading, cell=Cell [x=10, y=9], clock=255, time=2014-03-31 16:27:29.128]
ActionRequest [id=null, subject=a4, type=reading, cell=Cell [x=10, y=9], clock=220, time=2014-03-31 16:27:11.904]
Time [clock=129, time=null]
ActionRequest [id=null, subject=a4, type=reading, cell=Cell [x=10, y=9], clock=260, time=2014-03-31 16:27:31.787]
Time [clock=141, time=null]
ActionRequest [id=null, subject=a3, type=reading, cell=Cell [x=10, y=11], clock=221, time=2014-03-31 16:27:12.16]
ActionRequest [id=null, subject=a2, type=reading, cell=Cell [x=11, y=10], clock=207, time=2014-03-31 16:27:05.075]
Position [subject=t1, id=null, cell=Cell [x=2, y=4], time=2014-03-31 16:25:50.211, clock=57]
ActionRequest [id=null, subject=a2, type=reading, cell=Cell [x=11, y=10], clock=220, time=2014-03-31 16:27:11.888]
ActionRequest [id=null, subject=a3, type=reading, cell=Cell [x=10, y=11], clock=252, time=2014-03-31 16:27:28.031]
Position [subject=a3, id=null, cell=Cell [x=17, y=19], time=2014-03-31 16:26:06.016, clock=87]
Position [subject=a3, id=null, cell=Cell [x=18, y=19], time=2014-03-31 16:25:46.805, clock=50]
Time [clock=241, time=null]
ActionRequest [id=null, subject=a4, type=reading, cell=Cell [x=10, y=9], clock=241, time=2014-03-31 16:27:22.596]
ActionRequest [id=null, subject=a2, type=reading, cell=Cell [x=11, y=10], clock=201, time=2014-03-31 16:27:02.359]
ActionRequest [id=null, subject=a3, type=reading, cell=Cell [x=10, y=11], clock=229, time=2014-03-31 16:27:16.535]
Position [subject=a3, id=null, cell=Cell [x=11, y=12], time=2014-03-31 16:25:38.972, clock=34]
ActionRequest [id=null, subject=a3, type=reading, cell=Cell [x=10, y=11], clock=218, time=2014-03-31 16:27:10.658]
ActionRequest [id=null, subject=a3, type=reading, cell=Cell [x=10, y=11], clock=238, time=2014-03-31 16:27:20.972]
ActionRequest [id=null, subject=a4, type=reading, cell=Cell [x=10, y=9], clock=238, time=2014-03-31 16:27:20.741]
Time [clock=207, time=null]
Position [subject=a3, id=null, cell=Cell [x=17, y=19], time=2014-03-31 16:25:46.262, clock=49]
ActionRequest [id=null, subject=a2, type=reading, cell=Cell [x=11, y=10], clock=252, time=2014-03-31 16:27:27.778]
Time [clock=228, time=null]
ActionRequest [id=null, subject=a3, type=reading, cell=Cell [x=10, y=11], clock=210, time=2014-03-31 16:27:06.687]
ActionRequest [id=null, subject=a1, type=reading, cell=Cell [x=9, y=10], clock=202, time=2014-03-31 16:27:02.59]
Position [subject=t1, id=null, cell=Cell [x=2, y=14], time=2014-03-31 16:25:45.357, clock=47]
ActionRequest [id=null, subject=a1, type=reading, cell=Cell [x=9, y=10], clock=234, time=2014-03-31 16:27:18.997]
Time [clock=217, time=null]
Position [subject=a4, id=null, cell=Cell [x=10, y=17], time=2014-03-31 16:26:10.599, clock=87]
ActionRequest [id=null, subject=a1, type=reading, cell=Cell [x=9, y=10], clock=206, time=2014-03-31 16:27:04.617]
Time [clock=74, time=null]
Position [subject=a2, id=null, cell=Cell [x=11, y=10], time=2014-03-31 16:26:09.547, clock=87]
ActionRequest [id=null, subject=a3, type=reading, cell=Cell [x=10, y=11], clock=190, time=2014-03-31 16:26:56.602]
ActionRequest [id=null, subject=a2, type=reading, cell=Cell [x=11, y=10], clock=164, time=2014-03-31 16:26:43.674]
ActionRequest [id=null, subject=a4, type=reading, cell=Cell [x=10, y=9], clock=236, time=2014-03-31 16:27:20.083]
Time [clock=224, time=null]
ActionRequest [id=null, subject=a3, type=reading, cell=Cell [x=10, y=11], clock=255, time=2014-03-31 16:27:29.362]
ActionRequest [id=null, subject=a4, type=reading, cell=Cell [x=10, y=9], clock=187, time=2014-03-31 16:26:55.171]
Time [clock=232, time=null]
ActionRequest [id=null, subject=a1, type=reading, cell=Cell [x=9, y=10], clock=203, time=2014-03-31 16:27:03.232]
ActionRequest [id=null, subject=a4, type=reading, cell=Cell [x=10, y=9], clock=246, time=2014-03-31 16:27:25.063]
ActionRequest [id=null, subject=a3, type=reading, cell=Cell [x=10, y=11], clock=233, time=2014-03-31 16:27:18.374]
ActionRequest [id=null, subject=a1, type=reading, cell=Cell [x=9, y=10], clock=184, time=2014-03-31 16:26:53.619]
Time [clock=180, time=null]
ActionRequest [id=null, subject=a2, type=reading, cell=Cell [x=11, y=10], clock=248, time=2014-03-31 16:27:25.675]
Time [clock=237, time=null]
Position [subject=a3, id=null, cell=Cell [x=11, y=3], time=2014-03-31 16:25:33.131, clock=23]
ActionRequest [id=null, subject=a1, type=reading, cell=Cell [x=9, y=10], clock=218, time=2014-03-31 16:27:10.643]
ActionRequest [id=null, subject=a3, type=reading, cell=Cell [x=10, y=11], clock=246, time=2014-03-31 16:27:24.669]
ActionRequest [id=null, subject=a3, type=reading, cell=Cell [x=10, y=11], clock=244, time=2014-03-31 16:27:24.055]
Time [clock=182, time=null]
Time [clock=266, time=null]
ActionRequest [id=null, subject=a4, type=reading, cell=Cell [x=10, y=9], clock=213, time=2014-03-31 16:27:08.447]
ActionRequest [id=null, subject=a1, type=reading, cell=Cell [x=9, y=10], clock=243, time=2014-03-31 16:27:23.423]
ActionRequest [id=null, subject=a1, type=reading, cell=Cell [x=9, y=10], clock=255, time=2014-03-31 16:27:29.345]
ActionRequest [id=null, subject=a2, type=reading, cell=Cell [x=11, y=10], clock=234, time=2014-03-31 16:27:18.771]
Position [subject=a4, id=null, cell=Cell [x=18, y=19], time=2014-03-31 16:25:46.799, clock=50]
Position [subject=t1, id=null, cell=Cell [x=2, y=16], time=2014-03-31 16:25:44.289, clock=45]
ActionRequest [id=null, subject=a4, type=reading, cell=Cell [x=10, y=9], clock=229, time=2014-03-31 16:27:16.319]
ActionRequest [id=null, subject=a1, type=reading, cell=Cell [x=9, y=10], clock=172, time=2014-03-31 16:26:47.841]
ActionRequest [id=null, subject=a4, type=reading, cell=Cell [x=10, y=9], clock=243, time=2014-03-31 16:27:23.201]
Time [clock=179, time=null]
Time [clock=134, time=null]
ActionRequest [id=null, subject=a4, type=reading, cell=Cell [x=10, y=9], clock=217, time=2014-03-31 16:27:10.433]
Position [subject=t1, id=null, cell=Cell [x=8, y=19], time=2014-03-31 16:25:39.197, clock=35]
ActionRequest [id=null, subject=a4, type=reading, cell=Cell [x=10, y=9], clock=157, time=2014-03-31 16:26:40.13]
Time [clock=76, time=null]
ActionRequest [id=null, subject=a4, type=reading, cell=Cell [x=10, y=9], clock=215, time=2014-03-31 16:27:09.092]
Position [subject=a3, id=null, cell=Cell [x=13, y=19], time=2014-03-31 16:25:44.057, clock=44]
Position [subject=a2, id=null, cell=Cell [x=6, y=10], time=2014-03-31 16:25:38.69, clock=34]
ActionRequest [id=null, subject=a3, type=reading, cell=Cell [x=10, y=11], clock=227, time=2014-03-31 16:27:15.327]
ActionRequest [id=null, subject=a4, type=reading, cell=Cell [x=10, y=9], clock=200, time=2014-03-31 16:27:01.726]
Time [clock=200, time=null]
ActionRequest [id=null, subject=a1, type=reading, cell=Cell [x=9, y=10], clock=239, time=2014-03-31 16:27:21.574]
ActionRequest [id=null, subject=a4, type=reading, cell=Cell [x=10, y=9], clock=233, time=2014-03-31 16:27:18.154]
ActionRequest [id=null, subject=a1, type=reading, cell=Cell [x=9, y=10], clock=215, time=2014-03-31 16:27:09.296]
ActionRequest [id=null, subject=a3, type=reading, cell=Cell [x=10, y=11], clock=232, time=2014-03-31 16:27:17.757]
Time [clock=229, time=null]
Position [subject=a4, id=null, cell=Cell [x=11, y=9], time=2014-03-31 16:25:37.126, clock=31]
Time [clock=108, time=null]
Position [subject=t1, id=null, cell=Cell [x=15, y=19], time=2014-03-31 16:25:34.987, clock=26]
ActionRequest [id=null, subject=a2, type=reading, cell=Cell [x=11, y=10], clock=181, time=2014-03-31 16:26:52.481]
ActionRequest [id=null, subject=a3, type=reading, cell=Cell [x=10, y=11], clock=243, time=2014-03-31 16:27:23.435]
ActionRequest [id=null, subject=a2, type=reading, cell=Cell [x=11, y=10], clock=219, time=2014-03-31 16:27:11.188]
Time [clock=242, time=null]
ActionRequest [id=null, subject=a4, type=reading, cell=Cell [x=10, y=9], clock=195, time=2014-03-31 16:26:59.482]
ActionRequest [id=null, subject=a1, type=reading, cell=Cell [x=9, y=10], clock=170, time=2014-03-31 16:26:46.874]
ActionRequest [id=null, subject=a1, type=reading, cell=Cell [x=9, y=10], clock=196, time=2014-03-31 16:26:59.749]
Position [subject=t1, id=null, cell=Cell [x=2, y=17], time=2014-03-31 16:25:43.748, clock=44]
Time [clock=52, time=null]
Time [clock=198, time=null]
Time [clock=234, time=null]
ActionRequest [id=null, subject=a2, type=reading, cell=Cell [x=11, y=10], clock=238, time=2014-03-31 16:27:20.727]
ActionRequest [id=null, subject=a1, type=reading, cell=Cell [x=9, y=10], clock=254, time=2014-03-31 16:27:28.66]
ActionRequest [id=null, subject=a1, type=reading, cell=Cell [x=9, y=10], clock=219, time=2014-03-31 16:27:11.452]
ActionRequest [id=null, subject=a3, type=reading, cell=Cell [x=10, y=11], clock=214, time=2014-03-31 16:27:08.675]
Time [clock=208, time=null]
ActionRequest [id=null, subject=a2, type=reading, cell=Cell [x=11, y=10], clock=243, time=2014-03-31 16:27:23.185]
ActionRequest [id=null, subject=a4, type=reading, cell=Cell [x=10, y=9], clock=209, time=2014-03-31 16:27:06.462]
Position [subject=a1, id=null, cell=Cell [x=6, y=6], time=2014-03-31 16:25:36.269, clock=29]
Time [clock=192, time=null]
ActionRequest [id=null, subject=a2, type=reading, cell=Cell [x=11, y=10], clock=227, time=2014-03-31 16:27:15.106]
ActionRequest [id=null, subject=a1, type=reading, cell=Cell [x=9, y=10], clock=226, time=2014-03-31 16:27:14.656]
ActionRequest [id=null, subject=a2, type=reading, cell=Cell [x=11, y=10], clock=212, time=2014-03-31 16:27:07.747]
Time [clock=165, time=null]
Time [clock=172, time=null]
Time [clock=203, time=null]
ActionRequest [id=null, subject=a4, type=reading, cell=Cell [x=10, y=9], clock=212, time=2014-03-31 16:27:07.763]
Time [clock=45, time=null]
Position [subject=a4, id=null, cell=Cell [x=15, y=19], time=2014-03-31 16:25:45.129, clock=47]
Position [subject=a3, id=null, cell=Cell [x=11, y=6], time=2014-03-31 16:25:35.329, clock=27]
Time [clock=125, time=null]
Position [subject=a1, id=null, cell=Cell [x=6, y=8], time=2014-03-31 16:26:06.012, clock=87]
Time [clock=173, time=null]
Time [clock=34, time=null]
ActionRequest [id=null, subject=a4, type=reading, cell=Cell [x=10, y=9], clock=201, time=2014-03-31 16:27:02.38]
ActionRequest [id=null, subject=a3, type=reading, cell=Cell [x=10, y=11], clock=241, time=2014-03-31 16:27:22.201]
ActionRequest [id=null, subject=a3, type=reading, cell=Cell [x=10, y=11], clock=193, time=2014-03-31 16:26:58.083]
Position [subject=t1, id=null, cell=Cell [x=2, y=9], time=2014-03-31 16:25:48.019, clock=52]
ActionRequest [id=null, subject=a4, type=reading, cell=Cell [x=10, y=9], clock=194, time=2014-03-31 16:26:58.546]
ActionRequest [id=null, subject=a3, type=reading, cell=Cell [x=10, y=11], clock=212, time=2014-03-31 16:27:07.994]
Time [clock=154, time=null]
ActionRequest [id=null, subject=a3, type=reading, cell=Cell [x=10, y=11], clock=237, time=2014-03-31 16:27:20.327]
Time [clock=210, time=null]
Time [clock=73, time=null]
ActionRequest [id=null, subject=a2, type=reading, cell=Cell [x=11, y=10], clock=239, time=2014-03-31 16:27:21.359]
ActionRequest [id=null, subject=a3, type=reading, cell=Cell [x=10, y=11], clock=196, time=2014-03-31 16:26:59.763]
ActionRequest [id=null, subject=a1, type=reading, cell=Cell [x=9, y=10], clock=211, time=2014-03-31 16:27:07.331]
ActionRequest [id=null, subject=a2, type=reading, cell=Cell [x=11, y=10], clock=229, time=2014-03-31 16:27:16.304]
Time [clock=168, time=null]
Position [subject=a3, id=null, cell=Cell [x=13, y=19], time=2014-03-31 16:26:08.039, clock=87]
Time [clock=146, time=null]
Time [clock=202, time=null]
Position [subject=a3, id=null, cell=Cell [x=11, y=18], time=2014-03-31 16:25:42.414, clock=41]
ActionRequest [id=null, subject=a1, type=reading, cell=Cell [x=9, y=10], clock=238, time=2014-03-31 16:27:20.953]
Time [clock=13, time=null]
Time [clock=167, time=null]
Time [clock=99, time=null]
Time [clock=187, time=null]
ActionRequest [id=null, subject=a1, type=reading, cell=Cell [x=9, y=10], clock=236, time=2014-03-31 16:27:19.65]
Position [subject=a4, id=null, cell=Cell [x=14, y=19], time=2014-03-31 16:25:44.588, clock=46]
Position [subject=a2, id=null, cell=Cell [x=6, y=17], time=2014-03-31 16:25:34.335, clock=25]
ActionRequest [id=null, subject=a2, type=reading, cell=Cell [x=11, y=10], clock=202, time=2014-03-31 16:27:03.007]
Position [subject=a4, id=null, cell=Cell [x=11, y=15], time=2014-03-31 16:25:40.681, clock=38]
ActionRequest [id=null, subject=a1, type=reading, cell=Cell [x=9, y=10], clock=210, time=2014-03-31 16:27:06.674]
Position [subject=t1, id=null, cell=Cell [x=7, y=19], time=2014-03-31 16:25:39.794, clock=36]
Position [subject=a3, id=null, cell=Cell [x=10, y=13], time=2014-03-31 16:26:12.629, clock=87]
ActionRequest [id=null, subject=a3, type=reading, cell=Cell [x=10, y=11], clock=206, time=2014-03-31 16:27:04.633]
ActionRequest [id=null, subject=a3, type=reading, cell=Cell [x=10, y=11], clock=194, time=2014-03-31 16:26:58.862]
ActionRequest [id=null, subject=a4, type=reading, cell=Cell [x=10, y=9], clock=191, time=2014-03-31 16:26:57.125]
ActionRequest [id=null, subject=a2, type=reading, cell=Cell [x=11, y=10], clock=151, time=2014-03-31 16:26:37.108]
Time [clock=151, time=null]
ActionRequest [id=null, subject=a3, type=reading, cell=Cell [x=10, y=11], clock=204, time=2014-03-31 16:27:03.916]
ActionRequest [id=null, subject=a2, type=reading, cell=Cell [x=11, y=10], clock=192, time=2014-03-31 16:26:57.813]
Position [subject=a4, id=null, cell=Cell [x=17, y=19], time=2014-03-31 16:25:46.259, clock=49]
ActionRequest [id=null, subject=a2, type=reading, cell=Cell [x=11, y=10], clock=209, time=2014-03-31 16:27:06.445]
ActionRequest [id=null, subject=a2, type=reading, cell=Cell [x=11, y=10], clock=140, time=2014-03-31 16:26:31.778]
Time [clock=189, time=null]
Time [clock=184, time=null]
ActionRequest [id=null, subject=a2, type=reading, cell=Cell [x=11, y=10], clock=198, time=2014-03-31 16:27:01.015]
ActionRequest [id=null, subject=a2, type=reading, cell=Cell [x=11, y=10], clock=133, time=2014-03-31 16:26:27.928]
ActionRequest [id=null, subject=a2, type=reading, cell=Cell [x=11, y=10], clock=157, time=2014-03-31 16:26:40.114]
ActionRequest [id=null, subject=a4, type=reading, cell=Cell [x=10, y=9], clock=152, time=2014-03-31 16:26:37.802]
Position [subject=a4, id=null, cell=Cell [x=11, y=10], time=2014-03-31 16:25:37.676, clock=32]
Position [subject=a4, id=null, cell=Cell [x=13, y=19], time=2014-03-31 16:25:44.053, clock=44]
ActionRequest [id=null, subject=a3, type=reading, cell=Cell [x=10, y=11], clock=188, time=2014-03-31 16:26:55.555]
Time [clock=170, time=null]
Time [clock=156, time=null]
Position [subject=a4, id=null, cell=Cell [x=11, y=18], time=2014-03-31 16:25:42.396, clock=41]
Position [subject=a3, id=null, cell=Cell [x=11, y=8], time=2014-03-31 16:25:36.56, clock=29]
ActionRequest [id=null, subject=a2, type=reading, cell=Cell [x=11, y=10], clock=236, time=2014-03-31 16:27:20.066]
ActionRequest [id=null, subject=a2, type=reading, cell=Cell [x=11, y=10], clock=129, time=2014-03-31 16:26:25.984]
ActionRequest [id=null, subject=a4, type=reading, cell=Cell [x=10, y=9], clock=124, time=2014-03-31 16:26:23.397]
ActionRequest [id=null, subject=a3, type=reading, cell=Cell [x=10, y=11], clock=236, time=2014-03-31 16:27:19.663]
ActionRequest [id=null, subject=a1, type=reading, cell=Cell [x=9, y=10], clock=193, time=2014-03-31 16:26:58.069]
ActionRequest [id=null, subject=a2, type=reading, cell=Cell [x=11, y=10], clock=205, time=2014-03-31 16:27:04.363]
Position [subject=a3, id=null, cell=Cell [x=19, y=19], time=2014-03-31 16:25:47.333, clock=51]
Position [subject=a3, id=null, cell=Cell [x=11, y=15], time=2014-03-31 16:25:40.689, clock=38]
Time [clock=120, time=null]
Time [clock=186, time=null]
Time [clock=66, time=null]
Time [clock=37, time=null]
ActionRequest [id=null, subject=a2, type=reading, cell=Cell [x=11, y=10], clock=204, time=2014-03-31 16:27:03.657]
ActionRequest [id=null, subject=a4, type=reading, cell=Cell [x=10, y=9], clock=204, time=2014-03-31 16:27:03.675]
ActionRequest [id=null, subject=a3, type=reading, cell=Cell [x=10, y=11], clock=178, time=2014-03-31 16:26:50.509]
Time [clock=164, time=null]
ActionRequest [id=null, subject=a2, type=reading, cell=Cell [x=11, y=10], clock=191, time=2014-03-31 16:26:57.103]
ActionRequest [id=null, subject=a3, type=reading, cell=Cell [x=10, y=11], clock=181, time=2014-03-31 16:26:52.053]
ActionRequest [id=null, subject=a2, type=reading, cell=Cell [x=11, y=10], clock=160, time=2014-03-31 16:26:41.908]
ActionRequest [id=null, subject=a3, type=reading, cell=Cell [x=10, y=11], clock=211, time=2014-03-31 16:27:07.344]
ActionRequest [id=null, subject=a4, type=reading, cell=Cell [x=10, y=9], clock=159, time=2014-03-31 16:26:41.051]
Position [subject=t1, id=null, cell=Cell [x=6, y=19], time=2014-03-31 16:25:40.359, clock=37]
ActionRequest [id=null, subject=a3, type=reading, cell=Cell [x=10, y=11], clock=202, time=2014-03-31 16:27:02.607]
ActionRequest [id=null, subject=a3, type=reading, cell=Cell [x=10, y=11], clock=139, time=2014-03-31 16:26:31.329]
Time [clock=158, time=null]
Time [clock=163, time=null]
ActionRequest [id=null, subject=a4, type=reading, cell=Cell [x=10, y=9], clock=199, time=2014-03-31 16:27:01.03]
Position [subject=a2, id=null, cell=Cell [x=6, y=7], time=2014-03-31 16:25:40.395, clock=37]
ActionRequest [id=null, subject=a4, type=reading, cell=Cell [x=10, y=9], clock=235, time=2014-03-31 16:27:19.427]
ActionRequest [id=null, subject=a3, type=reading, cell=Cell [x=10, y=11], clock=168, time=2014-03-31 16:26:45.956]
Time [clock=57, time=null]
ActionRequest [id=null, subject=a4, type=reading, cell=Cell [x=10, y=9], clock=145, time=2014-03-31 16:26:34.141]
Position [subject=a4, id=null, cell=Cell [x=11, y=14], time=2014-03-31 16:25:40.081, clock=37]
Position [subject=a4, id=null, cell=Cell [x=11, y=19], time=2014-03-31 16:25:42.984, clock=42]
ActionRequest [id=null, subject=a2, type=reading, cell=Cell [x=11, y=10], clock=155, time=2014-03-31 16:26:39.233]
ActionRequest [id=null, subject=a2, type=reading, cell=Cell [x=11, y=10], clock=231, time=2014-03-31 16:27:17.525]
Position [subject=a3, id=null, cell=Cell [x=11, y=9], time=2014-03-31 16:25:37.135, clock=31]
ActionRequest [id=null, subject=a4, type=reading, cell=Cell [x=10, y=9], clock=189, time=2014-03-31 16:26:56.235]
Position [subject=a2, id=null, cell=Cell [x=6, y=13], time=2014-03-31 16:25:36.856, clock=30]
Time [clock=24, time=null]
Position [subject=a2, id=null, cell=Cell [x=6, y=16], time=2014-03-31 16:25:35.017, clock=26]
ActionRequest [id=null, subject=a4, type=reading, cell=Cell [x=10, y=9], clock=115, time=2014-03-31 16:26:18.925]
ActionRequest [id=null, subject=a4, type=reading, cell=Cell [x=10, y=9], clock=227, time=2014-03-31 16:27:15.121]
ActionRequest [id=null, subject=a2, type=reading, cell=Cell [x=11, y=10], clock=168, time=2014-03-31 16:26:45.547]
ActionRequest [id=null, subject=a1, type=reading, cell=Cell [x=9, y=10], clock=200, time=2014-03-31 16:27:01.937]
ActionRequest [id=null, subject=a4, type=reading, cell=Cell [x=10, y=9], clock=140, time=2014-03-31 16:26:31.782]
Position [subject=a3, id=null, cell=Cell [x=11, y=14], time=2014-03-31 16:25:40.091, clock=37]
Position [subject=a2, id=null, cell=Cell [x=7, y=10], time=2014-03-31 16:26:07.552, clock=87]
ActionRequest [id=null, subject=a2, type=reading, cell=Cell [x=11, y=10], clock=225, time=2014-03-31 16:27:14.373]
ActionRequest [id=null, subject=a1, type=reading, cell=Cell [x=9, y=10], clock=233, time=2014-03-31 16:27:18.356]
Time [clock=101, time=null]
Position [subject=a2, id=null, cell=Cell [x=6, y=12], time=2014-03-31 16:25:37.374, clock=31]
Position [subject=a4, id=null, cell=Cell [x=11, y=17], time=2014-03-31 16:25:41.841, clock=40]
Time [clock=149, time=null]
Time [clock=159, time=null]
ActionRequest [id=null, subject=a2, type=reading, cell=Cell [x=11, y=10], clock=187, time=2014-03-31 16:26:55.142]
ActionRequest [id=null, subject=a2, type=reading, cell=Cell [x=11, y=10], clock=162, time=2014-03-31 16:26:42.817]
Time [clock=148, time=null]
ActionRequest [id=null, subject=a3, type=reading, cell=Cell [x=10, y=11], clock=114, time=2014-03-31 16:26:18.509]
ActionRequest [id=null, subject=a3, type=reading, cell=Cell [x=10, y=11], clock=182, time=2014-03-31 16:26:52.738]
Position [subject=a3, id=null, cell=Cell [x=16, y=19], time=2014-03-31 16:25:45.677, clock=48]
ActionRequest [id=null, subject=a1, type=reading, cell=Cell [x=9, y=10], clock=174, time=2014-03-31 16:26:48.766]
Time [clock=249, time=null]
Time [clock=135, time=null]
Position [subject=a4, id=null, cell=Cell [x=11, y=3], time=2014-03-31 16:25:33.128, clock=23]
ActionRequest [id=null, subject=a3, type=reading, cell=Cell [x=10, y=11], clock=198, time=2014-03-31 16:27:00.566]
ActionRequest [id=null, subject=a4, type=reading, cell=Cell [x=10, y=9], clock=130, time=2014-03-31 16:26:26.617]
ActionRequest [id=null, subject=a3, type=reading, cell=Cell [x=10, y=11], clock=142, time=2014-03-31 16:26:32.734]
Time [clock=28, time=null]
ActionRequest [id=null, subject=a3, type=reading, cell=Cell [x=10, y=11], clock=156, time=2014-03-31 16:26:39.542]
ActionRequest [id=null, subject=a1, type=reading, cell=Cell [x=9, y=10], clock=249, time=2014-03-31 16:27:26.604]
ActionRequest [id=null, subject=a4, type=reading, cell=Cell [x=10, y=9], clock=225, time=2014-03-31 16:27:14.398]
ActionRequest [id=null, subject=a2, type=reading, cell=Cell [x=11, y=10], clock=112, time=2014-03-31 16:26:17.561]
Position [subject=a2, id=null, cell=Cell [x=10, y=10], time=2014-03-31 16:26:09.04, clock=87]
ActionRequest [id=null, subject=a3, type=reading, cell=Cell [x=10, y=11], clock=224, time=2014-03-31 16:27:13.861]
Time [clock=144, time=null]
ActionRequest [id=null, subject=a1, type=reading, cell=Cell [x=9, y=10], clock=159, time=2014-03-31 16:26:41.337]
ActionRequest [id=null, subject=a4, type=reading, cell=Cell [x=10, y=9], clock=109, time=2014-03-31 16:26:16.295]
Time [clock=155, time=null]
ActionRequest [id=null, subject=a4, type=reading, cell=Cell [x=10, y=9], clock=164, time=2014-03-31 16:26:43.702]
Time [clock=181, time=null]
ActionRequest [id=null, subject=a4, type=reading, cell=Cell [x=10, y=9], clock=231, time=2014-03-31 16:27:17.544]
ActionRequest [id=null, subject=a2, type=reading, cell=Cell [x=11, y=10], clock=253, time=2014-03-31 16:27:28.439]
Position [subject=t1, id=null, cell=Cell [x=11, y=19], time=2014-03-31 16:25:37.338, clock=31]
Time [clock=36, time=null]
Time [clock=153, time=null]
ActionRequest [id=null, subject=a2, type=reading, cell=Cell [x=11, y=10], clock=217, time=2014-03-31 16:27:10.415]
ActionRequest [id=null, subject=a3, type=reading, cell=Cell [x=10, y=11], clock=216, time=2014-03-31 16:27:10.005]
Time [clock=97, time=null]
ActionRequest [id=null, subject=a1, type=reading, cell=Cell [x=9, y=10], clock=107, time=2014-03-31 16:26:15.294]
ActionRequest [id=null, subject=a4, type=reading, cell=Cell [x=10, y=9], clock=208, time=2014-03-31 16:27:05.791]
Time [clock=55, time=null]
ActionRequest [id=null, subject=a3, type=reading, cell=Cell [x=10, y=11], clock=159, time=2014-03-31 16:26:41.373]
Position [subject=a2, id=null, cell=Cell [x=6, y=19], time=2014-03-31 16:25:32.811, clock=22]
Time [clock=9, time=null]
ActionRequest [id=null, subject=a1, type=reading, cell=Cell [x=9, y=10], clock=130, time=2014-03-31 16:26:26.85]
ActionRequest [id=null, subject=a1, type=reading, cell=Cell [x=9, y=10], clock=105, time=2014-03-31 16:26:14.032]
Time [clock=16, time=null]
Position [subject=ra1, id=null, cell=Cell [x=6, y=6], time=2014-03-31 16:25:36.251, clock=29]
Time [clock=152, time=null]
Time [clock=15, time=null]
ActionRequest [id=null, subject=a2, type=reading, cell=Cell [x=11, y=10], clock=138, time=2014-03-31 16:26:30.475]
ActionRequest [id=null, subject=a2, type=reading, cell=Cell [x=11, y=10], clock=197, time=2014-03-31 16:27:00.256]
Time [clock=133, time=null]
Position [subject=t1, id=null, cell=Cell [x=2, y=15], time=2014-03-31 16:25:44.819, clock=46]
Time [clock=86, time=null]
ActionRequest [id=null, subject=a1, type=reading, cell=Cell [x=9, y=10], clock=251, time=2014-03-31 16:27:27.337]
Position [subject=a1, id=null, cell=Cell [x=5, y=5], time=2014-03-31 16:25:34.331, clock=25]
ActionRequest [id=null, subject=a3, type=reading, cell=Cell [x=10, y=11], clock=154, time=2014-03-31 16:26:38.722]
ActionRequest [id=null, subject=a4, type=reading, cell=Cell [x=10, y=9], clock=162, time=2014-03-31 16:26:42.847]
Time [clock=25, time=null]
Position [subject=a3, id=null, cell=Cell [x=11, y=19], time=2014-03-31 16:25:42.989, clock=42]
ActionRequest [id=null, subject=a2, type=reading, cell=Cell [x=11, y=10], clock=185, time=2014-03-31 16:26:54.168]
ActionRequest [id=null, subject=a1, type=reading, cell=Cell [x=9, y=10], clock=229, time=2014-03-31 16:27:16.522]
ActionRequest [id=null, subject=a1, type=reading, cell=Cell [x=9, y=10], clock=244, time=2014-03-31 16:27:24.036]
Time [clock=85, time=null]
Time [clock=209, time=null]
Time [clock=119, time=null]
Position [subject=t1, id=null, cell=Cell [x=3, y=19], time=2014-03-31 16:25:42.102, clock=41]
ActionRequest [id=null, subject=a2, type=reading, cell=Cell [x=11, y=10], clock=195, time=2014-03-31 16:26:59.459]
ActionRequest [id=null, subject=a1, type=reading, cell=Cell [x=9, y=10], clock=227, time=2014-03-31 16:27:15.314]
Time [clock=191, time=null]
Position [subject=a4, id=null, cell=Cell [x=11, y=16], time=2014-03-31 16:25:41.235, clock=39]
Position [subject=a1, id=null, cell=Cell [x=4, y=5], time=2014-03-31 16:25:33.445, clock=23]
ActionRequest [id=null, subject=a1, type=reading, cell=Cell [x=9, y=10], clock=194, time=2014-03-31 16:26:58.846]
Position [subject=a2, id=null, cell=Cell [x=6, y=6], time=2014-03-31 16:25:40.981, clock=38]
Time [clock=143, time=null]
Position [subject=t1, id=null, cell=Cell [x=9, y=19], time=2014-03-31 16:25:38.662, clock=34]
ActionRequest [id=null, subject=a2, type=reading, cell=Cell [x=11, y=10], clock=228, time=2014-03-31 16:27:15.691]
ActionRequest [id=null, subject=a3, type=reading, cell=Cell [x=10, y=11], clock=121, time=2014-03-31 16:26:22.353]
ActionRequest [id=null, subject=a1, type=reading, cell=Cell [x=9, y=10], clock=158, time=2014-03-31 16:26:40.443]
ActionRequest [id=null, subject=a3, type=reading, cell=Cell [x=10, y=11], clock=163, time=2014-03-31 16:26:43.146]
Time [clock=115, time=null]
Time [clock=116, time=null]
Time [clock=112, time=null]
Position [subject=t1, id=null, cell=Cell [x=2, y=11], time=2014-03-31 16:25:47.042, clock=50]
Position [subject=t1, id=null, cell=Cell [x=13, y=19], time=2014-03-31 16:25:36.242, clock=29]
ActionRequest [id=null, subject=a1, type=reading, cell=Cell [x=9, y=10], clock=216, time=2014-03-31 16:27:09.99]
ActionRequest [id=null, subject=a4, type=reading, cell=Cell [x=10, y=9], clock=185, time=2014-03-31 16:26:54.192]
ActionRequest [id=null, subject=a4, type=reading, cell=Cell [x=10, y=9], clock=245, time=2014-03-31 16:27:24.453]
ActionRequest [id=null, subject=a2, type=reading, cell=Cell [x=11, y=10], clock=215, time=2014-03-31 16:27:09.072]
ActionRequest [id=null, subject=a1, type=reading, cell=Cell [x=9, y=10], clock=182, time=2014-03-31 16:26:52.719]
ActionRequest [id=null, subject=a3, type=reading, cell=Cell [x=10, y=11], clock=153, time=2014-03-31 16:26:38.04]
ActionRequest [id=null, subject=a4, type=reading, cell=Cell [x=10, y=9], clock=211, time=2014-03-31 16:27:07.114]
ActionRequest [id=null, subject=a4, type=reading, cell=Cell [x=10, y=9], clock=192, time=2014-03-31 16:26:57.832]
Position [subject=a4, id=null, cell=Cell [x=11, y=5], time=2014-03-31 16:25:34.706, clock=25]
ActionRequest [id=null, subject=a1, type=reading, cell=Cell [x=9, y=10], clock=214, time=2014-03-31 16:27:08.657]
Position [subject=a4, id=null, cell=Cell [x=11, y=12], time=2014-03-31 16:25:38.954, clock=34]
Time [clock=81, time=null]
ActionRequest [id=null, subject=a1, type=reading, cell=Cell [x=9, y=10], clock=188, time=2014-03-31 16:26:55.527]
ActionRequest [id=null, subject=a4, type=reading, cell=Cell [x=10, y=9], clock=244, time=2014-03-31 16:27:23.835]
ActionRequest [id=null, subject=a4, type=reading, cell=Cell [x=10, y=9], clock=202, time=2014-03-31 16:27:03.029]
ActionRequest [id=null, subject=a4, type=reading, cell=Cell [x=10, y=9], clock=179, time=2014-03-31 16:26:51.01]
Time [clock=178, time=null]
ActionRequest [id=null, subject=a3, type=reading, cell=Cell [x=10, y=11], clock=148, time=2014-03-31 16:26:35.598]
ActionRequest [id=null, subject=a4, type=reading, cell=Cell [x=10, y=9], clock=222, time=2014-03-31 16:27:12.71]
Position [subject=t1, id=null, cell=Cell [x=17, y=19], time=2014-03-31 16:25:33.436, clock=23]
Position [subject=t1, id=null, cell=Cell [x=10, y=19], time=2014-03-31 16:25:38.021, clock=32]
Position [subject=a3, id=null, cell=Cell [x=11, y=17], time=2014-03-31 16:25:41.861, clock=40]
ActionRequest [id=null, subject=a4, type=reading, cell=Cell [x=10, y=9], clock=228, time=2014-03-31 16:27:15.707]
Time [clock=147, time=null]
Time [clock=231, time=null]
ActionRequest [id=null, subject=a1, type=reading, cell=Cell [x=9, y=10], clock=190, time=2014-03-31 16:26:56.583]
ActionRequest [id=null, subject=a3, type=reading, cell=Cell [x=10, y=11], clock=184, time=2014-03-31 16:26:53.646]
Position [subject=a1, id=null, cell=Cell [x=8, y=10], time=2014-03-31 16:26:08.036, clock=87]
ActionRequest [id=null, subject=a1, type=reading, cell=Cell [x=9, y=10], clock=129, time=2014-03-31 16:26:26.215]
ActionRequest [id=null, subject=a3, type=reading, cell=Cell [x=10, y=11], clock=118, time=2014-03-31 16:26:20.469]
ActionRequest [id=null, subject=a4, type=reading, cell=Cell [x=10, y=9], clock=151, time=2014-03-31 16:26:37.129]
Position [subject=a2, id=null, cell=Cell [x=6, y=9], time=2014-03-31 16:25:39.223, clock=35]
Position [subject=a4, id=null, cell=Cell [x=10, y=10], time=2014-03-31 16:26:14.192, clock=87]
ActionRequest [id=null, subject=a4, type=reading, cell=Cell [x=10, y=9], clock=219, time=2014-03-31 16:27:11.211]
Position [subject=a1, id=null, cell=Cell [x=5, y=6], time=2014-03-31 16:25:35.625, clock=28]
Time [clock=42, time=null]
ActionRequest [id=null, subject=a1, type=reading, cell=Cell [x=9, y=10], clock=148, time=2014-03-31 16:26:35.567]
Time [clock=126, time=null]
ActionRequest [id=null, subject=a1, type=reading, cell=Cell [x=9, y=10], clock=179, time=2014-03-31 16:26:51.251]
Time [clock=80, time=null]
Position [subject=a3, id=null, cell=Cell [x=11, y=4], time=2014-03-31 16:25:33.857, clock=24]
ActionRequest [id=null, subject=a3, type=reading, cell=Cell [x=10, y=11], clock=130, time=2014-03-31 16:26:26.854]
ActionRequest [id=null, subject=a4, type=reading, cell=Cell [x=10, y=9], clock=180, time=2014-03-31 16:26:51.799]
ActionRequest [id=null, subject=a1, type=reading, cell=Cell [x=9, y=10], clock=115, time=2014-03-31 16:26:19.138]
Position [subject=a3, id=null, cell=Cell [x=10, y=16], time=2014-03-31 16:26:11.062, clock=87]
Position [subject=a3, id=null, cell=Cell [x=11, y=7], time=2014-03-31 16:25:35.977, clock=28]
ActionRequest [id=null, subject=a2, type=reading, cell=Cell [x=11, y=10], clock=208, time=2014-03-31 16:27:05.772]
ActionRequest [id=null, subject=a4, type=reading, cell=Cell [x=10, y=9], clock=175, time=2014-03-31 16:26:49.324]
ActionRequest [id=null, subject=a4, type=reading, cell=Cell [x=10, y=9], clock=205, time=2014-03-31 16:27:04.382]
Position [subject=ra1, id=null, cell=Cell [x=3, y=4], time=2014-03-31 16:25:32.015, clock=19]
ActionRequest [id=null, subject=a3, type=reading, cell=Cell [x=10, y=11], clock=146, time=2014-03-31 16:26:34.489]
Time [clock=106, time=null]
ActionRequest [id=null, subject=a3, type=reading, cell=Cell [x=10, y=11], clock=231, time=2014-03-31 16:27:17.15]
Time [clock=90, time=null]
Position [subject=a4, id=null, cell=Cell [x=11, y=4], time=2014-03-31 16:25:33.853, clock=24]
Position [subject=a3, id=null, cell=Cell [x=15, y=19], time=2014-03-31 16:25:45.132, clock=47]
ActionRequest [id=null, subject=a4, type=reading, cell=Cell [x=10, y=9], clock=122, time=2014-03-31 16:26:22.759]
Time [clock=177, time=null]
Time [clock=11, time=null]
ActionRequest [id=null, subject=a1, type=reading, cell=Cell [x=9, y=10], clock=231, time=2014-03-31 16:27:17.13]
ActionRequest [id=null, subject=a3, type=reading, cell=Cell [x=10, y=11], clock=172, time=2014-03-31 16:26:47.866]
ActionRequest [id=null, subject=a2, type=reading, cell=Cell [x=11, y=10], clock=216, time=2014-03-31 16:27:09.725]
Position [subject=a2, id=null, cell=Cell [x=6, y=11], time=2014-03-31 16:25:38.056, clock=32]
Time [clock=50, time=null]
ActionRequest [id=null, subject=a3, type=reading, cell=Cell [x=10, y=11], clock=207, time=2014-03-31 16:27:05.34]
Position [subject=a3, id=null, cell=Cell [x=14, y=19], time=2014-03-31 16:25:44.592, clock=46]
Time [clock=137, time=null]
ActionRequest [id=null, subject=a3, type=reading, cell=Cell [x=10, y=11], clock=200, time=2014-03-31 16:27:01.954]
Time [clock=84, time=null]
Time [clock=39, time=null]
Time [clock=175, time=null]
Time [clock=4, time=null]
Position [subject=a4, id=null, cell=Cell [x=18, y=19], time=2014-03-31 16:26:05.522, clock=87]
Time [clock=70, time=null]
ActionRequest [id=null, subject=a1, type=reading, cell=Cell [x=9, y=10], clock=116, time=2014-03-31 16:26:19.832]
Time [clock=216, time=null]
ActionRequest [id=null, subject=a3, type=reading, cell=Cell [x=10, y=11], clock=179, time=2014-03-31 16:26:51.272]
ActionRequest [id=null, subject=a2, type=reading, cell=Cell [x=11, y=10], clock=145, time=2014-03-31 16:26:34.11]
ActionRequest [id=null, subject=a4, type=reading, cell=Cell [x=10, y=9], clock=177, time=2014-03-31 16:26:50.226]
Time [clock=161, time=null]
Time [clock=176, time=null]
Time [clock=83, time=null]
ActionRequest [id=null, subject=a2, type=reading, cell=Cell [x=11, y=10], clock=172, time=2014-03-31 16:26:47.497]
ActionRequest [id=null, subject=a3, type=reading, cell=Cell [x=10, y=11], clock=141, time=2014-03-31 16:26:32.003]
Position [subject=a2, id=null, cell=Cell [x=6, y=14], time=2014-03-31 16:25:36.281, clock=29]
ActionRequest [id=null, subject=a3, type=reading, cell=Cell [x=10, y=11], clock=110, time=2014-03-31 16:26:16.508]
Time [clock=169, time=null]
Time [clock=206, time=null]
Position [subject=a1, id=null, cell=Cell [x=9, y=10], time=2014-03-31 16:26:08.534, clock=87]
Position [subject=a1, id=null, cell=Cell [x=6, y=7], time=2014-03-31 16:26:05.49, clock=87]
Time [clock=60, time=null]
Time [clock=105, time=null]
ActionRequest [id=null, subject=a4, type=reading, cell=Cell [x=10, y=9], clock=207, time=2014-03-31 16:27:05.094]
ActionRequest [id=null, subject=a2, type=reading, cell=Cell [x=11, y=10], clock=177, time=2014-03-31 16:26:50.203]
ActionRequest [id=null, subject=a2, type=reading, cell=Cell [x=11, y=10], clock=115, time=2014-03-31 16:26:18.921]
ActionRequest [id=null, subject=a1, type=reading, cell=Cell [x=9, y=10], clock=128, time=2014-03-31 16:26:25.589]
ActionRequest [id=null, subject=a3, type=reading, cell=Cell [x=10, y=11], clock=166, time=2014-03-31 16:26:44.946]
ActionRequest [id=null, subject=a4, type=reading, cell=Cell [x=10, y=9], clock=174, time=2014-03-31 16:26:48.496]
ActionRequest [id=null, subject=a4, type=reading, cell=Cell [x=10, y=9], clock=172, time=2014-03-31 16:26:47.524]
ActionRequest [id=null, subject=a1, type=reading, cell=Cell [x=9, y=10], clock=165, time=2014-03-31 16:26:44.027]
ActionRequest [id=null, subject=a3, type=reading, cell=Cell [x=10, y=11], clock=176, time=2014-03-31 16:26:49.618]
Time [clock=132, time=null]
Time [clock=174, time=null]
ActionRequest [id=null, subject=a1, type=reading, cell=Cell [x=9, y=10], clock=204, time=2014-03-31 16:27:03.898]
ActionRequest [id=null, subject=a4, type=reading, cell=Cell [x=10, y=9], clock=154, time=2014-03-31 16:26:38.454]
ActionRequest [id=null, subject=a4, type=reading, cell=Cell [x=10, y=9], clock=197, time=2014-03-31 16:27:00.273]
Time [clock=64, time=null]
ActionRequest [id=null, subject=a1, type=reading, cell=Cell [x=9, y=10], clock=176, time=2014-03-31 16:26:49.603]
ActionRequest [id=null, subject=a2, type=reading, cell=Cell [x=11, y=10], clock=154, time=2014-03-31 16:26:38.438]
ActionRequest [id=null, subject=a2, type=reading, cell=Cell [x=11, y=10], clock=143, time=2014-03-31 16:26:33.251]
ActionRequest [id=null, subject=a2, type=reading, cell=Cell [x=11, y=10], clock=124, time=2014-03-31 16:26:23.393]
ActionRequest [id=null, subject=a1, type=reading, cell=Cell [x=9, y=10], clock=134, time=2014-03-31 16:26:28.822]
Position [subject=t1, id=null, cell=Cell [x=2, y=5], time=2014-03-31 16:25:49.758, clock=56]
Position [subject=a3, id=null, cell=Cell [x=11, y=13], time=2014-03-31 16:25:39.511, clock=35]
Position [subject=a4, id=null, cell=Cell [x=11, y=11], time=2014-03-31 16:25:38.362, clock=33]
Time [clock=75, time=null]
ActionRequest [id=null, subject=a1, type=reading, cell=Cell [x=9, y=10], clock=104, time=2014-03-31 16:26:13.384]
Time [clock=128, time=null]
Time [clock=91, time=null]
Time [clock=65, time=null]
ActionRequest [id=null, subject=a3, type=reading, cell=Cell [x=10, y=11], clock=199, time=2014-03-31 16:27:01.291]
ActionRequest [id=null, subject=a3, type=reading, cell=Cell [x=10, y=11], clock=165, time=2014-03-31 16:26:44.047]
Time [clock=123, time=null]
ActionRequest [id=null, subject=a2, type=reading, cell=Cell [x=11, y=10], clock=222, time=2014-03-31 16:27:12.688]
ActionRequest [id=null, subject=a2, type=reading, cell=Cell [x=11, y=10], clock=173, time=2014-03-31 16:26:48.474]
ActionRequest [id=null, subject=a1, type=reading, cell=Cell [x=9, y=10], clock=221, time=2014-03-31 16:27:12.142]
ActionRequest [id=null, subject=a1, type=reading, cell=Cell [x=9, y=10], clock=166, time=2014-03-31 16:26:44.92]
Position [subject=t1, id=null, cell=Cell [x=2, y=18], time=2014-03-31 16:25:43.229, clock=43]
Position [subject=t1, id=null, cell=Cell [x=14, y=19], time=2014-03-31 16:25:35.596, clock=28]
ActionRequest [id=null, subject=a2, type=reading, cell=Cell [x=11, y=10], clock=111, time=2014-03-31 16:26:16.894]
Time [clock=49, time=null]
ActionRequest [id=null, subject=a1, type=reading, cell=Cell [x=9, y=10], clock=163, time=2014-03-31 16:26:43.123]
Position [subject=a4, id=null, cell=Cell [x=11, y=6], time=2014-03-31 16:25:35.311, clock=27]
ActionRequest [id=null, subject=a1, type=reading, cell=Cell [x=9, y=10], clock=151, time=2014-03-31 16:26:37.357]
Position [subject=t1, id=null, cell=Cell [x=18, y=19], time=2014-03-31 16:25:32.789, clock=22]
ActionRequest [id=null, subject=a1, type=reading, cell=Cell [x=9, y=10], clock=139, time=2014-03-31 16:26:31.32]
Time [clock=63, time=null]
Time [clock=166, time=null]
ActionRequest [id=null, subject=a3, type=reading, cell=Cell [x=10, y=11], clock=161, time=2014-03-31 16:26:42.275]
Time [clock=35, time=null]
Position [subject=a3, id=null, cell=Cell [x=11, y=2], time=2014-03-31 16:25:32.45, clock=21]
Position [subject=a4, id=null, cell=Cell [x=11, y=7], time=2014-03-31 16:25:35.965, clock=28]
ActionRequest [id=null, subject=a2, type=reading, cell=Cell [x=11, y=10], clock=194, time=2014-03-31 16:26:58.528]
Time [clock=150, time=null]
Position [subject=t1, id=null, cell=Cell [x=16, y=19], time=2014-03-31 16:25:34.3, clock=25]
ActionRequest [id=null, subject=a1, type=reading, cell=Cell [x=9, y=10], clock=136, time=2014-03-31 16:26:29.448]
Position [subject=a1, id=null, cell=Cell [x=3, y=5], time=2014-03-31 16:25:32.8, clock=22]
Time [clock=104, time=null]
Position [subject=ra1, id=null, cell=Cell [x=3, y=5], time=2014-03-31 16:25:32.795, clock=22]
ActionRequest [id=null, subject=a1, type=reading, cell=Cell [x=9, y=10], clock=96, time=2014-03-31 16:26:09.515]
ActionRequest [id=null, subject=a3, type=reading, cell=Cell [x=10, y=11], clock=191, time=2014-03-31 16:26:57.384]
ActionRequest [id=null, subject=a1, type=reading, cell=Cell [x=9, y=10], clock=191, time=2014-03-31 16:26:57.367]
Time [clock=62, time=null]
Position [subject=t1, id=null, cell=Cell [x=4, y=19], time=2014-03-31 16:25:41.532, clock=39]
Position [subject=a3, id=null, cell=Cell [x=11, y=16], time=2014-03-31 16:25:41.256, clock=39]
ActionRequest [id=null, subject=a4, type=reading, cell=Cell [x=10, y=9], clock=170, time=2014-03-31 16:26:46.554]
ActionRequest [id=null, subject=a1, type=reading, cell=Cell [x=9, y=10], clock=124, time=2014-03-31 16:26:23.654]
ActionRequest [id=null, subject=a4, type=reading, cell=Cell [x=10, y=9], clock=131, time=2014-03-31 16:26:27.271]
Time [clock=92, time=null]
Time [clock=41, time=null]
Position [subject=a3, id=null, cell=Cell [x=11, y=11], time=2014-03-31 16:25:38.382, clock=33]
ActionRequest [id=null, subject=a4, type=reading, cell=Cell [x=10, y=9], clock=138, time=2014-03-31 16:26:30.479]
ActionRequest [id=null, subject=a2, type=reading, cell=Cell [x=11, y=10], clock=120, time=2014-03-31 16:26:21.525]
ActionRequest [id=null, subject=a1, type=reading, cell=Cell [x=9, y=10], clock=153, time=2014-03-31 16:26:38.024]
ActionRequest [id=null, subject=a1, type=reading, cell=Cell [x=9, y=10], clock=185, time=2014-03-31 16:26:54.481]
Time [clock=145, time=null]
ActionRequest [id=null, subject=a1, type=reading, cell=Cell [x=9, y=10], clock=207, time=2014-03-31 16:27:05.324]
ActionRequest [id=null, subject=a2, type=reading, cell=Cell [x=11, y=10], clock=131, time=2014-03-31 16:26:27.267]
ActionRequest [id=null, subject=a1, type=reading, cell=Cell [x=9, y=10], clock=138, time=2014-03-31 16:26:30.699]
ActionRequest [id=null, subject=a3, type=reading, cell=Cell [x=10, y=11], clock=124, time=2014-03-31 16:26:23.658]
ActionRequest [id=null, subject=a2, type=reading, cell=Cell [x=11, y=10], clock=189, time=2014-03-31 16:26:56.203]
Time [clock=31, time=null]
ActionRequest [id=null, subject=a4, type=reading, cell=Cell [x=10, y=9], clock=143, time=2014-03-31 16:26:33.27]
Position [subject=a3, id=null, cell=Cell [x=11, y=10], time=2014-03-31 16:25:37.698, clock=32]
Position [subject=ra1, id=null, cell=Cell [x=5, y=6], time=2014-03-31 16:25:35.611, clock=28]
Position [subject=a1, id=null, cell=Cell [x=3, y=4], time=2014-03-31 16:25:32.023, clock=19]
Time [clock=22, time=null]
Time [clock=139, time=null]
Time [clock=29, time=null]
Time [clock=32, time=null]
Time [clock=20, time=null]
Time [clock=3, time=null]
ActionRequest [id=null, subject=a2, type=reading, cell=Cell [x=11, y=10], clock=106, time=2014-03-31 16:26:14.433]
ActionRequest [id=null, subject=a4, type=reading, cell=Cell [x=10, y=9], clock=133, time=2014-03-31 16:26:27.932]
ActionRequest [id=null, subject=a2, type=reading, cell=Cell [x=11, y=10], clock=183, time=2014-03-31 16:26:53.26]
Time [clock=1, time=null]
ActionRequest [id=null, subject=a1, type=reading, cell=Cell [x=9, y=10], clock=199, time=2014-03-31 16:27:01.27]
Time [clock=38, time=null]
ActionRequest [id=null, subject=a3, type=reading, cell=Cell [x=10, y=11], clock=116, time=2014-03-31 16:26:19.836]
ActionRequest [id=null, subject=a3, type=reading, cell=Cell [x=10, y=11], clock=115, time=2014-03-31 16:26:19.142]
Time [clock=10, time=null]
Time [clock=113, time=null]
Time [clock=87, time=null]
ActionRequest [id=null, subject=a3, type=reading, cell=Cell [x=10, y=11], clock=174, time=2014-03-31 16:26:48.785]
Time [clock=2, time=null]
ActionRequest [id=null, subject=a1, type=reading, cell=Cell [x=9, y=10], clock=222, time=2014-03-31 16:27:12.998]
ActionRequest [id=null, subject=a2, type=reading, cell=Cell [x=11, y=10], clock=100, time=2014-03-31 16:26:11.834]
Time [clock=110, time=null]
ActionRequest [id=null, subject=a3, type=reading, cell=Cell [x=10, y=11], clock=186, time=2014-03-31 16:26:54.512]
ActionRequest [id=null, subject=a1, type=reading, cell=Cell [x=9, y=10], clock=168, time=2014-03-31 16:26:45.93]
Time [clock=107, time=null]
ActionRequest [id=null, subject=a3, type=reading, cell=Cell [x=10, y=11], clock=137, time=2014-03-31 16:26:30.079]
ActionRequest [id=null, subject=a2, type=reading, cell=Cell [x=11, y=10], clock=99, time=2014-03-31 16:26:11.212]
ActionRequest [id=null, subject=a4, type=reading, cell=Cell [x=10, y=9], clock=183, time=2014-03-31 16:26:53.29]
Time [clock=17, time=null]
ActionRequest [id=null, subject=a4, type=reading, cell=Cell [x=10, y=9], clock=139, time=2014-03-31 16:26:31.107]
Time [clock=69, time=null]
Time [clock=98, time=null]
Time [clock=8, time=null]
ActionRequest [id=null, subject=a2, type=reading, cell=Cell [x=11, y=10], clock=170, time=2014-03-31 16:26:46.53]
ActionRequest [id=null, subject=a2, type=reading, cell=Cell [x=11, y=10], clock=136, time=2014-03-31 16:26:29.85]
ActionRequest [id=null, subject=a3, type=reading, cell=Cell [x=10, y=11], clock=133, time=2014-03-31 16:26:28.157]
ActionRequest [id=null, subject=a4, type=reading, cell=Cell [x=10, y=9], clock=119, time=2014-03-31 16:26:20.898]
Time [clock=71, time=null]
Time [clock=138, time=null]
Time [clock=96, time=null]
Time [clock=78, time=null]
Time [clock=72, time=null]
ActionRequest [id=null, subject=a4, type=reading, cell=Cell [x=10, y=9], clock=168, time=2014-03-31 16:26:45.575]
Time [clock=68, time=null]
ActionRequest [id=null, subject=a3, type=reading, cell=Cell [x=10, y=11], clock=129, time=2014-03-31 16:26:26.218]
Time [clock=77, time=null]
Time [clock=54, time=null]
Time [clock=51, time=null]
Time [clock=26, time=null]
Time [clock=44, time=null]
Time [clock=27, time=null]
ActionRequest [id=null, subject=a1, type=reading, cell=Cell [x=9, y=10], clock=146, time=2014-03-31 16:26:34.465]
ActionRequest [id=null, subject=a4, type=reading, cell=Cell [x=10, y=9], clock=127, time=2014-03-31 16:26:25.352]
ActionRequest [id=null, subject=a3, type=reading, cell=Cell [x=10, y=11], clock=125, time=2014-03-31 16:26:24.3]
Time [clock=95, time=null]
Time [clock=131, time=null]
Time [clock=23, time=null]
Time [clock=124, time=null]
Time [clock=18, time=null]
Time [clock=121, time=null]
Time [clock=117, time=null]
ActionRequest [id=null, subject=a1, type=reading, cell=Cell [x=9, y=10], clock=181, time=2014-03-31 16:26:52.033]
Time [clock=12, time=null]
Time [clock=21, time=null]
Time [clock=5, time=null]
ActionRequest [id=null, subject=a2, type=reading, cell=Cell [x=11, y=10], clock=200, time=2014-03-31 16:27:01.706]
ActionRequest [id=null, subject=a2, type=reading, cell=Cell [x=11, y=10], clock=134, time=2014-03-31 16:26:28.567]
Time [clock=109, time=null]
Time [clock=140, time=null]
Time [clock=103, time=null]
ActionRequest [id=null, subject=a2, type=reading, cell=Cell [x=11, y=10], clock=180, time=2014-03-31 16:26:51.777]
ActionRequest [id=null, subject=a4, type=reading, cell=Cell [x=10, y=9], clock=129, time=2014-03-31 16:26:25.988]
Time [clock=100, time=null]
ActionRequest [id=null, subject=a1, type=reading, cell=Cell [x=9, y=10], clock=101, time=2014-03-31 16:26:12.089]
ActionRequest [id=null, subject=a2, type=reading, cell=Cell [x=11, y=10], clock=122, time=2014-03-31 16:26:22.755]
Time [clock=30, time=null]
ActionRequest [id=null, subject=a1, type=reading, cell=Cell [x=9, y=10], clock=118, time=2014-03-31 16:26:20.466]
ActionRequest [id=null, subject=a4, type=reading, cell=Cell [x=10, y=9], clock=166, time=2014-03-31 16:26:44.625]
Time [clock=122, time=null]
ActionRequest [id=null, subject=a1, type=reading, cell=Cell [x=9, y=10], clock=161, time=2014-03-31 16:26:42.247]
ActionRequest [id=null, subject=a4, type=reading, cell=Cell [x=10, y=9], clock=160, time=2014-03-31 16:26:41.943]
Time [clock=94, time=null]
ActionRequest [id=null, subject=a1, type=reading, cell=Cell [x=9, y=10], clock=112, time=2014-03-31 16:26:17.832]
ActionRequest [id=null, subject=a2, type=reading, cell=Cell [x=11, y=10], clock=159, time=2014-03-31 16:26:41.025]
Time [clock=89, time=null]
ActionRequest [id=null, subject=a1, type=reading, cell=Cell [x=9, y=10], clock=198, time=2014-03-31 16:27:00.544]
ActionRequest [id=null, subject=a3, type=reading, cell=Cell [x=10, y=11], clock=109, time=2014-03-31 16:26:15.898]
ActionRequest [id=null, subject=a1, type=reading, cell=Cell [x=9, y=10], clock=156, time=2014-03-31 16:26:39.522]
Time [clock=111, time=null]
Time [clock=53, time=null]
Time [clock=82, time=null]
ActionRequest [id=null, subject=a1, type=reading, cell=Cell [x=9, y=10], clock=106, time=2014-03-31 16:26:14.659]
ActionRequest [id=null, subject=a1, type=reading, cell=Cell [x=9, y=10], clock=123, time=2014-03-31 16:26:22.977]
Time [clock=67, time=null]
ActionRequest [id=null, subject=a3, type=reading, cell=Cell [x=10, y=11], clock=128, time=2014-03-31 16:26:25.593]
ActionRequest [id=null, subject=a3, type=reading, cell=Cell [x=10, y=11], clock=170, time=2014-03-31 16:26:46.896]
Time [clock=61, time=null]
Time [clock=48, time=null]
ActionRequest [id=null, subject=a3, type=reading, cell=Cell [x=10, y=11], clock=158, time=2014-03-31 16:26:40.471]
Time [clock=58, time=null]
Time [clock=47, time=null]
Time [clock=46, time=null]
ActionRequest [id=null, subject=a3, type=reading, cell=Cell [x=10, y=11], clock=136, time=2014-03-31 16:26:29.451]
Time [clock=43, time=null]
ActionRequest [id=null, subject=a2, type=reading, cell=Cell [x=11, y=10], clock=108, time=2014-03-31 16:26:15.679]
Time [clock=14, time=null]
Time [clock=40, time=null]
Time [clock=33, time=null]
Time [clock=19, time=null]
ActionRequest [id=null, subject=a4, type=reading, cell=Cell [x=10, y=9], clock=116, time=2014-03-31 16:26:19.588]
Time [clock=114, time=null]
Time [clock=7, time=null]
Time [clock=102, time=null]
Time [clock=59, time=null]
Time [clock=56, time=null]
Time [clock=6, time=null]
ActionRequest [id=null, subject=a1, type=reading, cell=Cell [x=9, y=10], clock=111, time=2014-03-31 16:26:17.106]
ActionRequest [id=null, subject=a1, type=reading, cell=Cell [x=9, y=10], clock=127, time=2014-03-31 16:26:24.913]
ActionRequest [id=null, subject=a2, type=reading, cell=Cell [x=11, y=10], clock=109, time=2014-03-31 16:26:16.292]
ActionRequest [id=null, subject=a4, type=reading, cell=Cell [x=10, y=9], clock=108, time=2014-03-31 16:26:15.682]
ActionRequest [id=null, subject=a4, type=reading, cell=Cell [x=10, y=9], clock=155, time=2014-03-31 16:26:39.259]
ActionRequest [id=null, subject=a2, type=reading, cell=Cell [x=11, y=10], clock=126, time=2014-03-31 16:26:24.69]
ActionRequest [id=null, subject=a2, type=reading, cell=Cell [x=11, y=10], clock=152, time=2014-03-31 16:26:37.784]
ActionRequest [id=null, subject=a4, type=reading, cell=Cell [x=10, y=9], clock=147, time=2014-03-31 16:26:35.152]
ActionRequest [id=null, subject=a1, type=reading, cell=Cell [x=9, y=10], clock=121, time=2014-03-31 16:26:22.351]
ActionRequest [id=null, subject=a1, type=reading, cell=Cell [x=9, y=10], clock=98, time=2014-03-31 16:26:10.825]
ActionRequest [id=null, subject=a3, type=reading, cell=Cell [x=10, y=11], clock=107, time=2014-03-31 16:26:15.297]
ActionRequest [id=null, subject=a3, type=reading, cell=Cell [x=10, y=11], clock=106, time=2014-03-31 16:26:14.664]
ActionRequest [id=null, subject=a2, type=reading, cell=Cell [x=11, y=10], clock=166, time=2014-03-31 16:26:44.603]
ActionRequest [id=null, subject=a1, type=reading, cell=Cell [x=9, y=10], clock=102, time=2014-03-31 16:26:12.752]
ActionRequest [id=null, subject=a2, type=reading, cell=Cell [x=11, y=10], clock=102, time=2014-03-31 16:26:12.518]
ActionRequest [id=null, subject=a4, type=reading, cell=Cell [x=10, y=9], clock=120, time=2014-03-31 16:26:21.529]
ActionRequest [id=null, subject=a1, type=reading, cell=Cell [x=9, y=10], clock=154, time=2014-03-31 16:26:38.703]
ActionRequest [id=null, subject=a3, type=reading, cell=Cell [x=10, y=11], clock=151, time=2014-03-31 16:26:37.371]
ActionRequest [id=null, subject=a2, type=reading, cell=Cell [x=11, y=10], clock=125, time=2014-03-31 16:26:24.082]
ActionRequest [id=null, subject=a4, type=reading, cell=Cell [x=10, y=9], clock=149, time=2014-03-31 16:26:36.299]
ActionRequest [id=null, subject=a2, type=reading, cell=Cell [x=11, y=10], clock=147, time=2014-03-31 16:26:35.125]
ActionRequest [id=null, subject=a2, type=reading, cell=Cell [x=11, y=10], clock=178, time=2014-03-31 16:26:50.992]
ActionRequest [id=null, subject=a1, type=reading, cell=Cell [x=9, y=10], clock=100, time=2014-03-31 16:26:11.433]
ActionRequest [id=null, subject=a2, type=reading, cell=Cell [x=11, y=10], clock=149, time=2014-03-31 16:26:36.273]
ActionRequest [id=null, subject=a1, type=reading, cell=Cell [x=9, y=10], clock=95, time=2014-03-31 16:26:08.902]
ActionRequest [id=null, subject=a3, type=reading, cell=Cell [x=10, y=11], clock=119, time=2014-03-31 16:26:21.137]
ActionRequest [id=null, subject=a2, type=reading, cell=Cell [x=11, y=10], clock=121, time=2014-03-31 16:26:22.132]
ActionRequest [id=null, subject=a1, type=reading, cell=Cell [x=9, y=10], clock=142, time=2014-03-31 16:26:32.713]
ActionRequest [id=null, subject=a1, type=reading, cell=Cell [x=9, y=10], clock=177, time=2014-03-31 16:26:50.487]
ActionRequest [id=null, subject=a3, type=reading, cell=Cell [x=10, y=11], clock=144, time=2014-03-31 16:26:33.49]
ActionRequest [id=null, subject=a4, type=reading, cell=Cell [x=10, y=9], clock=135, time=2014-03-31 16:26:29.24]
ActionRequest [id=null, subject=a4, type=reading, cell=Cell [x=10, y=9], clock=117, time=2014-03-31 16:26:20.235]
ActionRequest [id=null, subject=a2, type=reading, cell=Cell [x=11, y=10], clock=117, time=2014-03-31 16:26:20.231]
ActionRequest [id=null, subject=a3, type=reading, cell=Cell [x=10, y=11], clock=112, time=2014-03-31 16:26:17.836]
ActionRequest [id=null, subject=a2, type=reading, cell=Cell [x=11, y=10], clock=97, time=2014-03-31 16:26:09.935]
ActionRequest [id=null, subject=a4, type=reading, cell=Cell [x=10, y=9], clock=112, time=2014-03-31 16:26:17.565]
ActionRequest [id=null, subject=a3, type=reading, cell=Cell [x=10, y=11], clock=105, time=2014-03-31 16:26:14.035]
ActionRequest [id=null, subject=a2, type=reading, cell=Cell [x=11, y=10], clock=98, time=2014-03-31 16:26:10.595]
ActionRequest [id=null, subject=a1, type=reading, cell=Cell [x=9, y=10], clock=144, time=2014-03-31 16:26:33.476]
ActionRequest [id=null, subject=a4, type=reading, cell=Cell [x=10, y=9], clock=142, time=2014-03-31 16:26:32.446]
ActionRequest [id=null, subject=a1, type=reading, cell=Cell [x=9, y=10], clock=119, time=2014-03-31 16:26:21.133]
ActionRequest [id=null, subject=a3, type=reading, cell=Cell [x=10, y=11], clock=127, time=2014-03-31 16:26:24.917]
ActionRequest [id=null, subject=a2, type=reading, cell=Cell [x=11, y=10], clock=175, time=2014-03-31 16:26:49.304]
ActionRequest [id=null, subject=a3, type=reading, cell=Cell [x=10, y=11], clock=150, time=2014-03-31 16:26:36.63]
ActionRequest [id=null, subject=a2, type=reading, cell=Cell [x=11, y=10], clock=113, time=2014-03-31 16:26:18.246]
ActionRequest [id=null, subject=a2, type=reading, cell=Cell [x=11, y=10], clock=103, time=2014-03-31 16:26:13.157]
ActionRequest [id=null, subject=a4, type=reading, cell=Cell [x=10, y=9], clock=121, time=2014-03-31 16:26:22.135]
ActionRequest [id=null, subject=a2, type=reading, cell=Cell [x=11, y=10], clock=142, time=2014-03-31 16:26:32.438]
ActionRequest [id=null, subject=a2, type=reading, cell=Cell [x=11, y=10], clock=107, time=2014-03-31 16:26:15.074]
ActionRequest [id=null, subject=a1, type=reading, cell=Cell [x=9, y=10], clock=141, time=2014-03-31 16:26:31.998]
ActionRequest [id=null, subject=a3, type=reading, cell=Cell [x=10, y=11], clock=138, time=2014-03-31 16:26:30.702]
ActionRequest [id=null, subject=a2, type=reading, cell=Cell [x=11, y=10], clock=135, time=2014-03-31 16:26:29.236]
ActionRequest [id=null, subject=a1, type=reading, cell=Cell [x=9, y=10], clock=137, time=2014-03-31 16:26:30.075]
ActionRequest [id=null, subject=a4, type=reading, cell=Cell [x=10, y=9], clock=136, time=2014-03-31 16:26:29.853]
ActionRequest [id=null, subject=a3, type=reading, cell=Cell [x=10, y=11], clock=134, time=2014-03-31 16:26:28.825]
ActionRequest [id=null, subject=a1, type=reading, cell=Cell [x=9, y=10], clock=132, time=2014-03-31 16:26:27.492]
ActionRequest [id=null, subject=a4, type=reading, cell=Cell [x=10, y=9], clock=125, time=2014-03-31 16:26:24.085]
ActionRequest [id=null, subject=a3, type=reading, cell=Cell [x=10, y=11], clock=123, time=2014-03-31 16:26:22.98]
ActionRequest [id=null, subject=a1, type=reading, cell=Cell [x=9, y=10], clock=120, time=2014-03-31 16:26:21.745]
ActionRequest [id=null, subject=a2, type=reading, cell=Cell [x=11, y=10], clock=116, time=2014-03-31 16:26:19.584]
ActionRequest [id=null, subject=a1, type=reading, cell=Cell [x=9, y=10], clock=150, time=2014-03-31 16:26:36.613]
ActionRequest [id=null, subject=a1, type=reading, cell=Cell [x=9, y=10], clock=114, time=2014-03-31 16:26:18.505]
ActionRequest [id=null, subject=ra1, type=reading, cell=Cell [x=5, y=5], clock=27, time=2014-03-31 16:25:34.855]
ActionRequest [id=null, subject=a2, type=reading, cell=Cell [x=11, y=10], clock=139, time=2014-03-31 16:26:31.103]
ActionRequest [id=null, subject=a4, type=reading, cell=Cell [x=10, y=9], clock=113, time=2014-03-31 16:26:18.253]
ActionRequest [id=null, subject=a1, type=reading, cell=Cell [x=9, y=10], clock=110, time=2014-03-31 16:26:16.504]
ActionRequest [id=null, subject=a1, type=reading, cell=Cell [x=5, y=5], clock=27, time=2014-03-31 16:25:34.864]
ActionRequest [id=null, subject=a3, type=reading, cell=Cell [x=10, y=11], clock=111, time=2014-03-31 16:26:17.113]
ActionRequest [id=null, subject=a3, type=reading, cell=Cell [x=11, y=1], clock=19, time=2014-03-31 16:25:30.85]
ActionRequest [id=null, subject=a4, type=reading, cell=Cell [x=11, y=1], clock=19, time=2014-03-31 16:25:30.842]
ActionRequest [id=null, subject=a4, type=reading, cell=Cell [x=10, y=9], clock=134, time=2014-03-31 16:26:28.571]
ActionRequest [id=null, subject=a4, type=reading, cell=Cell [x=10, y=9], clock=107, time=2014-03-31 16:26:15.078]
ActionRequest [id=null, subject=a1, type=reading, cell=Cell [x=9, y=10], clock=133, time=2014-03-31 16:26:28.152]
ActionRequest [id=null, subject=a2, type=reading, cell=Cell [x=11, y=10], clock=104, time=2014-03-31 16:26:13.788]
ActionRequest [id=null, subject=a2, type=reading, cell=Cell [x=8, y=19], clock=40, time=2014-03-31 16:25:41.565]
ActionRequest [id=null, subject=a4, type=reading, cell=Cell [x=10, y=9], clock=126, time=2014-03-31 16:26:24.694]
ActionRequest [id=null, subject=a3, type=reading, cell=Cell [x=10, y=11], clock=132, time=2014-03-31 16:26:27.496]
ActionRequest [id=null, subject=a2, type=reading, cell=Cell [x=11, y=10], clock=130, time=2014-03-31 16:26:26.612]
ActionRequest [id=null, subject=a2, type=reading, cell=Cell [x=11, y=10], clock=127, time=2014-03-31 16:26:25.342]
ActionRequest [id=null, subject=a1, type=reading, cell=Cell [x=9, y=10], clock=125, time=2014-03-31 16:26:24.296]
ActionRequest [id=null, subject=a3, type=reading, cell=Cell [x=10, y=11], clock=120, time=2014-03-31 16:26:21.748]
ActionRequest [id=null, subject=a2, type=reading, cell=Cell [x=11, y=10], clock=119, time=2014-03-31 16:26:20.894]
ActionRequest [id=null, subject=a4, type=reading, cell=Cell [x=10, y=9], clock=111, time=2014-03-31 16:26:16.897]
ActionRequest [id=null, subject=a1, type=reading, cell=Cell [x=9, y=10], clock=109, time=2014-03-31 16:26:15.894]
ActionRequest [id=null, subject=a1, type=reading, cell=Cell [x=9, y=10], clock=97, time=2014-03-31 16:26:10.169]
GroupCoin [x=10, y=10, clock=85]
-------------------------last log tuples end----------------------------------
1
2
register a1
register a2
register a3
register a4
register c1
register t1
register ra1
3
4
5
6
7
8
9
10
11
12
13
14
15
16
17
18
19
20
21
22
23
24
25
26
27
28
29
30
31
32
33
34
35
36
37
38
39
40
41
42
43
44
45
46
47
48
49
50
51
52
53
54
55
56
57
58
59
60
61
62
63
64
65
66
67
68
69
70
71
72
73
74
75
76
77
78
79
80
81
82
83
84
85
86
87
88
89
90
91
92
93
94
95
96
97
98
99
100
101
102
103
104
105
106
107
108
109
110
111
112
113
114
115
116
117
118
119
120
121
122
123
124
125
126
127
128
129
130
131
132
133
134
135
136
137
138
139
140
141
142
143
144
145
146
147
148
149
150
151
152
153
154
155
156
157
158
159
160
161
162
163
164
165
166
167
168
169
170
171
172
173
174
175
176
177
178
179
180
181
182
183
184
185
186
187
188
189
190
191
192
193
194
195
196
197
198
199
200
201
202
203
204
205
206
207
208
209
210
211
212
