2014-04-03 15:32:50,156 CONFIG [com.gigaspaces.logger] - Log file: /Users/dxd/gigaspaces-xap-premium-9.5.1-ga/logs/2014-04-03~15.32-gigaspaces-service-128.243.23.149-25797.log
-------------------------last log tuples start--------------------------------
ActionRequest [id=null, subject=a4, type=reading, cell=Cell [x=11, y=1], clock=10, time=2014-04-03 15:31:51.747]
ActionRequest [id=null, subject=ra1, type=reading, cell=Cell [x=5, y=5], clock=22, time=2014-04-03 15:31:57.626]
Cargo [id=null, cell=Cell [x=19, y=19], time=2014-04-03 15:31:53.016, clock=10]
Time [clock=40, time=null]
Time [clock=53, time=null]
Coin [id=null, cell=Cell [x=2, y=2], subject=a3, time=2014-04-03 15:31:55.477, clock=16]
ActionRequest [id=null, subject=a1, type=reading, cell=Cell [x=5, y=5], clock=22, time=2014-04-03 15:31:57.561]
Position [subject=a3, id=null, cell=Cell [x=14, y=19], time=2014-04-03 15:32:14.816, clock=55]
Position [subject=a3, id=null, cell=Cell [x=11, y=11], time=2014-04-03 15:32:04.062, clock=33]
ActionRequest [id=null, subject=a2, type=reading, cell=Cell [x=8, y=19], clock=46, time=2014-04-03 15:32:09.626]
ActionRequest [id=null, subject=a3, type=reading, cell=Cell [x=11, y=1], clock=10, time=2014-04-03 15:31:51.819]
Position [subject=t1, id=null, cell=Cell [x=3, y=19], time=2014-04-03 15:32:10.51, clock=46]
Time [clock=34, time=null]
Position [subject=t1, id=null, cell=Cell [x=2, y=15], time=2014-04-03 15:32:15.214, clock=56]
Time [clock=50, time=null]
Coin [id=null, cell=Cell [x=16, y=16], subject=a2, time=2014-04-03 15:31:54.461, clock=14]
Coin [id=null, cell=Cell [x=8, y=6], subject=a1, time=2014-04-03 15:31:52.951, clock=10]
Time [clock=54, time=null]
Position [subject=a2, id=null, cell=Cell [x=6, y=11], time=2014-04-03 15:32:03.397, clock=32]
Position [subject=a4, id=null, cell=Cell [x=11, y=11], time=2014-04-03 15:32:04.009, clock=33]
Position [subject=t1, id=null, cell=Cell [x=2, y=17], time=2014-04-03 15:32:13.427, clock=52]
Time [clock=57, time=null]
Position [subject=a3, id=null, cell=Cell [x=12, y=19], time=2014-04-03 15:32:12.926, clock=51]
Position [subject=t1, id=null, cell=Cell [x=7, y=19], time=2014-04-03 15:32:06.535, clock=38]
Position [subject=a2, id=null, cell=Cell [x=6, y=8], time=2014-04-03 15:32:06.555, clock=38]
Position [subject=a4, id=null, cell=Cell [x=13, y=19], time=2014-04-03 15:32:13.848, clock=53]
Position [subject=a3, id=null, cell=Cell [x=11, y=19], time=2014-04-03 15:32:12.029, clock=49]
Position [subject=a4, id=null, cell=Cell [x=11, y=12], time=2014-04-03 15:32:05.054, clock=36]
Position [subject=a2, id=null, cell=Cell [x=6, y=10], time=2014-04-03 15:32:04.623, clock=34]
Position [subject=a4, id=null, cell=Cell [x=11, y=16], time=2014-04-03 15:32:09.104, clock=44]
Position [subject=a3, id=null, cell=Cell [x=11, y=17], time=2014-04-03 15:32:10.077, clock=46]
Position [subject=a4, id=null, cell=Cell [x=12, y=19], time=2014-04-03 15:32:12.898, clock=51]
Position [subject=a2, id=null, cell=Cell [x=6, y=6], time=2014-04-03 15:32:08.65, clock=43]
Time [clock=55, time=null]
Time [clock=35, time=null]
Time [clock=47, time=null]
Position [subject=t1, id=null, cell=Cell [x=2, y=16], time=2014-04-03 15:32:14.326, clock=54]
Position [subject=a1, id=null, cell=Cell [x=5, y=6], time=2014-04-03 15:31:59.336, clock=24]
Time [clock=31, time=null]
Position [subject=a4, id=null, cell=Cell [x=14, y=19], time=2014-04-03 15:32:14.784, clock=55]
Position [subject=t1, id=null, cell=Cell [x=10, y=19], time=2014-04-03 15:32:03.355, clock=32]
Time [clock=36, time=null]
Position [subject=ra1, id=null, cell=Cell [x=5, y=5], time=2014-04-03 15:31:56.75, clock=19]
Time [clock=24, time=null]
Position [subject=a4, id=null, cell=Cell [x=11, y=9], time=2014-04-03 15:32:01.926, clock=29]
Position [subject=a3, id=null, cell=Cell [x=11, y=8], time=2014-04-03 15:32:00.981, clock=27]
Position [subject=a3, id=null, cell=Cell [x=13, y=19], time=2014-04-03 15:32:13.882, clock=53]
Position [subject=a3, id=null, cell=Cell [x=11, y=16], time=2014-04-03 15:32:09.132, clock=44]
Position [subject=a3, id=null, cell=Cell [x=11, y=7], time=2014-04-03 15:31:59.884, clock=25]
Position [subject=a3, id=null, cell=Cell [x=11, y=13], time=2014-04-03 15:32:06.082, clock=38]
Time [clock=41, time=null]
Position [subject=a4, id=null, cell=Cell [x=11, y=8], time=2014-04-03 15:32:00.947, clock=27]
Time [clock=22, time=null]
Position [subject=a4, id=null, cell=Cell [x=11, y=6], time=2014-04-03 15:31:58.592, clock=22]
Position [subject=t1, id=null, cell=Cell [x=5, y=19], time=2014-04-03 15:32:08.623, clock=42]
Position [subject=a2, id=null, cell=Cell [x=6, y=14], time=2014-04-03 15:32:00.481, clock=26]
Time [clock=56, time=null]
Time [clock=37, time=null]
Position [subject=a4, id=null, cell=Cell [x=11, y=17], time=2014-04-03 15:32:10.043, clock=46]
Position [subject=a4, id=null, cell=Cell [x=11, y=3], time=2014-04-03 15:31:55.248, clock=16]
Position [subject=a3, id=null, cell=Cell [x=11, y=4], time=2014-04-03 15:31:56.219, clock=18]
Position [subject=a3, id=null, cell=Cell [x=11, y=15], time=2014-04-03 15:32:08.117, clock=41]
Position [subject=a4, id=null, cell=Cell [x=11, y=14], time=2014-04-03 15:32:06.974, clock=39]
Position [subject=t1, id=null, cell=Cell [x=18, y=19], time=2014-04-03 15:31:54.74, clock=15]
Time [clock=45, time=null]
Time [clock=44, time=null]
Position [subject=t1, id=null, cell=Cell [x=4, y=19], time=2014-04-03 15:32:09.602, clock=45]
Position [subject=t1, id=null, cell=Cell [x=11, y=19], time=2014-04-03 15:32:02.379, clock=30]
Time [clock=26, time=null]
Position [subject=a4, id=null, cell=Cell [x=11, y=7], time=2014-04-03 15:31:59.851, clock=25]
Position [subject=a2, id=null, cell=Cell [x=6, y=12], time=2014-04-03 15:32:02.399, clock=30]
Time [clock=16, time=null]
Position [subject=a4, id=null, cell=Cell [x=11, y=18], time=2014-04-03 15:32:11.022, clock=47]
Position [subject=a4, id=null, cell=Cell [x=11, y=19], time=2014-04-03 15:32:11.998, clock=49]
Position [subject=a2, id=null, cell=Cell [x=6, y=13], time=2014-04-03 15:32:01.475, clock=28]
Position [subject=a3, id=null, cell=Cell [x=11, y=9], time=2014-04-03 15:32:01.957, clock=29]
Position [subject=ra1, id=null, cell=Cell [x=6, y=6], time=2014-04-03 15:32:00.476, clock=26]
Position [subject=t1, id=null, cell=Cell [x=14, y=19], time=2014-04-03 15:31:59.247, clock=24]
Position [subject=a2, id=null, cell=Cell [x=6, y=16], time=2014-04-03 15:31:57.987, clock=21]
Position [subject=a4, id=null, cell=Cell [x=11, y=4], time=2014-04-03 15:31:56.181, clock=18]
Time [clock=52, time=null]
Position [subject=a1, id=null, cell=Cell [x=4, y=5], time=2014-04-03 15:31:55.715, clock=17]
Time [clock=38, time=null]
Position [subject=t1, id=null, cell=Cell [x=6, y=19], time=2014-04-03 15:32:07.456, clock=40]
Time [clock=25, time=null]
Time [clock=3, time=null]
Position [subject=a4, id=null, cell=Cell [x=11, y=15], time=2014-04-03 15:32:08.075, clock=41]
Position [subject=t1, id=null, cell=Cell [x=2, y=18], time=2014-04-03 15:32:12.47, clock=50]
Position [subject=a3, id=null, cell=Cell [x=11, y=18], time=2014-04-03 15:32:11.057, clock=47]
Position [subject=ra1, id=null, cell=Cell [x=4, y=5], time=2014-04-03 15:31:55.736, clock=17]
Position [subject=a3, id=null, cell=Cell [x=11, y=2], time=2014-04-03 15:31:54.216, clock=13]
Time [clock=33, time=null]
Time [clock=39, time=null]
Position [subject=a3, id=null, cell=Cell [x=11, y=5], time=2014-04-03 15:31:57.323, clock=20]
Position [subject=t1, id=null, cell=Cell [x=13, y=19], time=2014-04-03 15:32:00.444, clock=26]
Position [subject=a2, id=null, cell=Cell [x=7, y=19], time=2014-04-03 15:31:53.411, clock=11]
Position [subject=t1, id=null, cell=Cell [x=15, y=19], time=2014-04-03 15:31:57.951, clock=21]
Position [subject=t1, id=null, cell=Cell [x=2, y=19], time=2014-04-03 15:32:11.522, clock=48]
Position [subject=a2, id=null, cell=Cell [x=6, y=7], time=2014-04-03 15:32:07.495, clock=40]
Position [subject=t1, id=null, cell=Cell [x=16, y=19], time=2014-04-03 15:31:56.737, clock=19]
Position [subject=t1, id=null, cell=Cell [x=9, y=19], time=2014-04-03 15:32:04.6, clock=34]
Position [subject=ra1, id=null, cell=Cell [x=3, y=4], time=2014-04-03 15:31:53.403, clock=11]
Position [subject=a3, id=null, cell=Cell [x=11, y=14], time=2014-04-03 15:32:07.005, clock=40]
Time [clock=6, time=null]
Position [subject=a4, id=null, cell=Cell [x=11, y=13], time=2014-04-03 15:32:06.02, clock=37]
Time [clock=29, time=null]
Position [subject=a2, id=null, cell=Cell [x=6, y=9], time=2014-04-03 15:32:05.556, clock=37]
Time [clock=43, time=null]
Position [subject=a4, id=null, cell=Cell [x=11, y=2], time=2014-04-03 15:31:54.173, clock=13]
Position [subject=a3, id=null, cell=Cell [x=11, y=10], time=2014-04-03 15:32:02.858, clock=31]
Time [clock=48, time=null]
Position [subject=ra1, id=null, cell=Cell [x=3, y=5], time=2014-04-03 15:31:54.751, clock=15]
Position [subject=a4, id=null, cell=Cell [x=11, y=10], time=2014-04-03 15:32:02.826, clock=31]
Position [subject=a2, id=null, cell=Cell [x=6, y=15], time=2014-04-03 15:31:59.353, clock=24]
Time [clock=32, time=null]
Position [subject=ra1, id=null, cell=Cell [x=5, y=6], time=2014-04-03 15:31:59.344, clock=24]
Position [subject=a3, id=null, cell=Cell [x=11, y=6], time=2014-04-03 15:31:58.633, clock=22]
Position [subject=a4, id=null, cell=Cell [x=11, y=5], time=2014-04-03 15:31:57.284, clock=20]
Position [subject=a2, id=null, cell=Cell [x=6, y=18], time=2014-04-03 15:31:55.749, clock=17]
Position [subject=a2, id=null, cell=Cell [x=6, y=17], time=2014-04-03 15:31:56.771, clock=19]
Position [subject=a2, id=null, cell=Cell [x=6, y=19], time=2014-04-03 15:31:54.764, clock=15]
Position [subject=t1, id=null, cell=Cell [x=8, y=19], time=2014-04-03 15:32:05.533, clock=37]
Position [subject=a1, id=null, cell=Cell [x=3, y=4], time=2014-04-03 15:31:53.351, clock=11]
Position [subject=t1, id=null, cell=Cell [x=12, y=19], time=2014-04-03 15:32:01.447, clock=28]
Time [clock=51, time=null]
Position [subject=a1, id=null, cell=Cell [x=6, y=6], time=2014-04-03 15:32:00.463, clock=26]
Position [subject=a3, id=null, cell=Cell [x=11, y=3], time=2014-04-03 15:31:55.285, clock=16]
Time [clock=19, time=null]
Time [clock=20, time=null]
Position [subject=a1, id=null, cell=Cell [x=5, y=5], time=2014-04-03 15:31:56.744, clock=19]
Position [subject=a3, id=null, cell=Cell [x=11, y=12], time=2014-04-03 15:32:05.087, clock=36]
Position [subject=t1, id=null, cell=Cell [x=17, y=19], time=2014-04-03 15:31:55.728, clock=17]
Position [subject=a1, id=null, cell=Cell [x=3, y=5], time=2014-04-03 15:31:54.707, clock=15]
Time [clock=7, time=null]
Time [clock=28, time=null]
Time [clock=17, time=null]
Time [clock=18, time=null]
Time [clock=14, time=null]
Time [clock=12, time=null]
Time [clock=13, time=null]
Time [clock=2, time=null]
Time [clock=23, time=null]
Time [clock=42, time=null]
Time [clock=21, time=null]
Time [clock=30, time=null]
Time [clock=15, time=null]
Time [clock=46, time=null]
Time [clock=49, time=null]
Time [clock=5, time=null]
Time [clock=11, time=null]
Time [clock=4, time=null]
Time [clock=27, time=null]
Time [clock=10, time=null]
Time [clock=1, time=null]
Time [clock=8, time=null]
Time [clock=9, time=null]
-------------------------last log tuples end----------------------------------
1
register a1
register a2
register a3
2
register a4
register c1
register t1
register ra1
3
4
5
6
agent notification: Time [clock=2, time=null]
Event sent to agent      a1 clock(2)
org notification: Time [clock=1, time=null]
org notified found Time [clock=1, time=null]
org notified sent time(1).
agent notification: Time [clock=3, time=null]
Event sent to agent      a3 clock(3)
agent notification: Time [clock=2, time=null]
Event sent to agent      a2 clock(2)
agent notification: Time [clock=3, time=null]
Error while procession organization notification
java.lang.NullPointerException
	at geoSenseMW.EnvGeoSense.createEntry(EnvGeoSense.java:329)
	at geoSenseMW.EnvGeoSense.handleCall(EnvGeoSense.java:230)
	at aplprolog.prolog.builtins.ExternalActions.call(ExternalActions.java:29)
	at aplprolog.prolog.BuiltIn.execute(BuiltIn.java:118)
	at aplprolog.prolog.Prolog.findNextRule(Prolog.java:234)
	at aplprolog.prolog.Prolog.prove(Prolog.java:186)
	at aplprolog.prolog.Prolog.query(Prolog.java:120)
	at oopl.DistributedOOPL.handleEvent(DistributedOOPL.java:59)
	at geoSenseMW.EnvGeoSense.notifyOrg(EnvGeoSense.java:692)
	at geoSenseMW.OrgHandler.notify(OrgHandler.java:31)
	at com.j_spaces.core.client.NotifyDelegator.notify(NotifyDelegator.java:142)
	at com.gigaspaces.events.fifo.BlockedOrderedQueue$NotifyFifoTask.dequeueAndTrigger(BlockedOrderedQueue.java:319)
	at com.gigaspaces.events.fifo.BlockedOrderedQueue$NotifyFifoTask.run(BlockedOrderedQueue.java:290)
	at com.gigaspaces.internal.utils.concurrent.RunnableContextClassLoaderDecorator.run(RunnableContextClassLoaderDecorator.java:40)
	at java.util.concurrent.ThreadPoolExecutor$Worker.runTask(ThreadPoolExecutor.java:895)
	at java.util.concurrent.ThreadPoolExecutor$Worker.run(ThreadPoolExecutor.java:918)
	at java.lang.Thread.run(Thread.java:695)
Event sent to agent      a2 clock(3)
agent notification: Time [clock=4, time=null]
Event sent to agent      a2 clock(4)
agent notification: Time [clock=5, time=null]
Event sent to agent      a2 clock(5)
agent notification: Time [clock=3, time=null]
Event sent to agent      c1 clock(3)
agent notification: Time [clock=4, time=null]
agent notification: Time [clock=3, time=null]
Event sent to agent      c1 clock(4)
org notification: Time [clock=2, time=null]
org notified found Time [clock=2, time=null]
org notified sent time(2).
agent notification: Time [clock=6, time=null]
Event sent to agent      a2 clock(6)
Event sent to agent      t1 clock(3)
agent notification: Time [clock=4, time=null]
Event sent to agent      t1 clock(4)
agent notification: Time [clock=5, time=null]
Event sent to agent      t1 clock(5)
agent notification: Time [clock=6, time=null]
Event sent to agent      t1 clock(6)
agent notification: Time [clock=4, time=null]
Event sent to agent      a3 clock(4)
agent notification: Time [clock=5, time=null]
agent notification: Time [clock=3, time=null]
agent notification: Time [clock=5, time=null]
Event sent to agent      a3 clock(5)
Event sent to agent      c1 clock(5)
agent notification: Time [clock=6, time=null]
agent notification: Time [clock=3, time=null]
Error while procession organization notification
java.lang.NullPointerException
	at geoSenseMW.EnvGeoSense.createEntry(EnvGeoSense.java:329)
	at geoSenseMW.EnvGeoSense.handleCall(EnvGeoSense.java:230)
	at aplprolog.prolog.builtins.ExternalActions.call(ExternalActions.java:29)
	at aplprolog.prolog.BuiltIn.execute(BuiltIn.java:118)
	at aplprolog.prolog.Prolog.findNextRule(Prolog.java:234)
	at aplprolog.prolog.Prolog.prove(Prolog.java:186)
	at aplprolog.prolog.Prolog.query(Prolog.java:120)
	at oopl.DistributedOOPL.handleEvent(DistributedOOPL.java:59)
	at geoSenseMW.EnvGeoSense.notifyOrg(EnvGeoSense.java:692)
	at geoSenseMW.OrgHandler.notify(OrgHandler.java:31)
	at com.j_spaces.core.client.NotifyDelegator.notify(NotifyDelegator.java:142)
	at com.gigaspaces.events.fifo.BlockedOrderedQueue$NotifyFifoTask.dequeueAndTrigger(BlockedOrderedQueue.java:319)
	at com.gigaspaces.events.fifo.BlockedOrderedQueue$NotifyFifoTask.run(BlockedOrderedQueue.java:290)
	at com.gigaspaces.internal.utils.concurrent.RunnableContextClassLoaderDecorator.run(RunnableContextClassLoaderDecorator.java:40)
	at java.util.concurrent.ThreadPoolExecutor$Worker.runTask(ThreadPoolExecutor.java:895)
	at java.util.concurrent.ThreadPoolExecutor$Worker.run(ThreadPoolExecutor.java:918)
	at java.lang.Thread.run(Thread.java:695)
Event sent to agent      a3 clock(6)
agent notification: Time [clock=6, time=null]
Event sent to agent      a1 clock(3)
org notification: Time [clock=3, time=null]
agent notification: Time [clock=4, time=null]
Event sent to agent      ra1 clock(3)
agent notification: Time [clock=3, time=null]
org notified found Time [clock=3, time=null]
Event sent to agent      c1 clock(6)
org notified sent time(3).
agent notification: Time [clock=4, time=null]
Event sent to agent      a1 clock(4)
Event sent to agent      ra1 clock(4)
Event sent to agent      a4 clock(3)
agent notification: Time [clock=5, time=null]
agent notification: Time [clock=4, time=null]
agent notification: Time [clock=5, time=null]
Event sent to agent      a1 clock(5)
Event sent to agent      ra1 clock(5)
agent notification: Time [clock=6, time=null]
Event sent to agent      a4 clock(4)
Event sent to agent      a1 clock(6)
agent notification: Time [clock=6, time=null]
agent notification: Time [clock=5, time=null]
Event sent to agent      ra1 clock(6)
Event sent to agent      a4 clock(5)
agent notification: Time [clock=6, time=null]
Event sent to agent      a4 clock(6)
org notification: Time [clock=4, time=null]
org notified found Time [clock=4, time=null]
org notified sent time(4).
org notification: Time [clock=5, time=null]
org notified found Time [clock=5, time=null]
org notified sent time(5).
org notification: Time [clock=6, time=null]
org notified found Time [clock=6, time=null]
org notified sent time(6).
7
agent notification: Time [clock=7, time=null]
agent notification: Time [clock=7, time=null]
Event sent to agent      c1 clock(7)
Event sent to agent      a1 clock(7)
agent notification: Time [clock=7, time=null]
agent notification: Time [clock=7, time=null]
agent notification: Time [clock=7, time=null]
Event sent to agent      ra1 clock(7)
Event sent to agent      a3 clock(7)
Event sent to agent      a2 clock(7)
agent notification: Time [clock=7, time=null]
agent notification: Time [clock=7, time=null]
Event sent to agent      t1 clock(7)
Event sent to agent      a4 clock(7)
org notification: Time [clock=7, time=null]
org notified found Time [clock=7, time=null]
org notified sent time(7).
8
agent notification: Time [clock=8, time=null]
agent notification: Time [clock=8, time=null]
Event sent to agent      a3 clock(8)
agent notification: Time [clock=8, time=null]
agent notification: Time [clock=8, time=null]
Event sent to agent      a1 clock(8)
Event sent to agent      ra1 clock(8)
agent notification: Time [clock=8, time=null]
Event sent to agent      a2 clock(8)
agent notification: Time [clock=8, time=null]
Event sent to agent      a4 clock(8)
Event sent to agent      t1 clock(8)
agent notification: Time [clock=8, time=null]
org notification: Time [clock=8, time=null]
org notified found Time [clock=8, time=null]
org notified sent time(8).
Event sent to agent      c1 clock(8)
9
agent notification: Time [clock=9, time=null]
Event sent to agent      c1 clock(9)
agent notification: Time [clock=9, time=null]
Event sent to agent      a2 clock(9)
agent notification: Time [clock=9, time=null]
agent notification: Time [clock=9, time=null]
Event sent to agent      t1 clock(9)
Event sent to agent      a3 clock(9)
agent notification: Time [clock=9, time=null]
Event sent to agent      a4 clock(9)
agent notification: Time [clock=9, time=null]
Event sent to agent      a1 clock(9)
agent notification: Time [clock=9, time=null]
Event sent to agent      ra1 clock(9)
org notification: Time [clock=9, time=null]
org notified found Time [clock=9, time=null]
org notified sent time(9).
10
agent notification: Time [clock=10, time=null]
agent notification: Time [clock=10, time=null]
agent notification: Time [clock=10, time=null]
Event sent to agent      a1 clock(10)
agent notification: Time [clock=10, time=null]
Event sent to agent      a4 clock(10)
org notification: Time [clock=10, time=null]
org notified found Time [clock=10, time=null]
org notified sent time(10).
agent notification: Time [clock=10, time=null]
Event sent to agent      ra1 clock(10)
Event sent to agent      t1 clock(10)
Event sent to agent      a3 clock(10)
agent notification: Time [clock=10, time=null]
Event sent to agent      c1 clock(10)
agent notification: Time [clock=10, time=null]
Event sent to agent      a2 clock(10)
11
agent notification: Time [clock=11, time=null]
agent notification: Time [clock=11, time=null]
Event sent to agent      c1 clock(11)
agent notification: Time [clock=11, time=null]
agent notification: Time [clock=11, time=null]
Event sent to agent      ra1 clock(11)
Event sent to agent      t1 clock(11)
Event sent to agent      a2 clock(11)
agent notification: Time [clock=11, time=null]
agent notification: Time [clock=11, time=null]
agent notification: Time [clock=11, time=null]
Event sent to agent      a1 clock(11)
Event sent to agent      a3 clock(11)
Event sent to agent      a4 clock(11)
org notification: Time [clock=11, time=null]
org notified found Time [clock=11, time=null]
org notified sent time(11).
12
agent notification: Time [clock=12, time=null]
org notification: Time [clock=12, time=null]
org notified found Time [clock=12, time=null]
agent notification: Time [clock=12, time=null]
agent notification: Time [clock=12, time=null]
Event sent to agent      a1 clock(12)
agent notification: Time [clock=12, time=null]
Event sent to agent      a3 clock(12)
Event sent to agent      a4 clock(12)
agent notification: Time [clock=12, time=null]
org notified sent time(12).
agent notification: Time [clock=12, time=null]
Event sent to agent      a2 clock(12)
Event sent to agent      t1 clock(12)
Event sent to agent      c1 clock(12)
agent notification: Time [clock=12, time=null]
Event sent to agent      ra1 clock(12)
Event processed UpdateClock(3)
Event processed UpdateClock(4)
Event processed UpdateClock(5)
Event processed UpdateClock(2)
Event processed UpdateClock(6)
Event processed UpdateClock(3)
Event processed UpdateClock(7)
Event processed UpdateClock(4)
Event processed UpdateClock(5)
Event processed UpdateClock(3)
Event processed UpdateClock(8)
Event processed UpdateClock(6)
Event processed UpdateClock(4)
Event processed UpdateClock(7)
Event processed UpdateClock(9)
Event processed UpdateClock(5)
Event processed UpdateClock(8)
Event processed UpdateClock(6)
Event processed UpdateClock(10)
Event processed UpdateClock(9)
Event processed UpdateClock(7)
Event processed UpdateClock(10)
Event processed UpdateClock(11)
Event processed UpdateClock(8)
Event processed UpdateClock(11)
Event processed UpdateClock(9)
Event processed UpdateClock(12)
Event processed UpdateClock(12)
Event processed UpdateClock(10)
Event processed UpdateClock(11)
Event processed UpdateClock(12)
Event processed UpdateClock(3)
Event processed UpdateClock(4)
Event processed UpdateClock(5)
Event processed UpdateClock(6)
Event processed UpdateClock(7)
Event processed UpdateClock(8)
Event processed UpdateClock(9)
Event processed UpdateClock(10)
Event processed UpdateClock(2)
Event processed UpdateClock(11)
Event processed UpdateClock(3)
Event processed UpdateClock(12)
Event processed UpdateClock(4)
Event processed UpdateClock(5)
Event processed UpdateClock(6)
Event processed UpdateClock(3)
Event processed UpdateClock(7)
Event processed UpdateClock(4)
Event processed UpdateClock(8)
Event processed UpdateClock(5)
Event processed UpdateClock(9)
Event processed UpdateClock(6)
Event processed UpdateClock(10)
Event processed UpdateClock(3)
Event processed UpdateClock(7)
Event processed UpdateClock(11)
Event processed UpdateClock(4)
Event processed UpdateClock(8)
Event processed UpdateClock(12)
Event processed UpdateClock(5)
Event processed UpdateClock(9)
Event processed UpdateClock(6)
Event processed UpdateClock(10)
Event processed UpdateClock(7)
Event processed UpdateClock(11)
Event processed UpdateClock(8)
Event processed UpdateClock(12)
Event processed UpdateClock(9)
Event processed UpdateClock(10)
Event processed UpdateClock(11)
Event processed UpdateClock(12)
13
agent notification: Time [clock=13, time=null]
Event sent to agent      a1 clock(13)
org notification: Time [clock=13, time=null]
org notified found Time [clock=13, time=null]
org notified sent time(13).
agent notification: Time [clock=13, time=null]
Event sent to agent      a3 clock(13)
agent notification: Time [clock=13, time=null]
agent notification: Time [clock=13, time=null]
Event sent to agent      ra1 clock(13)
Event sent to agent      a4 clock(13)
agent notification: Time [clock=13, time=null]
Event sent to agent      a2 clock(13)
agent notification: Time [clock=13, time=null]
Event sent to agent      t1 clock(13)
agent notification: Time [clock=13, time=null]
Event sent to agent      c1 clock(13)
Event processed UpdateClock(13)
Event processed UpdateClock(13)
Event processed UpdateClock(13)
Event processed UpdateClock(13)
Event processed UpdateClock(13)
Event processed UpdateClock(13)
Event processed UpdateClock(13)
14
agent notification: Time [clock=14, time=null]
agent notification: Time [clock=14, time=null]
org notification: Time [clock=14, time=null]
org notified found Time [clock=14, time=null]
Event sent to agent      t1 clock(14)
Event sent to agent      c1 clock(14)
agent notification: Time [clock=14, time=null]
agent notification: Time [clock=14, time=null]
Event sent to agent      a3 clock(14)
agent notification: Time [clock=14, time=null]
Event sent to agent      ra1 clock(14)
org notified sent time(14).
Event sent to agent      a1 clock(14)
agent notification: Time [clock=14, time=null]
Event sent to agent      a2 clock(14)
agent notification: Time [clock=14, time=null]
Event sent to agent      a4 clock(14)
Event processed UpdateClock(14)
Event processed UpdateClock(14)
Event processed UpdateClock(14)
Event processed UpdateClock(14)
Event processed UpdateClock(14)
Event processed UpdateClock(14)
Event processed UpdateClock(14)
org notification: Cargo [id=null, cell=Cell [x=19, y=19], time=2014-04-03 15:32:58.338, clock=12]
org notified found Cargo [id=null, cell=Cell [x=19, y=19], time=2014-04-03 15:32:58.338, clock=12]
org notified sent cargo(cell(19,19),12).
org notification: Coin [id=null, cell=Cell [x=8, y=6], subject=a1, time=2014-04-03 15:32:58.355, clock=12]
org notified found Coin [id=null, cell=Cell [x=8, y=6], subject=a1, time=2014-04-03 15:32:58.355, clock=12]
org notified sent coin(cell(8,6),12,a1).
org notification: Position [subject=a2, id=null, cell=Cell [x=7, y=19], time=2014-04-03 15:32:58.616, clock=13]
org notified found Position [subject=a2, id=null, cell=Cell [x=7, y=19], time=2014-04-03 15:32:58.616, clock=13]
org notified sent position(a2,cell(7,19),13).
15
agent notification: Time [clock=15, time=null]
Event sent to agent      a1 clock(15)
org notification: Time [clock=15, time=null]
org notified found Time [clock=15, time=null]
org notified sent time(15).
agent notification: Time [clock=15, time=null]
agent notification: Time [clock=15, time=null]
Event sent to agent      t1 clock(15)
agent notification: Time [clock=15, time=null]
agent notification: Time [clock=15, time=null]
agent notification: Time [clock=15, time=null]
Event sent to agent      a4 clock(15)
Event sent to agent      a2 clock(15)
Event sent to agent      ra1 clock(15)
agent notification: Time [clock=15, time=null]
Event sent to agent      c1 clock(15)
Event sent to agent      a3 clock(15)
org notification: Position [subject=a1, id=null, cell=Cell [x=3, y=4], time=2014-04-03 15:32:58.649, clock=13]
org notified found Position [subject=a1, id=null, cell=Cell [x=3, y=4], time=2014-04-03 15:32:58.649, clock=13]
org notified sent position(a1,cell(3,4),13).
Event processed UpdateClock(15)
Event processed UpdateClock(15)
Event processed UpdateClock(15)
Event processed UpdateClock(15)
Event processed UpdateClock(15)
Event processed UpdateClock(15)
Event processed UpdateClock(15)
16
agent notification: Time [clock=16, time=null]
org notification: Time [clock=16, time=null]
org notified found Time [clock=16, time=null]
org notified sent time(16).
agent notification: Time [clock=16, time=null]
agent notification: Time [clock=16, time=null]
Event sent to agent      a1 clock(16)
Event sent to agent      t1 clock(16)
Event sent to agent      a2 clock(16)
agent notification: Time [clock=16, time=null]
Event sent to agent      c1 clock(16)
agent notification: Time [clock=16, time=null]
agent notification: Time [clock=16, time=null]
Event sent to agent      a3 clock(16)
Event sent to agent      a4 clock(16)
agent notification: Time [clock=16, time=null]
Event sent to agent      ra1 clock(16)
org notification: Position [subject=a3, id=null, cell=Cell [x=11, y=2], time=2014-04-03 15:32:59.177, clock=14]
org notified found Position [subject=a3, id=null, cell=Cell [x=11, y=2], time=2014-04-03 15:32:59.177, clock=14]
org notified sent position(a3,cell(11,2),14).
Event processed UpdateClock(16)
Event processed UpdateClock(16)
Event processed UpdateClock(16)
Event processed UpdateClock(16)
Event processed UpdateClock(16)
Event processed UpdateClock(16)
Event processed UpdateClock(16)
org notification: Coin [id=null, cell=Cell [x=16, y=16], subject=a2, time=2014-04-03 15:32:59.406, clock=15]
org notified found Coin [id=null, cell=Cell [x=16, y=16], subject=a2, time=2014-04-03 15:32:59.406, clock=15]
org notified sent coin(cell(16,16),15,a2).
org notification: Position [subject=t1, id=null, cell=Cell [x=18, y=19], time=2014-04-03 15:32:59.627, clock=15]
org notified found Position [subject=t1, id=null, cell=Cell [x=18, y=19], time=2014-04-03 15:32:59.627, clock=15]
org notified sent position(t1,cell(18,19),15).
org notification: Position [subject=a2, id=null, cell=Cell [x=6, y=19], time=2014-04-03 15:32:59.635, clock=15]
org notified found Position [subject=a2, id=null, cell=Cell [x=6, y=19], time=2014-04-03 15:32:59.635, clock=15]
org notified sent position(a2,cell(6,19),15).
17
agent notification: Time [clock=17, time=null]
org notification: Time [clock=17, time=null]
org notified found Time [clock=17, time=null]
org notified sent time(17).
agent notification: Time [clock=17, time=null]
agent notification: Time [clock=17, time=null]
Event sent to agent      a2 clock(17)
Event sent to agent      t1 clock(17)
Event sent to agent      a1 clock(17)
agent notification: Time [clock=17, time=null]
Event sent to agent      ra1 clock(17)
agent notification: Time [clock=17, time=null]
Event sent to agent      a4 clock(17)
agent notification: Time [clock=17, time=null]
agent notification: Time [clock=17, time=null]
Event sent to agent      a3 clock(17)
Event sent to agent      c1 clock(17)
org notification: Position [subject=a1, id=null, cell=Cell [x=3, y=5], time=2014-04-03 15:32:59.665, clock=15]
org notified found Position [subject=a1, id=null, cell=Cell [x=3, y=5], time=2014-04-03 15:32:59.665, clock=15]
org notified sent position(a1,cell(3,5),15).
Event processed UpdateClock(17)
Event processed UpdateClock(17)
Event processed UpdateClock(17)
Event processed UpdateClock(17)
Event processed UpdateClock(17)
Event processed UpdateClock(17)
Event processed UpdateClock(17)
18
agent notification: Time [clock=18, time=null]
org notification: Time [clock=18, time=null]
org notified found Time [clock=18, time=null]
Event sent to agent      a1 clock(18)
agent notification: Time [clock=18, time=null]
agent notification: Time [clock=18, time=null]
Event sent to agent      t1 clock(18)
org notified sent time(18).
agent notification: Time [clock=18, time=null]
agent notification: Time [clock=18, time=null]
Event sent to agent      ra1 clock(18)
Event sent to agent      a2 clock(18)
Event sent to agent      a3 clock(18)
agent notification: Time [clock=18, time=null]
Event sent to agent      a4 clock(18)
agent notification: Time [clock=18, time=null]
Event sent to agent      c1 clock(18)
org notification: Position [subject=a3, id=null, cell=Cell [x=11, y=3], time=2014-04-03 15:33:00.165, clock=16]
org notified found Position [subject=a3, id=null, cell=Cell [x=11, y=3], time=2014-04-03 15:33:00.165, clock=16]
org notified sent position(a3,cell(11,3),16).
Event processed UpdateClock(18)
Event processed UpdateClock(18)
Event processed UpdateClock(18)
Event processed UpdateClock(18)
Event processed UpdateClock(18)
Event processed UpdateClock(18)
Event processed UpdateClock(18)
org notification: Coin [id=null, cell=Cell [x=2, y=2], subject=a3, time=2014-04-03 15:33:00.369, clock=17]
org notified found Coin [id=null, cell=Cell [x=2, y=2], subject=a3, time=2014-04-03 15:33:00.369, clock=17]
org notified sent coin(cell(2,2),17,a3).
org notification: Position [subject=t1, id=null, cell=Cell [x=17, y=19], time=2014-04-03 15:33:00.599, clock=17]
org notified found Position [subject=t1, id=null, cell=Cell [x=17, y=19], time=2014-04-03 15:33:00.599, clock=17]
org notified sent position(t1,cell(17,19),17).
org notification: Position [subject=a2, id=null, cell=Cell [x=6, y=18], time=2014-04-03 15:33:00.612, clock=17]
org notified found Position [subject=a2, id=null, cell=Cell [x=6, y=18], time=2014-04-03 15:33:00.612, clock=17]
org notified sent position(a2,cell(6,18),17).
org notification: Position [subject=a1, id=null, cell=Cell [x=4, y=5], time=2014-04-03 15:33:00.635, clock=17]
org notified found Position [subject=a1, id=null, cell=Cell [x=4, y=5], time=2014-04-03 15:33:00.635, clock=17]
org notified sent position(a1,cell(4,5),17).
19
agent notification: Time [clock=19, time=null]
Event sent to agent      a1 clock(19)
org notification: Time [clock=19, time=null]
org notified found Time [clock=19, time=null]
org notified sent time(19).
agent notification: Time [clock=19, time=null]
Event sent to agent      c1 clock(19)
agent notification: Time [clock=19, time=null]
agent notification: Time [clock=19, time=null]
Event sent to agent      a2 clock(19)
Event sent to agent      t1 clock(19)
agent notification: Time [clock=19, time=null]
Event sent to agent      ra1 clock(19)
agent notification: Time [clock=19, time=null]
agent notification: Time [clock=19, time=null]
Event sent to agent      a4 clock(19)
Event sent to agent      a3 clock(19)
Event processed UpdateClock(19)
Event processed UpdateClock(19)
Event processed UpdateClock(19)
Event processed UpdateClock(19)
Event processed UpdateClock(19)
Event processed UpdateClock(19)
Event processed UpdateClock(19)
20
org notification: Time [clock=20, time=null]
org notified found Time [clock=20, time=null]
org notified sent time(20).
agent notification: Time [clock=20, time=null]
agent notification: Time [clock=20, time=null]
Event sent to agent      a2 clock(20)
Event sent to agent      a1 clock(20)
agent notification: Time [clock=20, time=null]
Event sent to agent      t1 clock(20)
agent notification: Time [clock=20, time=null]
agent notification: Time [clock=20, time=null]
agent notification: Time [clock=20, time=null]
Event sent to agent      ra1 clock(20)
Event sent to agent      a4 clock(20)
Event sent to agent      a3 clock(20)
agent notification: Time [clock=20, time=null]
Event sent to agent      c1 clock(20)
org notification: Position [subject=a3, id=null, cell=Cell [x=11, y=4], time=2014-04-03 15:33:01.174, clock=18]
org notified found Position [subject=a3, id=null, cell=Cell [x=11, y=4], time=2014-04-03 15:33:01.174, clock=18]
org notified sent position(a3,cell(11,4),18).
Event processed UpdateClock(20)
Event processed UpdateClock(20)
Event processed UpdateClock(20)
Event processed UpdateClock(20)
Event processed UpdateClock(20)
Event processed UpdateClock(20)
Event processed UpdateClock(20)
21
agent notification: Time [clock=21, time=null]
Event sent to agent      a1 clock(21)
agent notification: Time [clock=21, time=null]
Event sent to agent      c1 clock(21)
agent notification: Time [clock=21, time=null]
agent notification: Time [clock=21, time=null]
agent notification: Time [clock=21, time=null]
Event sent to agent      t1 clock(21)
Event sent to agent      a4 clock(21)
Event sent to agent      a2 clock(21)
org notification: Time [clock=21, time=null]
org notified found Time [clock=21, time=null]
org notified sent time(21).
agent notification: Time [clock=21, time=null]
agent notification: Time [clock=21, time=null]
Event sent to agent      ra1 clock(21)
Event sent to agent      a3 clock(21)
org notification: Position [subject=t1, id=null, cell=Cell [x=16, y=19], time=2014-04-03 15:33:01.701, clock=19]
org notified found Position [subject=t1, id=null, cell=Cell [x=16, y=19], time=2014-04-03 15:33:01.701, clock=19]
org notified sent position(t1,cell(16,19),19).
org notification: Position [subject=a2, id=null, cell=Cell [x=6, y=17], time=2014-04-03 15:33:01.711, clock=19]
org notified found Position [subject=a2, id=null, cell=Cell [x=6, y=17], time=2014-04-03 15:33:01.711, clock=19]
org notified sent position(a2,cell(6,17),19).
org notification: Position [subject=a1, id=null, cell=Cell [x=5, y=5], time=2014-04-03 15:33:01.733, clock=19]
org notified found Position [subject=a1, id=null, cell=Cell [x=5, y=5], time=2014-04-03 15:33:01.733, clock=19]
org notified sent position(a1,cell(5,5),19).
Event processed UpdateClock(21)
Event processed UpdateClock(21)
Event processed UpdateClock(21)
Event processed UpdateClock(21)
Event processed UpdateClock(21)
Event processed UpdateClock(21)
Event processed UpdateClock(21)
22
agent notification: Time [clock=22, time=null]
org notification: Time [clock=22, time=null]
agent notification: Time [clock=22, time=null]
Event sent to agent      a1 clock(22)
org notified found Time [clock=22, time=null]
org notified sent time(22).
Event sent to agent      a3 clock(22)
agent notification: Time [clock=22, time=null]
Event sent to agent      ra1 clock(22)
agent notification: Time [clock=22, time=null]
Event sent to agent      a4 clock(22)
agent notification: Time [clock=22, time=null]
agent notification: Time [clock=22, time=null]
Event sent to agent      t1 clock(22)
Event sent to agent      a2 clock(22)
agent notification: Time [clock=22, time=null]
Event sent to agent      c1 clock(22)
org notification: Position [subject=a3, id=null, cell=Cell [x=11, y=5], time=2014-04-03 15:33:02.173, clock=20]
org notified found Position [subject=a3, id=null, cell=Cell [x=11, y=5], time=2014-04-03 15:33:02.173, clock=20]
org notified sent position(a3,cell(11,5),20).
Event processed UpdateClock(22)
Event processed UpdateClock(22)
Event processed UpdateClock(22)
Event processed UpdateClock(22)
Event processed UpdateClock(22)
Event processed UpdateClock(22)
Event processed UpdateClock(22)
org notification: Position [subject=t1, id=null, cell=Cell [x=15, y=19], time=2014-04-03 15:33:02.642, clock=21]
org notified found Position [subject=t1, id=null, cell=Cell [x=15, y=19], time=2014-04-03 15:33:02.642, clock=21]
org notified sent position(t1,cell(15,19),21).
org notification: Position [subject=a2, id=null, cell=Cell [x=6, y=16], time=2014-04-03 15:33:02.652, clock=21]
org notified found Position [subject=a2, id=null, cell=Cell [x=6, y=16], time=2014-04-03 15:33:02.652, clock=21]
org notified sent position(a2,cell(6,16),21).
23
org notification: Time [clock=23, time=null]
org notified found Time [clock=23, time=null]
org notified sent time(23).
agent notification: Time [clock=23, time=null]
agent notification: Time [clock=23, time=null]
Event sent to agent      c1 clock(23)
agent notification: Time [clock=23, time=null]
agent notification: Time [clock=23, time=null]
Event sent to agent      a2 clock(23)
Event sent to agent      ra1 clock(23)
Event sent to agent      t1 clock(23)
agent notification: Time [clock=23, time=null]
agent notification: Time [clock=23, time=null]
Event sent to agent      a4 clock(23)
Event sent to agent      a3 clock(23)
agent notification: Time [clock=23, time=null]
Event sent to agent      a1 clock(23)
Event processed UpdateClock(23)
Event processed UpdateClock(23)
Event processed UpdateClock(23)
Event processed UpdateClock(23)
Event processed UpdateClock(23)
Event processed UpdateClock(23)
Event processed UpdateClock(23)
org notification: Position [subject=a3, id=null, cell=Cell [x=11, y=6], time=2014-04-03 15:33:03.072, clock=22]
org notified found Position [subject=a3, id=null, cell=Cell [x=11, y=6], time=2014-04-03 15:33:03.072, clock=22]
org notified sent position(a3,cell(11,6),22).
24
agent notification: Time [clock=24, time=null]
agent notification: Time [clock=24, time=null]
agent notification: Time [clock=24, time=null]
agent notification: Time [clock=24, time=null]
agent notification: Time [clock=24, time=null]
Event sent to agent      a4 clock(24)
Event sent to agent      t1 clock(24)
agent notification: Time [clock=24, time=null]
org notification: Time [clock=24, time=null]
Event sent to agent      a3 clock(24)
Event sent to agent      a2 clock(24)
Event sent to agent      a1 clock(24)
Event sent to agent      ra1 clock(24)
org notified found Time [clock=24, time=null]
org notified sent time(24).
agent notification: Time [clock=24, time=null]
Event sent to agent      c1 clock(24)
Event processed UpdateClock(24)
Event processed UpdateClock(24)
Event processed UpdateClock(24)
Event processed UpdateClock(24)
Event processed UpdateClock(24)
Event processed UpdateClock(24)
Event processed UpdateClock(24)
org notification: Position [subject=t1, id=null, cell=Cell [x=14, y=19], time=2014-04-03 15:33:03.491, clock=23]
org notified found Position [subject=t1, id=null, cell=Cell [x=14, y=19], time=2014-04-03 15:33:03.491, clock=23]
org notified sent position(t1,cell(14,19),23).
org notification: Position [subject=a2, id=null, cell=Cell [x=6, y=15], time=2014-04-03 15:33:03.506, clock=23]
org notified found Position [subject=a2, id=null, cell=Cell [x=6, y=15], time=2014-04-03 15:33:03.506, clock=23]
org notified sent position(a2,cell(6,15),23).
org notification: Position [subject=a1, id=null, cell=Cell [x=5, y=6], time=2014-04-03 15:33:03.53, clock=23]
org notified found Position [subject=a1, id=null, cell=Cell [x=5, y=6], time=2014-04-03 15:33:03.53, clock=23]
org notified sent position(a1,cell(5,6),23).
25
org notification: Time [clock=25, time=null]
org notified found Time [clock=25, time=null]
org notified sent time(25).
agent notification: Time [clock=25, time=null]
Event sent to agent      c1 clock(25)
agent notification: Time [clock=25, time=null]
Event sent to agent      a2 clock(25)
agent notification: Time [clock=25, time=null]
Event sent to agent      ra1 clock(25)
agent notification: Time [clock=25, time=null]
Event sent to agent      a3 clock(25)
agent notification: Time [clock=25, time=null]
Event sent to agent      a4 clock(25)
agent notification: Time [clock=25, time=null]
Event sent to agent      t1 clock(25)
agent notification: Time [clock=25, time=null]
Event sent to agent      a1 clock(25)
Event processed UpdateClock(25)
Event processed UpdateClock(25)
Event processed UpdateClock(25)
Event processed UpdateClock(25)
Event processed UpdateClock(25)
Event processed UpdateClock(25)
Event processed UpdateClock(25)
org notification: Position [subject=a3, id=null, cell=Cell [x=11, y=7], time=2014-04-03 15:33:04.085, clock=24]
org notified found Position [subject=a3, id=null, cell=Cell [x=11, y=7], time=2014-04-03 15:33:04.085, clock=24]
org notified sent position(a3,cell(11,7),24).
26
agent notification: Time [clock=26, time=null]
agent notification: Time [clock=26, time=null]
Event sent to agent      a2 clock(26)
Event sent to agent      a4 clock(26)
agent notification: Time [clock=26, time=null]
Event sent to agent      t1 clock(26)
org notification: Time [clock=26, time=null]
org notified found Time [clock=26, time=null]
org notified sent time(26).
agent notification: Time [clock=26, time=null]
agent notification: Time [clock=26, time=null]
Event sent to agent      c1 clock(26)
Event sent to agent      a1 clock(26)
agent notification: Time [clock=26, time=null]
Event sent to agent      a3 clock(26)
agent notification: Time [clock=26, time=null]
Event sent to agent      ra1 clock(26)
Event processed UpdateClock(26)
Event processed UpdateClock(26)
Event processed UpdateClock(26)
Event processed UpdateClock(26)
Event processed UpdateClock(26)
Event processed UpdateClock(26)
Event processed UpdateClock(26)
org notification: Position [subject=t1, id=null, cell=Cell [x=13, y=19], time=2014-04-03 15:33:04.507, clock=25]
org notified found Position [subject=t1, id=null, cell=Cell [x=13, y=19], time=2014-04-03 15:33:04.507, clock=25]
org notified sent position(t1,cell(13,19),25).
org notification: Position [subject=a2, id=null, cell=Cell [x=6, y=14], time=2014-04-03 15:33:04.52, clock=25]
org notified found Position [subject=a2, id=null, cell=Cell [x=6, y=14], time=2014-04-03 15:33:04.52, clock=25]
org notified sent position(a2,cell(6,14),25).
org notification: Position [subject=a1, id=null, cell=Cell [x=6, y=6], time=2014-04-03 15:33:04.542, clock=25]
org notified found Position [subject=a1, id=null, cell=Cell [x=6, y=6], time=2014-04-03 15:33:04.542, clock=25]
org notified sent position(a1,cell(6,6),25).
27
agent notification: Time [clock=27, time=null]
Event sent to agent      a2 clock(27)
agent notification: Time [clock=27, time=null]
agent notification: Time [clock=27, time=null]
agent notification: Time [clock=27, time=null]
Event sent to agent      c1 clock(27)
agent notification: Time [clock=27, time=null]
agent notification: Time [clock=27, time=null]
Event sent to agent      t1 clock(27)
Event sent to agent      a3 clock(27)
agent notification: Time [clock=27, time=null]
Event sent to agent      a4 clock(27)
Event sent to agent      a1 clock(27)
Event sent to agent      ra1 clock(27)
org notification: Time [clock=27, time=null]
org notified found Time [clock=27, time=null]
org notified sent time(27).
Event processed UpdateClock(27)
Event processed UpdateClock(27)
Event processed UpdateClock(27)
Event processed UpdateClock(27)
Event processed UpdateClock(27)
Event processed UpdateClock(27)
Event processed UpdateClock(27)
org notification: Position [subject=a3, id=null, cell=Cell [x=11, y=8], time=2014-04-03 15:33:04.959, clock=26]
org notified found Position [subject=a3, id=null, cell=Cell [x=11, y=8], time=2014-04-03 15:33:04.959, clock=26]
org notified sent position(a3,cell(11,8),26).
28
agent notification: Time [clock=28, time=null]
agent notification: Time [clock=28, time=null]
org notification: Time [clock=28, time=null]
Event sent to agent      t1 clock(28)
Event sent to agent      a3 clock(28)
org notified found Time [clock=28, time=null]
org notified sent time(28).
agent notification: Time [clock=28, time=null]
Event sent to agent      a2 clock(28)
agent notification: Time [clock=28, time=null]
Event sent to agent      a4 clock(28)
agent notification: Time [clock=28, time=null]
agent notification: Time [clock=28, time=null]
Event sent to agent      ra1 clock(28)
Event sent to agent      a1 clock(28)
agent notification: Time [clock=28, time=null]
Event sent to agent      c1 clock(28)
Event processed UpdateClock(28)
Event processed UpdateClock(28)
Event processed UpdateClock(28)
Event processed UpdateClock(28)
Event processed UpdateClock(28)
Event processed UpdateClock(28)
org notification: Position [subject=t1, id=null, cell=Cell [x=12, y=19], time=2014-04-03 15:33:05.38, clock=27]
org notified found Position [subject=t1, id=null, cell=Cell [x=12, y=19], time=2014-04-03 15:33:05.38, clock=27]
org notified sent position(t1,cell(12,19),27).
org notification: Position [subject=a2, id=null, cell=Cell [x=6, y=13], time=2014-04-03 15:33:05.388, clock=27]
org notified found Position [subject=a2, id=null, cell=Cell [x=6, y=13], time=2014-04-03 15:33:05.388, clock=27]
org notified sent position(a2,cell(6,13),27).
Event processed UpdateClock(28)
29
org notification: Time [clock=29, time=null]
org notified found Time [clock=29, time=null]
org notified sent time(29).
agent notification: Time [clock=29, time=null]
agent notification: Time [clock=29, time=null]
agent notification: Time [clock=29, time=null]
Event sent to agent      t1 clock(29)
Event sent to agent      ra1 clock(29)
Event sent to agent      a2 clock(29)
agent notification: Time [clock=29, time=null]
agent notification: Time [clock=29, time=null]
agent notification: Time [clock=29, time=null]
agent notification: Time [clock=29, time=null]
Event sent to agent      a4 clock(29)
Event sent to agent      c1 clock(29)
Event sent to agent      a3 clock(29)
Event sent to agent      a1 clock(29)
Event processed UpdateClock(29)
org notification: Position [subject=a3, id=null, cell=Cell [x=11, y=9], time=2014-04-03 15:33:05.802, clock=28]
org notified found Position [subject=a3, id=null, cell=Cell [x=11, y=9], time=2014-04-03 15:33:05.802, clock=28]
org notified sent position(a3,cell(11,9),28).
Event processed UpdateClock(29)
Event processed UpdateClock(29)
Event processed UpdateClock(29)
Event processed UpdateClock(29)
Event processed UpdateClock(29)
Event processed UpdateClock(29)
30
org notification: Time [clock=30, time=null]
org notified found Time [clock=30, time=null]
org notified sent time(30).
agent notification: Time [clock=30, time=null]
agent notification: Time [clock=30, time=null]
agent notification: Time [clock=30, time=null]
Event sent to agent      a4 clock(30)
Event sent to agent      t1 clock(30)
agent notification: Time [clock=30, time=null]
Event sent to agent      ra1 clock(30)
Event sent to agent      a3 clock(30)
agent notification: Time [clock=30, time=null]
agent notification: Time [clock=30, time=null]
agent notification: Time [clock=30, time=null]
Event sent to agent      c1 clock(30)
Event sent to agent      a2 clock(30)
Event sent to agent      a1 clock(30)
org notification: Position [subject=t1, id=null, cell=Cell [x=11, y=19], time=2014-04-03 15:33:06.195, clock=28]
org notified found Position [subject=t1, id=null, cell=Cell [x=11, y=19], time=2014-04-03 15:33:06.195, clock=28]
org notified sent position(t1,cell(11,19),28).
org notification: Position [subject=a2, id=null, cell=Cell [x=6, y=12], time=2014-04-03 15:33:06.203, clock=28]
org notified found Position [subject=a2, id=null, cell=Cell [x=6, y=12], time=2014-04-03 15:33:06.203, clock=28]
org notified sent position(a2,cell(6,12),28).
Event processed UpdateClock(30)
Event processed UpdateClock(30)
Event processed UpdateClock(30)
Event processed UpdateClock(30)
Event processed UpdateClock(30)
Event processed UpdateClock(30)
Event processed UpdateClock(30)
org notification: Position [subject=a3, id=null, cell=Cell [x=11, y=10], time=2014-04-03 15:33:06.611, clock=29]
org notified found Position [subject=a3, id=null, cell=Cell [x=11, y=10], time=2014-04-03 15:33:06.611, clock=29]
org notified sent position(a3,cell(11,10),29).
31
agent notification: Time [clock=31, time=null]
org notification: Time [clock=31, time=null]
org notified found Time [clock=31, time=null]
org notified sent time(31).
agent notification: Time [clock=31, time=null]
agent notification: Time [clock=31, time=null]
Event sent to agent      a4 clock(31)
agent notification: Time [clock=31, time=null]
Event sent to agent      c1 clock(31)
agent notification: Time [clock=31, time=null]
Event sent to agent      a1 clock(31)
Event sent to agent      ra1 clock(31)
Event sent to agent      a3 clock(31)
agent notification: Time [clock=31, time=null]
Event sent to agent      a2 clock(31)
agent notification: Time [clock=31, time=null]
Event sent to agent      t1 clock(31)
Event processed UpdateClock(31)
Event processed UpdateClock(31)
Event processed UpdateClock(31)
Event processed UpdateClock(31)
Event processed UpdateClock(31)
Event processed UpdateClock(31)
Event processed UpdateClock(31)
org notification: Position [subject=t1, id=null, cell=Cell [x=10, y=19], time=2014-04-03 15:33:06.966, clock=30]
org notified found Position [subject=t1, id=null, cell=Cell [x=10, y=19], time=2014-04-03 15:33:06.966, clock=30]
org notified sent position(t1,cell(10,19),30).
org notification: Position [subject=a2, id=null, cell=Cell [x=6, y=11], time=2014-04-03 15:33:06.975, clock=30]
org notified found Position [subject=a2, id=null, cell=Cell [x=6, y=11], time=2014-04-03 15:33:06.975, clock=30]
org notified sent position(a2,cell(6,11),30).
32
org notification: Time [clock=32, time=null]
org notified found Time [clock=32, time=null]
org notified sent time(32).
agent notification: Time [clock=32, time=null]
agent notification: Time [clock=32, time=null]
Event sent to agent      a2 clock(32)
agent notification: Time [clock=32, time=null]
Event sent to agent      c1 clock(32)
Event sent to agent      ra1 clock(32)
agent notification: Time [clock=32, time=null]
agent notification: Time [clock=32, time=null]
Event sent to agent      t1 clock(32)
Event sent to agent      a4 clock(32)
agent notification: Time [clock=32, time=null]
Event sent to agent      a3 clock(32)
agent notification: Time [clock=32, time=null]
Event sent to agent      a1 clock(32)
Event processed UpdateClock(32)
Event processed UpdateClock(32)
Event processed UpdateClock(32)
Event processed UpdateClock(32)
Event processed UpdateClock(32)
org notification: Position [subject=a3, id=null, cell=Cell [x=11, y=11], time=2014-04-03 15:33:07.41, clock=31]
org notified found Position [subject=a3, id=null, cell=Cell [x=11, y=11], time=2014-04-03 15:33:07.41, clock=31]
org notified sent position(a3,cell(11,11),31).
Event processed UpdateClock(32)
Event processed UpdateClock(32)
33
org notification: Time [clock=33, time=null]
org notified found Time [clock=33, time=null]
org notified sent time(33).
agent notification: Time [clock=33, time=null]
agent notification: Time [clock=33, time=null]
agent notification: Time [clock=33, time=null]
Event sent to agent      ra1 clock(33)
Event sent to agent      a4 clock(33)
Event sent to agent      a2 clock(33)
agent notification: Time [clock=33, time=null]
agent notification: Time [clock=33, time=null]
Event sent to agent      c1 clock(33)
Event sent to agent      a1 clock(33)
agent notification: Time [clock=33, time=null]
Event sent to agent      a3 clock(33)
agent notification: Time [clock=33, time=null]
Event sent to agent      t1 clock(33)
org notification: Position [subject=t1, id=null, cell=Cell [x=9, y=19], time=2014-04-03 15:33:07.757, clock=32]
org notified found Position [subject=t1, id=null, cell=Cell [x=9, y=19], time=2014-04-03 15:33:07.757, clock=32]
org notified sent position(t1,cell(9,19),32).
org notification: Position [subject=a2, id=null, cell=Cell [x=6, y=10], time=2014-04-03 15:33:07.767, clock=32]
org notified found Position [subject=a2, id=null, cell=Cell [x=6, y=10], time=2014-04-03 15:33:07.767, clock=32]
org notified sent position(a2,cell(6,10),32).
Event processed UpdateClock(33)
Event processed UpdateClock(33)
Event processed UpdateClock(33)
Event processed UpdateClock(33)
Event processed UpdateClock(33)
Event processed UpdateClock(33)
Event processed UpdateClock(33)
org notification: Position [subject=a3, id=null, cell=Cell [x=11, y=12], time=2014-04-03 15:33:08.161, clock=32]
org notified found Position [subject=a3, id=null, cell=Cell [x=11, y=12], time=2014-04-03 15:33:08.161, clock=32]
org notified sent position(a3,cell(11,12),32).
34
org notification: Time [clock=34, time=null]
org notified found Time [clock=34, time=null]
org notified sent time(34).
agent notification: Time [clock=34, time=null]
agent notification: Time [clock=34, time=null]
Event sent to agent      a2 clock(34)
Event sent to agent      a1 clock(34)
agent notification: Time [clock=34, time=null]
agent notification: Time [clock=34, time=null]
Event sent to agent      c1 clock(34)
agent notification: Time [clock=34, time=null]
Event sent to agent      a4 clock(34)
Event sent to agent      a3 clock(34)
agent notification: Time [clock=34, time=null]
agent notification: Time [clock=34, time=null]
Event sent to agent      t1 clock(34)
Event sent to agent      ra1 clock(34)
Event processed UpdateClock(34)
Event processed UpdateClock(34)
Event processed UpdateClock(34)
Event processed UpdateClock(34)
Event processed UpdateClock(34)
Event processed UpdateClock(34)
Event processed UpdateClock(34)
org notification: Position [subject=t1, id=null, cell=Cell [x=8, y=19], time=2014-04-03 15:33:08.504, clock=33]
org notified found Position [subject=t1, id=null, cell=Cell [x=8, y=19], time=2014-04-03 15:33:08.504, clock=33]
org notified sent position(t1,cell(8,19),33).
org notification: Position [subject=a2, id=null, cell=Cell [x=6, y=9], time=2014-04-03 15:33:08.509, clock=33]
org notified found Position [subject=a2, id=null, cell=Cell [x=6, y=9], time=2014-04-03 15:33:08.509, clock=33]
org notified sent position(a2,cell(6,9),33).
35
org notification: Time [clock=35, time=null]
org notified found Time [clock=35, time=null]
agent notification: Time [clock=35, time=null]
agent notification: Time [clock=35, time=null]
agent notification: Time [clock=35, time=null]
Event sent to agent      a1 clock(35)
Event sent to agent      t1 clock(35)
org notified sent time(35).
Event sent to agent      a2 clock(35)
agent notification: Time [clock=35, time=null]
Event sent to agent      ra1 clock(35)
agent notification: Time [clock=35, time=null]
agent notification: Time [clock=35, time=null]
Event sent to agent      c1 clock(35)
Event sent to agent      a4 clock(35)
agent notification: Time [clock=35, time=null]
Event sent to agent      a3 clock(35)
Event processed UpdateClock(35)
Event processed UpdateClock(35)
Event processed UpdateClock(35)
Event processed UpdateClock(35)
Event processed UpdateClock(35)
Event processed UpdateClock(35)
org notification: Position [subject=a3, id=null, cell=Cell [x=11, y=13], time=2014-04-03 15:33:08.888, clock=34]
org notified found Position [subject=a3, id=null, cell=Cell [x=11, y=13], time=2014-04-03 15:33:08.888, clock=34]
org notified sent position(a3,cell(11,13),34).
Event processed UpdateClock(35)
36
org notification: Time [clock=36, time=null]
agent notification: Time [clock=36, time=null]
Event sent to agent      a1 clock(36)
agent notification: Time [clock=36, time=null]
agent notification: Time [clock=36, time=null]
org notified found Time [clock=36, time=null]
org notified sent time(36).
agent notification: Time [clock=36, time=null]
Event sent to agent      t1 clock(36)
agent notification: Time [clock=36, time=null]
Event sent to agent      ra1 clock(36)
Event sent to agent      a2 clock(36)
Event sent to agent      a3 clock(36)
agent notification: Time [clock=36, time=null]
Event sent to agent      a4 clock(36)
agent notification: Time [clock=36, time=null]
Event sent to agent      c1 clock(36)
org notification: Position [subject=t1, id=null, cell=Cell [x=7, y=19], time=2014-04-03 15:33:09.223, clock=35]
org notified found Position [subject=t1, id=null, cell=Cell [x=7, y=19], time=2014-04-03 15:33:09.223, clock=35]
org notified sent position(t1,cell(7,19),35).
Event processed UpdateClock(36)
org notification: Position [subject=a2, id=null, cell=Cell [x=6, y=8], time=2014-04-03 15:33:09.235, clock=35]
org notified found Position [subject=a2, id=null, cell=Cell [x=6, y=8], time=2014-04-03 15:33:09.235, clock=35]
org notified sent position(a2,cell(6,8),35).
Event processed UpdateClock(36)
Event processed UpdateClock(36)
Event processed UpdateClock(36)
Event processed UpdateClock(36)
Event processed UpdateClock(36)
Event processed UpdateClock(36)
org notification: Position [subject=a3, id=null, cell=Cell [x=11, y=14], time=2014-04-03 15:33:09.612, clock=35]
org notified found Position [subject=a3, id=null, cell=Cell [x=11, y=14], time=2014-04-03 15:33:09.612, clock=35]
org notified sent position(a3,cell(11,14),35).
37
org notification: Time [clock=37, time=null]
org notified found Time [clock=37, time=null]
org notified sent time(37).
agent notification: Time [clock=37, time=null]
agent notification: Time [clock=37, time=null]
Event sent to agent      a2 clock(37)
agent notification: Time [clock=37, time=null]
Event sent to agent      a1 clock(37)
agent notification: Time [clock=37, time=null]
Event sent to agent      a4 clock(37)
agent notification: Time [clock=37, time=null]
Event sent to agent      t1 clock(37)
Event sent to agent      a3 clock(37)
agent notification: Time [clock=37, time=null]
agent notification: Time [clock=37, time=null]
Event sent to agent      c1 clock(37)
Event sent to agent      ra1 clock(37)
Event processed UpdateClock(37)
Event processed UpdateClock(37)
Event processed UpdateClock(37)
Event processed UpdateClock(37)
Event processed UpdateClock(37)
Event processed UpdateClock(37)
Event processed UpdateClock(37)
org notification: Position [subject=t1, id=null, cell=Cell [x=6, y=19], time=2014-04-03 15:33:09.982, clock=36]
org notified found Position [subject=t1, id=null, cell=Cell [x=6, y=19], time=2014-04-03 15:33:09.982, clock=36]
org notified sent position(t1,cell(6,19),36).
org notification: Position [subject=a2, id=null, cell=Cell [x=6, y=7], time=2014-04-03 15:33:09.989, clock=36]
org notified found Position [subject=a2, id=null, cell=Cell [x=6, y=7], time=2014-04-03 15:33:09.989, clock=36]
org notified sent position(a2,cell(6,7),36).
38
agent notification: Time [clock=38, time=null]
org notification: Time [clock=38, time=null]
org notified found Time [clock=38, time=null]
Event sent to agent      a1 clock(38)
agent notification: Time [clock=38, time=null]
Event sent to agent      c1 clock(38)
agent notification: Time [clock=38, time=null]
agent notification: Time [clock=38, time=null]
Event sent to agent      t1 clock(38)
agent notification: Time [clock=38, time=null]
Event sent to agent      a4 clock(38)
org notified sent time(38).
agent notification: Time [clock=38, time=null]
agent notification: Time [clock=38, time=null]
Event sent to agent      a2 clock(38)
Event sent to agent      a3 clock(38)
Event sent to agent      ra1 clock(38)
Event processed UpdateClock(38)
Event processed UpdateClock(38)
Event processed UpdateClock(38)
Event processed UpdateClock(38)
Event processed UpdateClock(38)
Event processed UpdateClock(38)
org notification: Position [subject=a3, id=null, cell=Cell [x=11, y=15], time=2014-04-03 15:33:10.404, clock=37]
org notified found Position [subject=a3, id=null, cell=Cell [x=11, y=15], time=2014-04-03 15:33:10.404, clock=37]
org notified sent position(a3,cell(11,15),37).
Event processed UpdateClock(38)
39
agent notification: Time [clock=39, time=null]
Event sent to agent      a1 clock(39)
agent notification: Time [clock=39, time=null]
Event sent to agent      c1 clock(39)
org notification: Time [clock=39, time=null]
org notified found Time [clock=39, time=null]
org notified sent time(39).
agent notification: Time [clock=39, time=null]
agent notification: Time [clock=39, time=null]
Event sent to agent      a2 clock(39)
Event sent to agent      t1 clock(39)
agent notification: Time [clock=39, time=null]
agent notification: Time [clock=39, time=null]
Event sent to agent      ra1 clock(39)
Event sent to agent      a3 clock(39)
agent notification: Time [clock=39, time=null]
Event sent to agent      a4 clock(39)
Event processed UpdateClock(39)
Event processed UpdateClock(39)
Event processed UpdateClock(39)
Event processed UpdateClock(39)
Event processed UpdateClock(39)
Event processed UpdateClock(39)
org notification: Position [subject=t1, id=null, cell=Cell [x=5, y=19], time=2014-04-03 15:33:10.894, clock=38]
org notified found Position [subject=t1, id=null, cell=Cell [x=5, y=19], time=2014-04-03 15:33:10.894, clock=38]
org notified sent position(t1,cell(5,19),38).
org notification: Position [subject=a2, id=null, cell=Cell [x=6, y=6], time=2014-04-03 15:33:10.909, clock=38]
org notified found Position [subject=a2, id=null, cell=Cell [x=6, y=6], time=2014-04-03 15:33:10.909, clock=38]
org notified sent position(a2,cell(6,6),38).
Event processed UpdateClock(39)
40
agent notification: Time [clock=40, time=null]
org notification: Time [clock=40, time=null]
org notified found Time [clock=40, time=null]
org notified sent time(40).
agent notification: Time [clock=40, time=null]
Event sent to agent      t1 clock(40)
Event sent to agent      a4 clock(40)
agent notification: Time [clock=40, time=null]
agent notification: Time [clock=40, time=null]
Event sent to agent      a2 clock(40)
agent notification: Time [clock=40, time=null]
Event sent to agent      a3 clock(40)
Event sent to agent      a1 clock(40)
agent notification: Time [clock=40, time=null]
agent notification: Time [clock=40, time=null]
Event sent to agent      ra1 clock(40)
Event sent to agent      c1 clock(40)
Event processed UpdateClock(40)
Event processed UpdateClock(40)
Event processed UpdateClock(40)
Event processed UpdateClock(40)
Event processed UpdateClock(40)
Event processed UpdateClock(40)
org notification: Position [subject=a3, id=null, cell=Cell [x=11, y=16], time=2014-04-03 15:33:11.377, clock=39]
org notified found Position [subject=a3, id=null, cell=Cell [x=11, y=16], time=2014-04-03 15:33:11.377, clock=39]
org notified sent position(a3,cell(11,16),39).
Event processed UpdateClock(40)
41
org notification: Time [clock=41, time=null]
org notified found Time [clock=41, time=null]
org notified sent time(41).
agent notification: Time [clock=41, time=null]
Event sent to agent      a3 clock(41)
agent notification: Time [clock=41, time=null]
Event sent to agent      a1 clock(41)
agent notification: Time [clock=41, time=null]
Event sent to agent      a2 clock(41)
agent notification: Time [clock=41, time=null]
Event sent to agent      t1 clock(41)
agent notification: Time [clock=41, time=null]
Event sent to agent      a4 clock(41)
agent notification: Time [clock=41, time=null]
agent notification: Time [clock=41, time=null]
Event sent to agent      ra1 clock(41)
Event sent to agent      c1 clock(41)
org notification: Position [subject=t1, id=null, cell=Cell [x=4, y=19], time=2014-04-03 15:33:11.755, clock=40]
org notified found Position [subject=t1, id=null, cell=Cell [x=4, y=19], time=2014-04-03 15:33:11.755, clock=40]
org notified sent position(t1,cell(4,19),40).
Event processed UpdateClock(41)
Event processed UpdateClock(41)
Event processed UpdateClock(41)
Event processed UpdateClock(41)
Event processed UpdateClock(41)
Event processed UpdateClock(41)
Event processed UpdateClock(41)
org notification: Position [subject=a3, id=null, cell=Cell [x=11, y=17], time=2014-04-03 15:33:12.147, clock=40]
org notified found Position [subject=a3, id=null, cell=Cell [x=11, y=17], time=2014-04-03 15:33:12.147, clock=40]
org notified sent position(a3,cell(11,17),40).
42
org notification: Time [clock=42, time=null]
org notified found Time [clock=42, time=null]
org notified sent time(42).
agent notification: Time [clock=42, time=null]
Event sent to agent      a2 clock(42)
agent notification: Time [clock=42, time=null]
agent notification: Time [clock=42, time=null]
Event sent to agent      t1 clock(42)
Event sent to agent      a4 clock(42)
agent notification: Time [clock=42, time=null]
agent notification: Time [clock=42, time=null]
Event sent to agent      a3 clock(42)
Event sent to agent      c1 clock(42)
agent notification: Time [clock=42, time=null]
Event sent to agent      ra1 clock(42)
agent notification: Time [clock=42, time=null]
Event sent to agent      a1 clock(42)
Event processed UpdateClock(42)
Event processed UpdateClock(42)
Event processed UpdateClock(42)
Event processed UpdateClock(42)
Event processed UpdateClock(42)
Event processed UpdateClock(42)
Event processed UpdateClock(42)
org notification: Position [subject=t1, id=null, cell=Cell [x=3, y=19], time=2014-04-03 15:33:12.5, clock=41]
org notified found Position [subject=t1, id=null, cell=Cell [x=3, y=19], time=2014-04-03 15:33:12.5, clock=41]
org notified sent position(t1,cell(3,19),41).
43
agent notification: Time [clock=43, time=null]
agent notification: Time [clock=43, time=null]
Event sent to agent      a1 clock(43)
Event sent to agent      c1 clock(43)
agent notification: Time [clock=43, time=null]
Event sent to agent      a2 clock(43)
org notification: Time [clock=43, time=null]
org notified found Time [clock=43, time=null]
org notified sent time(43).
agent notification: Time [clock=43, time=null]
agent notification: Time [clock=43, time=null]
Event sent to agent      ra1 clock(43)
agent notification: Time [clock=43, time=null]
agent notification: Time [clock=43, time=null]
Event sent to agent      a3 clock(43)
Event sent to agent      t1 clock(43)
Event sent to agent      a4 clock(43)
Event processed UpdateClock(43)
Event processed UpdateClock(43)
Event processed UpdateClock(43)
Event processed UpdateClock(43)
org notification: Position [subject=a3, id=null, cell=Cell [x=11, y=18], time=2014-04-03 15:33:12.894, clock=42]
org notified found Position [subject=a3, id=null, cell=Cell [x=11, y=18], time=2014-04-03 15:33:12.894, clock=42]
org notified sent position(a3,cell(11,18),42).
Event processed UpdateClock(43)
Event processed UpdateClock(43)
Event processed UpdateClock(43)
44
agent notification: Time [clock=44, time=null]
Event sent to agent      a3 clock(44)
agent notification: Time [clock=44, time=null]
agent notification: Time [clock=44, time=null]
agent notification: Time [clock=44, time=null]
org notification: Time [clock=44, time=null]
org notified found Time [clock=44, time=null]
org notified sent time(44).
Event sent to agent      a1 clock(44)
Event sent to agent      c1 clock(44)
agent notification: Time [clock=44, time=null]
agent notification: Time [clock=44, time=null]
Event sent to agent      t1 clock(44)
Event sent to agent      ra1 clock(44)
Event sent to agent      a2 clock(44)
agent notification: Time [clock=44, time=null]
Event sent to agent      a4 clock(44)
org notification: Position [subject=t1, id=null, cell=Cell [x=2, y=19], time=2014-04-03 15:33:13.241, clock=43]
org notified found Position [subject=t1, id=null, cell=Cell [x=2, y=19], time=2014-04-03 15:33:13.241, clock=43]
org notified sent position(t1,cell(2,19),43).
Event processed UpdateClock(44)
Event processed UpdateClock(44)
Event processed UpdateClock(44)
Event processed UpdateClock(44)
Event processed UpdateClock(44)
Event processed UpdateClock(44)
Event processed UpdateClock(44)
org notification: Position [subject=a3, id=null, cell=Cell [x=11, y=19], time=2014-04-03 15:33:13.594, clock=43]
org notified found Position [subject=a3, id=null, cell=Cell [x=11, y=19], time=2014-04-03 15:33:13.594, clock=43]
org notified sent position(a3,cell(11,19),43).
45
agent notification: Time [clock=45, time=null]
Event sent to agent      a1 clock(45)
org notification: Time [clock=45, time=null]
org notified found Time [clock=45, time=null]
org notified sent time(45).
agent notification: Time [clock=45, time=null]
Event sent to agent      c1 clock(45)
agent notification: Time [clock=45, time=null]
Event sent to agent      a3 clock(45)
agent notification: Time [clock=45, time=null]
agent notification: Time [clock=45, time=null]
agent notification: Time [clock=45, time=null]
Event sent to agent      t1 clock(45)
Event sent to agent      a4 clock(45)
agent notification: Time [clock=45, time=null]
Event sent to agent      a2 clock(45)
Event sent to agent      ra1 clock(45)
Event processed UpdateClock(45)
Event processed UpdateClock(45)
Event processed UpdateClock(45)
Event processed UpdateClock(45)
Event processed UpdateClock(45)
Event processed UpdateClock(45)
Event processed UpdateClock(45)
org notification: Position [subject=t1, id=null, cell=Cell [x=2, y=18], time=2014-04-03 15:33:13.936, clock=44]
org notified found Position [subject=t1, id=null, cell=Cell [x=2, y=18], time=2014-04-03 15:33:13.936, clock=44]
org notified sent position(t1,cell(2,18),44).
46
agent notification: Time [clock=46, time=null]
Event sent to agent      a1 clock(46)
agent notification: Time [clock=46, time=null]
Event sent to agent      a4 clock(46)
org notification: Time [clock=46, time=null]
agent notification: Time [clock=46, time=null]
agent notification: Time [clock=46, time=null]
org notified found Time [clock=46, time=null]
org notified sent time(46).
agent notification: Time [clock=46, time=null]
Event sent to agent      t1 clock(46)
agent notification: Time [clock=46, time=null]
Event sent to agent      a2 clock(46)
Event sent to agent      a3 clock(46)
Event sent to agent      ra1 clock(46)
agent notification: Time [clock=46, time=null]
Event sent to agent      c1 clock(46)
Event processed UpdateClock(46)
org notification: Position [subject=a3, id=null, cell=Cell [x=12, y=19], time=2014-04-03 15:33:14.291, clock=45]
org notified found Position [subject=a3, id=null, cell=Cell [x=12, y=19], time=2014-04-03 15:33:14.291, clock=45]
org notified sent position(a3,cell(12,19),45).
Event processed UpdateClock(46)
Event processed UpdateClock(46)
Event processed UpdateClock(46)
Event processed UpdateClock(46)
Event processed UpdateClock(46)
Event processed UpdateClock(46)
org notification: Position [subject=t1, id=null, cell=Cell [x=2, y=17], time=2014-04-03 15:33:14.619, clock=45]
org notified found Position [subject=t1, id=null, cell=Cell [x=2, y=17], time=2014-04-03 15:33:14.619, clock=45]
org notified sent position(t1,cell(2,17),45).
47
agent notification: Time [clock=47, time=null]
org notification: Time [clock=47, time=null]
org notified found Time [clock=47, time=null]
Event sent to agent      a3 clock(47)
agent notification: Time [clock=47, time=null]
agent notification: Time [clock=47, time=null]
agent notification: Time [clock=47, time=null]
agent notification: Time [clock=47, time=null]
org notified sent time(47).
Event sent to agent      a4 clock(47)
agent notification: Time [clock=47, time=null]
Event sent to agent      c1 clock(47)
Event sent to agent      a1 clock(47)
Event sent to agent      t1 clock(47)
agent notification: Time [clock=47, time=null]
Event sent to agent      a2 clock(47)
Event sent to agent      ra1 clock(47)
Event processed UpdateClock(47)
Event processed UpdateClock(47)
Event processed UpdateClock(47)
Event processed UpdateClock(47)
Event processed UpdateClock(47)
Event processed UpdateClock(47)
Event processed UpdateClock(47)
org notification: Position [subject=a3, id=null, cell=Cell [x=13, y=19], time=2014-04-03 15:33:15.031, clock=46]
org notified found Position [subject=a3, id=null, cell=Cell [x=13, y=19], time=2014-04-03 15:33:15.031, clock=46]
org notified sent position(a3,cell(13,19),46).
48
org notification: Time [clock=48, time=null]
org notified found Time [clock=48, time=null]
org notified sent time(48).
agent notification: Time [clock=48, time=null]
agent notification: Time [clock=48, time=null]
Event sent to agent      c1 clock(48)
agent notification: Time [clock=48, time=null]
agent notification: Time [clock=48, time=null]
Event sent to agent      a4 clock(48)
agent notification: Time [clock=48, time=null]
Event sent to agent      t1 clock(48)
agent notification: Time [clock=48, time=null]
Event sent to agent      ra1 clock(48)
agent notification: Time [clock=48, time=null]
Event sent to agent      a1 clock(48)
Event sent to agent      a2 clock(48)
Event sent to agent      a3 clock(48)
Event processed UpdateClock(48)
Event processed UpdateClock(48)
Event processed UpdateClock(48)
Event processed UpdateClock(48)
org notification: Position [subject=t1, id=null, cell=Cell [x=2, y=16], time=2014-04-03 15:33:15.391, clock=47]
org notified found Position [subject=t1, id=null, cell=Cell [x=2, y=16], time=2014-04-03 15:33:15.391, clock=47]
org notified sent position(t1,cell(2,16),47).
Event processed UpdateClock(48)
Event processed UpdateClock(48)
Event processed UpdateClock(48)
49
agent notification: Time [clock=49, time=null]
Event sent to agent      c1 clock(49)
org notification: Time [clock=49, time=null]
org notified found Time [clock=49, time=null]
org notified sent time(49).
agent notification: Time [clock=49, time=null]
Event sent to agent      a2 clock(49)
agent notification: Time [clock=49, time=null]
agent notification: Time [clock=49, time=null]
Event sent to agent      ra1 clock(49)
agent notification: Time [clock=49, time=null]
agent notification: Time [clock=49, time=null]
Event sent to agent      a3 clock(49)
Event sent to agent      a4 clock(49)
Event sent to agent      t1 clock(49)
agent notification: Time [clock=49, time=null]
Event sent to agent      a1 clock(49)
org notification: Position [subject=a3, id=null, cell=Cell [x=14, y=19], time=2014-04-03 15:33:15.788, clock=48]
org notified found Position [subject=a3, id=null, cell=Cell [x=14, y=19], time=2014-04-03 15:33:15.788, clock=48]
org notified sent position(a3,cell(14,19),48).
Event processed UpdateClock(49)
Event processed UpdateClock(49)
Event processed UpdateClock(49)
Event processed UpdateClock(49)
Event processed UpdateClock(49)
Event processed UpdateClock(49)
Event processed UpdateClock(49)
org notification: Position [subject=t1, id=null, cell=Cell [x=2, y=15], time=2014-04-03 15:33:16.126, clock=48]
org notified found Position [subject=t1, id=null, cell=Cell [x=2, y=15], time=2014-04-03 15:33:16.126, clock=48]
org notified sent position(t1,cell(2,15),48).
50
agent notification: Time [clock=50, time=null]
agent notification: Time [clock=50, time=null]
agent notification: Time [clock=50, time=null]
Event sent to agent      a1 clock(50)
agent notification: Time [clock=50, time=null]
Event sent to agent      c1 clock(50)
agent notification: Time [clock=50, time=null]
agent notification: Time [clock=50, time=null]
agent notification: Time [clock=50, time=null]
Event sent to agent      t1 clock(50)
Event sent to agent      ra1 clock(50)
Event sent to agent      a4 clock(50)
Event sent to agent      a2 clock(50)
Event sent to agent      a3 clock(50)
org notification: Time [clock=50, time=null]
org notified found Time [clock=50, time=null]
org notified sent time(50).
Event processed UpdateClock(50)
Event processed UpdateClock(50)
Event processed UpdateClock(50)
Event processed UpdateClock(50)
Event processed UpdateClock(50)
Event processed UpdateClock(50)
Event processed UpdateClock(50)
org notification: Position [subject=a3, id=null, cell=Cell [x=15, y=19], time=2014-04-03 15:33:16.532, clock=49]
org notified found Position [subject=a3, id=null, cell=Cell [x=15, y=19], time=2014-04-03 15:33:16.532, clock=49]
org notified sent position(a3,cell(15,19),49).
51
agent notification: Time [clock=51, time=null]
agent notification: Time [clock=51, time=null]
org notification: Time [clock=51, time=null]
org notified found Time [clock=51, time=null]
org notified sent time(51).
agent notification: Time [clock=51, time=null]
Event sent to agent      a1 clock(51)
agent notification: Time [clock=51, time=null]
Event sent to agent      a3 clock(51)
Event sent to agent      t1 clock(51)
agent notification: Time [clock=51, time=null]
Event sent to agent      a2 clock(51)
Event sent to agent      ra1 clock(51)
agent notification: Time [clock=51, time=null]
agent notification: Time [clock=51, time=null]
Event sent to agent      a4 clock(51)
Event sent to agent      c1 clock(51)
Event processed UpdateClock(51)
Event processed UpdateClock(51)
Event processed UpdateClock(51)
Event processed UpdateClock(51)
Event processed UpdateClock(51)
Event processed UpdateClock(51)
Event processed UpdateClock(51)
org notification: Position [subject=t1, id=null, cell=Cell [x=2, y=14], time=2014-04-03 15:33:16.857, clock=50]
org notified found Position [subject=t1, id=null, cell=Cell [x=2, y=14], time=2014-04-03 15:33:16.857, clock=50]
org notified sent position(t1,cell(2,14),50).
52
agent notification: Time [clock=52, time=null]
org notification: Time [clock=52, time=null]
org notified found Time [clock=52, time=null]
org notified sent time(52).
Event sent to agent      a1 clock(52)
agent notification: Time [clock=52, time=null]
agent notification: Time [clock=52, time=null]
agent notification: Time [clock=52, time=null]
Event sent to agent      t1 clock(52)
agent notification: Time [clock=52, time=null]
agent notification: Time [clock=52, time=null]
Event sent to agent      c1 clock(52)
Event sent to agent      a3 clock(52)
Event sent to agent      a4 clock(52)
Event sent to agent      ra1 clock(52)
agent notification: Time [clock=52, time=null]
Event sent to agent      a2 clock(52)
org notification: Position [subject=a3, id=null, cell=Cell [x=16, y=19], time=2014-04-03 15:33:17.247, clock=51]
org notified found Position [subject=a3, id=null, cell=Cell [x=16, y=19], time=2014-04-03 15:33:17.247, clock=51]
org notified sent position(a3,cell(16,19),51).
Event processed UpdateClock(52)
Event processed UpdateClock(52)
Event processed UpdateClock(52)
Event processed UpdateClock(52)
Event processed UpdateClock(52)
Event processed UpdateClock(52)
Event processed UpdateClock(52)
53
agent notification: Time [clock=53, time=null]
Event sent to agent      a1 clock(53)
agent notification: Time [clock=53, time=null]
org notification: Time [clock=53, time=null]
Event sent to agent      a4 clock(53)
agent notification: Time [clock=53, time=null]
agent notification: Time [clock=53, time=null]
agent notification: Time [clock=53, time=null]
Event sent to agent      t1 clock(53)
org notified found Time [clock=53, time=null]
org notified sent time(53).
agent notification: Time [clock=53, time=null]
Event sent to agent      ra1 clock(53)
Event sent to agent      a3 clock(53)
Event sent to agent      a2 clock(53)
agent notification: Time [clock=53, time=null]
Event sent to agent      c1 clock(53)
org notification: Position [subject=t1, id=null, cell=Cell [x=2, y=13], time=2014-04-03 15:33:17.748, clock=52]
org notified found Position [subject=t1, id=null, cell=Cell [x=2, y=13], time=2014-04-03 15:33:17.748, clock=52]
org notified sent position(t1,cell(2,13),52).
Event processed UpdateClock(53)
Event processed UpdateClock(53)
Event processed UpdateClock(53)
Event processed UpdateClock(53)
Event processed UpdateClock(53)
Event processed UpdateClock(53)
Event processed UpdateClock(53)
org notification: Position [subject=a3, id=null, cell=Cell [x=17, y=19], time=2014-04-03 15:33:17.944, clock=52]
org notified found Position [subject=a3, id=null, cell=Cell [x=17, y=19], time=2014-04-03 15:33:17.944, clock=52]
org notified sent position(a3,cell(17,19),52).
54
agent notification: Time [clock=54, time=null]
agent notification: Time [clock=54, time=null]
org notification: Time [clock=54, time=null]
agent notification: Time [clock=54, time=null]
Event sent to agent      c1 clock(54)
Event sent to agent      a2 clock(54)
Event sent to agent      a1 clock(54)
org notified found Time [clock=54, time=null]
org notified sent time(54).
agent notification: Time [clock=54, time=null]
agent notification: Time [clock=54, time=null]
Event sent to agent      a3 clock(54)
Event sent to agent      ra1 clock(54)
agent notification: Time [clock=54, time=null]
Event sent to agent      t1 clock(54)
agent notification: Time [clock=54, time=null]
Event sent to agent      a4 clock(54)
Event processed UpdateClock(54)
Event processed UpdateClock(54)
Event processed UpdateClock(54)
Event processed UpdateClock(54)
Event processed UpdateClock(54)
Event processed UpdateClock(54)
Event processed UpdateClock(54)
org notification: Position [subject=t1, id=null, cell=Cell [x=2, y=12], time=2014-04-03 15:33:18.445, clock=53]
org notified found Position [subject=t1, id=null, cell=Cell [x=2, y=12], time=2014-04-03 15:33:18.445, clock=53]
org notified sent position(t1,cell(2,12),53).
org notification: Position [subject=a3, id=null, cell=Cell [x=18, y=19], time=2014-04-03 15:33:18.65, clock=53]
org notified found Position [subject=a3, id=null, cell=Cell [x=18, y=19], time=2014-04-03 15:33:18.65, clock=53]
org notified sent position(a3,cell(18,19),53).
55
agent notification: Time [clock=55, time=null]
org notification: Time [clock=55, time=null]
org notified found Time [clock=55, time=null]
org notified sent time(55).
agent notification: Time [clock=55, time=null]
agent notification: Time [clock=55, time=null]
Event sent to agent      a1 clock(55)
Event sent to agent      a3 clock(55)
Event sent to agent      c1 clock(55)
agent notification: Time [clock=55, time=null]
agent notification: Time [clock=55, time=null]
Event sent to agent      a4 clock(55)
Event sent to agent      ra1 clock(55)
agent notification: Time [clock=55, time=null]
Event sent to agent      t1 clock(55)
agent notification: Time [clock=55, time=null]
Event sent to agent      a2 clock(55)
Event processed UpdateClock(55)
Event processed UpdateClock(55)
Event processed UpdateClock(55)
Event processed UpdateClock(55)
Event processed UpdateClock(55)
Event processed UpdateClock(55)
Event processed UpdateClock(55)
org notification: Position [subject=t1, id=null, cell=Cell [x=2, y=11], time=2014-04-03 15:33:19.152, clock=54]
org notified found Position [subject=t1, id=null, cell=Cell [x=2, y=11], time=2014-04-03 15:33:19.152, clock=54]
org notified sent position(t1,cell(2,11),54).
56
agent notification: Time [clock=56, time=null]
Event sent to agent      a1 clock(56)
agent notification: Time [clock=56, time=null]
Event sent to agent      c1 clock(56)
agent notification: Time [clock=56, time=null]
agent notification: Time [clock=56, time=null]
Event sent to agent      a3 clock(56)
agent notification: Time [clock=56, time=null]
agent notification: Time [clock=56, time=null]
Event sent to agent      ra1 clock(56)
Event sent to agent      a4 clock(56)
org notification: Time [clock=56, time=null]
Event sent to agent      a2 clock(56)
org notified found Time [clock=56, time=null]
org notified sent time(56).
agent notification: Time [clock=56, time=null]
Event sent to agent      t1 clock(56)
Event processed UpdateClock(56)
Event processed UpdateClock(56)
Event processed UpdateClock(56)
org notification: Position [subject=a3, id=null, cell=Cell [x=19, y=19], time=2014-04-03 15:33:19.346, clock=55]
org notified found Position [subject=a3, id=null, cell=Cell [x=19, y=19], time=2014-04-03 15:33:19.346, clock=55]
org notified sent position(a3,cell(19,19),55).
Event processed UpdateClock(56)
Event processed UpdateClock(56)
Event processed UpdateClock(56)
Event processed UpdateClock(56)
57
agent notification: Time [clock=57, time=null]
org notification: Time [clock=57, time=null]
org notified found Time [clock=57, time=null]
agent notification: Time [clock=57, time=null]
agent notification: Time [clock=57, time=null]
org notified sent time(57).
agent notification: Time [clock=57, time=null]
Event sent to agent      a4 clock(57)
Event sent to agent      a3 clock(57)
Event sent to agent      a2 clock(57)
Event sent to agent      ra1 clock(57)
agent notification: Time [clock=57, time=null]
agent notification: Time [clock=57, time=null]
agent notification: Time [clock=57, time=null]
Event sent to agent      c1 clock(57)
Event sent to agent      a1 clock(57)
Event sent to agent      t1 clock(57)
Event processed UpdateClock(57)
Event processed UpdateClock(57)
Event processed UpdateClock(57)
Event processed UpdateClock(57)
Event processed UpdateClock(57)
Event processed UpdateClock(57)
org notification: Position [subject=t1, id=null, cell=Cell [x=2, y=10], time=2014-04-03 15:33:19.865, clock=56]
org notified found Position [subject=t1, id=null, cell=Cell [x=2, y=10], time=2014-04-03 15:33:19.865, clock=56]
org notified sent position(t1,cell(2,10),56).
Event processed UpdateClock(57)
58
agent notification: Time [clock=58, time=null]
agent notification: Time [clock=58, time=null]
Event sent to agent      a2 clock(58)
Event sent to agent      a3 clock(58)
agent notification: Time [clock=58, time=null]
Event sent to agent      t1 clock(58)
org notification: Time [clock=58, time=null]
org notified found Time [clock=58, time=null]
org notified sent time(58).
agent notification: Time [clock=58, time=null]
Event sent to agent      a4 clock(58)
agent notification: Time [clock=58, time=null]
agent notification: Time [clock=58, time=null]
Event sent to agent      ra1 clock(58)
Event sent to agent      c1 clock(58)
agent notification: Time [clock=58, time=null]
Event sent to agent      a1 clock(58)
Event processed UpdateClock(58)
Event processed UpdateClock(58)
Event processed UpdateClock(58)
Event processed UpdateClock(58)
Event processed UpdateClock(58)
Event processed UpdateClock(58)
Event processed UpdateClock(58)
org notification: Position [subject=t1, id=null, cell=Cell [x=2, y=9], time=2014-04-03 15:33:20.497, clock=57]
org notified found Position [subject=t1, id=null, cell=Cell [x=2, y=9], time=2014-04-03 15:33:20.497, clock=57]
org notified sent position(t1,cell(2,9),57).
59
agent notification: Time [clock=59, time=null]
Event sent to agent      a1 clock(59)
agent notification: Time [clock=59, time=null]
Event sent to agent      c1 clock(59)
agent notification: Time [clock=59, time=null]
agent notification: Time [clock=59, time=null]
Event sent to agent      a3 clock(59)
Event sent to agent      t1 clock(59)
agent notification: Time [clock=59, time=null]
Event sent to agent      a4 clock(59)
agent notification: Time [clock=59, time=null]
Event sent to agent      ra1 clock(59)
agent notification: Time [clock=59, time=null]
Event sent to agent      a2 clock(59)
org notification: Time [clock=59, time=null]
org notified found Time [clock=59, time=null]
org notified sent time(59).
Event processed UpdateClock(59)
Event processed UpdateClock(59)
Event processed UpdateClock(59)
Event processed UpdateClock(59)
Event processed UpdateClock(59)
Event processed UpdateClock(59)
Event processed UpdateClock(59)
