2014-04-03 15:29:21,781 CONFIG [com.gigaspaces.logger] - Log file: /Users/dxd/gigaspaces-xap-premium-9.5.1-ga/logs/2014-04-03~15.29-gigaspaces-service-128.243.23.149-25772.log
-------------------------last log tuples start--------------------------------
Position [subject=t1, id=null, cell=Cell [x=2, y=4], time=2014-04-03 15:28:56.871, clock=62]
ActionRequest [id=null, subject=a2, type=reading, cell=Cell [x=8, y=19], clock=37, time=2014-04-03 15:28:44.158]
Time [clock=71, time=null]
ActionRequest [id=null, subject=a1, type=reading, cell=Cell [x=5, y=5], clock=17, time=2014-04-03 15:28:33.85]
Time [clock=9, time=null]
ActionRequest [id=null, subject=ra1, type=reading, cell=Cell [x=5, y=5], clock=17, time=2014-04-03 15:28:33.978]
Time [clock=56, time=null]
Time [clock=80, time=null]
Cargo [id=null, cell=Cell [x=19, y=19], time=2014-04-03 15:28:28.924, clock=0]
ActionRequest [id=null, subject=a3, type=reading, cell=Cell [x=11, y=1], clock=6, time=2014-04-03 15:28:28.341]
Position [subject=t1, id=null, cell=Cell [x=2, y=5], time=2014-04-03 15:28:56.306, clock=61]
Coin [id=null, cell=Cell [x=8, y=6], subject=a1, time=2014-04-03 15:28:28.917, clock=0]
ActionRequest [id=null, subject=a4, type=reading, cell=Cell [x=11, y=1], clock=6, time=2014-04-03 15:28:28.327]
Position [subject=t1, id=null, cell=Cell [x=2, y=6], time=2014-04-03 15:28:55.797, clock=60]
Position [subject=t1, id=null, cell=Cell [x=2, y=9], time=2014-04-03 15:28:53.893, clock=56]
Position [subject=t1, id=null, cell=Cell [x=2, y=3], time=2014-04-03 15:28:57.536, clock=63]
Position [subject=a3, id=null, cell=Cell [x=11, y=10], time=2014-04-03 15:28:38.627, clock=25]
Coin [id=null, cell=Cell [x=16, y=16], subject=a2, time=2014-04-03 15:28:30.588, clock=0]
Position [subject=t1, id=null, cell=Cell [x=2, y=11], time=2014-04-03 15:28:52.438, clock=53]
Position [subject=t1, id=null, cell=Cell [x=2, y=13], time=2014-04-03 15:28:50.77, clock=49]
Position [subject=t1, id=null, cell=Cell [x=2, y=10], time=2014-04-03 15:28:53.179, clock=54]
Position [subject=a1, id=null, cell=Cell [x=5, y=6], time=2014-04-03 15:28:35.388, clock=18]
Position [subject=a3, id=null, cell=Cell [x=19, y=19], time=2014-04-03 15:28:52.875, clock=54]
Position [subject=a3, id=null, cell=Cell [x=18, y=19], time=2014-04-03 15:28:52.083, clock=52]
Time [clock=77, time=null]
Coin [id=null, cell=Cell [x=2, y=2], subject=a3, time=2014-04-03 15:28:31.599, clock=0]
Position [subject=a1, id=null, cell=Cell [x=3, y=4], time=2014-04-03 15:28:29.667, clock=0]
Position [subject=a2, id=null, cell=Cell [x=6, y=6], time=2014-04-03 15:28:43.161, clock=34]
Position [subject=a3, id=null, cell=Cell [x=13, y=19], time=2014-04-03 15:28:47.932, clock=44]
Position [subject=a3, id=null, cell=Cell [x=17, y=19], time=2014-04-03 15:28:51.237, clock=50]
Position [subject=t1, id=null, cell=Cell [x=2, y=2], time=2014-04-03 15:28:58.101, clock=64]
Position [subject=a4, id=null, cell=Cell [x=11, y=18], time=2014-04-03 15:28:45.443, clock=39]
Time [clock=58, time=null]
Position [subject=t1, id=null, cell=Cell [x=2, y=16], time=2014-04-03 15:28:48.205, clock=44]
Time [clock=50, time=null]
Time [clock=67, time=null]
Time [clock=78, time=null]
Position [subject=a4, id=null, cell=Cell [x=11, y=8], time=2014-04-03 15:28:36.815, clock=21]
Position [subject=a4, id=null, cell=Cell [x=18, y=19], time=2014-04-03 15:28:52.037, clock=52]
Position [subject=a4, id=null, cell=Cell [x=17, y=19], time=2014-04-03 15:28:51.197, clock=50]
Position [subject=t1, id=null, cell=Cell [x=2, y=17], time=2014-04-03 15:28:47.522, clock=43]
Position [subject=t1, id=null, cell=Cell [x=2, y=15], time=2014-04-03 15:28:48.943, clock=46]
Time [clock=83, time=null]
Position [subject=ra1, id=null, cell=Cell [x=6, y=6], time=2014-04-03 15:28:36.447, clock=21]
Time [clock=66, time=null]
Position [subject=t1, id=null, cell=Cell [x=2, y=19], time=2014-04-03 15:28:45.843, clock=40]
Position [subject=a3, id=null, cell=Cell [x=11, y=17], time=2014-04-03 15:28:44.641, clock=37]
Position [subject=t1, id=null, cell=Cell [x=2, y=14], time=2014-04-03 15:28:49.899, clock=47]
Time [clock=81, time=null]
Position [subject=t1, id=null, cell=Cell [x=13, y=19], time=2014-04-03 15:28:36.341, clock=20]
Position [subject=a4, id=null, cell=Cell [x=15, y=19], time=2014-04-03 15:28:49.442, clock=47]
Position [subject=t1, id=null, cell=Cell [x=4, y=19], time=2014-04-03 15:28:44.044, clock=36]
Time [clock=72, time=null]
Position [subject=a3, id=null, cell=Cell [x=14, y=19], time=2014-04-03 15:28:48.65, clock=45]
Time [clock=73, time=null]
Position [subject=a4, id=null, cell=Cell [x=11, y=7], time=2014-04-03 15:28:35.889, clock=19]
Time [clock=70, time=null]
Position [subject=a3, id=null, cell=Cell [x=11, y=14], time=2014-04-03 15:28:41.598, clock=31]
Time [clock=75, time=null]
Time [clock=59, time=null]
Position [subject=t1, id=null, cell=Cell [x=7, y=19], time=2014-04-03 15:28:41.154, clock=30]
Position [subject=a4, id=null, cell=Cell [x=13, y=19], time=2014-04-03 15:28:47.89, clock=44]
Position [subject=t1, id=null, cell=Cell [x=10, y=19], time=2014-04-03 15:28:38.904, clock=26]
Position [subject=a2, id=null, cell=Cell [x=6, y=16], time=2014-04-03 15:28:34.315, clock=0]
Position [subject=a4, id=null, cell=Cell [x=11, y=11], time=2014-04-03 15:28:39.244, clock=27]
Position [subject=t1, id=null, cell=Cell [x=3, y=19], time=2014-04-03 15:28:44.973, clock=38]
Position [subject=a4, id=null, cell=Cell [x=11, y=9], time=2014-04-03 15:28:37.695, clock=23]
Position [subject=a2, id=null, cell=Cell [x=6, y=17], time=2014-04-03 15:28:32.723, clock=0]
Time [clock=45, time=null]
Position [subject=a3, id=null, cell=Cell [x=11, y=8], time=2014-04-03 15:28:36.887, clock=22]
Position [subject=a4, id=null, cell=Cell [x=11, y=16], time=2014-04-03 15:28:43.62, clock=35]
Position [subject=ra1, id=null, cell=Cell [x=5, y=5], time=2014-04-03 15:28:32.737, clock=0]
Time [clock=74, time=null]
Time [clock=82, time=null]
Position [subject=a4, id=null, cell=Cell [x=12, y=19], time=2014-04-03 15:28:47.127, clock=42]
Position [subject=a4, id=null, cell=Cell [x=19, y=19], time=2014-04-03 15:28:52.835, clock=54]
Time [clock=85, time=null]
Position [subject=a2, id=null, cell=Cell [x=6, y=18], time=2014-04-03 15:28:31.868, clock=0]
Position [subject=a4, id=null, cell=Cell [x=11, y=19], time=2014-04-03 15:28:46.307, clock=40]
Position [subject=a3, id=null, cell=Cell [x=11, y=19], time=2014-04-03 15:28:46.357, clock=41]
Position [subject=a2, id=null, cell=Cell [x=6, y=11], time=2014-04-03 15:28:38.964, clock=26]
Position [subject=a3, id=null, cell=Cell [x=11, y=15], time=2014-04-03 15:28:42.509, clock=33]
Position [subject=a3, id=null, cell=Cell [x=11, y=11], time=2014-04-03 15:28:39.287, clock=27]
Time [clock=68, time=null]
Position [subject=a2, id=null, cell=Cell [x=6, y=9], time=2014-04-03 15:28:40.569, clock=29]
Position [subject=t1, id=null, cell=Cell [x=18, y=19], time=2014-04-03 15:28:30.858, clock=0]
Position [subject=t1, id=null, cell=Cell [x=6, y=19], time=2014-04-03 15:28:41.958, clock=32]
Position [subject=a2, id=null, cell=Cell [x=6, y=12], time=2014-04-03 15:28:38.185, clock=24]
Position [subject=a3, id=null, cell=Cell [x=11, y=12], time=2014-04-03 15:28:40.135, clock=28]
Position [subject=a4, id=null, cell=Cell [x=11, y=6], time=2014-04-03 15:28:34.815, clock=17]
Position [subject=t1, id=null, cell=Cell [x=11, y=19], time=2014-04-03 15:28:38.118, clock=24]
Position [subject=a2, id=null, cell=Cell [x=6, y=15], time=2014-04-03 15:28:35.414, clock=18]
Position [subject=a4, id=null, cell=Cell [x=11, y=17], time=2014-04-03 15:28:44.584, clock=37]
Position [subject=a4, id=null, cell=Cell [x=11, y=14], time=2014-04-03 15:28:41.536, clock=31]
Time [clock=79, time=null]
Time [clock=47, time=null]
Position [subject=a2, id=null, cell=Cell [x=6, y=13], time=2014-04-03 15:28:37.311, clock=22]
Position [subject=a3, id=null, cell=Cell [x=16, y=19], time=2014-04-03 15:28:50.451, clock=49]
Position [subject=a3, id=null, cell=Cell [x=11, y=16], time=2014-04-03 15:28:43.687, clock=35]
Position [subject=a4, id=null, cell=Cell [x=11, y=5], time=2014-04-03 15:28:33.305, clock=0]
Position [subject=t1, id=null, cell=Cell [x=12, y=19], time=2014-04-03 15:28:37.235, clock=22]
Time [clock=52, time=null]
Position [subject=t1, id=null, cell=Cell [x=2, y=7], time=2014-04-03 15:28:55.241, clock=58]
Position [subject=a3, id=null, cell=Cell [x=11, y=2], time=2014-04-03 15:28:30.366, clock=0]
Time [clock=29, time=null]
Position [subject=ra1, id=null, cell=Cell [x=3, y=5], time=2014-04-03 15:28:30.901, clock=0]
Position [subject=a4, id=null, cell=Cell [x=16, y=19], time=2014-04-03 15:28:50.416, clock=48]
Position [subject=a2, id=null, cell=Cell [x=7, y=19], time=2014-04-03 15:28:29.673, clock=0]
Time [clock=65, time=null]
Position [subject=a1, id=null, cell=Cell [x=6, y=6], time=2014-04-03 15:28:36.392, clock=21]
Time [clock=5, time=null]
Position [subject=a1, id=null, cell=Cell [x=5, y=5], time=2014-04-03 15:28:32.718, clock=0]
Position [subject=a2, id=null, cell=Cell [x=6, y=19], time=2014-04-03 15:28:30.883, clock=0]
Position [subject=a1, id=null, cell=Cell [x=3, y=5], time=2014-04-03 15:28:30.879, clock=0]
Time [clock=51, time=null]
Position [subject=a3, id=null, cell=Cell [x=15, y=19], time=2014-04-03 15:28:49.499, clock=47]
Position [subject=a3, id=null, cell=Cell [x=12, y=19], time=2014-04-03 15:28:47.22, clock=42]
Position [subject=a4, id=null, cell=Cell [x=11, y=10], time=2014-04-03 15:28:38.577, clock=25]
Position [subject=t1, id=null, cell=Cell [x=2, y=8], time=2014-04-03 15:28:54.567, clock=57]
Time [clock=36, time=null]
Position [subject=a4, id=null, cell=Cell [x=11, y=12], time=2014-04-03 15:28:40.075, clock=28]
Time [clock=57, time=null]
Position [subject=t1, id=null, cell=Cell [x=2, y=12], time=2014-04-03 15:28:51.584, clock=51]
Time [clock=41, time=null]
Time [clock=26, time=null]
Time [clock=64, time=null]
Position [subject=t1, id=null, cell=Cell [x=2, y=18], time=2014-04-03 15:28:46.7, clock=41]
Position [subject=a4, id=null, cell=Cell [x=11, y=15], time=2014-04-03 15:28:42.459, clock=33]
Time [clock=16, time=null]
Position [subject=a2, id=null, cell=Cell [x=6, y=7], time=2014-04-03 15:28:42.044, clock=32]
Position [subject=a2, id=null, cell=Cell [x=6, y=10], time=2014-04-03 15:28:39.697, clock=27]
Time [clock=20, time=null]
Position [subject=t1, id=null, cell=Cell [x=9, y=19], time=2014-04-03 15:28:39.606, clock=27]
Position [subject=a2, id=null, cell=Cell [x=6, y=14], time=2014-04-03 15:28:36.417, clock=21]
Position [subject=t1, id=null, cell=Cell [x=5, y=19], time=2014-04-03 15:28:43.035, clock=34]
Time [clock=14, time=null]
Time [clock=76, time=null]
Position [subject=a3, id=null, cell=Cell [x=11, y=6], time=2014-04-03 15:28:34.897, clock=17]
Time [clock=61, time=null]
Time [clock=11, time=null]
Position [subject=t1, id=null, cell=Cell [x=15, y=19], time=2014-04-03 15:28:34.207, clock=0]
Position [subject=a3, id=null, cell=Cell [x=11, y=18], time=2014-04-03 15:28:45.503, clock=39]
Position [subject=t1, id=null, cell=Cell [x=17, y=19], time=2014-04-03 15:28:31.843, clock=0]
Position [subject=a4, id=null, cell=Cell [x=11, y=3], time=2014-04-03 15:28:31.371, clock=0]
Position [subject=a4, id=null, cell=Cell [x=11, y=2], time=2014-04-03 15:28:30.344, clock=0]
Position [subject=a3, id=null, cell=Cell [x=11, y=7], time=2014-04-03 15:28:35.964, clock=20]
Time [clock=62, time=null]
Position [subject=a3, id=null, cell=Cell [x=11, y=5], time=2014-04-03 15:28:33.401, clock=0]
Position [subject=a3, id=null, cell=Cell [x=11, y=4], time=2014-04-03 15:28:32.311, clock=0]
Position [subject=a4, id=null, cell=Cell [x=11, y=4], time=2014-04-03 15:28:32.283, clock=0]
Position [subject=a4, id=null, cell=Cell [x=14, y=19], time=2014-04-03 15:28:48.607, clock=45]
Position [subject=ra1, id=null, cell=Cell [x=5, y=6], time=2014-04-03 15:28:35.454, clock=19]
Position [subject=t1, id=null, cell=Cell [x=16, y=19], time=2014-04-03 15:28:32.697, clock=0]
Position [subject=ra1, id=null, cell=Cell [x=4, y=5], time=2014-04-03 15:28:31.887, clock=0]
Position [subject=a3, id=null, cell=Cell [x=11, y=3], time=2014-04-03 15:28:31.399, clock=0]
Time [clock=84, time=null]
Time [clock=53, time=null]
Time [clock=60, time=null]
Time [clock=19, time=null]
Position [subject=ra1, id=null, cell=Cell [x=3, y=4], time=2014-04-03 15:28:29.684, clock=0]
Position [subject=a2, id=null, cell=Cell [x=6, y=8], time=2014-04-03 15:28:41.214, clock=31]
Position [subject=a3, id=null, cell=Cell [x=11, y=13], time=2014-04-03 15:28:40.915, clock=30]
Position [subject=a3, id=null, cell=Cell [x=11, y=9], time=2014-04-03 15:28:37.763, clock=23]
Time [clock=38, time=null]
Position [subject=a1, id=null, cell=Cell [x=4, y=5], time=2014-04-03 15:28:31.864, clock=0]
Position [subject=a4, id=null, cell=Cell [x=11, y=13], time=2014-04-03 15:28:40.869, clock=30]
Time [clock=28, time=null]
Position [subject=t1, id=null, cell=Cell [x=8, y=19], time=2014-04-03 15:28:40.482, clock=29]
Time [clock=63, time=null]
Time [clock=21, time=null]
Position [subject=t1, id=null, cell=Cell [x=14, y=19], time=2014-04-03 15:28:35.329, clock=18]
Time [clock=48, time=null]
Time [clock=54, time=null]
Time [clock=37, time=null]
Time [clock=3, time=null]
Time [clock=24, time=null]
Time [clock=8, time=null]
Time [clock=23, time=null]
Time [clock=43, time=null]
Time [clock=17, time=null]
Time [clock=55, time=null]
Time [clock=31, time=null]
Time [clock=10, time=null]
Time [clock=39, time=null]
Time [clock=46, time=null]
Time [clock=40, time=null]
Time [clock=33, time=null]
Time [clock=2, time=null]
Time [clock=69, time=null]
Time [clock=18, time=null]
Time [clock=12, time=null]
Time [clock=44, time=null]
Time [clock=34, time=null]
Time [clock=35, time=null]
Time [clock=1, time=null]
Time [clock=49, time=null]
Time [clock=42, time=null]
Time [clock=30, time=null]
Time [clock=15, time=null]
Time [clock=13, time=null]
Time [clock=6, time=null]
Time [clock=27, time=null]
Time [clock=32, time=null]
Time [clock=25, time=null]
Time [clock=22, time=null]
Time [clock=4, time=null]
Time [clock=7, time=null]
-------------------------last log tuples end----------------------------------
1
register a1
register a2
register a3
register a4
register c1
2
register t1
register ra1
3
4
5
6
agent notification: Time [clock=3, time=null]
Event sent to agent      ra1 clock(3)
agent notification: Time [clock=3, time=null]
Event sent to agent      t1 clock(3)
org notification: Time [clock=1, time=null]
org notified found Time [clock=1, time=null]
org notified sent time(1).
agent notification: Time [clock=2, time=null]
Event sent to agent      a4 clock(2)
agent notification: Time [clock=3, time=null]
Event sent to agent      a4 clock(3)
Organization notifies agent (write): Obligation [subject=ra1, obligation=[surround(10, 10)], sanction=[reduce(g, 1000)], deadline=2, time=2014-04-03 15:29:26.002, clock=6]
agent notification: Time [clock=4, time=null]
Event sent to agent      a4 clock(4)
agent notification: Time [clock=3, time=null]
agent notification: Time [clock=5, time=null]
agent notification: Time [clock=2, time=null]
Event sent to agent      a1 clock(2)
Event sent to agent      c1 clock(3)
agent notification: Time [clock=4, time=null]
Event sent to agent      c1 clock(4)
agent notification: Time [clock=5, time=null]
Event sent to agent      c1 clock(5)
agent notification: Time [clock=3, time=null]
Event sent to agent      a1 clock(3)
Event sent to agent      a4 clock(5)
agent notification: Time [clock=4, time=null]
agent notification: Time [clock=6, time=null]
Event sent to agent      a1 clock(4)
agent notification: Time [clock=2, time=null]
Event sent to agent      a4 clock(6)
Event sent to agent      a2 clock(2)
agent notification: Time [clock=5, time=null]
Event sent to agent      a1 clock(5)
agent notification: Time [clock=6, time=null]
agent notification: Time [clock=6, time=null]
Event sent to agent      a1 clock(6)
Event sent to agent      c1 clock(6)
agent notification: Time [clock=4, time=null]
Event sent to agent      t1 clock(4)
agent notification: Time [clock=5, time=null]
agent notification: Time [clock=2, time=null]
Event sent to agent      t1 clock(5)
Event sent to agent      a3 clock(2)
agent notification: Time [clock=6, time=null]
agent notification: Time [clock=3, time=null]
Event sent to agent      t1 clock(6)
Event sent to agent      a3 clock(3)
agent notification: Time [clock=3, time=null]
Event sent to agent      a2 clock(3)
agent notification: Time [clock=4, time=null]
agent notification: Time [clock=4, time=null]
agent notification: Time [clock=4, time=null]
Event sent to agent      ra1 clock(4)
Event sent to agent      a3 clock(4)
Event sent to agent      a2 clock(4)
agent notification: Time [clock=5, time=null]
agent notification: Time [clock=5, time=null]
agent notification: Time [clock=5, time=null]
Event sent to agent      ra1 clock(5)
Event sent to agent      a2 clock(5)
Event sent to agent      a3 clock(5)
agent notification: Time [clock=6, time=null]
agent notification: Time [clock=6, time=null]
agent notification: Time [clock=6, time=null]
Event sent to agent      ra1 clock(6)
Event sent to agent      a3 clock(6)
Event sent to agent      a2 clock(6)
Organization notifies agent (write): Prohibition [subject=a1, prohibition=[at(10, 10, a1)], sanction=[reduce(a1, 300)], clock=6, time=2014-04-03 15:29:26.02]
agent notification: Obligation [subject=ra1, obligation=[surround(10, 10)], sanction=[reduce(g, 1000)], deadline=2, time=2014-04-03 15:29:26.002, clock=6]
Event sent to agent      ra1 obligation([surround(10, 10)], 2, [reduce(g, 1000)])
Organization notifies agent (write): Prohibition [subject=a1, prohibition=[at(9, 10, a1)], sanction=[reduce(a1, 300)], clock=6, time=2014-04-03 15:29:26.031]
Organization notifies agent (write): Prohibition [subject=a1, prohibition=[at(10, 9, a1)], sanction=[reduce(a1, 300)], clock=6, time=2014-04-03 15:29:26.034]
agent notification: Prohibition [subject=a1, prohibition=[at(10, 10, a1)], sanction=[reduce(a1, 300)], clock=6, time=2014-04-03 15:29:26.02]
Event sent to agent      a1 prohibition([at(10, 10, a1)], [reduce(a1, 300)])
Organization notifies agent (write): Prohibition [subject=a1, prohibition=[at(11, 10, a1)], sanction=[reduce(a1, 300)], clock=6, time=2014-04-03 15:29:26.038]
agent notification: Prohibition [subject=a1, prohibition=[at(9, 10, a1)], sanction=[reduce(a1, 300)], clock=6, time=2014-04-03 15:29:26.031]
Event sent to agent      a1 prohibition([at(9, 10, a1)], [reduce(a1, 300)])
Organization notifies agent (write): Prohibition [subject=a2, prohibition=[at(10, 10, a2)], sanction=[reduce(a2, 300)], clock=6, time=2014-04-03 15:29:26.041]
Organization notifies agent (write): Prohibition [subject=a2, prohibition=[at(9, 10, a2)], sanction=[reduce(a2, 300)], clock=6, time=2014-04-03 15:29:26.043]
Organization notifies agent (write): Prohibition [subject=a2, prohibition=[at(10, 9, a2)], sanction=[reduce(a2, 300)], clock=6, time=2014-04-03 15:29:26.046]
agent notification: Prohibition [subject=a1, prohibition=[at(10, 9, a1)], sanction=[reduce(a1, 300)], clock=6, time=2014-04-03 15:29:26.034]
Event sent to agent      a1 prohibition([at(10, 9, a1)], [reduce(a1, 300)])
agent notification: Prohibition [subject=a1, prohibition=[at(11, 10, a1)], sanction=[reduce(a1, 300)], clock=6, time=2014-04-03 15:29:26.038]
Event sent to agent      a1 prohibition([at(11, 10, a1)], [reduce(a1, 300)])
agent notification: Prohibition [subject=a2, prohibition=[at(10, 10, a2)], sanction=[reduce(a2, 300)], clock=6, time=2014-04-03 15:29:26.041]
Event sent to agent      a2 prohibition([at(10, 10, a2)], [reduce(a2, 300)])
agent notification: Prohibition [subject=a2, prohibition=[at(9, 10, a2)], sanction=[reduce(a2, 300)], clock=6, time=2014-04-03 15:29:26.043]
Event sent to agent      a2 prohibition([at(9, 10, a2)], [reduce(a2, 300)])
agent notification: Prohibition [subject=a2, prohibition=[at(10, 9, a2)], sanction=[reduce(a2, 300)], clock=6, time=2014-04-03 15:29:26.046]
Event sent to agent      a2 prohibition([at(10, 9, a2)], [reduce(a2, 300)])
Organization notifies agent (write): Prohibition [subject=a2, prohibition=[at(11, 10, a2)], sanction=[reduce(a2, 300)], clock=6, time=2014-04-03 15:29:26.055]
agent notification: Prohibition [subject=a2, prohibition=[at(11, 10, a2)], sanction=[reduce(a2, 300)], clock=6, time=2014-04-03 15:29:26.055]
Event sent to agent      a2 prohibition([at(11, 10, a2)], [reduce(a2, 300)])
Organization notifies agent (write): Prohibition [subject=a3, prohibition=[at(10, 10, a3)], sanction=[reduce(a3, 300)], clock=6, time=2014-04-03 15:29:26.058]
Organization notifies agent (write): Prohibition [subject=a3, prohibition=[at(9, 10, a3)], sanction=[reduce(a3, 300)], clock=6, time=2014-04-03 15:29:26.06]
Organization notifies agent (write): Prohibition [subject=a3, prohibition=[at(10, 9, a3)], sanction=[reduce(a3, 300)], clock=6, time=2014-04-03 15:29:26.064]
agent notification: Prohibition [subject=a3, prohibition=[at(10, 10, a3)], sanction=[reduce(a3, 300)], clock=6, time=2014-04-03 15:29:26.058]
Event sent to agent      a3 prohibition([at(10, 10, a3)], [reduce(a3, 300)])
agent notification: Prohibition [subject=a3, prohibition=[at(9, 10, a3)], sanction=[reduce(a3, 300)], clock=6, time=2014-04-03 15:29:26.06]
Event sent to agent      a3 prohibition([at(9, 10, a3)], [reduce(a3, 300)])
agent notification: Prohibition [subject=a3, prohibition=[at(10, 9, a3)], sanction=[reduce(a3, 300)], clock=6, time=2014-04-03 15:29:26.064]
Event sent to agent      a3 prohibition([at(10, 9, a3)], [reduce(a3, 300)])
Organization notifies agent (write): Prohibition [subject=a3, prohibition=[at(11, 10, a3)], sanction=[reduce(a3, 300)], clock=6, time=2014-04-03 15:29:26.071]
agent notification: Prohibition [subject=a3, prohibition=[at(11, 10, a3)], sanction=[reduce(a3, 300)], clock=6, time=2014-04-03 15:29:26.071]
Event sent to agent      a3 prohibition([at(11, 10, a3)], [reduce(a3, 300)])
Organization notifies agent (write): Prohibition [subject=a4, prohibition=[at(10, 10, a4)], sanction=[reduce(a4, 300)], clock=6, time=2014-04-03 15:29:26.074]
Organization notifies agent (write): Prohibition [subject=a4, prohibition=[at(9, 10, a4)], sanction=[reduce(a4, 300)], clock=6, time=2014-04-03 15:29:26.078]
Organization notifies agent (write): Prohibition [subject=a4, prohibition=[at(10, 9, a4)], sanction=[reduce(a4, 300)], clock=6, time=2014-04-03 15:29:26.081]
agent notification: Prohibition [subject=a4, prohibition=[at(10, 10, a4)], sanction=[reduce(a4, 300)], clock=6, time=2014-04-03 15:29:26.074]
Event sent to agent      a4 prohibition([at(10, 10, a4)], [reduce(a4, 300)])
agent notification: Prohibition [subject=a4, prohibition=[at(9, 10, a4)], sanction=[reduce(a4, 300)], clock=6, time=2014-04-03 15:29:26.078]
Event sent to agent      a4 prohibition([at(9, 10, a4)], [reduce(a4, 300)])
Organization notifies agent (write): Prohibition [subject=a4, prohibition=[at(11, 10, a4)], sanction=[reduce(a4, 300)], clock=6, time=2014-04-03 15:29:26.085]
Organization notifies agent (write): Prohibition [subject=ra1, prohibition=[at(10, 10, ra1)], sanction=[reduce(ra1, 300)], clock=6, time=2014-04-03 15:29:26.088]
Organization notifies agent (write): Prohibition [subject=ra1, prohibition=[at(9, 10, ra1)], sanction=[reduce(ra1, 300)], clock=6, time=2014-04-03 15:29:26.091]
Organization notifies agent (write): Prohibition [subject=ra1, prohibition=[at(10, 9, ra1)], sanction=[reduce(ra1, 300)], clock=6, time=2014-04-03 15:29:26.094]
Organization notifies agent (write): Prohibition [subject=ra1, prohibition=[at(11, 10, ra1)], sanction=[reduce(ra1, 300)], clock=6, time=2014-04-03 15:29:26.097]
Event processed UpdateClock(3)
Event processed UpdateClock(4)
Event processed UpdateClock(5)
Event processed UpdateClock(6)
Event processed UpdateClock(2)
Event processed UpdateClock(3)
Event processed UpdateClock(4)
Event processed UpdateClock(5)
Event processed UpdateClock(6)
Event processed adoptProhibition(at(10, 10, a3), reduce(a3, 300))
Event processed adoptProhibition(at(9, 10, a3), reduce(a3, 300))
Event processed adoptProhibition(at(10, 9, a3), reduce(a3, 300))
Event processed adoptProhibition(at(11, 10, a3), reduce(a3, 300))
Event processed UpdateClock(3)
Event processed UpdateClock(4)
Event processed UpdateClock(5)
Event processed UpdateClock(6)
Event processed UpdateClock(2)
Event processed UpdateClock(3)
Event processed UpdateClock(4)
Event processed UpdateClock(5)
Event processed UpdateClock(6)
Event processed adoptProhibition(at(10, 10, a4), reduce(a4, 300))
Event processed adoptProhibition(at(9, 10, a4), reduce(a4, 300))
Event processed UpdateClock(2)
Event processed UpdateClock(3)
Event processed UpdateClock(4)
Event processed UpdateClock(5)
Event processed UpdateClock(3)
Event processed UpdateClock(6)
Event processed UpdateClock(4)
Event processed adoptProhibition(at(10, 10, a2), reduce(a2, 300))
Event processed UpdateClock(5)
7
Event processed adoptProhibition(at(9, 10, a2), reduce(a2, 300))
Event processed UpdateClock(6)
Event processed adoptProhibition(at(10, 9, a2), reduce(a2, 300))
Event processed adoptObligation(surround(10, 10), 2, reduce(g, 1000))
Event processed adoptProhibition(at(11, 10, a2), reduce(a2, 300))
Event processed UpdateClock(2)
Event processed UpdateClock(3)
Event processed UpdateClock(4)
Event processed UpdateClock(5)
Event processed UpdateClock(6)
Event processed adoptProhibition(at(10, 10, a1), reduce(a1, 300))
Event processed adoptProhibition(at(9, 10, a1), reduce(a1, 300))
Event processed adoptProhibition(at(10, 9, a1), reduce(a1, 300))
Event processed adoptProhibition(at(11, 10, a1), reduce(a1, 300))
org notification: Time [clock=2, time=null]
org notified found Time [clock=2, time=null]
org notified sent time(2).
org notification: Time [clock=3, time=null]
org notified found Time [clock=3, time=null]
org notified sent time(3).
org notification: Time [clock=4, time=null]
org notified found Time [clock=4, time=null]
org notified sent time(4).
org notification: Time [clock=5, time=null]
org notified found Time [clock=5, time=null]
org notified sent time(5).
8
org notification: Time [clock=6, time=null]
org notified found Time [clock=6, time=null]
org notified sent time(6).
9
10
agent notification: Time [clock=7, time=null]
agent notification: Time [clock=7, time=null]
Event sent to agent      c1 clock(7)
Event sent to agent      a4 clock(7)
org notification: Time [clock=7, time=null]
org notified found Time [clock=7, time=null]
org notified sent time(7).
agent notification: Time [clock=7, time=null]
Event sent to agent      a1 clock(7)
agent notification: Time [clock=7, time=null]
Event sent to agent      ra1 clock(7)
agent notification: Prohibition [subject=a4, prohibition=[at(10, 9, a4)], sanction=[reduce(a4, 300)], clock=6, time=2014-04-03 15:29:26.081]
agent notification: Time [clock=7, time=null]
agent notification: Time [clock=8, time=null]
Event sent to agent      t1 clock(7)
Event sent to agent      a1 clock(8)
Event sent to agent      a4 prohibition([at(10, 9, a4)], [reduce(a4, 300)])
agent notification: Time [clock=8, time=null]
agent notification: Time [clock=7, time=null]
Event sent to agent      c1 clock(8)
Event sent to agent      a2 clock(7)
agent notification: Time [clock=7, time=null]
Event sent to agent      a3 clock(7)
agent notification: Time [clock=8, time=null]
Event sent to agent      a3 clock(8)
agent notification: Time [clock=9, time=null]
agent notification: Prohibition [subject=a4, prohibition=[at(11, 10, a4)], sanction=[reduce(a4, 300)], clock=6, time=2014-04-03 15:29:26.085]
Event sent to agent      c1 clock(9)
Event sent to agent      a4 prohibition([at(11, 10, a4)], [reduce(a4, 300)])
agent notification: Time [clock=9, time=null]
agent notification: Time [clock=9, time=null]
Event sent to agent      a3 clock(9)
Event sent to agent      a1 clock(9)
agent notification: Time [clock=10, time=null]
Event sent to agent      c1 clock(10)
agent notification: Time [clock=8, time=null]
Event sent to agent      ra1 clock(8)
agent notification: Time [clock=8, time=null]
agent notification: Time [clock=10, time=null]
Event sent to agent      a4 clock(8)
Event sent to agent      a3 clock(10)
agent notification: Time [clock=8, time=null]
agent notification: Time [clock=9, time=null]
Event sent to agent      t1 clock(8)
Event sent to agent      ra1 clock(9)
agent notification: Time [clock=9, time=null]
Event sent to agent      t1 clock(9)
agent notification: Time [clock=10, time=null]
Event sent to agent      ra1 clock(10)
agent notification: Time [clock=10, time=null]
agent notification: Time [clock=10, time=null]
Event sent to agent      a1 clock(10)
Event sent to agent      t1 clock(10)
agent notification: Time [clock=9, time=null]
Event sent to agent      a4 clock(9)
agent notification: Time [clock=10, time=null]
Event sent to agent      a4 clock(10)
agent notification: Time [clock=8, time=null]
Event sent to agent      a2 clock(8)
agent notification: Prohibition [subject=ra1, prohibition=[at(10, 10, ra1)], sanction=[reduce(ra1, 300)], clock=6, time=2014-04-03 15:29:26.088]
agent notification: Time [clock=9, time=null]
Event sent to agent      a2 clock(9)
Event sent to agent      ra1 prohibition([at(10, 10, ra1)], [reduce(ra1, 300)])
agent notification: Prohibition [subject=ra1, prohibition=[at(9, 10, ra1)], sanction=[reduce(ra1, 300)], clock=6, time=2014-04-03 15:29:26.091]
Event sent to agent      ra1 prohibition([at(9, 10, ra1)], [reduce(ra1, 300)])
agent notification: Prohibition [subject=ra1, prohibition=[at(10, 9, ra1)], sanction=[reduce(ra1, 300)], clock=6, time=2014-04-03 15:29:26.094]
org notification: Cargo [id=null, cell=Cell [x=19, y=19], time=2014-04-03 15:29:27.442, clock=0]
org notified found Cargo [id=null, cell=Cell [x=19, y=19], time=2014-04-03 15:29:27.442, clock=0]
org notification: Time [clock=8, time=null]
org notified found Time [clock=8, time=null]
org notified sent time(8).
Event sent to agent      ra1 prohibition([at(10, 9, ra1)], [reduce(ra1, 300)])
org notified sent cargo(cell(19,19),0).
agent notification: Time [clock=10, time=null]
Event sent to agent      a2 clock(10)
agent notification: Prohibition [subject=ra1, prohibition=[at(11, 10, ra1)], sanction=[reduce(ra1, 300)], clock=6, time=2014-04-03 15:29:26.097]
org notification: Coin [id=null, cell=Cell [x=8, y=6], subject=a1, time=2014-04-03 15:29:27.393, clock=0]
org notified found Coin [id=null, cell=Cell [x=8, y=6], subject=a1, time=2014-04-03 15:29:27.393, clock=0]
Event sent to agent      ra1 prohibition([at(11, 10, ra1)], [reduce(ra1, 300)])
org notified sent coin(cell(8,6),0,a1).
org notification: Time [clock=9, time=null]
org notified found Time [clock=9, time=null]
org notified sent time(9).
org notification: Time [clock=10, time=null]
org notified found Time [clock=10, time=null]
org notified sent time(10).
org notification: Position [subject=a2, id=null, cell=Cell [x=7, y=19], time=2014-04-03 15:29:28.21, clock=6]
org notified found Position [subject=a2, id=null, cell=Cell [x=7, y=19], time=2014-04-03 15:29:28.21, clock=6]
org notified sent position(a2,cell(7,19),6).
org notification: Position [subject=a1, id=null, cell=Cell [x=3, y=4], time=2014-04-03 15:29:28.221, clock=6]
org notified found Position [subject=a1, id=null, cell=Cell [x=3, y=4], time=2014-04-03 15:29:28.221, clock=6]
org notified sent position(a1,cell(3,4),6).
Event processed UpdateClock(7)
Event processed UpdateClock(8)
Event processed UpdateClock(9)
Event processed UpdateClock(10)
Event processed UpdateClock(7)
Event processed UpdateClock(8)
Event processed UpdateClock(9)
Event processed UpdateClock(10)
Event processed UpdateClock(7)
Event processed UpdateClock(8)
Event processed UpdateClock(9)
Event processed UpdateClock(10)
11
agent notification: Time [clock=11, time=null]
Event sent to agent      a4 clock(11)
agent notification: Time [clock=11, time=null]
Event sent to agent      a1 clock(11)
org notification: Time [clock=11, time=null]
org notified found Time [clock=11, time=null]
agent notification: Time [clock=11, time=null]
agent notification: Time [clock=11, time=null]
agent notification: Time [clock=11, time=null]
agent notification: Time [clock=11, time=null]
Event sent to agent      t1 clock(11)
org notified sent time(11).
Event sent to agent      a3 clock(11)
Event sent to agent      ra1 clock(11)
Event sent to agent      a2 clock(11)
agent notification: Time [clock=11, time=null]
Event sent to agent      c1 clock(11)
Event processed UpdateClock(7)
Event processed adoptProhibition(at(10, 9, a4), reduce(a4, 300))
Event processed adoptProhibition(at(11, 10, a4), reduce(a4, 300))
Event processed UpdateClock(8)
Event processed UpdateClock(9)
Event processed UpdateClock(10)
Event processed UpdateClock(11)
Event processed UpdateClock(7)
Event processed UpdateClock(8)
Event processed UpdateClock(9)
Event processed UpdateClock(10)
Event processed adoptProhibition(at(10, 10, ra1), reduce(ra1, 300))
Event processed adoptProhibition(at(9, 10, ra1), reduce(ra1, 300))
Event processed adoptProhibition(at(10, 9, ra1), reduce(ra1, 300))
Event processed adoptProhibition(at(11, 10, ra1), reduce(ra1, 300))
Event processed UpdateClock(11)
Event processed UpdateClock(7)
Event processed UpdateClock(8)
Event processed UpdateClock(9)
Event processed UpdateClock(10)
Event processed UpdateClock(11)
Event processed UpdateClock(7)
Event processed UpdateClock(8)
Event processed UpdateClock(9)
Event processed UpdateClock(10)
Event processed UpdateClock(11)
GroupCoin [x=10, y=10, clock=null]
org notification: GroupCoin [x=10, y=10, clock=11]
org notified found GroupCoin [x=10, y=10, clock=11]
org notified sent groupCoin(10,10,11).
Organization notifies agent (write): Obligation [subject=a1, obligation=[west(10, 10, a1)], sanction=[reduce(a1, 1000)], deadline=12, time=2014-04-03 15:29:28.667, clock=11]
Organization notifies agent (write): Obligation [subject=a2, obligation=[east(10, 10, a2)], sanction=[reduce(a2, 1000)], deadline=12, time=2014-04-03 15:29:28.669, clock=11]
Organization notifies agent (write): Obligation [subject=a3, obligation=[north(10, 10, a3)], sanction=[reduce(a3, 1000)], deadline=12, time=2014-04-03 15:29:28.671, clock=11]
Organization notifies agent (write): Obligation [subject=a4, obligation=[south(10, 10, a4)], sanction=[reduce(a4, 1000)], deadline=12, time=2014-04-03 15:29:28.673, clock=11]
agent notification: Obligation [subject=a1, obligation=[west(10, 10, a1)], sanction=[reduce(a1, 1000)], deadline=12, time=2014-04-03 15:29:28.667, clock=11]
Event sent to agent      a1 obligation([west(10, 10, a1)], 12, [reduce(a1, 1000)])
agent notification: Obligation [subject=a3, obligation=[north(10, 10, a3)], sanction=[reduce(a3, 1000)], deadline=12, time=2014-04-03 15:29:28.671, clock=11]
agent notification: Obligation [subject=a2, obligation=[east(10, 10, a2)], sanction=[reduce(a2, 1000)], deadline=12, time=2014-04-03 15:29:28.669, clock=11]
Event sent to agent      a3 obligation([north(10, 10, a3)], 12, [reduce(a3, 1000)])
Event sent to agent      a2 obligation([east(10, 10, a2)], 12, [reduce(a2, 1000)])
Event processed UpdateClock(11)
Event processed UpdateClock(11)
Event processed adoptObligation(north(10, 10, a3), 12, reduce(a3, 1000))
Event processed UpdateClock(11)
12
Event processed adoptObligation(east(10, 10, a2), 12, reduce(a2, 1000))
Event processed adoptObligation(west(10, 10, a1), 12, reduce(a1, 1000))
13
14
agent notification: Obligation [subject=a4, obligation=[south(10, 10, a4)], sanction=[reduce(a4, 1000)], deadline=12, time=2014-04-03 15:29:28.673, clock=11]
Event sent to agent      a4 obligation([south(10, 10, a4)], 12, [reduce(a4, 1000)])
agent notification: Time [clock=12, time=null]
agent notification: Time [clock=12, time=null]
Event sent to agent      a4 clock(12)
Event sent to agent      a1 clock(12)
agent notification: Time [clock=12, time=null]
Event sent to agent      c1 clock(12)
org notification: Time [clock=12, time=null]
org notified found Time [clock=12, time=null]
org notified sent time(12).
agent notification: Time [clock=12, time=null]
Event sent to agent      a2 clock(12)
agent notification: Time [clock=12, time=null]
Event sent to agent      t1 clock(12)
agent notification: Time [clock=12, time=null]
Event sent to agent      a3 clock(12)
agent notification: Time [clock=12, time=null]
Event sent to agent      ra1 clock(12)
agent notification: Time [clock=13, time=null]
Event sent to agent      c1 clock(13)
org notification: Coin [id=null, cell=Cell [x=16, y=16], subject=a2, time=2014-04-03 15:29:29.283, clock=10]
org notified found Coin [id=null, cell=Cell [x=16, y=16], subject=a2, time=2014-04-03 15:29:29.283, clock=10]
org notified sent coin(cell(16,16),10,a2).
agent notification: Time [clock=13, time=null]
agent notification: Time [clock=13, time=null]
agent notification: Time [clock=13, time=null]
agent notification: Time [clock=13, time=null]
Event sent to agent      a2 clock(13)
Event sent to agent      a4 clock(13)
agent notification: Time [clock=13, time=null]
Event sent to agent      t1 clock(13)
agent notification: Time [clock=13, time=null]
Event sent to agent      ra1 clock(13)
Event sent to agent      a1 clock(13)
Event sent to agent      a3 clock(13)
agent notification: Time [clock=14, time=null]
Event sent to agent      a1 clock(14)
agent notification: Time [clock=14, time=null]
Event sent to agent      c1 clock(14)
agent notification: Time [clock=14, time=null]
Event sent to agent      a4 clock(14)
agent notification: Time [clock=14, time=null]
Event sent to agent      a2 clock(14)
agent notification: Time [clock=14, time=null]
Event sent to agent      t1 clock(14)
agent notification: Time [clock=14, time=null]
agent notification: Time [clock=14, time=null]
Event sent to agent      a3 clock(14)
Event sent to agent      ra1 clock(14)
org notification: Position [subject=t1, id=null, cell=Cell [x=18, y=19], time=2014-04-03 15:29:29.638, clock=11]
org notified found Position [subject=t1, id=null, cell=Cell [x=18, y=19], time=2014-04-03 15:29:29.638, clock=11]
org notified sent position(t1,cell(18,19),11).
org notification: Position [subject=a3, id=null, cell=Cell [x=11, y=2], time=2014-04-03 15:29:28.993, clock=6]
org notified found Position [subject=a3, id=null, cell=Cell [x=11, y=2], time=2014-04-03 15:29:28.993, clock=6]
org notified sent position(a3,cell(11,2),6).
Error while procession organization notification
java.lang.NullPointerException
	at aplprolog.prolog.Prolog.toString(Prolog.java:504)
	at oopl.GUI.PrologState.handleEvent(PrologState.java:226)
	at oopl.DistributedOOPL.handleEvent(DistributedOOPL.java:60)
	at geoSenseMW.EnvGeoSense.notifyOrg(EnvGeoSense.java:692)
	at geoSenseMW.OrgHandler.notify(OrgHandler.java:31)
	at com.j_spaces.core.client.NotifyDelegator.notify(NotifyDelegator.java:142)
	at com.gigaspaces.events.fifo.BlockedOrderedQueue$NotifyFifoTask.dequeueAndTrigger(BlockedOrderedQueue.java:319)
	at com.gigaspaces.events.fifo.BlockedOrderedQueue$NotifyFifoTask.run(BlockedOrderedQueue.java:290)
	at com.gigaspaces.internal.utils.concurrent.RunnableContextClassLoaderDecorator.run(RunnableContextClassLoaderDecorator.java:40)
	at java.util.concurrent.ThreadPoolExecutor$Worker.runTask(ThreadPoolExecutor.java:895)
	at java.util.concurrent.ThreadPoolExecutor$Worker.run(ThreadPoolExecutor.java:918)
	at java.lang.Thread.run(Thread.java:695)
org notification: Time [clock=13, time=null]
org notified found Time [clock=13, time=null]
org notified sent time(13).
org notification: Time [clock=14, time=null]
org notified found Time [clock=14, time=null]
org notified sent time(14).
Event processed UpdateClock(12)
Event processed UpdateClock(13)
Event processed UpdateClock(14)
Event processed UpdateClock(12)
Event processed UpdateClock(13)
Event processed UpdateClock(14)
Event processed UpdateClock(12)
Event processed UpdateClock(13)
Event processed UpdateClock(14)
Event processed adoptObligation(south(10, 10, a4), 12, reduce(a4, 1000))
Event processed UpdateClock(12)
Event processed UpdateClock(13)
Event processed UpdateClock(14)
15
agent notification: Time [clock=15, time=null]
agent notification: Time [clock=15, time=null]
Event sent to agent      a4 clock(15)
Event sent to agent      c1 clock(15)
org notification: Time [clock=15, time=null]
org notified found Time [clock=15, time=null]
org notified sent time(15).
agent notification: Time [clock=15, time=null]
Event sent to agent      a2 clock(15)
agent notification: Time [clock=15, time=null]
agent notification: Time [clock=15, time=null]
Event sent to agent      a1 clock(15)
Event sent to agent      t1 clock(15)
agent notification: Time [clock=15, time=null]
Event sent to agent      a3 clock(15)
agent notification: Time [clock=15, time=null]
Event sent to agent      ra1 clock(15)
Event processed UpdateClock(12)
Event processed UpdateClock(13)
Event processed UpdateClock(14)
Event processed UpdateClock(15)
Event processed UpdateClock(12)
Event processed UpdateClock(13)
Event processed UpdateClock(14)
Event processed UpdateClock(15)
Event processed UpdateClock(12)
Event processed UpdateClock(13)
Event processed UpdateClock(14)
Event processed UpdateClock(15)
Event processed UpdateClock(15)
Event processed UpdateClock(15)
Event processed UpdateClock(15)
Event processed UpdateClock(15)
org notification: Coin [id=null, cell=Cell [x=2, y=2], subject=a3, time=2014-04-03 15:29:30.736, clock=11]
org notified found Coin [id=null, cell=Cell [x=2, y=2], subject=a3, time=2014-04-03 15:29:30.736, clock=11]
org notified sent coin(cell(2,2),11,a3).
16
agent notification: Time [clock=16, time=null]
Event sent to agent      a4 clock(16)
agent notification: Time [clock=16, time=null]
Event sent to agent      a1 clock(16)
agent notification: Time [clock=16, time=null]
Event sent to agent      c1 clock(16)
org notification: Time [clock=16, time=null]
org notified found Time [clock=16, time=null]
org notified sent time(16).
agent notification: Time [clock=16, time=null]
Event sent to agent      a2 clock(16)
agent notification: Time [clock=16, time=null]
Event sent to agent      t1 clock(16)
agent notification: Time [clock=16, time=null]
Event sent to agent      a3 clock(16)
agent notification: Time [clock=16, time=null]
Event sent to agent      ra1 clock(16)
Event processed UpdateClock(16)
Event processed UpdateClock(16)
Event processed UpdateClock(16)
Event processed UpdateClock(16)
Event processed UpdateClock(16)
Event processed UpdateClock(16)
Event processed UpdateClock(16)
org notification: Position [subject=t1, id=null, cell=Cell [x=17, y=19], time=2014-04-03 15:29:31.021, clock=14]
org notified found Position [subject=t1, id=null, cell=Cell [x=17, y=19], time=2014-04-03 15:29:31.021, clock=14]
org notified sent position(t1,cell(17,19),14).
org notification: Position [subject=a3, id=null, cell=Cell [x=11, y=3], time=2014-04-03 15:29:31.287, clock=15]
org notified found Position [subject=a3, id=null, cell=Cell [x=11, y=3], time=2014-04-03 15:29:31.287, clock=15]
org notified sent position(a3,cell(11,3),15).
17
agent notification: Time [clock=17, time=null]
agent notification: Time [clock=17, time=null]
Event sent to agent      a1 clock(17)
Event sent to agent      a4 clock(17)
agent notification: Time [clock=17, time=null]
Event sent to agent      c1 clock(17)
org notification: Time [clock=17, time=null]
org notified found Time [clock=17, time=null]
org notified sent time(17).
agent notification: Time [clock=17, time=null]
Event sent to agent      a2 clock(17)
agent notification: Time [clock=17, time=null]
agent notification: Time [clock=17, time=null]
agent notification: Time [clock=17, time=null]
Event sent to agent      t1 clock(17)
Event sent to agent      a3 clock(17)
Event sent to agent      ra1 clock(17)
org notification: Position [subject=a2, id=null, cell=Cell [x=7, y=19], time=2014-04-03 15:29:31.372, clock=15]
org notified found Position [subject=a2, id=null, cell=Cell [x=7, y=19], time=2014-04-03 15:29:31.372, clock=15]
org notified sent position(a2,cell(7,19),15).
org notification: Position [subject=a1, id=null, cell=Cell [x=3, y=6], time=2014-04-03 15:29:31.395, clock=15]
org notified found Position [subject=a1, id=null, cell=Cell [x=3, y=6], time=2014-04-03 15:29:31.395, clock=15]
org notified sent position(a1,cell(3,6),15).
Event processed UpdateClock(17)
Event processed UpdateClock(17)
Event processed UpdateClock(17)
Event processed UpdateClock(17)
Event processed UpdateClock(17)
Event processed UpdateClock(17)
Event processed UpdateClock(17)
18
agent notification: Time [clock=18, time=null]
agent notification: Time [clock=18, time=null]
agent notification: Time [clock=18, time=null]
Event sent to agent      a4 clock(18)
Event sent to agent      a1 clock(18)
org notification: Time [clock=18, time=null]
Event sent to agent      c1 clock(18)
org notified found Time [clock=18, time=null]
org notified sent time(18).
agent notification: Time [clock=18, time=null]
agent notification: Time [clock=18, time=null]
Event sent to agent      a3 clock(18)
agent notification: Time [clock=18, time=null]
Event sent to agent      ra1 clock(18)
Event sent to agent      t1 clock(18)
agent notification: Time [clock=18, time=null]
Event sent to agent      a2 clock(18)
Event processed UpdateClock(18)
Event processed UpdateClock(18)
Event processed UpdateClock(18)
Event processed UpdateClock(18)
Event processed UpdateClock(18)
Event processed UpdateClock(18)
Event processed UpdateClock(18)
org notification: Position [subject=t1, id=null, cell=Cell [x=16, y=19], time=2014-04-03 15:29:32.052, clock=17]
org notified found Position [subject=t1, id=null, cell=Cell [x=16, y=19], time=2014-04-03 15:29:32.052, clock=17]
org notified sent position(t1,cell(16,19),17).
