2014-04-03 15:31:44,761 CONFIG [com.gigaspaces.logger] - Log file: /Users/dxd/gigaspaces-xap-premium-9.5.1-ga/logs/2014-04-03~15.31-gigaspaces-service-128.243.23.149-25793.log
-------------------------last log tuples start--------------------------------
Time [clock=202, time=null]
Time [clock=212, time=null]
Time [clock=227, time=null]
Time [clock=196, time=null]
ActionRequest [id=null, subject=ra1, type=reading, cell=Cell [x=5, y=5], clock=21, time=2014-04-03 15:29:52.41]
ActionRequest [id=null, subject=a3, type=reading, cell=Cell [x=11, y=1], clock=12, time=2014-04-03 15:29:47.884]
ActionRequest [id=null, subject=a4, type=reading, cell=Cell [x=11, y=1], clock=12, time=2014-04-03 15:29:47.845]
Position [subject=t1, id=null, cell=Cell [x=2, y=13], time=2014-04-03 15:30:07.542, clock=50]
ActionRequest [id=null, subject=a2, type=reading, cell=Cell [x=8, y=19], clock=38, time=2014-04-03 15:30:01.094]
Time [clock=214, time=null]
Position [subject=a3, id=null, cell=Cell [x=19, y=19], time=2014-04-03 15:30:09.75, clock=55]
Time [clock=225, time=null]
Position [subject=t1, id=null, cell=Cell [x=2, y=9], time=2014-04-03 15:30:11.013, clock=57]
ActionRequest [id=null, subject=a1, type=reading, cell=Cell [x=5, y=5], clock=21, time=2014-04-03 15:29:52.406]
Position [subject=t1, id=null, cell=Cell [x=2, y=4], time=2014-04-03 15:30:15.226, clock=66]
Coin [id=null, cell=Cell [x=2, y=2], subject=a3, time=2014-04-03 15:29:50.586, clock=0]
Cargo [id=null, cell=Cell [x=19, y=19], time=2014-04-03 15:29:48.395, clock=0]
Time [clock=230, time=null]
Position [subject=t1, id=null, cell=Cell [x=2, y=7], time=2014-04-03 15:30:12.722, clock=61]
Position [subject=t1, id=null, cell=Cell [x=2, y=6], time=2014-04-03 15:30:13.551, clock=62]
Time [clock=213, time=null]
Position [subject=t1, id=null, cell=Cell [x=2, y=14], time=2014-04-03 15:30:06.626, clock=48]
Time [clock=183, time=null]
Time [clock=177, time=null]
Position [subject=t1, id=null, cell=Cell [x=2, y=2], time=2014-04-03 15:30:17.392, clock=70]
Position [subject=t1, id=null, cell=Cell [x=2, y=15], time=2014-04-03 15:30:05.744, clock=47]
Position [subject=a4, id=null, cell=Cell [x=11, y=3], time=2014-04-03 15:29:50.331, clock=0]
Time [clock=223, time=null]
Time [clock=211, time=null]
Position [subject=a3, id=null, cell=Cell [x=17, y=19], time=2014-04-03 15:30:08.019, clock=51]
Position [subject=a4, id=null, cell=Cell [x=11, y=12], time=2014-04-03 15:29:56.755, clock=0]
Position [subject=a4, id=null, cell=Cell [x=16, y=19], time=2014-04-03 15:30:07.086, clock=49]
Position [subject=a3, id=null, cell=Cell [x=16, y=19], time=2014-04-03 15:30:07.114, clock=49]
Time [clock=229, time=null]
Position [subject=a4, id=null, cell=Cell [x=11, y=13], time=2014-04-03 15:29:57.721, clock=0]
Position [subject=a4, id=null, cell=Cell [x=11, y=18], time=2014-04-03 15:30:02.136, clock=28]
Position [subject=t1, id=null, cell=Cell [x=2, y=3], time=2014-04-03 15:30:16.323, clock=67]
Position [subject=a4, id=null, cell=Cell [x=11, y=15], time=2014-04-03 15:29:59.687, clock=15]
Time [clock=224, time=null]
Coin [id=null, cell=Cell [x=8, y=6], subject=a1, time=2014-04-03 15:29:48.428, clock=0]
Position [subject=t1, id=null, cell=Cell [x=2, y=10], time=2014-04-03 15:30:10.131, clock=55]
Time [clock=158, time=null]
Coin [id=null, cell=Cell [x=16, y=16], subject=a2, time=2014-04-03 15:29:49.566, clock=0]
Position [subject=a3, id=null, cell=Cell [x=18, y=19], time=2014-04-03 15:30:08.896, clock=53]
Position [subject=t1, id=null, cell=Cell [x=2, y=5], time=2014-04-03 15:30:14.386, clock=64]
Position [subject=a4, id=null, cell=Cell [x=14, y=19], time=2014-04-03 15:30:05.301, clock=46]
Position [subject=a3, id=null, cell=Cell [x=13, y=19], time=2014-04-03 15:30:04.345, clock=44]
Position [subject=a2, id=null, cell=Cell [x=6, y=12], time=2014-04-03 15:29:55.688, clock=0]
Position [subject=t1, id=null, cell=Cell [x=2, y=8], time=2014-04-03 15:30:11.869, clock=59]
Position [subject=a4, id=null, cell=Cell [x=18, y=19], time=2014-04-03 15:30:08.864, clock=53]
Position [subject=a4, id=null, cell=Cell [x=12, y=19], time=2014-04-03 15:30:03.254, clock=28]
Position [subject=a4, id=null, cell=Cell [x=11, y=19], time=2014-04-03 15:30:02.522, clock=28]
Position [subject=a3, id=null, cell=Cell [x=14, y=19], time=2014-04-03 15:30:05.337, clock=46]
Position [subject=t1, id=null, cell=Cell [x=2, y=11], time=2014-04-03 15:30:09.288, clock=54]
Position [subject=a3, id=null, cell=Cell [x=11, y=12], time=2014-04-03 15:29:56.771, clock=0]
Position [subject=a2, id=null, cell=Cell [x=6, y=15], time=2014-04-03 15:29:53.523, clock=0]
Time [clock=219, time=null]
Position [subject=a4, id=null, cell=Cell [x=19, y=19], time=2014-04-03 15:30:09.723, clock=55]
Position [subject=t1, id=null, cell=Cell [x=2, y=12], time=2014-04-03 15:30:08.421, clock=52]
Position [subject=a4, id=null, cell=Cell [x=15, y=19], time=2014-04-03 15:30:06.19, clock=48]
Position [subject=a4, id=null, cell=Cell [x=11, y=16], time=2014-04-03 15:30:00.566, clock=20]
Position [subject=a4, id=null, cell=Cell [x=11, y=9], time=2014-04-03 15:29:55.433, clock=0]
Time [clock=186, time=null]
Position [subject=a3, id=null, cell=Cell [x=11, y=10], time=2014-04-03 15:29:55.881, clock=0]
Position [subject=t1, id=null, cell=Cell [x=2, y=18], time=2014-04-03 15:30:02.684, clock=28]
Position [subject=t1, id=null, cell=Cell [x=2, y=16], time=2014-04-03 15:30:04.819, clock=45]
Time [clock=179, time=null]
Time [clock=220, time=null]
Position [subject=t1, id=null, cell=Cell [x=5, y=19], time=2014-04-03 15:30:00.172, clock=17]
Position [subject=a3, id=null, cell=Cell [x=11, y=15], time=2014-04-03 15:29:59.697, clock=15]
Position [subject=a3, id=null, cell=Cell [x=12, y=19], time=2014-04-03 15:30:03.284, clock=28]
Position [subject=a3, id=null, cell=Cell [x=11, y=18], time=2014-04-03 15:30:02.153, clock=28]
Time [clock=216, time=null]
Position [subject=a4, id=null, cell=Cell [x=17, y=19], time=2014-04-03 15:30:07.986, clock=51]
Time [clock=215, time=null]
Position [subject=t1, id=null, cell=Cell [x=3, y=19], time=2014-04-03 15:30:01.933, clock=28]
Position [subject=t1, id=null, cell=Cell [x=11, y=19], time=2014-04-03 15:29:55.645, clock=0]
Time [clock=217, time=null]
Position [subject=t1, id=null, cell=Cell [x=13, y=19], time=2014-04-03 15:29:54.318, clock=0]
Position [subject=a3, id=null, cell=Cell [x=11, y=16], time=2014-04-03 15:30:00.574, clock=20]
Position [subject=a3, id=null, cell=Cell [x=11, y=13], time=2014-04-03 15:29:57.77, clock=0]
Position [subject=t1, id=null, cell=Cell [x=2, y=19], time=2014-04-03 15:30:02.325, clock=28]
Position [subject=a4, id=null, cell=Cell [x=11, y=14], time=2014-04-03 15:29:58.618, clock=13]
Position [subject=t1, id=null, cell=Cell [x=9, y=19], time=2014-04-03 15:29:56.51, clock=0]
Time [clock=141, time=null]
Position [subject=a2, id=null, cell=Cell [x=6, y=7], time=2014-04-03 15:29:59.304, clock=13]
Position [subject=a3, id=null, cell=Cell [x=11, y=9], time=2014-04-03 15:29:55.448, clock=0]
Position [subject=t1, id=null, cell=Cell [x=8, y=19], time=2014-04-03 15:29:56.955, clock=0]
Time [clock=171, time=null]
Position [subject=a2, id=null, cell=Cell [x=6, y=11], time=2014-04-03 15:29:56.123, clock=0]
Time [clock=193, time=null]
Time [clock=197, time=null]
Time [clock=222, time=null]
Position [subject=a3, id=null, cell=Cell [x=11, y=17], time=2014-04-03 15:30:01.516, clock=21]
Position [subject=t1, id=null, cell=Cell [x=10, y=19], time=2014-04-03 15:29:56.079, clock=0]
Time [clock=208, time=null]
Position [subject=t1, id=null, cell=Cell [x=12, y=19], time=2014-04-03 15:29:55.141, clock=0]
Time [clock=228, time=null]
Position [subject=a3, id=null, cell=Cell [x=11, y=8], time=2014-04-03 15:29:54.78, clock=0]
Time [clock=185, time=null]
Time [clock=133, time=null]
Position [subject=a2, id=null, cell=Cell [x=6, y=14], time=2014-04-03 15:29:54.381, clock=0]
Position [subject=a4, id=null, cell=Cell [x=13, y=19], time=2014-04-03 15:30:04.315, clock=44]
Position [subject=t1, id=null, cell=Cell [x=7, y=19], time=2014-04-03 15:29:58.237, clock=13]
Time [clock=147, time=null]
Position [subject=a2, id=null, cell=Cell [x=6, y=13], time=2014-04-03 15:29:55.234, clock=0]
Position [subject=a4, id=null, cell=Cell [x=11, y=7], time=2014-04-03 15:29:53.929, clock=0]
Time [clock=209, time=null]
Time [clock=201, time=null]
Position [subject=a1, id=null, cell=Cell [x=3, y=4], time=2014-04-03 15:29:48.734, clock=0]
Position [subject=a4, id=null, cell=Cell [x=11, y=10], time=2014-04-03 15:29:55.873, clock=0]
Position [subject=a2, id=null, cell=Cell [x=6, y=17], time=2014-04-03 15:29:51.76, clock=0]
Time [clock=218, time=null]
Position [subject=a4, id=null, cell=Cell [x=11, y=5], time=2014-04-03 15:29:52.163, clock=0]
Time [clock=221, time=null]
Time [clock=194, time=null]
Position [subject=a1, id=null, cell=Cell [x=5, y=6], time=2014-04-03 15:29:53.51, clock=0]
Position [subject=a2, id=null, cell=Cell [x=6, y=10], time=2014-04-03 15:29:56.569, clock=0]
Position [subject=t1, id=null, cell=Cell [x=16, y=19], time=2014-04-03 15:29:51.703, clock=0]
Time [clock=130, time=null]
Position [subject=a4, id=null, cell=Cell [x=11, y=8], time=2014-04-03 15:29:54.754, clock=0]
Position [subject=a2, id=null, cell=Cell [x=6, y=16], time=2014-04-03 15:29:52.65, clock=0]
Position [subject=t1, id=null, cell=Cell [x=15, y=19], time=2014-04-03 15:29:52.596, clock=0]
Position [subject=ra1, id=null, cell=Cell [x=4, y=5], time=2014-04-03 15:29:50.842, clock=0]
Position [subject=t1, id=null, cell=Cell [x=2, y=17], time=2014-04-03 15:30:03.784, clock=42]
Position [subject=a2, id=null, cell=Cell [x=6, y=6], time=2014-04-03 15:30:00.329, clock=20]
Position [subject=a1, id=null, cell=Cell [x=6, y=6], time=2014-04-03 15:29:54.361, clock=0]
Position [subject=a3, id=null, cell=Cell [x=11, y=5], time=2014-04-03 15:29:52.192, clock=0]
Time [clock=195, time=null]
Time [clock=199, time=null]
Time [clock=198, time=null]
Position [subject=ra1, id=null, cell=Cell [x=5, y=6], time=2014-04-03 15:29:53.515, clock=0]
Position [subject=t1, id=null, cell=Cell [x=17, y=19], time=2014-04-03 15:29:50.795, clock=0]
Time [clock=78, time=null]
Position [subject=a3, id=null, cell=Cell [x=11, y=4], time=2014-04-03 15:29:51.313, clock=0]
Position [subject=a3, id=null, cell=Cell [x=15, y=19], time=2014-04-03 15:30:06.22, clock=48]
Time [clock=187, time=null]
Time [clock=207, time=null]
Position [subject=ra1, id=null, cell=Cell [x=5, y=5], time=2014-04-03 15:29:51.755, clock=0]
Time [clock=204, time=null]
Position [subject=a3, id=null, cell=Cell [x=11, y=3], time=2014-04-03 15:29:50.362, clock=0]
Time [clock=226, time=null]
Position [subject=a2, id=null, cell=Cell [x=6, y=19], time=2014-04-03 15:29:49.838, clock=0]
Position [subject=ra1, id=null, cell=Cell [x=3, y=5], time=2014-04-03 15:29:49.832, clock=0]
Position [subject=a1, id=null, cell=Cell [x=4, y=5], time=2014-04-03 15:29:50.837, clock=0]
Position [subject=a3, id=null, cell=Cell [x=11, y=7], time=2014-04-03 15:29:53.957, clock=0]
Position [subject=a2, id=null, cell=Cell [x=7, y=19], time=2014-04-03 15:29:48.761, clock=0]
Time [clock=205, time=null]
Position [subject=t1, id=null, cell=Cell [x=4, y=19], time=2014-04-03 15:30:00.883, clock=20]
Position [subject=a3, id=null, cell=Cell [x=11, y=2], time=2014-04-03 15:29:49.336, clock=0]
Position [subject=a4, id=null, cell=Cell [x=11, y=2], time=2014-04-03 15:29:49.304, clock=0]
Position [subject=a4, id=null, cell=Cell [x=11, y=17], time=2014-04-03 15:30:01.481, clock=21]
Position [subject=a3, id=null, cell=Cell [x=11, y=14], time=2014-04-03 15:29:58.638, clock=13]
Time [clock=166, time=null]
Position [subject=t1, id=null, cell=Cell [x=14, y=19], time=2014-04-03 15:29:53.458, clock=0]
Time [clock=121, time=null]
Time [clock=192, time=null]
Time [clock=189, time=null]
Position [subject=a2, id=null, cell=Cell [x=6, y=18], time=2014-04-03 15:29:50.848, clock=0]
Position [subject=a2, id=null, cell=Cell [x=6, y=8], time=2014-04-03 15:29:58.394, clock=13]
Position [subject=a4, id=null, cell=Cell [x=11, y=4], time=2014-04-03 15:29:51.282, clock=0]
Position [subject=t1, id=null, cell=Cell [x=6, y=19], time=2014-04-03 15:29:59.117, clock=13]
Position [subject=a3, id=null, cell=Cell [x=11, y=11], time=2014-04-03 15:29:56.319, clock=0]
Time [clock=118, time=null]
Time [clock=172, time=null]
Time [clock=200, time=null]
Position [subject=a3, id=null, cell=Cell [x=11, y=19], time=2014-04-03 15:30:02.531, clock=28]
Position [subject=a2, id=null, cell=Cell [x=6, y=9], time=2014-04-03 15:29:57.037, clock=0]
Time [clock=163, time=null]
Time [clock=181, time=null]
Time [clock=114, time=null]
Time [clock=190, time=null]
Position [subject=a4, id=null, cell=Cell [x=11, y=11], time=2014-04-03 15:29:56.307, clock=0]
Position [subject=ra1, id=null, cell=Cell [x=6, y=6], time=2014-04-03 15:29:54.366, clock=0]
Time [clock=170, time=null]
Position [subject=a4, id=null, cell=Cell [x=11, y=6], time=2014-04-03 15:29:53.06, clock=0]
Position [subject=ra1, id=null, cell=Cell [x=3, y=4], time=2014-04-03 15:29:48.751, clock=0]
Position [subject=a3, id=null, cell=Cell [x=11, y=6], time=2014-04-03 15:29:53.09, clock=0]
Time [clock=138, time=null]
Time [clock=159, time=null]
Position [subject=a1, id=null, cell=Cell [x=5, y=5], time=2014-04-03 15:29:51.749, clock=0]
Time [clock=180, time=null]
Position [subject=a1, id=null, cell=Cell [x=3, y=5], time=2014-04-03 15:29:49.818, clock=0]
Position [subject=t1, id=null, cell=Cell [x=18, y=19], time=2014-04-03 15:29:49.783, clock=0]
Time [clock=174, time=null]
Time [clock=164, time=null]
Time [clock=59, time=null]
Time [clock=140, time=null]
Time [clock=175, time=null]
Time [clock=169, time=null]
Time [clock=152, time=null]
Time [clock=167, time=null]
Time [clock=165, time=null]
Time [clock=135, time=null]
Time [clock=184, time=null]
Time [clock=178, time=null]
Time [clock=203, time=null]
Time [clock=145, time=null]
Time [clock=191, time=null]
Time [clock=131, time=null]
Time [clock=124, time=null]
Time [clock=120, time=null]
Time [clock=144, time=null]
Time [clock=160, time=null]
Time [clock=173, time=null]
Time [clock=107, time=null]
Time [clock=129, time=null]
Time [clock=57, time=null]
Time [clock=45, time=null]
Time [clock=139, time=null]
Time [clock=157, time=null]
Time [clock=103, time=null]
Time [clock=137, time=null]
Time [clock=156, time=null]
Time [clock=80, time=null]
Time [clock=154, time=null]
Time [clock=149, time=null]
Time [clock=176, time=null]
Time [clock=82, time=null]
Time [clock=188, time=null]
Time [clock=128, time=null]
Time [clock=76, time=null]
Time [clock=148, time=null]
Time [clock=119, time=null]
Time [clock=136, time=null]
Time [clock=111, time=null]
Time [clock=30, time=null]
Time [clock=127, time=null]
Time [clock=42, time=null]
Time [clock=142, time=null]
Time [clock=132, time=null]
Time [clock=109, time=null]
Time [clock=75, time=null]
Time [clock=125, time=null]
Time [clock=153, time=null]
Time [clock=11, time=null]
Time [clock=143, time=null]
Time [clock=85, time=null]
Time [clock=162, time=null]
Time [clock=61, time=null]
Time [clock=168, time=null]
Time [clock=117, time=null]
Time [clock=40, time=null]
Time [clock=100, time=null]
Time [clock=105, time=null]
Time [clock=83, time=null]
Time [clock=110, time=null]
Time [clock=79, time=null]
Time [clock=91, time=null]
Time [clock=18, time=null]
Time [clock=81, time=null]
Time [clock=48, time=null]
Time [clock=60, time=null]
Time [clock=19, time=null]
Time [clock=27, time=null]
Time [clock=126, time=null]
Time [clock=73, time=null]
Time [clock=72, time=null]
Time [clock=65, time=null]
Time [clock=146, time=null]
Time [clock=12, time=null]
Time [clock=161, time=null]
Time [clock=96, time=null]
Time [clock=5, time=null]
Time [clock=53, time=null]
Time [clock=67, time=null]
Time [clock=16, time=null]
Time [clock=102, time=null]
Time [clock=43, time=null]
Time [clock=58, time=null]
Time [clock=8, time=null]
Time [clock=52, time=null]
Time [clock=134, time=null]
Time [clock=44, time=null]
Time [clock=74, time=null]
Time [clock=71, time=null]
Time [clock=108, time=null]
Time [clock=37, time=null]
Time [clock=31, time=null]
Time [clock=23, time=null]
Time [clock=116, time=null]
Time [clock=66, time=null]
Time [clock=122, time=null]
Time [clock=93, time=null]
Time [clock=32, time=null]
Time [clock=39, time=null]
Time [clock=49, time=null]
Time [clock=56, time=null]
Time [clock=84, time=null]
Time [clock=22, time=null]
Time [clock=35, time=null]
Time [clock=113, time=null]
Time [clock=150, time=null]
Time [clock=3, time=null]
Time [clock=123, time=null]
Time [clock=20, time=null]
Time [clock=34, time=null]
Time [clock=63, time=null]
Time [clock=4, time=null]
Time [clock=92, time=null]
Time [clock=86, time=null]
Time [clock=90, time=null]
Time [clock=9, time=null]
Time [clock=99, time=null]
Time [clock=89, time=null]
Time [clock=38, time=null]
Time [clock=104, time=null]
Time [clock=69, time=null]
Time [clock=68, time=null]
Time [clock=54, time=null]
Time [clock=50, time=null]
Time [clock=47, time=null]
Time [clock=97, time=null]
Time [clock=41, time=null]
Time [clock=17, time=null]
Time [clock=14, time=null]
Time [clock=94, time=null]
Time [clock=88, time=null]
Time [clock=70, time=null]
Time [clock=62, time=null]
Time [clock=33, time=null]
Time [clock=26, time=null]
Time [clock=64, time=null]
Time [clock=29, time=null]
Time [clock=15, time=null]
Time [clock=24, time=null]
Time [clock=13, time=null]
Time [clock=7, time=null]
Time [clock=1, time=null]
Time [clock=210, time=null]
Time [clock=206, time=null]
Time [clock=21, time=null]
Time [clock=182, time=null]
Time [clock=155, time=null]
Time [clock=101, time=null]
Time [clock=95, time=null]
Time [clock=51, time=null]
Time [clock=36, time=null]
Time [clock=6, time=null]
Time [clock=2, time=null]
Time [clock=151, time=null]
Time [clock=115, time=null]
Time [clock=112, time=null]
Time [clock=106, time=null]
Time [clock=98, time=null]
Time [clock=87, time=null]
Time [clock=77, time=null]
Time [clock=55, time=null]
Time [clock=46, time=null]
Time [clock=28, time=null]
Time [clock=25, time=null]
Time [clock=10, time=null]
-------------------------last log tuples end----------------------------------
1
2
register a1
register a2
register a3
register a4
register c1
register t1
register ra1
3
4
5
6
7
8
9
org notification: Time [clock=1, time=null]
org notified found Time [clock=1, time=null]
org notified sent time(1).
Error while procession organization notification
java.lang.NullPointerException
	at geoSenseMW.EnvGeoSense.createEntry(EnvGeoSense.java:329)
	at geoSenseMW.EnvGeoSense.handleCall(EnvGeoSense.java:230)
	at aplprolog.prolog.builtins.ExternalActions.call(ExternalActions.java:29)
	at aplprolog.prolog.BuiltIn.execute(BuiltIn.java:118)
	at aplprolog.prolog.Prolog.findNextRule(Prolog.java:234)
	at aplprolog.prolog.Prolog.prove(Prolog.java:186)
	at aplprolog.prolog.Prolog.query(Prolog.java:120)
	at oopl.DistributedOOPL.handleEvent(DistributedOOPL.java:59)
	at geoSenseMW.EnvGeoSense.notifyOrg(EnvGeoSense.java:692)
	at geoSenseMW.OrgHandler.notify(OrgHandler.java:31)
	at com.j_spaces.core.client.NotifyDelegator.notify(NotifyDelegator.java:142)
	at com.gigaspaces.events.fifo.BlockedOrderedQueue$NotifyFifoTask.dequeueAndTrigger(BlockedOrderedQueue.java:319)
	at com.gigaspaces.events.fifo.BlockedOrderedQueue$NotifyFifoTask.run(BlockedOrderedQueue.java:290)
	at com.gigaspaces.internal.utils.concurrent.RunnableContextClassLoaderDecorator.run(RunnableContextClassLoaderDecorator.java:40)
	at java.util.concurrent.ThreadPoolExecutor$Worker.runTask(ThreadPoolExecutor.java:895)
	at java.util.concurrent.ThreadPoolExecutor$Worker.run(ThreadPoolExecutor.java:918)
	at java.lang.Thread.run(Thread.java:695)
agent notification: Time [clock=3, time=null]
agent notification: Time [clock=3, time=null]
org notification: Time [clock=2, time=null]
org notified found Time [clock=2, time=null]
org notified sent time(2).
Error while procession organization notification
java.lang.NullPointerException
	at geoSenseMW.EnvGeoSense.createEntry(EnvGeoSense.java:329)
	at geoSenseMW.EnvGeoSense.handleCall(EnvGeoSense.java:230)
	at aplprolog.prolog.builtins.ExternalActions.call(ExternalActions.java:29)
	at aplprolog.prolog.BuiltIn.execute(BuiltIn.java:118)
	at aplprolog.prolog.Prolog.findNextRule(Prolog.java:234)
	at aplprolog.prolog.Prolog.prove(Prolog.java:186)
	at aplprolog.prolog.Prolog.query(Prolog.java:120)
	at oopl.DistributedOOPL.handleEvent(DistributedOOPL.java:59)
	at geoSenseMW.EnvGeoSense.notifyOrg(EnvGeoSense.java:692)
	at geoSenseMW.OrgHandler.notify(OrgHandler.java:31)
	at com.j_spaces.core.client.NotifyDelegator.notify(NotifyDelegator.java:142)
	at com.gigaspaces.events.fifo.BlockedOrderedQueue$NotifyFifoTask.dequeueAndTrigger(BlockedOrderedQueue.java:319)
	at com.gigaspaces.events.fifo.BlockedOrderedQueue$NotifyFifoTask.run(BlockedOrderedQueue.java:290)
	at com.gigaspaces.internal.utils.concurrent.RunnableContextClassLoaderDecorator.run(RunnableContextClassLoaderDecorator.java:40)
	at java.util.concurrent.ThreadPoolExecutor$Worker.runTask(ThreadPoolExecutor.java:895)
	at java.util.concurrent.ThreadPoolExecutor$Worker.run(ThreadPoolExecutor.java:918)
	at java.lang.Thread.run(Thread.java:695)
agent notification: Time [clock=3, time=null]
agent notification: Time [clock=3, time=null]
Event sent to agent      t1 clock(3)
Event sent to agent      c1 clock(3)
Event sent to agent      a1 clock(3)
Event sent to agent      a3 clock(3)
agent notification: Time [clock=4, time=null]
agent notification: Time [clock=3, time=null]
agent notification: Time [clock=4, time=null]
org notification: Time [clock=3, time=null]
org notified found Time [clock=3, time=null]
org notified sent time(3).
agent notification: Time [clock=4, time=null]
agent notification: Time [clock=4, time=null]
Event sent to agent      a3 clock(4)
agent notification: Time [clock=3, time=null]
Event sent to agent      a2 clock(3)
Event sent to agent      t1 clock(4)
agent notification: Time [clock=5, time=null]
Event sent to agent      t1 clock(5)
agent notification: Time [clock=6, time=null]
Event sent to agent      t1 clock(6)
agent notification: Time [clock=7, time=null]
Event sent to agent      t1 clock(7)
agent notification: Time [clock=8, time=null]
Event sent to agent      t1 clock(8)
Event sent to agent      c1 clock(4)
agent notification: Time [clock=5, time=null]
Event sent to agent      c1 clock(5)
agent notification: Time [clock=9, time=null]
Event sent to agent      t1 clock(9)
agent notification: Time [clock=6, time=null]
Event sent to agent      c1 clock(6)
agent notification: Time [clock=7, time=null]
Event sent to agent      c1 clock(7)
agent notification: Time [clock=8, time=null]
Event sent to agent      c1 clock(8)
agent notification: Time [clock=9, time=null]
Event sent to agent      c1 clock(9)
agent notification: Time [clock=5, time=null]
Event sent to agent      a3 clock(5)
agent notification: Time [clock=6, time=null]
Event sent to agent      a3 clock(6)
agent notification: Time [clock=7, time=null]
Event sent to agent      a3 clock(7)
agent notification: Time [clock=8, time=null]
Event sent to agent      a3 clock(8)
agent notification: Time [clock=4, time=null]
agent notification: Time [clock=9, time=null]
Event sent to agent      a3 clock(9)
agent notification: Time [clock=3, time=null]
Event sent to agent      a2 clock(4)
agent notification: Time [clock=5, time=null]
Event sent to agent      a2 clock(5)
agent notification: Time [clock=6, time=null]
Event sent to agent      ra1 clock(3)
Event sent to agent      a2 clock(6)
agent notification: Time [clock=4, time=null]
agent notification: Time [clock=7, time=null]
Event sent to agent      a2 clock(7)
agent notification: Time [clock=8, time=null]
Event sent to agent      a2 clock(8)
Event sent to agent      a4 clock(3)
agent notification: Time [clock=4, time=null]
Event sent to agent      a4 clock(4)
agent notification: Time [clock=5, time=null]
Event sent to agent      ra1 clock(4)
agent notification: Time [clock=5, time=null]
Event sent to agent      ra1 clock(5)
agent notification: Time [clock=6, time=null]
agent notification: Time [clock=9, time=null]
Event sent to agent      a4 clock(5)
Event sent to agent      a2 clock(9)
Event sent to agent      ra1 clock(6)
agent notification: Time [clock=6, time=null]
agent notification: Time [clock=7, time=null]
Event sent to agent      a4 clock(6)
Event sent to agent      ra1 clock(7)
agent notification: Time [clock=7, time=null]
agent notification: Time [clock=8, time=null]
Event sent to agent      a4 clock(7)
Event sent to agent      ra1 clock(8)
agent notification: Time [clock=8, time=null]
agent notification: Time [clock=9, time=null]
Event sent to agent      a4 clock(8)
Event sent to agent      ra1 clock(9)
agent notification: Time [clock=9, time=null]
Event sent to agent      a4 clock(9)
Event sent to agent      a1 clock(4)
agent notification: Time [clock=5, time=null]
Event sent to agent      a1 clock(5)
agent notification: Time [clock=6, time=null]
Event sent to agent      a1 clock(6)
agent notification: Time [clock=7, time=null]
Event sent to agent      a1 clock(7)
agent notification: Time [clock=8, time=null]
Event sent to agent      a1 clock(8)
agent notification: Time [clock=9, time=null]
Event sent to agent      a1 clock(9)
org notification: Time [clock=4, time=null]
org notified found Time [clock=4, time=null]
org notified sent time(4).
org notification: Time [clock=5, time=null]
org notified found Time [clock=5, time=null]
org notified sent time(5).
org notification: Time [clock=6, time=null]
org notified found Time [clock=6, time=null]
org notified sent time(6).
org notification: Time [clock=7, time=null]
org notified found Time [clock=7, time=null]
org notified sent time(7).
10
agent notification: Time [clock=10, time=null]
agent notification: Time [clock=10, time=null]
Event sent to agent      c1 clock(10)
Event sent to agent      a4 clock(10)
agent notification: Time [clock=10, time=null]
agent notification: Time [clock=10, time=null]
Event sent to agent      a3 clock(10)
Event sent to agent      ra1 clock(10)
agent notification: Time [clock=10, time=null]
agent notification: Time [clock=10, time=null]
Event sent to agent      a1 clock(10)
agent notification: Time [clock=10, time=null]
Event sent to agent      t1 clock(10)
Event sent to agent      a2 clock(10)
Event processed UpdateClock(3)
Event processed UpdateClock(4)
Event processed UpdateClock(5)
Event processed UpdateClock(6)
Event processed UpdateClock(3)
Event processed UpdateClock(7)
org notification: Time [clock=8, time=null]
org notified found Time [clock=8, time=null]
org notified sent time(8).
Event processed UpdateClock(4)
Event processed UpdateClock(8)
Event processed UpdateClock(5)
Event processed UpdateClock(9)
Event processed UpdateClock(6)
Event processed UpdateClock(10)
Event processed UpdateClock(7)
Event processed UpdateClock(8)
Event processed UpdateClock(9)
Event processed UpdateClock(10)
Event processed UpdateClock(3)
Event processed UpdateClock(4)
Event processed UpdateClock(5)
Event processed UpdateClock(6)
Event processed UpdateClock(7)
Event processed UpdateClock(8)
org notification: Time [clock=9, time=null]
org notified found Time [clock=9, time=null]
org notified sent time(9).
Event processed UpdateClock(9)
Event processed UpdateClock(10)
Event processed UpdateClock(3)
Event processed UpdateClock(4)
Event processed UpdateClock(5)
Event processed UpdateClock(6)
Event processed UpdateClock(3)
Event processed UpdateClock(4)
Event processed UpdateClock(7)
Event processed UpdateClock(5)
Event processed UpdateClock(8)
Event processed UpdateClock(6)
Event processed UpdateClock(9)
Event processed UpdateClock(7)
org notification: Time [clock=10, time=null]
org notified found Time [clock=10, time=null]
org notified sent time(10).
Event processed UpdateClock(8)
Event processed UpdateClock(10)
Event processed UpdateClock(9)
Event processed UpdateClock(3)
Event processed UpdateClock(10)
Event processed UpdateClock(4)
Event processed UpdateClock(5)
Event processed UpdateClock(6)
Event processed UpdateClock(7)
Event processed UpdateClock(8)
Event processed UpdateClock(9)
Event processed UpdateClock(10)
Event processed UpdateClock(3)
Event processed UpdateClock(4)
Event processed UpdateClock(5)
Event processed UpdateClock(6)
Event processed UpdateClock(7)
Event processed UpdateClock(8)
Event processed UpdateClock(9)
Event processed UpdateClock(10)
11
org notification: Time [clock=11, time=null]
org notified found Time [clock=11, time=null]
org notified sent time(11).
agent notification: Time [clock=11, time=null]
agent notification: Time [clock=11, time=null]
Event sent to agent      t1 clock(11)
Event sent to agent      a3 clock(11)
agent notification: Time [clock=11, time=null]
agent notification: Time [clock=11, time=null]
Event sent to agent      a4 clock(11)
agent notification: Time [clock=11, time=null]
agent notification: Time [clock=11, time=null]
Event sent to agent      a2 clock(11)
Event sent to agent      c1 clock(11)
Event sent to agent      a1 clock(11)
agent notification: Time [clock=11, time=null]
Event sent to agent      ra1 clock(11)
Event processed UpdateClock(11)
Event processed UpdateClock(11)
Event processed UpdateClock(11)
Event processed UpdateClock(11)
Event processed UpdateClock(11)
Event processed UpdateClock(11)
Event processed UpdateClock(11)
12
org notification: Time [clock=12, time=null]
org notified found Time [clock=12, time=null]
org notified sent time(12).
agent notification: Time [clock=12, time=null]
Event sent to agent      a2 clock(12)
agent notification: Time [clock=12, time=null]
Event sent to agent      t1 clock(12)
agent notification: Time [clock=12, time=null]
Event sent to agent      a3 clock(12)
agent notification: Time [clock=12, time=null]
Event sent to agent      ra1 clock(12)
agent notification: Time [clock=12, time=null]
Event sent to agent      a4 clock(12)
agent notification: Time [clock=12, time=null]
Event sent to agent      c1 clock(12)
agent notification: Time [clock=12, time=null]
Event sent to agent      a1 clock(12)
Event processed UpdateClock(12)
Event processed UpdateClock(12)
Event processed UpdateClock(12)
Event processed UpdateClock(12)
Event processed UpdateClock(12)
Event processed UpdateClock(12)
Event processed UpdateClock(12)
13
org notification: Time [clock=13, time=null]
org notified found Time [clock=13, time=null]
org notified sent time(13).
agent notification: Time [clock=13, time=null]
agent notification: Time [clock=13, time=null]
agent notification: Time [clock=13, time=null]
Event sent to agent      t1 clock(13)
Event sent to agent      ra1 clock(13)
Event sent to agent      a2 clock(13)
agent notification: Time [clock=13, time=null]
Event sent to agent      a3 clock(13)
agent notification: Time [clock=13, time=null]
agent notification: Time [clock=13, time=null]
Event sent to agent      c1 clock(13)
Event sent to agent      a1 clock(13)
agent notification: Time [clock=13, time=null]
Event sent to agent      a4 clock(13)
org notification: Coin [id=null, cell=Cell [x=8, y=6], subject=a1, time=2014-04-03 15:31:52.951, clock=10]
org notified found Coin [id=null, cell=Cell [x=8, y=6], subject=a1, time=2014-04-03 15:31:52.951, clock=10]
org notified sent coin(cell(8,6),10,a1).
org notification: Cargo [id=null, cell=Cell [x=19, y=19], time=2014-04-03 15:31:53.016, clock=10]
org notified found Cargo [id=null, cell=Cell [x=19, y=19], time=2014-04-03 15:31:53.016, clock=10]
org notified sent cargo(cell(19,19),10).
Event processed UpdateClock(13)
Event processed UpdateClock(13)
Event processed UpdateClock(13)
Event processed UpdateClock(13)
Event processed UpdateClock(13)
Event processed UpdateClock(13)
Event processed UpdateClock(13)
14
org notification: Position [subject=a1, id=null, cell=Cell [x=3, y=4], time=2014-04-03 15:31:53.351, clock=11]
org notified found Position [subject=a1, id=null, cell=Cell [x=3, y=4], time=2014-04-03 15:31:53.351, clock=11]
org notified sent position(a1,cell(3,4),11).
agent notification: Time [clock=14, time=null]
Event sent to agent      a2 clock(14)
agent notification: Time [clock=14, time=null]
agent notification: Time [clock=14, time=null]
Event sent to agent      t1 clock(14)
agent notification: Time [clock=14, time=null]
Event sent to agent      a3 clock(14)
Event sent to agent      a1 clock(14)
agent notification: Time [clock=14, time=null]
agent notification: Time [clock=14, time=null]
Event sent to agent      ra1 clock(14)
Event sent to agent      c1 clock(14)
agent notification: Time [clock=14, time=null]
Event sent to agent      a4 clock(14)
org notification: Time [clock=14, time=null]
org notified found Time [clock=14, time=null]
org notified sent time(14).
org notification: Position [subject=a2, id=null, cell=Cell [x=7, y=19], time=2014-04-03 15:31:53.411, clock=11]
org notified found Position [subject=a2, id=null, cell=Cell [x=7, y=19], time=2014-04-03 15:31:53.411, clock=11]
org notified sent position(a2,cell(7,19),11).
Event processed UpdateClock(14)
Event processed UpdateClock(14)
Event processed UpdateClock(14)
Event processed UpdateClock(14)
Event processed UpdateClock(14)
Event processed UpdateClock(14)
Event processed UpdateClock(14)
15
org notification: Time [clock=15, time=null]
org notified found Time [clock=15, time=null]
org notified sent time(15).
agent notification: Time [clock=15, time=null]
agent notification: Time [clock=15, time=null]
Event sent to agent      t1 clock(15)
agent notification: Time [clock=15, time=null]
agent notification: Time [clock=15, time=null]
Event sent to agent      a4 clock(15)
Event sent to agent      a1 clock(15)
Event sent to agent      a3 clock(15)
agent notification: Time [clock=15, time=null]
Event sent to agent      ra1 clock(15)
agent notification: Time [clock=15, time=null]
Event sent to agent      c1 clock(15)
agent notification: Time [clock=15, time=null]
Event sent to agent      a2 clock(15)
Event processed UpdateClock(15)
Event processed UpdateClock(15)
Event processed UpdateClock(15)
Event processed UpdateClock(15)
Event processed UpdateClock(15)
Event processed UpdateClock(15)
Event processed UpdateClock(15)
org notification: Position [subject=a3, id=null, cell=Cell [x=11, y=2], time=2014-04-03 15:31:54.216, clock=13]
org notified found Position [subject=a3, id=null, cell=Cell [x=11, y=2], time=2014-04-03 15:31:54.216, clock=13]
org notified sent position(a3,cell(11,2),13).
16
org notification: Time [clock=16, time=null]
org notified found Time [clock=16, time=null]
org notified sent time(16).
agent notification: Time [clock=16, time=null]
agent notification: Time [clock=16, time=null]
agent notification: Time [clock=16, time=null]
Event sent to agent      a2 clock(16)
Event sent to agent      t1 clock(16)
Event sent to agent      ra1 clock(16)
agent notification: Time [clock=16, time=null]
agent notification: Time [clock=16, time=null]
Event sent to agent      c1 clock(16)
Event sent to agent      a4 clock(16)
agent notification: Time [clock=16, time=null]
Event sent to agent      a1 clock(16)
agent notification: Time [clock=16, time=null]
Event sent to agent      a3 clock(16)
org notification: Coin [id=null, cell=Cell [x=16, y=16], subject=a2, time=2014-04-03 15:31:54.461, clock=14]
org notified found Coin [id=null, cell=Cell [x=16, y=16], subject=a2, time=2014-04-03 15:31:54.461, clock=14]
org notified sent coin(cell(16,16),14,a2).
Event processed UpdateClock(16)
Event processed UpdateClock(16)
Event processed UpdateClock(16)
Event processed UpdateClock(16)
Event processed UpdateClock(16)
Event processed UpdateClock(16)
Event processed UpdateClock(16)
org notification: Position [subject=a1, id=null, cell=Cell [x=3, y=5], time=2014-04-03 15:31:54.707, clock=15]
org notified found Position [subject=a1, id=null, cell=Cell [x=3, y=5], time=2014-04-03 15:31:54.707, clock=15]
org notified sent position(a1,cell(3,5),15).
org notification: Position [subject=t1, id=null, cell=Cell [x=18, y=19], time=2014-04-03 15:31:54.74, clock=15]
org notified found Position [subject=t1, id=null, cell=Cell [x=18, y=19], time=2014-04-03 15:31:54.74, clock=15]
org notified sent position(t1,cell(18,19),15).
org notification: Position [subject=a2, id=null, cell=Cell [x=6, y=19], time=2014-04-03 15:31:54.764, clock=15]
org notified found Position [subject=a2, id=null, cell=Cell [x=6, y=19], time=2014-04-03 15:31:54.764, clock=15]
org notified sent position(a2,cell(6,19),15).
17
org notification: Time [clock=17, time=null]
org notified found Time [clock=17, time=null]
org notified sent time(17).
agent notification: Time [clock=17, time=null]
agent notification: Time [clock=17, time=null]
agent notification: Time [clock=17, time=null]
Event sent to agent      t1 clock(17)
Event sent to agent      a3 clock(17)
agent notification: Time [clock=17, time=null]
agent notification: Time [clock=17, time=null]
Event sent to agent      c1 clock(17)
Event sent to agent      ra1 clock(17)
agent notification: Time [clock=17, time=null]
Event sent to agent      a2 clock(17)
Event sent to agent      a1 clock(17)
agent notification: Time [clock=17, time=null]
Event sent to agent      a4 clock(17)
Event processed UpdateClock(17)
Event processed UpdateClock(17)
Event processed UpdateClock(17)
Event processed UpdateClock(17)
Event processed UpdateClock(17)
Event processed UpdateClock(17)
Event processed UpdateClock(17)
org notification: Position [subject=a3, id=null, cell=Cell [x=11, y=3], time=2014-04-03 15:31:55.285, clock=16]
org notified found Position [subject=a3, id=null, cell=Cell [x=11, y=3], time=2014-04-03 15:31:55.285, clock=16]
org notified sent position(a3,cell(11,3),16).
18
agent notification: Time [clock=18, time=null]
Event sent to agent      a3 clock(18)
agent notification: Time [clock=18, time=null]
org notification: Time [clock=18, time=null]
Event sent to agent      t1 clock(18)
org notified found Time [clock=18, time=null]
org notified sent time(18).
agent notification: Time [clock=18, time=null]
agent notification: Time [clock=18, time=null]
Event sent to agent      c1 clock(18)
Event sent to agent      a1 clock(18)
agent notification: Time [clock=18, time=null]
Event sent to agent      a2 clock(18)
agent notification: Time [clock=18, time=null]
agent notification: Time [clock=18, time=null]
Event sent to agent      a4 clock(18)
Event sent to agent      ra1 clock(18)
Event processed UpdateClock(18)
Event processed UpdateClock(18)
Event processed UpdateClock(18)
Event processed UpdateClock(18)
org notification: Coin [id=null, cell=Cell [x=2, y=2], subject=a3, time=2014-04-03 15:31:55.477, clock=16]
org notified found Coin [id=null, cell=Cell [x=2, y=2], subject=a3, time=2014-04-03 15:31:55.477, clock=16]
org notified sent coin(cell(2,2),16,a3).
Event processed UpdateClock(18)
Event processed UpdateClock(18)
Event processed UpdateClock(18)
org notification: Position [subject=a1, id=null, cell=Cell [x=4, y=5], time=2014-04-03 15:31:55.715, clock=17]
org notified found Position [subject=a1, id=null, cell=Cell [x=4, y=5], time=2014-04-03 15:31:55.715, clock=17]
org notified sent position(a1,cell(4,5),17).
org notification: Position [subject=t1, id=null, cell=Cell [x=17, y=19], time=2014-04-03 15:31:55.728, clock=17]
org notified found Position [subject=t1, id=null, cell=Cell [x=17, y=19], time=2014-04-03 15:31:55.728, clock=17]
org notified sent position(t1,cell(17,19),17).
org notification: Position [subject=a2, id=null, cell=Cell [x=6, y=18], time=2014-04-03 15:31:55.749, clock=17]
org notified found Position [subject=a2, id=null, cell=Cell [x=6, y=18], time=2014-04-03 15:31:55.749, clock=17]
org notified sent position(a2,cell(6,18),17).
19
org notification: Time [clock=19, time=null]
org notified found Time [clock=19, time=null]
org notified sent time(19).
agent notification: Time [clock=19, time=null]
Event sent to agent      a2 clock(19)
agent notification: Time [clock=19, time=null]
Event sent to agent      t1 clock(19)
agent notification: Time [clock=19, time=null]
Event sent to agent      a3 clock(19)
agent notification: Time [clock=19, time=null]
agent notification: Time [clock=19, time=null]
Event sent to agent      ra1 clock(19)
Event sent to agent      a4 clock(19)
agent notification: Time [clock=19, time=null]
agent notification: Time [clock=19, time=null]
Event sent to agent      a1 clock(19)
Event sent to agent      c1 clock(19)
Event processed UpdateClock(19)
Event processed UpdateClock(19)
Event processed UpdateClock(19)
Event processed UpdateClock(19)
Event processed UpdateClock(19)
Event processed UpdateClock(19)
Event processed UpdateClock(19)
org notification: Position [subject=a3, id=null, cell=Cell [x=11, y=4], time=2014-04-03 15:31:56.219, clock=18]
org notified found Position [subject=a3, id=null, cell=Cell [x=11, y=4], time=2014-04-03 15:31:56.219, clock=18]
org notified sent position(a3,cell(11,4),18).
20
org notification: Time [clock=20, time=null]
org notified found Time [clock=20, time=null]
agent notification: Time [clock=20, time=null]
org notified sent time(20).
agent notification: Time [clock=20, time=null]
Event sent to agent      a2 clock(20)
Event sent to agent      t1 clock(20)
agent notification: Time [clock=20, time=null]
Event sent to agent      a1 clock(20)
agent notification: Time [clock=20, time=null]
Event sent to agent      c1 clock(20)
agent notification: Time [clock=20, time=null]
agent notification: Time [clock=20, time=null]
Event sent to agent      a3 clock(20)
Event sent to agent      a4 clock(20)
agent notification: Time [clock=20, time=null]
Event sent to agent      ra1 clock(20)
Event processed UpdateClock(20)
Event processed UpdateClock(20)
Event processed UpdateClock(20)
Event processed UpdateClock(20)
Event processed UpdateClock(20)
Event processed UpdateClock(20)
Event processed UpdateClock(20)
org notification: Position [subject=t1, id=null, cell=Cell [x=16, y=19], time=2014-04-03 15:31:56.737, clock=19]
org notified found Position [subject=t1, id=null, cell=Cell [x=16, y=19], time=2014-04-03 15:31:56.737, clock=19]
org notified sent position(t1,cell(16,19),19).
org notification: Position [subject=a1, id=null, cell=Cell [x=5, y=5], time=2014-04-03 15:31:56.744, clock=19]
org notified found Position [subject=a1, id=null, cell=Cell [x=5, y=5], time=2014-04-03 15:31:56.744, clock=19]
org notified sent position(a1,cell(5,5),19).
org notification: Position [subject=a2, id=null, cell=Cell [x=6, y=17], time=2014-04-03 15:31:56.771, clock=19]
org notified found Position [subject=a2, id=null, cell=Cell [x=6, y=17], time=2014-04-03 15:31:56.771, clock=19]
org notified sent position(a2,cell(6,17),19).
21
org notification: Time [clock=21, time=null]
org notified found Time [clock=21, time=null]
org notified sent time(21).
agent notification: Time [clock=21, time=null]
agent notification: Time [clock=21, time=null]
agent notification: Time [clock=21, time=null]
agent notification: Time [clock=21, time=null]
Event sent to agent      a3 clock(21)
Event sent to agent      a4 clock(21)
Event sent to agent      t1 clock(21)
agent notification: Time [clock=21, time=null]
agent notification: Time [clock=21, time=null]
Event sent to agent      c1 clock(21)
Event sent to agent      ra1 clock(21)
Event sent to agent      a2 clock(21)
agent notification: Time [clock=21, time=null]
Event sent to agent      a1 clock(21)
Event processed UpdateClock(21)
Event processed UpdateClock(21)
Event processed UpdateClock(21)
Event processed UpdateClock(21)
Event processed UpdateClock(21)
Event processed UpdateClock(21)
Event processed UpdateClock(21)
org notification: Position [subject=a3, id=null, cell=Cell [x=11, y=5], time=2014-04-03 15:31:57.323, clock=20]
org notified found Position [subject=a3, id=null, cell=Cell [x=11, y=5], time=2014-04-03 15:31:57.323, clock=20]
org notified sent position(a3,cell(11,5),20).
22
agent notification: Time [clock=22, time=null]
Event sent to agent      a3 clock(22)
org notification: Time [clock=22, time=null]
agent notification: Time [clock=22, time=null]
Event sent to agent      a2 clock(22)
org notified found Time [clock=22, time=null]
org notified sent time(22).
agent notification: Time [clock=22, time=null]
Event sent to agent      a4 clock(22)
agent notification: Time [clock=22, time=null]
agent notification: Time [clock=22, time=null]
Event sent to agent      a1 clock(22)
agent notification: Time [clock=22, time=null]
Event sent to agent      t1 clock(22)
Event sent to agent      c1 clock(22)
agent notification: Time [clock=22, time=null]
Event sent to agent      ra1 clock(22)
Event processed UpdateClock(22)
Event processed UpdateClock(22)
Event processed UpdateClock(22)
Event processed UpdateClock(22)
Event processed UpdateClock(22)
Event processed UpdateClock(22)
Event processed UpdateClock(22)
23
agent notification: Time [clock=23, time=null]
agent notification: Time [clock=23, time=null]
Event sent to agent      ra1 clock(23)
Event sent to agent      a3 clock(23)
agent notification: Time [clock=23, time=null]
Event sent to agent      a2 clock(23)
org notification: Time [clock=23, time=null]
org notified found Time [clock=23, time=null]
org notified sent time(23).
agent notification: Time [clock=23, time=null]
agent notification: Time [clock=23, time=null]
Event sent to agent      a1 clock(23)
agent notification: Time [clock=23, time=null]
Event sent to agent      t1 clock(23)
Event sent to agent      a4 clock(23)
agent notification: Time [clock=23, time=null]
Event sent to agent      c1 clock(23)
org notification: Position [subject=t1, id=null, cell=Cell [x=15, y=19], time=2014-04-03 15:31:57.951, clock=21]
org notified found Position [subject=t1, id=null, cell=Cell [x=15, y=19], time=2014-04-03 15:31:57.951, clock=21]
org notified sent position(t1,cell(15,19),21).
org notification: Position [subject=a2, id=null, cell=Cell [x=6, y=16], time=2014-04-03 15:31:57.987, clock=21]
org notified found Position [subject=a2, id=null, cell=Cell [x=6, y=16], time=2014-04-03 15:31:57.987, clock=21]
org notified sent position(a2,cell(6,16),21).
Event processed UpdateClock(23)
Event processed UpdateClock(23)
Event processed UpdateClock(23)
Event processed UpdateClock(23)
Event processed UpdateClock(23)
Event processed UpdateClock(23)
Event processed UpdateClock(23)
24
org notification: Time [clock=24, time=null]
org notified found Time [clock=24, time=null]
org notified sent time(24).
agent notification: Time [clock=24, time=null]
agent notification: Time [clock=24, time=null]
agent notification: Time [clock=24, time=null]
Event sent to agent      a2 clock(24)
Event sent to agent      t1 clock(24)
Event sent to agent      c1 clock(24)
agent notification: Time [clock=24, time=null]
agent notification: Time [clock=24, time=null]
Event sent to agent      a3 clock(24)
Event sent to agent      ra1 clock(24)
agent notification: Time [clock=24, time=null]
Event sent to agent      a1 clock(24)
agent notification: Time [clock=24, time=null]
Event sent to agent      a4 clock(24)
Event processed UpdateClock(24)
Event processed UpdateClock(24)
Event processed UpdateClock(24)
Event processed UpdateClock(24)
Event processed UpdateClock(24)
Event processed UpdateClock(24)
org notification: Position [subject=a3, id=null, cell=Cell [x=11, y=6], time=2014-04-03 15:31:58.633, clock=22]
org notified found Position [subject=a3, id=null, cell=Cell [x=11, y=6], time=2014-04-03 15:31:58.633, clock=22]
org notified sent position(a3,cell(11,6),22).
Event processed UpdateClock(24)
25
agent notification: Time [clock=25, time=null]
Event sent to agent      a3 clock(25)
org notification: Time [clock=25, time=null]
agent notification: Time [clock=25, time=null]
agent notification: Time [clock=25, time=null]
Event sent to agent      a4 clock(25)
org notified found Time [clock=25, time=null]
agent notification: Time [clock=25, time=null]
Event sent to agent      t1 clock(25)
agent notification: Time [clock=25, time=null]
Event sent to agent      c1 clock(25)
org notified sent time(25).
Event sent to agent      a1 clock(25)
agent notification: Time [clock=25, time=null]
Event sent to agent      ra1 clock(25)
agent notification: Time [clock=25, time=null]
Event sent to agent      a2 clock(25)
Event processed UpdateClock(25)
Event processed UpdateClock(25)
Event processed UpdateClock(25)
Event processed UpdateClock(25)
Event processed UpdateClock(25)
Event processed UpdateClock(25)
Event processed UpdateClock(25)
org notification: Position [subject=t1, id=null, cell=Cell [x=14, y=19], time=2014-04-03 15:31:59.247, clock=24]
org notified found Position [subject=t1, id=null, cell=Cell [x=14, y=19], time=2014-04-03 15:31:59.247, clock=24]
org notified sent position(t1,cell(14,19),24).
org notification: Position [subject=a1, id=null, cell=Cell [x=5, y=6], time=2014-04-03 15:31:59.336, clock=24]
org notified found Position [subject=a1, id=null, cell=Cell [x=5, y=6], time=2014-04-03 15:31:59.336, clock=24]
org notified sent position(a1,cell(5,6),24).
org notification: Position [subject=a2, id=null, cell=Cell [x=6, y=15], time=2014-04-03 15:31:59.353, clock=24]
org notified found Position [subject=a2, id=null, cell=Cell [x=6, y=15], time=2014-04-03 15:31:59.353, clock=24]
org notified sent position(a2,cell(6,15),24).
26
org notification: Time [clock=26, time=null]
org notified found Time [clock=26, time=null]
org notified sent time(26).
agent notification: Time [clock=26, time=null]
agent notification: Time [clock=26, time=null]
Event sent to agent      a3 clock(26)
agent notification: Time [clock=26, time=null]
Event sent to agent      a1 clock(26)
agent notification: Time [clock=26, time=null]
Event sent to agent      a4 clock(26)
agent notification: Time [clock=26, time=null]
agent notification: Time [clock=26, time=null]
Event sent to agent      c1 clock(26)
Event sent to agent      a2 clock(26)
Event sent to agent      t1 clock(26)
agent notification: Time [clock=26, time=null]
Event sent to agent      ra1 clock(26)
Event processed UpdateClock(26)
Event processed UpdateClock(26)
Event processed UpdateClock(26)
Event processed UpdateClock(26)
Event processed UpdateClock(26)
Event processed UpdateClock(26)
Event processed UpdateClock(26)
org notification: Position [subject=a3, id=null, cell=Cell [x=11, y=7], time=2014-04-03 15:31:59.884, clock=25]
org notified found Position [subject=a3, id=null, cell=Cell [x=11, y=7], time=2014-04-03 15:31:59.884, clock=25]
org notified sent position(a3,cell(11,7),25).
27
org notification: Time [clock=27, time=null]
org notified found Time [clock=27, time=null]
org notified sent time(27).
agent notification: Time [clock=27, time=null]
agent notification: Time [clock=27, time=null]
agent notification: Time [clock=27, time=null]
Event sent to agent      t1 clock(27)
Event sent to agent      a1 clock(27)
agent notification: Time [clock=27, time=null]
Event sent to agent      a2 clock(27)
Event sent to agent      c1 clock(27)
agent notification: Time [clock=27, time=null]
agent notification: Time [clock=27, time=null]
Event sent to agent      a3 clock(27)
agent notification: Time [clock=27, time=null]
Event sent to agent      ra1 clock(27)
Event sent to agent      a4 clock(27)
Event processed UpdateClock(27)
Event processed UpdateClock(27)
Event processed UpdateClock(27)
Event processed UpdateClock(27)
Event processed UpdateClock(27)
Event processed UpdateClock(27)
Event processed UpdateClock(27)
28
org notification: Time [clock=28, time=null]
org notified found Time [clock=28, time=null]
org notified sent time(28).
agent notification: Time [clock=28, time=null]
agent notification: Time [clock=28, time=null]
Event sent to agent      a2 clock(28)
agent notification: Time [clock=28, time=null]
agent notification: Time [clock=28, time=null]
Event sent to agent      a3 clock(28)
agent notification: Time [clock=28, time=null]
Event sent to agent      a4 clock(28)
Event sent to agent      a1 clock(28)
Event sent to agent      c1 clock(28)
agent notification: Time [clock=28, time=null]
Event sent to agent      ra1 clock(28)
agent notification: Time [clock=28, time=null]
Event sent to agent      t1 clock(28)
org notification: Position [subject=t1, id=null, cell=Cell [x=13, y=19], time=2014-04-03 15:32:00.444, clock=26]
org notified found Position [subject=t1, id=null, cell=Cell [x=13, y=19], time=2014-04-03 15:32:00.444, clock=26]
org notified sent position(t1,cell(13,19),26).
org notification: Position [subject=a1, id=null, cell=Cell [x=6, y=6], time=2014-04-03 15:32:00.463, clock=26]
org notified found Position [subject=a1, id=null, cell=Cell [x=6, y=6], time=2014-04-03 15:32:00.463, clock=26]
org notified sent position(a1,cell(6,6),26).
org notification: Position [subject=a2, id=null, cell=Cell [x=6, y=14], time=2014-04-03 15:32:00.481, clock=26]
org notified found Position [subject=a2, id=null, cell=Cell [x=6, y=14], time=2014-04-03 15:32:00.481, clock=26]
org notified sent position(a2,cell(6,14),26).
Event processed UpdateClock(28)
Event processed UpdateClock(28)
Event processed UpdateClock(28)
Event processed UpdateClock(28)
Event processed UpdateClock(28)
Event processed UpdateClock(28)
Event processed UpdateClock(28)
29
agent notification: Time [clock=29, time=null]
agent notification: Time [clock=29, time=null]
agent notification: Time [clock=29, time=null]
Event sent to agent      ra1 clock(29)
Event sent to agent      c1 clock(29)
agent notification: Time [clock=29, time=null]
agent notification: Time [clock=29, time=null]
Event sent to agent      t1 clock(29)
Event sent to agent      a4 clock(29)
agent notification: Time [clock=29, time=null]
Event sent to agent      a2 clock(29)
Event sent to agent      a1 clock(29)
org notification: Time [clock=29, time=null]
org notified found Time [clock=29, time=null]
agent notification: Time [clock=29, time=null]
org notified sent time(29).
Event sent to agent      a3 clock(29)
org notification: Position [subject=a3, id=null, cell=Cell [x=11, y=8], time=2014-04-03 15:32:00.981, clock=27]
org notified found Position [subject=a3, id=null, cell=Cell [x=11, y=8], time=2014-04-03 15:32:00.981, clock=27]
org notified sent position(a3,cell(11,8),27).
Event processed UpdateClock(29)
Event processed UpdateClock(29)
Event processed UpdateClock(29)
Event processed UpdateClock(29)
Event processed UpdateClock(29)
Event processed UpdateClock(29)
Event processed UpdateClock(29)
30
org notification: Time [clock=30, time=null]
org notified found Time [clock=30, time=null]
org notified sent time(30).
agent notification: Time [clock=30, time=null]
Event sent to agent      t1 clock(30)
agent notification: Time [clock=30, time=null]
Event sent to agent      a2 clock(30)
agent notification: Time [clock=30, time=null]
Event sent to agent      a3 clock(30)
agent notification: Time [clock=30, time=null]
agent notification: Time [clock=30, time=null]
agent notification: Time [clock=30, time=null]
agent notification: Time [clock=30, time=null]
Event sent to agent      c1 clock(30)
Event sent to agent      a4 clock(30)
Event sent to agent      ra1 clock(30)
Event sent to agent      a1 clock(30)
org notification: Position [subject=t1, id=null, cell=Cell [x=12, y=19], time=2014-04-03 15:32:01.447, clock=28]
org notified found Position [subject=t1, id=null, cell=Cell [x=12, y=19], time=2014-04-03 15:32:01.447, clock=28]
org notified sent position(t1,cell(12,19),28).
org notification: Position [subject=a2, id=null, cell=Cell [x=6, y=13], time=2014-04-03 15:32:01.475, clock=28]
org notified found Position [subject=a2, id=null, cell=Cell [x=6, y=13], time=2014-04-03 15:32:01.475, clock=28]
org notified sent position(a2,cell(6,13),28).
Event processed UpdateClock(30)
Event processed UpdateClock(30)
Event processed UpdateClock(30)
Event processed UpdateClock(30)
Event processed UpdateClock(30)
Event processed UpdateClock(30)
Event processed UpdateClock(30)
31
org notification: Time [clock=31, time=null]
org notified found Time [clock=31, time=null]
org notified sent time(31).
agent notification: Time [clock=31, time=null]
agent notification: Time [clock=31, time=null]
Event sent to agent      a1 clock(31)
agent notification: Time [clock=31, time=null]
agent notification: Time [clock=31, time=null]
Event sent to agent      c1 clock(31)
Event sent to agent      a2 clock(31)
Event sent to agent      a3 clock(31)
agent notification: Time [clock=31, time=null]
agent notification: Time [clock=31, time=null]
agent notification: Time [clock=31, time=null]
Event sent to agent      ra1 clock(31)
Event sent to agent      t1 clock(31)
Event sent to agent      a4 clock(31)
org notification: Position [subject=a3, id=null, cell=Cell [x=11, y=9], time=2014-04-03 15:32:01.957, clock=29]
org notified found Position [subject=a3, id=null, cell=Cell [x=11, y=9], time=2014-04-03 15:32:01.957, clock=29]
org notified sent position(a3,cell(11,9),29).
Event processed UpdateClock(31)
Event processed UpdateClock(31)
Event processed UpdateClock(31)
Event processed UpdateClock(31)
Event processed UpdateClock(31)
Event processed UpdateClock(31)
Event processed UpdateClock(31)
org notification: Position [subject=t1, id=null, cell=Cell [x=11, y=19], time=2014-04-03 15:32:02.379, clock=30]
org notified found Position [subject=t1, id=null, cell=Cell [x=11, y=19], time=2014-04-03 15:32:02.379, clock=30]
org notified sent position(t1,cell(11,19),30).
org notification: Position [subject=a2, id=null, cell=Cell [x=6, y=12], time=2014-04-03 15:32:02.399, clock=30]
org notified found Position [subject=a2, id=null, cell=Cell [x=6, y=12], time=2014-04-03 15:32:02.399, clock=30]
org notified sent position(a2,cell(6,12),30).
32
org notification: Time [clock=32, time=null]
org notified found Time [clock=32, time=null]
org notified sent time(32).
agent notification: Time [clock=32, time=null]
agent notification: Time [clock=32, time=null]
Event sent to agent      a2 clock(32)
agent notification: Time [clock=32, time=null]
Event sent to agent      a3 clock(32)
Event sent to agent      ra1 clock(32)
agent notification: Time [clock=32, time=null]
agent notification: Time [clock=32, time=null]
Event sent to agent      t1 clock(32)
Event sent to agent      a1 clock(32)
agent notification: Time [clock=32, time=null]
Event sent to agent      a4 clock(32)
agent notification: Time [clock=32, time=null]
Event sent to agent      c1 clock(32)
Event processed UpdateClock(32)
Event processed UpdateClock(32)
Event processed UpdateClock(32)
Event processed UpdateClock(32)
Event processed UpdateClock(32)
Event processed UpdateClock(32)
Event processed UpdateClock(32)
org notification: Position [subject=a3, id=null, cell=Cell [x=11, y=10], time=2014-04-03 15:32:02.858, clock=31]
org notified found Position [subject=a3, id=null, cell=Cell [x=11, y=10], time=2014-04-03 15:32:02.858, clock=31]
org notified sent position(a3,cell(11,10),31).
33
org notification: Time [clock=33, time=null]
org notified found Time [clock=33, time=null]
org notified sent time(33).
agent notification: Time [clock=33, time=null]
Event sent to agent      a2 clock(33)
agent notification: Time [clock=33, time=null]
Event sent to agent      a4 clock(33)
agent notification: Time [clock=33, time=null]
Event sent to agent      ra1 clock(33)
agent notification: Time [clock=33, time=null]
agent notification: Time [clock=33, time=null]
Event sent to agent      t1 clock(33)
Event sent to agent      a1 clock(33)
agent notification: Time [clock=33, time=null]
Event sent to agent      c1 clock(33)
agent notification: Time [clock=33, time=null]
Event sent to agent      a3 clock(33)
Event processed UpdateClock(33)
Event processed UpdateClock(33)
Event processed UpdateClock(33)
Event processed UpdateClock(33)
Event processed UpdateClock(33)
Event processed UpdateClock(33)
Event processed UpdateClock(33)
org notification: Position [subject=t1, id=null, cell=Cell [x=10, y=19], time=2014-04-03 15:32:03.355, clock=32]
org notified found Position [subject=t1, id=null, cell=Cell [x=10, y=19], time=2014-04-03 15:32:03.355, clock=32]
org notified sent position(t1,cell(10,19),32).
org notification: Position [subject=a2, id=null, cell=Cell [x=6, y=11], time=2014-04-03 15:32:03.397, clock=32]
org notified found Position [subject=a2, id=null, cell=Cell [x=6, y=11], time=2014-04-03 15:32:03.397, clock=32]
org notified sent position(a2,cell(6,11),32).
34
org notification: Time [clock=34, time=null]
org notified found Time [clock=34, time=null]
org notified sent time(34).
agent notification: Time [clock=34, time=null]
Event sent to agent      a2 clock(34)
agent notification: Time [clock=34, time=null]
Event sent to agent      t1 clock(34)
agent notification: Time [clock=34, time=null]
Event sent to agent      a3 clock(34)
agent notification: Time [clock=34, time=null]
Event sent to agent      ra1 clock(34)
agent notification: Time [clock=34, time=null]
Event sent to agent      a4 clock(34)
agent notification: Time [clock=34, time=null]
Event sent to agent      c1 clock(34)
agent notification: Time [clock=34, time=null]
Event sent to agent      a1 clock(34)
Event processed UpdateClock(34)
Event processed UpdateClock(34)
Event processed UpdateClock(34)
Event processed UpdateClock(34)
Event processed UpdateClock(34)
Event processed UpdateClock(34)
Event processed UpdateClock(34)
35
org notification: Time [clock=35, time=null]
org notified found Time [clock=35, time=null]
org notified sent time(35).
agent notification: Time [clock=35, time=null]
Event sent to agent      a2 clock(35)
agent notification: Time [clock=35, time=null]
Event sent to agent      t1 clock(35)
agent notification: Time [clock=35, time=null]
Event sent to agent      a3 clock(35)
agent notification: Time [clock=35, time=null]
agent notification: Time [clock=35, time=null]
agent notification: Time [clock=35, time=null]
agent notification: Time [clock=35, time=null]
Event sent to agent      a4 clock(35)
Event sent to agent      c1 clock(35)
Event sent to agent      ra1 clock(35)
Event sent to agent      a1 clock(35)
org notification: Position [subject=a3, id=null, cell=Cell [x=11, y=11], time=2014-04-03 15:32:04.062, clock=33]
org notified found Position [subject=a3, id=null, cell=Cell [x=11, y=11], time=2014-04-03 15:32:04.062, clock=33]
org notified sent position(a3,cell(11,11),33).
Event processed UpdateClock(35)
Event processed UpdateClock(35)
Event processed UpdateClock(35)
Event processed UpdateClock(35)
Event processed UpdateClock(35)
Event processed UpdateClock(35)
Event processed UpdateClock(35)
36
agent notification: Time [clock=36, time=null]
agent notification: Time [clock=36, time=null]
agent notification: Time [clock=36, time=null]
Event sent to agent      t1 clock(36)
Event sent to agent      a3 clock(36)
org notification: Time [clock=36, time=null]
org notified found Time [clock=36, time=null]
org notified sent time(36).
agent notification: Time [clock=36, time=null]
Event sent to agent      a2 clock(36)
Event sent to agent      ra1 clock(36)
agent notification: Time [clock=36, time=null]
Event sent to agent      a4 clock(36)
agent notification: Time [clock=36, time=null]
agent notification: Time [clock=36, time=null]
Event sent to agent      a1 clock(36)
Event sent to agent      c1 clock(36)
Event processed UpdateClock(36)
Event processed UpdateClock(36)
Event processed UpdateClock(36)
Event processed UpdateClock(36)
Event processed UpdateClock(36)
Event processed UpdateClock(36)
Event processed UpdateClock(36)
org notification: Position [subject=t1, id=null, cell=Cell [x=9, y=19], time=2014-04-03 15:32:04.6, clock=34]
org notified found Position [subject=t1, id=null, cell=Cell [x=9, y=19], time=2014-04-03 15:32:04.6, clock=34]
org notified sent position(t1,cell(9,19),34).
org notification: Position [subject=a2, id=null, cell=Cell [x=6, y=10], time=2014-04-03 15:32:04.623, clock=34]
org notified found Position [subject=a2, id=null, cell=Cell [x=6, y=10], time=2014-04-03 15:32:04.623, clock=34]
org notified sent position(a2,cell(6,10),34).
37
org notification: Time [clock=37, time=null]
org notified found Time [clock=37, time=null]
org notified sent time(37).
agent notification: Time [clock=37, time=null]
Event sent to agent      a3 clock(37)
agent notification: Time [clock=37, time=null]
Event sent to agent      ra1 clock(37)
agent notification: Time [clock=37, time=null]
Event sent to agent      a4 clock(37)
agent notification: Time [clock=37, time=null]
Event sent to agent      a1 clock(37)
agent notification: Time [clock=37, time=null]
agent notification: Time [clock=37, time=null]
Event sent to agent      c1 clock(37)
Event sent to agent      t1 clock(37)
agent notification: Time [clock=37, time=null]
Event sent to agent      a2 clock(37)
Event processed UpdateClock(37)
Event processed UpdateClock(37)
Event processed UpdateClock(37)
Event processed UpdateClock(37)
Event processed UpdateClock(37)
Event processed UpdateClock(37)
org notification: Position [subject=a3, id=null, cell=Cell [x=11, y=12], time=2014-04-03 15:32:05.087, clock=36]
org notified found Position [subject=a3, id=null, cell=Cell [x=11, y=12], time=2014-04-03 15:32:05.087, clock=36]
org notified sent position(a3,cell(11,12),36).
Event processed UpdateClock(37)
38
agent notification: Time [clock=38, time=null]
org notification: Time [clock=38, time=null]
org notified found Time [clock=38, time=null]
org notified sent time(38).
agent notification: Time [clock=38, time=null]
agent notification: Time [clock=38, time=null]
Event sent to agent      a2 clock(38)
Event sent to agent      a1 clock(38)
Event sent to agent      ra1 clock(38)
agent notification: Time [clock=38, time=null]
Event sent to agent      a3 clock(38)
agent notification: Time [clock=38, time=null]
Event sent to agent      c1 clock(38)
agent notification: Time [clock=38, time=null]
agent notification: Time [clock=38, time=null]
Event sent to agent      a4 clock(38)
Event sent to agent      t1 clock(38)
Event processed UpdateClock(38)
Event processed UpdateClock(38)
Event processed UpdateClock(38)
Event processed UpdateClock(38)
Event processed UpdateClock(38)
org notification: Position [subject=t1, id=null, cell=Cell [x=8, y=19], time=2014-04-03 15:32:05.533, clock=37]
org notified found Position [subject=t1, id=null, cell=Cell [x=8, y=19], time=2014-04-03 15:32:05.533, clock=37]
org notified sent position(t1,cell(8,19),37).
org notification: Position [subject=a2, id=null, cell=Cell [x=6, y=9], time=2014-04-03 15:32:05.556, clock=37]
org notified found Position [subject=a2, id=null, cell=Cell [x=6, y=9], time=2014-04-03 15:32:05.556, clock=37]
org notified sent position(a2,cell(6,9),37).
Event processed UpdateClock(38)
Event processed UpdateClock(38)
39
agent notification: Time [clock=39, time=null]
Event sent to agent      a2 clock(39)
agent notification: Time [clock=39, time=null]
Event sent to agent      t1 clock(39)
agent notification: Time [clock=39, time=null]
Event sent to agent      c1 clock(39)
org notification: Time [clock=39, time=null]
agent notification: Time [clock=39, time=null]
agent notification: Time [clock=39, time=null]
agent notification: Time [clock=39, time=null]
Event sent to agent      a4 clock(39)
Event sent to agent      a3 clock(39)
Event sent to agent      a1 clock(39)
agent notification: Time [clock=39, time=null]
org notified found Time [clock=39, time=null]
org notified sent time(39).
Event sent to agent      ra1 clock(39)
Event processed UpdateClock(39)
org notification: Position [subject=a3, id=null, cell=Cell [x=11, y=13], time=2014-04-03 15:32:06.082, clock=38]
org notified found Position [subject=a3, id=null, cell=Cell [x=11, y=13], time=2014-04-03 15:32:06.082, clock=38]
org notified sent position(a3,cell(11,13),38).
Event processed UpdateClock(39)
Event processed UpdateClock(39)
Event processed UpdateClock(39)
Event processed UpdateClock(39)
Event processed UpdateClock(39)
Event processed UpdateClock(39)
40
org notification: Time [clock=40, time=null]
org notified found Time [clock=40, time=null]
org notified sent time(40).
agent notification: Time [clock=40, time=null]
agent notification: Time [clock=40, time=null]
Event sent to agent      a3 clock(40)
agent notification: Time [clock=40, time=null]
agent notification: Time [clock=40, time=null]
agent notification: Time [clock=40, time=null]
Event sent to agent      ra1 clock(40)
Event sent to agent      c1 clock(40)
agent notification: Time [clock=40, time=null]
Event sent to agent      t1 clock(40)
Event sent to agent      a1 clock(40)
Event sent to agent      a4 clock(40)
agent notification: Time [clock=40, time=null]
Event sent to agent      a2 clock(40)
Event processed UpdateClock(40)
Event processed UpdateClock(40)
Event processed UpdateClock(40)
Event processed UpdateClock(40)
Event processed UpdateClock(40)
org notification: Position [subject=t1, id=null, cell=Cell [x=7, y=19], time=2014-04-03 15:32:06.535, clock=38]
org notified found Position [subject=t1, id=null, cell=Cell [x=7, y=19], time=2014-04-03 15:32:06.535, clock=38]
org notified sent position(t1,cell(7,19),38).
org notification: Position [subject=a2, id=null, cell=Cell [x=6, y=8], time=2014-04-03 15:32:06.555, clock=38]
org notified found Position [subject=a2, id=null, cell=Cell [x=6, y=8], time=2014-04-03 15:32:06.555, clock=38]
org notified sent position(a2,cell(6,8),38).
Event processed UpdateClock(40)
Event processed UpdateClock(40)
41
agent notification: Time [clock=41, time=null]
org notification: Time [clock=41, time=null]
org notified found Time [clock=41, time=null]
org notified sent time(41).
Event sent to agent      a2 clock(41)
agent notification: Time [clock=41, time=null]
Event sent to agent      t1 clock(41)
agent notification: Time [clock=41, time=null]
agent notification: Time [clock=41, time=null]
Event sent to agent      a3 clock(41)
Event sent to agent      ra1 clock(41)
agent notification: Time [clock=41, time=null]
agent notification: Time [clock=41, time=null]
Event sent to agent      a4 clock(41)
Event sent to agent      a1 clock(41)
agent notification: Time [clock=41, time=null]
Event sent to agent      c1 clock(41)
Event processed UpdateClock(41)
Event processed UpdateClock(41)
org notification: Position [subject=a3, id=null, cell=Cell [x=11, y=14], time=2014-04-03 15:32:07.005, clock=40]
org notified found Position [subject=a3, id=null, cell=Cell [x=11, y=14], time=2014-04-03 15:32:07.005, clock=40]
org notified sent position(a3,cell(11,14),40).
Event processed UpdateClock(41)
Event processed UpdateClock(41)
Event processed UpdateClock(41)
Event processed UpdateClock(41)
Event processed UpdateClock(41)
42
org notification: Time [clock=42, time=null]
org notified found Time [clock=42, time=null]
org notified sent time(42).
agent notification: Time [clock=42, time=null]
Event sent to agent      a2 clock(42)
agent notification: Time [clock=42, time=null]
Event sent to agent      t1 clock(42)
agent notification: Time [clock=42, time=null]
Event sent to agent      a3 clock(42)
agent notification: Time [clock=42, time=null]
Event sent to agent      ra1 clock(42)
agent notification: Time [clock=42, time=null]
Event sent to agent      a4 clock(42)
agent notification: Time [clock=42, time=null]
Event sent to agent      a1 clock(42)
agent notification: Time [clock=42, time=null]
Event sent to agent      c1 clock(42)
org notification: Position [subject=t1, id=null, cell=Cell [x=6, y=19], time=2014-04-03 15:32:07.456, clock=40]
org notified found Position [subject=t1, id=null, cell=Cell [x=6, y=19], time=2014-04-03 15:32:07.456, clock=40]
org notified sent position(t1,cell(6,19),40).
Event processed UpdateClock(42)
org notification: Position [subject=a2, id=null, cell=Cell [x=6, y=7], time=2014-04-03 15:32:07.495, clock=40]
org notified found Position [subject=a2, id=null, cell=Cell [x=6, y=7], time=2014-04-03 15:32:07.495, clock=40]
org notified sent position(a2,cell(6,7),40).
Event processed UpdateClock(42)
Event processed UpdateClock(42)
Event processed UpdateClock(42)
Event processed UpdateClock(42)
Event processed UpdateClock(42)
Event processed UpdateClock(42)
43
org notification: Time [clock=43, time=null]
org notified found Time [clock=43, time=null]
org notified sent time(43).
agent notification: Time [clock=43, time=null]
agent notification: Time [clock=43, time=null]
Event sent to agent      a1 clock(43)
Event sent to agent      c1 clock(43)
agent notification: Time [clock=43, time=null]
agent notification: Time [clock=43, time=null]
Event sent to agent      a4 clock(43)
agent notification: Time [clock=43, time=null]
Event sent to agent      a3 clock(43)
Event sent to agent      ra1 clock(43)
agent notification: Time [clock=43, time=null]
agent notification: Time [clock=43, time=null]
Event sent to agent      t1 clock(43)
Event sent to agent      a2 clock(43)
Event processed UpdateClock(43)
Event processed UpdateClock(43)
Event processed UpdateClock(43)
org notification: Position [subject=a3, id=null, cell=Cell [x=11, y=15], time=2014-04-03 15:32:08.117, clock=41]
org notified found Position [subject=a3, id=null, cell=Cell [x=11, y=15], time=2014-04-03 15:32:08.117, clock=41]
org notified sent position(a3,cell(11,15),41).
Event processed UpdateClock(43)
Event processed UpdateClock(43)
Event processed UpdateClock(43)
Event processed UpdateClock(43)
44
agent notification: Time [clock=44, time=null]
Event sent to agent      a2 clock(44)
org notification: Time [clock=44, time=null]
org notified found Time [clock=44, time=null]
org notified sent time(44).
agent notification: Time [clock=44, time=null]
Event sent to agent      ra1 clock(44)
agent notification: Time [clock=44, time=null]
agent notification: Time [clock=44, time=null]
Event sent to agent      a3 clock(44)
agent notification: Time [clock=44, time=null]
agent notification: Time [clock=44, time=null]
agent notification: Time [clock=44, time=null]
Event sent to agent      a4 clock(44)
Event sent to agent      t1 clock(44)
Event sent to agent      c1 clock(44)
Event sent to agent      a1 clock(44)
Event processed UpdateClock(44)
Event processed UpdateClock(44)
Event processed UpdateClock(44)
Event processed UpdateClock(44)
org notification: Position [subject=t1, id=null, cell=Cell [x=5, y=19], time=2014-04-03 15:32:08.623, clock=42]
org notified found Position [subject=t1, id=null, cell=Cell [x=5, y=19], time=2014-04-03 15:32:08.623, clock=42]
org notified sent position(t1,cell(5,19),42).
Event processed UpdateClock(44)
org notification: Position [subject=a2, id=null, cell=Cell [x=6, y=6], time=2014-04-03 15:32:08.65, clock=43]
org notified found Position [subject=a2, id=null, cell=Cell [x=6, y=6], time=2014-04-03 15:32:08.65, clock=43]
org notified sent position(a2,cell(6,6),43).
Event processed UpdateClock(44)
Event processed UpdateClock(44)
45
org notification: Time [clock=45, time=null]
org notified found Time [clock=45, time=null]
org notified sent time(45).
agent notification: Time [clock=45, time=null]
agent notification: Time [clock=45, time=null]
agent notification: Time [clock=45, time=null]
Event sent to agent      a2 clock(45)
Event sent to agent      a1 clock(45)
agent notification: Time [clock=45, time=null]
Event sent to agent      t1 clock(45)
Event sent to agent      c1 clock(45)
agent notification: Time [clock=45, time=null]
Event sent to agent      ra1 clock(45)
agent notification: Time [clock=45, time=null]
agent notification: Time [clock=45, time=null]
Event sent to agent      a4 clock(45)
Event sent to agent      a3 clock(45)
Event processed UpdateClock(45)
Event processed UpdateClock(45)
Event processed UpdateClock(45)
Event processed UpdateClock(45)
Event processed UpdateClock(45)
org notification: Position [subject=a3, id=null, cell=Cell [x=11, y=16], time=2014-04-03 15:32:09.132, clock=44]
org notified found Position [subject=a3, id=null, cell=Cell [x=11, y=16], time=2014-04-03 15:32:09.132, clock=44]
org notified sent position(a3,cell(11,16),44).
Event processed UpdateClock(45)
Event processed UpdateClock(45)
46
agent notification: Time [clock=46, time=null]
org notification: Time [clock=46, time=null]
Event sent to agent      a4 clock(46)
agent notification: Time [clock=46, time=null]
agent notification: Time [clock=46, time=null]
org notified found Time [clock=46, time=null]
Event sent to agent      c1 clock(46)
agent notification: Time [clock=46, time=null]
agent notification: Time [clock=46, time=null]
Event sent to agent      ra1 clock(46)
Event sent to agent      a3 clock(46)
Event sent to agent      a2 clock(46)
org notified sent time(46).
agent notification: Time [clock=46, time=null]
agent notification: Time [clock=46, time=null]
Event sent to agent      t1 clock(46)
Event sent to agent      a1 clock(46)
Event processed UpdateClock(46)
Event processed UpdateClock(46)
Event processed UpdateClock(46)
Event processed UpdateClock(46)
org notification: Position [subject=t1, id=null, cell=Cell [x=4, y=19], time=2014-04-03 15:32:09.602, clock=45]
org notified found Position [subject=t1, id=null, cell=Cell [x=4, y=19], time=2014-04-03 15:32:09.602, clock=45]
org notified sent position(t1,cell(4,19),45).
Event processed UpdateClock(46)
Event processed UpdateClock(46)
Event processed UpdateClock(46)
47
agent notification: Time [clock=47, time=null]
agent notification: Time [clock=47, time=null]
Event sent to agent      a2 clock(47)
agent notification: Time [clock=47, time=null]
agent notification: Time [clock=47, time=null]
Event sent to agent      a4 clock(47)
Event sent to agent      a3 clock(47)
Event sent to agent      t1 clock(47)
agent notification: Time [clock=47, time=null]
org notification: Time [clock=47, time=null]
org notified found Time [clock=47, time=null]
org notified sent time(47).
Event sent to agent      ra1 clock(47)
agent notification: Time [clock=47, time=null]
Event sent to agent      a1 clock(47)
agent notification: Time [clock=47, time=null]
Event sent to agent      c1 clock(47)
Event processed UpdateClock(47)
Event processed UpdateClock(47)
Event processed UpdateClock(47)
org notification: Position [subject=a3, id=null, cell=Cell [x=11, y=17], time=2014-04-03 15:32:10.077, clock=46]
org notified found Position [subject=a3, id=null, cell=Cell [x=11, y=17], time=2014-04-03 15:32:10.077, clock=46]
org notified sent position(a3,cell(11,17),46).
Event processed UpdateClock(47)
Event processed UpdateClock(47)
Event processed UpdateClock(47)
Event processed UpdateClock(47)
48
org notification: Time [clock=48, time=null]
org notified found Time [clock=48, time=null]
org notified sent time(48).
agent notification: Time [clock=48, time=null]
agent notification: Time [clock=48, time=null]
agent notification: Time [clock=48, time=null]
agent notification: Time [clock=48, time=null]
Event sent to agent      a3 clock(48)
agent notification: Time [clock=48, time=null]
agent notification: Time [clock=48, time=null]
Event sent to agent      c1 clock(48)
Event sent to agent      t1 clock(48)
Event sent to agent      a1 clock(48)
Event sent to agent      a4 clock(48)
Event sent to agent      ra1 clock(48)
agent notification: Time [clock=48, time=null]
Event sent to agent      a2 clock(48)
org notification: Position [subject=t1, id=null, cell=Cell [x=3, y=19], time=2014-04-03 15:32:10.51, clock=46]
org notified found Position [subject=t1, id=null, cell=Cell [x=3, y=19], time=2014-04-03 15:32:10.51, clock=46]
org notified sent position(t1,cell(3,19),46).
Event processed UpdateClock(48)
Event processed UpdateClock(48)
Event processed UpdateClock(48)
Event processed UpdateClock(48)
Event processed UpdateClock(48)
Event processed UpdateClock(48)
Event processed UpdateClock(48)
49
agent notification: Time [clock=49, time=null]
org notification: Time [clock=49, time=null]
org notified found Time [clock=49, time=null]
org notified sent time(49).
Event sent to agent      ra1 clock(49)
agent notification: Time [clock=49, time=null]
Event sent to agent      t1 clock(49)
agent notification: Time [clock=49, time=null]
agent notification: Time [clock=49, time=null]
Event sent to agent      c1 clock(49)
agent notification: Time [clock=49, time=null]
agent notification: Time [clock=49, time=null]
Event sent to agent      a1 clock(49)
Event sent to agent      a2 clock(49)
Event sent to agent      a4 clock(49)
agent notification: Time [clock=49, time=null]
Event sent to agent      a3 clock(49)
Event processed UpdateClock(49)
Event processed UpdateClock(49)
org notification: Position [subject=a3, id=null, cell=Cell [x=11, y=18], time=2014-04-03 15:32:11.057, clock=47]
org notified found Position [subject=a3, id=null, cell=Cell [x=11, y=18], time=2014-04-03 15:32:11.057, clock=47]
org notified sent position(a3,cell(11,18),47).
Event processed UpdateClock(49)
Event processed UpdateClock(49)
Event processed UpdateClock(49)
Event processed UpdateClock(49)
Event processed UpdateClock(49)
50
org notification: Time [clock=50, time=null]
org notified found Time [clock=50, time=null]
org notified sent time(50).
agent notification: Time [clock=50, time=null]
agent notification: Time [clock=50, time=null]
agent notification: Time [clock=50, time=null]
Event sent to agent      ra1 clock(50)
Event sent to agent      a3 clock(50)
Event sent to agent      t1 clock(50)
agent notification: Time [clock=50, time=null]
agent notification: Time [clock=50, time=null]
agent notification: Time [clock=50, time=null]
Event sent to agent      a2 clock(50)
Event sent to agent      c1 clock(50)
Event sent to agent      a1 clock(50)
agent notification: Time [clock=50, time=null]
Event sent to agent      a4 clock(50)
Event processed UpdateClock(50)
org notification: Position [subject=t1, id=null, cell=Cell [x=2, y=19], time=2014-04-03 15:32:11.522, clock=48]
org notified found Position [subject=t1, id=null, cell=Cell [x=2, y=19], time=2014-04-03 15:32:11.522, clock=48]
org notified sent position(t1,cell(2,19),48).
Event processed UpdateClock(50)
Event processed UpdateClock(50)
Event processed UpdateClock(50)
Event processed UpdateClock(50)
Event processed UpdateClock(50)
Event processed UpdateClock(50)
51
org notification: Time [clock=51, time=null]
org notified found Time [clock=51, time=null]
agent notification: Time [clock=51, time=null]
org notified sent time(51).
Event sent to agent      a2 clock(51)
agent notification: Time [clock=51, time=null]
Event sent to agent      a1 clock(51)
agent notification: Time [clock=51, time=null]
Event sent to agent      a3 clock(51)
agent notification: Time [clock=51, time=null]
agent notification: Time [clock=51, time=null]
Event sent to agent      ra1 clock(51)
agent notification: Time [clock=51, time=null]
Event sent to agent      c1 clock(51)
Event sent to agent      a4 clock(51)
agent notification: Time [clock=51, time=null]
Event sent to agent      t1 clock(51)
Event processed UpdateClock(51)
Event processed UpdateClock(51)
org notification: Position [subject=a3, id=null, cell=Cell [x=11, y=19], time=2014-04-03 15:32:12.029, clock=49]
org notified found Position [subject=a3, id=null, cell=Cell [x=11, y=19], time=2014-04-03 15:32:12.029, clock=49]
org notified sent position(a3,cell(11,19),49).
Event processed UpdateClock(51)
Event processed UpdateClock(51)
Event processed UpdateClock(51)
Event processed UpdateClock(51)
Event processed UpdateClock(51)
52
agent notification: Time [clock=52, time=null]
org notification: Time [clock=52, time=null]
org notified found Time [clock=52, time=null]
org notified sent time(52).
agent notification: Time [clock=52, time=null]
agent notification: Time [clock=52, time=null]
agent notification: Time [clock=52, time=null]
Event sent to agent      a1 clock(52)
Event sent to agent      a2 clock(52)
Event sent to agent      c1 clock(52)
agent notification: Time [clock=52, time=null]
agent notification: Time [clock=52, time=null]
Event sent to agent      t1 clock(52)
Event sent to agent      a3 clock(52)
Event sent to agent      ra1 clock(52)
agent notification: Time [clock=52, time=null]
Event sent to agent      a4 clock(52)
org notification: Position [subject=t1, id=null, cell=Cell [x=2, y=18], time=2014-04-03 15:32:12.47, clock=50]
org notified found Position [subject=t1, id=null, cell=Cell [x=2, y=18], time=2014-04-03 15:32:12.47, clock=50]
org notified sent position(t1,cell(2,18),50).
Event processed UpdateClock(52)
Event processed UpdateClock(52)
Event processed UpdateClock(52)
Event processed UpdateClock(52)
Event processed UpdateClock(52)
Event processed UpdateClock(52)
Event processed UpdateClock(52)
org notification: Position [subject=a3, id=null, cell=Cell [x=12, y=19], time=2014-04-03 15:32:12.926, clock=51]
org notified found Position [subject=a3, id=null, cell=Cell [x=12, y=19], time=2014-04-03 15:32:12.926, clock=51]
org notified sent position(a3,cell(12,19),51).
53
org notification: Time [clock=53, time=null]
agent notification: Time [clock=53, time=null]
agent notification: Time [clock=53, time=null]
agent notification: Time [clock=53, time=null]
org notified found Time [clock=53, time=null]
org notified sent time(53).
agent notification: Time [clock=53, time=null]
Event sent to agent      a3 clock(53)
Event sent to agent      a1 clock(53)
Event sent to agent      a2 clock(53)
agent notification: Time [clock=53, time=null]
agent notification: Time [clock=53, time=null]
Event sent to agent      ra1 clock(53)
Event sent to agent      c1 clock(53)
Event sent to agent      a4 clock(53)
agent notification: Time [clock=53, time=null]
Event sent to agent      t1 clock(53)
Event processed UpdateClock(53)
Event processed UpdateClock(53)
Event processed UpdateClock(53)
Event processed UpdateClock(53)
Event processed UpdateClock(53)
Event processed UpdateClock(53)
Event processed UpdateClock(53)
org notification: Position [subject=t1, id=null, cell=Cell [x=2, y=17], time=2014-04-03 15:32:13.427, clock=52]
org notified found Position [subject=t1, id=null, cell=Cell [x=2, y=17], time=2014-04-03 15:32:13.427, clock=52]
org notified sent position(t1,cell(2,17),52).
54
org notification: Time [clock=54, time=null]
org notified found Time [clock=54, time=null]
org notified sent time(54).
agent notification: Time [clock=54, time=null]
agent notification: Time [clock=54, time=null]
Event sent to agent      t1 clock(54)
Event sent to agent      a1 clock(54)
agent notification: Time [clock=54, time=null]
agent notification: Time [clock=54, time=null]
agent notification: Time [clock=54, time=null]
Event sent to agent      a4 clock(54)
Event sent to agent      ra1 clock(54)
Event sent to agent      a2 clock(54)
agent notification: Time [clock=54, time=null]
agent notification: Time [clock=54, time=null]
Event sent to agent      a3 clock(54)
Event sent to agent      c1 clock(54)
Event processed UpdateClock(54)
Event processed UpdateClock(54)
Event processed UpdateClock(54)
Event processed UpdateClock(54)
Event processed UpdateClock(54)
Event processed UpdateClock(54)
Event processed UpdateClock(54)
org notification: Position [subject=a3, id=null, cell=Cell [x=13, y=19], time=2014-04-03 15:32:13.882, clock=53]
org notified found Position [subject=a3, id=null, cell=Cell [x=13, y=19], time=2014-04-03 15:32:13.882, clock=53]
org notified sent position(a3,cell(13,19),53).
55
agent notification: Time [clock=55, time=null]
agent notification: Time [clock=55, time=null]
agent notification: Time [clock=55, time=null]
Event sent to agent      ra1 clock(55)
agent notification: Time [clock=55, time=null]
agent notification: Time [clock=55, time=null]
org notification: Time [clock=55, time=null]
org notified found Time [clock=55, time=null]
org notified sent time(55).
Event sent to agent      a3 clock(55)
Event sent to agent      t1 clock(55)
Event sent to agent      a4 clock(55)
Event sent to agent      c1 clock(55)
agent notification: Time [clock=55, time=null]
Event sent to agent      a1 clock(55)
agent notification: Time [clock=55, time=null]
Event sent to agent      a2 clock(55)
Event processed UpdateClock(55)
Event processed UpdateClock(55)
Event processed UpdateClock(55)
Event processed UpdateClock(55)
Event processed UpdateClock(55)
Event processed UpdateClock(55)
Event processed UpdateClock(55)
org notification: Position [subject=t1, id=null, cell=Cell [x=2, y=16], time=2014-04-03 15:32:14.326, clock=54]
org notified found Position [subject=t1, id=null, cell=Cell [x=2, y=16], time=2014-04-03 15:32:14.326, clock=54]
org notified sent position(t1,cell(2,16),54).
56
org notification: Time [clock=56, time=null]
org notified found Time [clock=56, time=null]
org notified sent time(56).
agent notification: Time [clock=56, time=null]
agent notification: Time [clock=56, time=null]
agent notification: Time [clock=56, time=null]
Event sent to agent      a4 clock(56)
agent notification: Time [clock=56, time=null]
agent notification: Time [clock=56, time=null]
Event sent to agent      ra1 clock(56)
Event sent to agent      a1 clock(56)
agent notification: Time [clock=56, time=null]
Event sent to agent      a2 clock(56)
Event sent to agent      a3 clock(56)
Event sent to agent      c1 clock(56)
agent notification: Time [clock=56, time=null]
Event sent to agent      t1 clock(56)
Event processed UpdateClock(56)
Event processed UpdateClock(56)
Event processed UpdateClock(56)
Event processed UpdateClock(56)
Event processed UpdateClock(56)
Event processed UpdateClock(56)
Event processed UpdateClock(56)
org notification: Position [subject=a3, id=null, cell=Cell [x=14, y=19], time=2014-04-03 15:32:14.816, clock=55]
org notified found Position [subject=a3, id=null, cell=Cell [x=14, y=19], time=2014-04-03 15:32:14.816, clock=55]
org notified sent position(a3,cell(14,19),55).
57
agent notification: Time [clock=57, time=null]
agent notification: Time [clock=57, time=null]
agent notification: Time [clock=57, time=null]
Event sent to agent      a3 clock(57)
Event sent to agent      a2 clock(57)
agent notification: Time [clock=57, time=null]
agent notification: Time [clock=57, time=null]
Event sent to agent      a1 clock(57)
Event sent to agent      ra1 clock(57)
agent notification: Time [clock=57, time=null]
Event sent to agent      a4 clock(57)
Event sent to agent      c1 clock(57)
org notification: Time [clock=57, time=null]
org notified found Time [clock=57, time=null]
org notified sent time(57).
agent notification: Time [clock=57, time=null]
Event sent to agent      t1 clock(57)
Event processed UpdateClock(57)
Event processed UpdateClock(57)
Event processed UpdateClock(57)
Event processed UpdateClock(57)
Event processed UpdateClock(57)
Event processed UpdateClock(57)
org notification: Position [subject=t1, id=null, cell=Cell [x=2, y=15], time=2014-04-03 15:32:15.214, clock=56]
org notified found Position [subject=t1, id=null, cell=Cell [x=2, y=15], time=2014-04-03 15:32:15.214, clock=56]
org notified sent position(t1,cell(2,15),56).
Event processed UpdateClock(57)
