2014-04-03 15:34:22,820 CONFIG [com.gigaspaces.logger] - Log file: /Users/dxd/gigaspaces-xap-premium-9.5.1-ga/logs/2014-04-03~15.34-gigaspaces-service-128.243.23.149-25805.log
-------------------------last log tuples start--------------------------------
ActionRequest [id=null, subject=a2, type=reading, cell=Cell [x=8, y=19], clock=41, time=2014-04-03 15:33:11.762]
Coin [id=null, cell=Cell [x=2, y=2], subject=a3, time=2014-04-03 15:33:00.369, clock=17]
ActionRequest [id=null, subject=a3, type=reading, cell=Cell [x=11, y=1], clock=13, time=2014-04-03 15:32:57.681]
Position [subject=a4, id=null, cell=Cell [x=14, y=19], time=2014-04-03 15:33:15.774, clock=48]
Position [subject=a3, id=null, cell=Cell [x=11, y=13], time=2014-04-03 15:33:08.888, clock=34]
Time [clock=58, time=null]
ActionRequest [id=null, subject=a4, type=reading, cell=Cell [x=11, y=1], clock=13, time=2014-04-03 15:32:57.665]
Time [clock=40, time=null]
Time [clock=4, time=null]
Time [clock=54, time=null]
Time [clock=45, time=null]
ActionRequest [id=null, subject=ra1, type=reading, cell=Cell [x=5, y=5], clock=22, time=2014-04-03 15:33:02.467]
ActionRequest [id=null, subject=a1, type=reading, cell=Cell [x=5, y=5], clock=22, time=2014-04-03 15:33:02.432]
Position [subject=a3, id=null, cell=Cell [x=11, y=17], time=2014-04-03 15:33:12.147, clock=40]
Position [subject=a3, id=null, cell=Cell [x=17, y=19], time=2014-04-03 15:33:17.944, clock=52]
Time [clock=46, time=null]
Position [subject=a4, id=null, cell=Cell [x=17, y=19], time=2014-04-03 15:33:17.931, clock=52]
Position [subject=t1, id=null, cell=Cell [x=2, y=17], time=2014-04-03 15:33:14.619, clock=45]
Position [subject=a3, id=null, cell=Cell [x=11, y=14], time=2014-04-03 15:33:09.612, clock=35]
Position [subject=a3, id=null, cell=Cell [x=11, y=15], time=2014-04-03 15:33:10.404, clock=37]
Position [subject=t1, id=null, cell=Cell [x=6, y=19], time=2014-04-03 15:33:09.982, clock=36]
Position [subject=a3, id=null, cell=Cell [x=18, y=19], time=2014-04-03 15:33:18.65, clock=53]
Position [subject=a4, id=null, cell=Cell [x=11, y=19], time=2014-04-03 15:33:13.576, clock=43]
Position [subject=a3, id=null, cell=Cell [x=19, y=19], time=2014-04-03 15:33:19.346, clock=55]
Cargo [id=null, cell=Cell [x=19, y=19], time=2014-04-03 15:32:58.338, clock=12]
Position [subject=t1, id=null, cell=Cell [x=2, y=10], time=2014-04-03 15:33:19.865, clock=56]
Position [subject=a4, id=null, cell=Cell [x=13, y=19], time=2014-04-03 15:33:15.011, clock=46]
Time [clock=12, time=null]
Position [subject=t1, id=null, cell=Cell [x=2, y=11], time=2014-04-03 15:33:19.152, clock=54]
Position [subject=a4, id=null, cell=Cell [x=11, y=10], time=2014-04-03 15:33:06.594, clock=29]
Position [subject=a4, id=null, cell=Cell [x=16, y=19], time=2014-04-03 15:33:17.233, clock=51]
Position [subject=t1, id=null, cell=Cell [x=2, y=14], time=2014-04-03 15:33:16.857, clock=50]
Coin [id=null, cell=Cell [x=16, y=16], subject=a2, time=2014-04-03 15:32:59.406, clock=15]
Time [clock=59, time=null]
Position [subject=t1, id=null, cell=Cell [x=5, y=19], time=2014-04-03 15:33:10.894, clock=38]
Coin [id=null, cell=Cell [x=8, y=6], subject=a1, time=2014-04-03 15:32:58.355, clock=12]
Position [subject=a3, id=null, cell=Cell [x=11, y=16], time=2014-04-03 15:33:11.377, clock=39]
Position [subject=a3, id=null, cell=Cell [x=13, y=19], time=2014-04-03 15:33:15.031, clock=46]
Position [subject=a4, id=null, cell=Cell [x=11, y=15], time=2014-04-03 15:33:10.377, clock=37]
Position [subject=a4, id=null, cell=Cell [x=11, y=5], time=2014-04-03 15:33:02.155, clock=20]
Position [subject=a4, id=null, cell=Cell [x=15, y=19], time=2014-04-03 15:33:16.517, clock=49]
Position [subject=a3, id=null, cell=Cell [x=12, y=19], time=2014-04-03 15:33:14.291, clock=45]
Position [subject=a2, id=null, cell=Cell [x=6, y=8], time=2014-04-03 15:33:09.235, clock=35]
Position [subject=t1, id=null, cell=Cell [x=2, y=12], time=2014-04-03 15:33:18.445, clock=53]
Position [subject=a3, id=null, cell=Cell [x=14, y=19], time=2014-04-03 15:33:15.788, clock=48]
Position [subject=a2, id=null, cell=Cell [x=6, y=10], time=2014-04-03 15:33:07.767, clock=32]
Position [subject=a3, id=null, cell=Cell [x=11, y=11], time=2014-04-03 15:33:07.41, clock=31]
Time [clock=36, time=null]
Time [clock=57, time=null]
Position [subject=a4, id=null, cell=Cell [x=11, y=9], time=2014-04-03 15:33:05.778, clock=28]
Position [subject=a4, id=null, cell=Cell [x=11, y=13], time=2014-04-03 15:33:08.879, clock=34]
Position [subject=t1, id=null, cell=Cell [x=2, y=13], time=2014-04-03 15:33:17.748, clock=52]
Position [subject=t1, id=null, cell=Cell [x=9, y=19], time=2014-04-03 15:33:07.757, clock=32]
Time [clock=19, time=null]
Position [subject=t1, id=null, cell=Cell [x=12, y=19], time=2014-04-03 15:33:05.38, clock=27]
Time [clock=44, time=null]
Position [subject=t1, id=null, cell=Cell [x=2, y=18], time=2014-04-03 15:33:13.936, clock=44]
Position [subject=ra1, id=null, cell=Cell [x=6, y=6], time=2014-04-03 15:33:04.569, clock=25]
Position [subject=a3, id=null, cell=Cell [x=16, y=19], time=2014-04-03 15:33:17.247, clock=51]
Position [subject=t1, id=null, cell=Cell [x=4, y=19], time=2014-04-03 15:33:11.755, clock=40]
Position [subject=a4, id=null, cell=Cell [x=11, y=14], time=2014-04-03 15:33:09.601, clock=35]
Position [subject=a2, id=null, cell=Cell [x=6, y=14], time=2014-04-03 15:33:04.52, clock=25]
Time [clock=9, time=null]
Time [clock=31, time=null]
Position [subject=t1, id=null, cell=Cell [x=3, y=19], time=2014-04-03 15:33:12.5, clock=41]
Position [subject=a3, id=null, cell=Cell [x=11, y=10], time=2014-04-03 15:33:06.611, clock=29]
Time [clock=56, time=null]
Position [subject=a2, id=null, cell=Cell [x=6, y=12], time=2014-04-03 15:33:06.203, clock=28]
Time [clock=37, time=null]
Position [subject=t1, id=null, cell=Cell [x=2, y=15], time=2014-04-03 15:33:16.126, clock=48]
Time [clock=52, time=null]
Time [clock=47, time=null]
Time [clock=32, time=null]
Time [clock=43, time=null]
Time [clock=22, time=null]
Position [subject=a4, id=null, cell=Cell [x=11, y=12], time=2014-04-03 15:33:08.141, clock=32]
Position [subject=a4, id=null, cell=Cell [x=11, y=11], time=2014-04-03 15:33:07.397, clock=31]
Time [clock=8, time=null]
Position [subject=t1, id=null, cell=Cell [x=11, y=19], time=2014-04-03 15:33:06.195, clock=28]
Position [subject=a4, id=null, cell=Cell [x=11, y=3], time=2014-04-03 15:33:00.145, clock=16]
Position [subject=ra1, id=null, cell=Cell [x=5, y=6], time=2014-04-03 15:33:03.581, clock=23]
Position [subject=t1, id=null, cell=Cell [x=16, y=19], time=2014-04-03 15:33:01.701, clock=19]
Position [subject=a1, id=null, cell=Cell [x=5, y=6], time=2014-04-03 15:33:03.53, clock=23]
Position [subject=t1, id=null, cell=Cell [x=8, y=19], time=2014-04-03 15:33:08.504, clock=33]
Position [subject=t1, id=null, cell=Cell [x=2, y=16], time=2014-04-03 15:33:15.391, clock=47]
Position [subject=a3, id=null, cell=Cell [x=15, y=19], time=2014-04-03 15:33:16.532, clock=49]
Position [subject=t1, id=null, cell=Cell [x=2, y=9], time=2014-04-03 15:33:20.497, clock=57]
Position [subject=a4, id=null, cell=Cell [x=11, y=16], time=2014-04-03 15:33:11.356, clock=39]
Time [clock=49, time=null]
Time [clock=27, time=null]
Position [subject=a3, id=null, cell=Cell [x=11, y=12], time=2014-04-03 15:33:08.161, clock=32]
Position [subject=ra1, id=null, cell=Cell [x=3, y=4], time=2014-04-03 15:32:58.663, clock=13]
Position [subject=a2, id=null, cell=Cell [x=6, y=18], time=2014-04-03 15:33:00.612, clock=17]
Time [clock=33, time=null]
Position [subject=a1, id=null, cell=Cell [x=3, y=4], time=2014-04-03 15:32:58.649, clock=13]
Time [clock=39, time=null]
Time [clock=24, time=null]
Position [subject=a4, id=null, cell=Cell [x=11, y=18], time=2014-04-03 15:33:12.876, clock=42]
Position [subject=a2, id=null, cell=Cell [x=6, y=15], time=2014-04-03 15:33:03.506, clock=23]
Position [subject=t1, id=null, cell=Cell [x=2, y=19], time=2014-04-03 15:33:13.241, clock=43]
Position [subject=a3, id=null, cell=Cell [x=11, y=9], time=2014-04-03 15:33:05.802, clock=28]
Position [subject=t1, id=null, cell=Cell [x=7, y=19], time=2014-04-03 15:33:09.223, clock=35]
Time [clock=28, time=null]
Position [subject=a3, id=null, cell=Cell [x=11, y=5], time=2014-04-03 15:33:02.173, clock=20]
Position [subject=a3, id=null, cell=Cell [x=11, y=8], time=2014-04-03 15:33:04.959, clock=26]
Time [clock=20, time=null]
Time [clock=17, time=null]
Position [subject=a1, id=null, cell=Cell [x=6, y=6], time=2014-04-03 15:33:04.542, clock=25]
Time [clock=1, time=null]
Position [subject=a4, id=null, cell=Cell [x=11, y=4], time=2014-04-03 15:33:01.154, clock=18]
Position [subject=ra1, id=null, cell=Cell [x=3, y=5], time=2014-04-03 15:32:59.675, clock=15]
Position [subject=a2, id=null, cell=Cell [x=6, y=6], time=2014-04-03 15:33:10.909, clock=38]
Time [clock=26, time=null]
Time [clock=21, time=null]
Position [subject=a2, id=null, cell=Cell [x=6, y=13], time=2014-04-03 15:33:05.388, clock=27]
Time [clock=14, time=null]
Time [clock=7, time=null]
Position [subject=ra1, id=null, cell=Cell [x=4, y=5], time=2014-04-03 15:33:00.65, clock=17]
Position [subject=t1, id=null, cell=Cell [x=10, y=19], time=2014-04-03 15:33:06.966, clock=30]
Time [clock=3, time=null]
Position [subject=a4, id=null, cell=Cell [x=19, y=19], time=2014-04-03 15:33:19.341, clock=55]
Position [subject=a4, id=null, cell=Cell [x=12, y=19], time=2014-04-03 15:33:14.266, clock=45]
Position [subject=t1, id=null, cell=Cell [x=13, y=19], time=2014-04-03 15:33:04.507, clock=25]
Position [subject=a3, id=null, cell=Cell [x=11, y=18], time=2014-04-03 15:33:12.894, clock=42]
Time [clock=25, time=null]
Position [subject=a2, id=null, cell=Cell [x=6, y=16], time=2014-04-03 15:33:02.652, clock=21]
Position [subject=a2, id=null, cell=Cell [x=6, y=17], time=2014-04-03 15:33:01.711, clock=19]
Position [subject=a1, id=null, cell=Cell [x=5, y=5], time=2014-04-03 15:33:01.733, clock=19]
Time [clock=13, time=null]
Time [clock=5, time=null]
Position [subject=a2, id=null, cell=Cell [x=6, y=9], time=2014-04-03 15:33:08.509, clock=33]
Position [subject=a3, id=null, cell=Cell [x=11, y=4], time=2014-04-03 15:33:01.174, clock=18]
Position [subject=a4, id=null, cell=Cell [x=18, y=19], time=2014-04-03 15:33:18.645, clock=53]
Position [subject=a3, id=null, cell=Cell [x=11, y=19], time=2014-04-03 15:33:13.594, clock=43]
Position [subject=a3, id=null, cell=Cell [x=11, y=7], time=2014-04-03 15:33:04.085, clock=24]
Position [subject=a2, id=null, cell=Cell [x=6, y=7], time=2014-04-03 15:33:09.989, clock=36]
Position [subject=a4, id=null, cell=Cell [x=11, y=7], time=2014-04-03 15:33:04.069, clock=24]
Time [clock=6, time=null]
Time [clock=35, time=null]
Position [subject=a4, id=null, cell=Cell [x=11, y=8], time=2014-04-03 15:33:04.943, clock=26]
Position [subject=a1, id=null, cell=Cell [x=3, y=5], time=2014-04-03 15:32:59.665, clock=15]
Position [subject=a4, id=null, cell=Cell [x=11, y=17], time=2014-04-03 15:33:12.132, clock=40]
Position [subject=a2, id=null, cell=Cell [x=6, y=11], time=2014-04-03 15:33:06.975, clock=30]
Time [clock=48, time=null]
Time [clock=29, time=null]
Position [subject=t1, id=null, cell=Cell [x=14, y=19], time=2014-04-03 15:33:03.491, clock=23]
Position [subject=t1, id=null, cell=Cell [x=15, y=19], time=2014-04-03 15:33:02.642, clock=21]
Position [subject=a3, id=null, cell=Cell [x=11, y=6], time=2014-04-03 15:33:03.072, clock=22]
Position [subject=a3, id=null, cell=Cell [x=11, y=3], time=2014-04-03 15:33:00.165, clock=16]
Position [subject=a2, id=null, cell=Cell [x=6, y=19], time=2014-04-03 15:32:59.635, clock=15]
Position [subject=ra1, id=null, cell=Cell [x=5, y=5], time=2014-04-03 15:33:01.78, clock=19]
Position [subject=a4, id=null, cell=Cell [x=11, y=2], time=2014-04-03 15:32:59.159, clock=14]
Position [subject=t1, id=null, cell=Cell [x=17, y=19], time=2014-04-03 15:33:00.599, clock=17]
Position [subject=t1, id=null, cell=Cell [x=18, y=19], time=2014-04-03 15:32:59.627, clock=15]
Position [subject=a4, id=null, cell=Cell [x=11, y=6], time=2014-04-03 15:33:03.056, clock=22]
Position [subject=a2, id=null, cell=Cell [x=7, y=19], time=2014-04-03 15:32:58.616, clock=13]
Position [subject=a1, id=null, cell=Cell [x=4, y=5], time=2014-04-03 15:33:00.635, clock=17]
Time [clock=10, time=null]
Position [subject=a3, id=null, cell=Cell [x=11, y=2], time=2014-04-03 15:32:59.177, clock=14]
Time [clock=55, time=null]
Time [clock=30, time=null]
Time [clock=16, time=null]
Time [clock=53, time=null]
Time [clock=51, time=null]
Time [clock=50, time=null]
Time [clock=41, time=null]
Time [clock=38, time=null]
Time [clock=34, time=null]
Time [clock=23, time=null]
Time [clock=18, time=null]
Time [clock=15, time=null]
Time [clock=11, time=null]
Time [clock=2, time=null]
Time [clock=42, time=null]
-------------------------last log tuples end----------------------------------
