2014-04-08 12:11:36,751 CONFIG [com.gigaspaces.logger] - Log file: /Users/dxd/gigaspaces-xap-premium-9.5.1-ga/logs/2014-04-08~12.11-gigaspaces-service-128.243.23.149-2198.log
-------------------------last log tuples start--------------------------------
Obligation [subject=ra1, obligation=[surround(10, 10)], sanction=[reduce(g, 1000)], deadline=2, time=2014-04-08 12:10:22.045, clock=58]
Cargo [id=null, cell=Cell [x=19, y=19], time=2014-04-08 12:09:58.737, clock=0]
Time [clock=58, time=null]
Position [subject=a3, id=null, cell=Cell [x=17, y=19], time=2014-04-08 12:10:10.373, clock=0]
GroupCoin [x=10, y=10, clock=63]
Position [subject=t1, id=null, cell=Cell [x=2, y=4], time=2014-04-08 12:10:11.708, clock=0]
Coin [id=null, cell=Cell [x=8, y=6], subject=a1, time=2014-04-08 12:09:58.99, clock=0]
Position [subject=a4, id=null, cell=Cell [x=19, y=19], time=2014-04-08 12:10:10.852, clock=0]
Coin [id=null, cell=Cell [x=2, y=2], subject=a3, time=2014-04-08 12:10:00.827, clock=0]
Time [clock=71, time=null]
Position [subject=t1, id=null, cell=Cell [x=2, y=17], time=2014-04-08 12:10:09.198, clock=0]
Time [clock=72, time=null]
Coin [id=null, cell=Cell [x=16, y=16], subject=a2, time=2014-04-08 12:10:00.055, clock=0]
Prohibition [subject=a4, prohibition=[at(11, 10, a4)], sanction=[reduce(a4, 300)], clock=59, time=2014-04-08 12:10:22.309]
Time [clock=22, time=null]
Prohibition [subject=ra1, prohibition=[at(11, 10, ra1)], sanction=[reduce(ra1, 300)], clock=59, time=2014-04-08 12:10:22.327]
Position [subject=a2, id=null, cell=Cell [x=6, y=14], time=2014-04-08 12:10:04.952, clock=0]
Time [clock=63, time=null]
Time [clock=65, time=null]
Position [subject=a3, id=null, cell=Cell [x=19, y=19], time=2014-04-08 12:10:10.856, clock=0]
ActionRequest [id=null, subject=a3, type=reading, cell=Cell [x=11, y=1], clock=11, time=2014-04-08 12:09:58.435]
Time [clock=73, time=null]
Prohibition [subject=a4, prohibition=[at(10, 10, a4)], sanction=[reduce(a4, 300)], clock=59, time=2014-04-08 12:10:22.301]
Position [subject=t1, id=null, cell=Cell [x=2, y=7], time=2014-04-08 12:10:11.378, clock=0]
Prohibition [subject=a3, prohibition=[at(9, 10, a3)], sanction=[reduce(a3, 300)], clock=59, time=2014-04-08 12:10:22.29]
Prohibition [subject=ra1, prohibition=[at(9, 10, ra1)], sanction=[reduce(ra1, 300)], clock=59, time=2014-04-08 12:10:22.321]
ActionRequest [id=null, subject=a1, type=reading, cell=Cell [x=5, y=5], clock=20, time=2014-04-08 12:10:02.848]
ActionRequest [id=null, subject=a2, type=reading, cell=Cell [x=8, y=19], clock=31, time=2014-04-08 12:10:08.288]
ActionRequest [id=null, subject=ra1, type=reading, cell=Cell [x=5, y=5], clock=20, time=2014-04-08 12:10:02.897]
ActionRequest [id=null, subject=a4, type=reading, cell=Cell [x=11, y=1], clock=11, time=2014-04-08 12:09:58.346]
Time [clock=43, time=null]
Time [clock=32, time=null]
Position [subject=a3, id=null, cell=Cell [x=15, y=19], time=2014-04-08 12:10:09.887, clock=0]
Prohibition [subject=a1, prohibition=[at(11, 10, a1)], sanction=[reduce(a1, 300)], clock=59, time=2014-04-08 12:10:22.146]
Prohibition [subject=ra1, prohibition=[at(10, 10, ra1)], sanction=[reduce(ra1, 300)], clock=59, time=2014-04-08 12:10:22.318]
Position [subject=a3, id=null, cell=Cell [x=13, y=19], time=2014-04-08 12:10:09.389, clock=0]
Time [clock=51, time=null]
Position [subject=a2, id=null, cell=Cell [x=6, y=9], time=2014-04-08 12:10:07.001, clock=0]
Prohibition [subject=a4, prohibition=[at(9, 10, a4)], sanction=[reduce(a4, 300)], clock=59, time=2014-04-08 12:10:22.304]
Prohibition [subject=a2, prohibition=[at(9, 10, a2)], sanction=[reduce(a2, 300)], clock=59, time=2014-04-08 12:10:22.153]
Prohibition [subject=a4, prohibition=[at(10, 9, a4)], sanction=[reduce(a4, 300)], clock=59, time=2014-04-08 12:10:22.307]
Position [subject=a3, id=null, cell=Cell [x=11, y=19], time=2014-04-08 12:10:08.874, clock=0]
Position [subject=a3, id=null, cell=Cell [x=11, y=13], time=2014-04-08 12:10:07.074, clock=0]
Position [subject=t1, id=null, cell=Cell [x=2, y=10], time=2014-04-08 12:10:10.91, clock=0]
Prohibition [subject=a3, prohibition=[at(10, 9, a3)], sanction=[reduce(a3, 300)], clock=59, time=2014-04-08 12:10:22.296]
Position [subject=a4, id=null, cell=Cell [x=17, y=19], time=2014-04-08 12:10:10.369, clock=0]
Prohibition [subject=a1, prohibition=[at(10, 10, a1)], sanction=[reduce(a1, 300)], clock=58, time=2014-04-08 12:10:22.087]
Time [clock=67, time=null]
Position [subject=t1, id=null, cell=Cell [x=2, y=14], time=2014-04-08 12:10:09.943, clock=0]
Position [subject=t1, id=null, cell=Cell [x=2, y=15], time=2014-04-08 12:10:09.697, clock=0]
Time [clock=56, time=null]
Prohibition [subject=a1, prohibition=[at(10, 9, a1)], sanction=[reduce(a1, 300)], clock=59, time=2014-04-08 12:10:22.142]
Prohibition [subject=a3, prohibition=[at(10, 10, a3)], sanction=[reduce(a3, 300)], clock=59, time=2014-04-08 12:10:22.288]
Position [subject=a4, id=null, cell=Cell [x=14, y=19], time=2014-04-08 12:10:09.64, clock=0]
Position [subject=a4, id=null, cell=Cell [x=11, y=18], time=2014-04-08 12:10:08.62, clock=0]
Prohibition [subject=ra1, prohibition=[at(10, 9, ra1)], sanction=[reduce(ra1, 300)], clock=59, time=2014-04-08 12:10:22.324]
Time [clock=49, time=null]
Position [subject=t1, id=null, cell=Cell [x=2, y=2], time=2014-04-08 12:10:11.939, clock=0]
Position [subject=t1, id=null, cell=Cell [x=2, y=9], time=2014-04-08 12:10:11.167, clock=0]
Position [subject=a4, id=null, cell=Cell [x=11, y=14], time=2014-04-08 12:10:07.383, clock=0]
Position [subject=a4, id=null, cell=Cell [x=11, y=12], time=2014-04-08 12:10:06.749, clock=0]
Position [subject=a3, id=null, cell=Cell [x=11, y=12], time=2014-04-08 12:10:06.756, clock=0]
Position [subject=a2, id=null, cell=Cell [x=6, y=11], time=2014-04-08 12:10:06.359, clock=0]
Position [subject=a3, id=null, cell=Cell [x=12, y=19], time=2014-04-08 12:10:09.13, clock=0]
Position [subject=t1, id=null, cell=Cell [x=2, y=5], time=2014-04-08 12:10:11.585, clock=0]
Position [subject=a3, id=null, cell=Cell [x=14, y=19], time=2014-04-08 12:10:09.644, clock=0]
Prohibition [subject=a2, prohibition=[at(10, 10, a2)], sanction=[reduce(a2, 300)], clock=59, time=2014-04-08 12:10:22.151]
Position [subject=t1, id=null, cell=Cell [x=2, y=13], time=2014-04-08 12:10:10.184, clock=0]
Position [subject=a2, id=null, cell=Cell [x=6, y=13], time=2014-04-08 12:10:05.715, clock=0]
Position [subject=ra1, id=null, cell=Cell [x=5, y=5], time=2014-04-08 12:10:02.326, clock=0]
Position [subject=t1, id=null, cell=Cell [x=12, y=19], time=2014-04-08 12:10:05.367, clock=0]
Position [subject=a4, id=null, cell=Cell [x=11, y=16], time=2014-04-08 12:10:08.029, clock=0]
Position [subject=a1, id=null, cell=Cell [x=4, y=5], time=2014-04-08 12:10:01.069, clock=0]
Prohibition [subject=a1, prohibition=[at(9, 10, a1)], sanction=[reduce(a1, 300)], clock=59, time=2014-04-08 12:10:22.132]
Time [clock=21, time=null]
Prohibition [subject=a2, prohibition=[at(10, 9, a2)], sanction=[reduce(a2, 300)], clock=59, time=2014-04-08 12:10:22.241]
Position [subject=t1, id=null, cell=Cell [x=2, y=11], time=2014-04-08 12:10:10.673, clock=0]
Time [clock=53, time=null]
Position [subject=a4, id=null, cell=Cell [x=11, y=17], time=2014-04-08 12:10:08.344, clock=0]
Position [subject=t1, id=null, cell=Cell [x=14, y=19], time=2014-04-08 12:10:03.699, clock=0]
Time [clock=74, time=null]
Time [clock=26, time=null]
Prohibition [subject=a3, prohibition=[at(11, 10, a3)], sanction=[reduce(a3, 300)], clock=59, time=2014-04-08 12:10:22.298]
Position [subject=a2, id=null, cell=Cell [x=6, y=6], time=2014-04-08 12:10:07.972, clock=0]
Time [clock=10, time=null]
Prohibition [subject=a2, prohibition=[at(11, 10, a2)], sanction=[reduce(a2, 300)], clock=59, time=2014-04-08 12:10:22.286]
Position [subject=a3, id=null, cell=Cell [x=11, y=3], time=2014-04-08 12:10:00.677, clock=0]
Position [subject=t1, id=null, cell=Cell [x=2, y=8], time=2014-04-08 12:10:11.268, clock=0]
Time [clock=7, time=null]
Position [subject=a4, id=null, cell=Cell [x=13, y=19], time=2014-04-08 12:10:09.386, clock=0]
Position [subject=a4, id=null, cell=Cell [x=11, y=13], time=2014-04-08 12:10:07.069, clock=0]
Position [subject=a3, id=null, cell=Cell [x=11, y=16], time=2014-04-08 12:10:08.032, clock=0]
Position [subject=a3, id=null, cell=Cell [x=11, y=7], time=2014-04-08 12:10:04.438, clock=0]
Position [subject=t1, id=null, cell=Cell [x=10, y=19], time=2014-04-08 12:10:06.183, clock=0]
Time [clock=39, time=null]
Time [clock=2, time=null]
Time [clock=70, time=null]
Time [clock=60, time=null]
Position [subject=a2, id=null, cell=Cell [x=6, y=18], time=2014-04-08 12:10:01.075, clock=0]
Position [subject=t1, id=null, cell=Cell [x=13, y=19], time=2014-04-08 12:10:04.564, clock=0]
Time [clock=45, time=null]
Time [clock=55, time=null]
Position [subject=t1, id=null, cell=Cell [x=2, y=18], time=2014-04-08 12:10:08.93, clock=0]
Time [clock=54, time=null]
Time [clock=69, time=null]
Position [subject=a4, id=null, cell=Cell [x=18, y=19], time=2014-04-08 12:10:10.617, clock=0]
Position [subject=t1, id=null, cell=Cell [x=4, y=19], time=2014-04-08 12:10:08.1, clock=0]
Position [subject=a4, id=null, cell=Cell [x=11, y=4], time=2014-04-08 12:10:01.47, clock=0]
Position [subject=t1, id=null, cell=Cell [x=2, y=12], time=2014-04-08 12:10:10.432, clock=0]
Position [subject=a4, id=null, cell=Cell [x=11, y=6], time=2014-04-08 12:10:03.451, clock=0]
Position [subject=t1, id=null, cell=Cell [x=6, y=19], time=2014-04-08 12:10:07.468, clock=0]
Position [subject=a3, id=null, cell=Cell [x=11, y=11], time=2014-04-08 12:10:06.432, clock=0]
Position [subject=t1, id=null, cell=Cell [x=2, y=19], time=2014-04-08 12:10:08.679, clock=0]
Position [subject=a3, id=null, cell=Cell [x=11, y=17], time=2014-04-08 12:10:08.347, clock=0]
Position [subject=t1, id=null, cell=Cell [x=2, y=3], time=2014-04-08 12:10:11.828, clock=0]
Position [subject=a3, id=null, cell=Cell [x=11, y=6], time=2014-04-08 12:10:03.514, clock=0]
Position [subject=a3, id=null, cell=Cell [x=11, y=10], time=2014-04-08 12:10:06.11, clock=0]
Position [subject=a4, id=null, cell=Cell [x=11, y=15], time=2014-04-08 12:10:07.706, clock=0]
Time [clock=29, time=null]
Position [subject=t1, id=null, cell=Cell [x=2, y=16], time=2014-04-08 12:10:09.441, clock=0]
Position [subject=t1, id=null, cell=Cell [x=7, y=19], time=2014-04-08 12:10:07.142, clock=0]
Time [clock=36, time=null]
Position [subject=a4, id=null, cell=Cell [x=11, y=10], time=2014-04-08 12:10:06.105, clock=0]
Position [subject=a3, id=null, cell=Cell [x=11, y=15], time=2014-04-08 12:10:07.709, clock=0]
Time [clock=62, time=null]
Position [subject=a1, id=null, cell=Cell [x=3, y=4], time=2014-04-08 12:09:59.387, clock=0]
Position [subject=a2, id=null, cell=Cell [x=6, y=12], time=2014-04-08 12:10:06.037, clock=0]
Time [clock=66, time=null]
Position [subject=t1, id=null, cell=Cell [x=11, y=19], time=2014-04-08 12:10:05.861, clock=0]
Position [subject=a3, id=null, cell=Cell [x=11, y=8], time=2014-04-08 12:10:05.164, clock=0]
Position [subject=a4, id=null, cell=Cell [x=11, y=11], time=2014-04-08 12:10:06.428, clock=0]
Position [subject=t1, id=null, cell=Cell [x=15, y=19], time=2014-04-08 12:10:02.747, clock=0]
Time [clock=35, time=null]
Position [subject=a2, id=null, cell=Cell [x=6, y=10], time=2014-04-08 12:10:06.687, clock=0]
Position [subject=a4, id=null, cell=Cell [x=11, y=8], time=2014-04-08 12:10:05.155, clock=0]
Position [subject=t1, id=null, cell=Cell [x=18, y=19], time=2014-04-08 12:10:00.086, clock=0]
Time [clock=42, time=null]
Position [subject=ra1, id=null, cell=Cell [x=5, y=6], time=2014-04-08 12:10:04.213, clock=0]
Position [subject=ra1, id=null, cell=Cell [x=4, y=5], time=2014-04-08 12:10:01.085, clock=0]
Position [subject=ra1, id=null, cell=Cell [x=6, y=6], time=2014-04-08 12:10:04.926, clock=0]
Time [clock=46, time=null]
Position [subject=a1, id=null, cell=Cell [x=5, y=6], time=2014-04-08 12:10:04.13, clock=0]
Time [clock=64, time=null]
Position [subject=a4, id=null, cell=Cell [x=12, y=19], time=2014-04-08 12:10:09.127, clock=0]
Position [subject=a3, id=null, cell=Cell [x=11, y=4], time=2014-04-08 12:10:01.548, clock=0]
Position [subject=a4, id=null, cell=Cell [x=11, y=5], time=2014-04-08 12:10:02.543, clock=0]
Position [subject=ra1, id=null, cell=Cell [x=3, y=5], time=2014-04-08 12:10:00.316, clock=0]
Position [subject=a3, id=null, cell=Cell [x=18, y=19], time=2014-04-08 12:10:10.621, clock=0]
Position [subject=a4, id=null, cell=Cell [x=16, y=19], time=2014-04-08 12:10:10.129, clock=0]
Position [subject=a3, id=null, cell=Cell [x=11, y=18], time=2014-04-08 12:10:08.625, clock=0]
Position [subject=a4, id=null, cell=Cell [x=11, y=7], time=2014-04-08 12:10:04.406, clock=0]
Position [subject=a2, id=null, cell=Cell [x=6, y=16], time=2014-04-08 12:10:03.177, clock=0]
Position [subject=a3, id=null, cell=Cell [x=16, y=19], time=2014-04-08 12:10:10.132, clock=0]
Position [subject=a4, id=null, cell=Cell [x=15, y=19], time=2014-04-08 12:10:09.88, clock=0]
Position [subject=t1, id=null, cell=Cell [x=3, y=19], time=2014-04-08 12:10:08.411, clock=0]
Time [clock=48, time=null]
Position [subject=a4, id=null, cell=Cell [x=11, y=9], time=2014-04-08 12:10:05.785, clock=0]
Position [subject=a1, id=null, cell=Cell [x=6, y=6], time=2014-04-08 12:10:04.837, clock=0]
Time [clock=44, time=null]
Position [subject=a2, id=null, cell=Cell [x=6, y=19], time=2014-04-08 12:10:00.31, clock=0]
Position [subject=a3, id=null, cell=Cell [x=11, y=14], time=2014-04-08 12:10:07.388, clock=0]
Position [subject=t1, id=null, cell=Cell [x=8, y=19], time=2014-04-08 12:10:06.824, clock=0]
Position [subject=a3, id=null, cell=Cell [x=11, y=5], time=2014-04-08 12:10:02.615, clock=0]
Position [subject=t1, id=null, cell=Cell [x=5, y=19], time=2014-04-08 12:10:07.777, clock=0]
Position [subject=t1, id=null, cell=Cell [x=9, y=19], time=2014-04-08 12:10:06.502, clock=0]
Time [clock=41, time=null]
Time [clock=59, time=null]
Position [subject=t1, id=null, cell=Cell [x=16, y=19], time=2014-04-08 12:10:01.786, clock=0]
Time [clock=25, time=null]
Position [subject=a1, id=null, cell=Cell [x=5, y=5], time=2014-04-08 12:10:02.27, clock=0]
Position [subject=a4, id=null, cell=Cell [x=11, y=2], time=2014-04-08 12:09:59.832, clock=0]
Position [subject=a2, id=null, cell=Cell [x=6, y=17], time=2014-04-08 12:10:02.338, clock=0]
Position [subject=a1, id=null, cell=Cell [x=3, y=5], time=2014-04-08 12:10:00.305, clock=0]
Position [subject=a3, id=null, cell=Cell [x=11, y=9], time=2014-04-08 12:10:05.792, clock=0]
Position [subject=a2, id=null, cell=Cell [x=6, y=8], time=2014-04-08 12:10:07.32, clock=0]
Position [subject=a2, id=null, cell=Cell [x=6, y=15], time=2014-04-08 12:10:04.241, clock=0]
Position [subject=a3, id=null, cell=Cell [x=11, y=2], time=2014-04-08 12:09:59.88, clock=0]
Time [clock=52, time=null]
Time [clock=50, time=null]
Position [subject=t1, id=null, cell=Cell [x=17, y=19], time=2014-04-08 12:10:00.863, clock=0]
Position [subject=a2, id=null, cell=Cell [x=7, y=19], time=2014-04-08 12:09:59.393, clock=0]
Position [subject=a4, id=null, cell=Cell [x=11, y=3], time=2014-04-08 12:10:00.621, clock=0]
Position [subject=ra1, id=null, cell=Cell [x=3, y=4], time=2014-04-08 12:09:59.401, clock=0]
Position [subject=t1, id=null, cell=Cell [x=2, y=6], time=2014-04-08 12:10:11.478, clock=0]
Position [subject=a4, id=null, cell=Cell [x=11, y=19], time=2014-04-08 12:10:08.87, clock=0]
Position [subject=a2, id=null, cell=Cell [x=6, y=7], time=2014-04-08 12:10:07.65, clock=0]
Time [clock=40, time=null]
Time [clock=31, time=null]
Time [clock=17, time=null]
Time [clock=37, time=null]
Time [clock=38, time=null]
Time [clock=28, time=null]
Time [clock=61, time=null]
Time [clock=57, time=null]
Time [clock=34, time=null]
Time [clock=27, time=null]
Time [clock=18, time=null]
Time [clock=1, time=null]
Time [clock=23, time=null]
Time [clock=5, time=null]
Time [clock=30, time=null]
Time [clock=12, time=null]
Time [clock=9, time=null]
Time [clock=6, time=null]
Time [clock=15, time=null]
Time [clock=13, time=null]
Time [clock=33, time=null]
Time [clock=19, time=null]
Time [clock=8, time=null]
Time [clock=68, time=null]
Time [clock=47, time=null]
Time [clock=24, time=null]
Time [clock=14, time=null]
Time [clock=3, time=null]
Time [clock=11, time=null]
Time [clock=16, time=null]
Time [clock=20, time=null]
Time [clock=4, time=null]
-------------------------last log tuples end----------------------------------
1
register a1
register a2
register a3
register a4
register c1
register t1
register ra1
2
3
4
5
6
agent notification: Time [clock=2, time=null]
Event sent to agent      a1 clock(2)
agent notification: Time [clock=2, time=null]
Event sent to agent      c1 clock(2)
org notification: Time [clock=1, time=null]
org notified found Time [clock=1, time=null]
org notified sent time(1).
agent notification: Time [clock=2, time=null]
Event sent to agent      a2 clock(2)
Organization notifies agent (write): Obligation [subject=ra1, obligation=[surround(10, 10)], sanction=[reduce(g, 1000)], deadline=2, time=2014-04-08 12:11:40.995, clock=6]
Organization notifies agent (write): Prohibition [subject=a1, prohibition=[at(10, 10, a1)], sanction=[reduce(a1, 300)], clock=6, time=2014-04-08 12:11:41.0]
Organization notifies agent (write): Prohibition [subject=a1, prohibition=[at(9, 10, a1)], sanction=[reduce(a1, 300)], clock=6, time=2014-04-08 12:11:41.014]
Organization notifies agent (write): Prohibition [subject=a1, prohibition=[at(10, 9, a1)], sanction=[reduce(a1, 300)], clock=6, time=2014-04-08 12:11:41.029]
Organization notifies agent (write): Prohibition [subject=a1, prohibition=[at(11, 10, a1)], sanction=[reduce(a1, 300)], clock=6, time=2014-04-08 12:11:41.032]
Organization notifies agent (write): Prohibition [subject=a2, prohibition=[at(10, 10, a2)], sanction=[reduce(a2, 300)], clock=6, time=2014-04-08 12:11:41.04]
Organization notifies agent (write): Prohibition [subject=a2, prohibition=[at(9, 10, a2)], sanction=[reduce(a2, 300)], clock=6, time=2014-04-08 12:11:41.049]
Organization notifies agent (write): Prohibition [subject=a2, prohibition=[at(10, 9, a2)], sanction=[reduce(a2, 300)], clock=6, time=2014-04-08 12:11:41.051]
Organization notifies agent (write): Prohibition [subject=a2, prohibition=[at(11, 10, a2)], sanction=[reduce(a2, 300)], clock=6, time=2014-04-08 12:11:41.055]
org notification: Cargo [id=null, cell=Cell [x=19, y=19], time=2014-04-08 12:11:40.539, clock=0]
org notified found Cargo [id=null, cell=Cell [x=19, y=19], time=2014-04-08 12:11:40.539, clock=0]
org notified sent cargo(cell(19,19),0).
Organization notifies agent (write): Prohibition [subject=a3, prohibition=[at(10, 10, a3)], sanction=[reduce(a3, 300)], clock=6, time=2014-04-08 12:11:41.068]
Organization notifies agent (write): Prohibition [subject=a3, prohibition=[at(9, 10, a3)], sanction=[reduce(a3, 300)], clock=6, time=2014-04-08 12:11:41.073]
agent notification: Prohibition [subject=a1, prohibition=[at(10, 10, a1)], sanction=[reduce(a1, 300)], clock=6, time=2014-04-08 12:11:41.0]
Event sent to agent      a1 prohibition([at(10, 10, a1)], [reduce(a1, 300)])
Organization notifies agent (write): Prohibition [subject=a3, prohibition=[at(10, 9, a3)], sanction=[reduce(a3, 300)], clock=6, time=2014-04-08 12:11:41.081]
Organization notifies agent (write): Prohibition [subject=a3, prohibition=[at(11, 10, a3)], sanction=[reduce(a3, 300)], clock=6, time=2014-04-08 12:11:41.084]
agent notification: Time [clock=2, time=null]
Event sent to agent      a4 clock(2)
Organization notifies agent (write): Prohibition [subject=a4, prohibition=[at(10, 10, a4)], sanction=[reduce(a4, 300)], clock=6, time=2014-04-08 12:11:41.09]
agent notification: Time [clock=3, time=null]
Event sent to agent      a4 clock(3)
agent notification: Time [clock=4, time=null]
Event sent to agent      a4 clock(4)
agent notification: Time [clock=3, time=null]
agent notification: Time [clock=5, time=null]
Event sent to agent      a4 clock(5)
agent notification: Time [clock=6, time=null]
Event sent to agent      a4 clock(6)
Event sent to agent      c1 clock(3)
agent notification: Time [clock=4, time=null]
Event sent to agent      c1 clock(4)
agent notification: Time [clock=5, time=null]
Event sent to agent      c1 clock(5)
agent notification: Time [clock=6, time=null]
Event sent to agent      c1 clock(6)
Organization notifies agent (write): Prohibition [subject=a4, prohibition=[at(9, 10, a4)], sanction=[reduce(a4, 300)], clock=6, time=2014-04-08 12:11:41.111]
Organization notifies agent (write): Prohibition [subject=a4, prohibition=[at(10, 9, a4)], sanction=[reduce(a4, 300)], clock=6, time=2014-04-08 12:11:41.115]
agent notification: Time [clock=3, time=null]
Event sent to agent      a1 clock(3)
agent notification: Time [clock=4, time=null]
Event sent to agent      a1 clock(4)
agent notification: Time [clock=5, time=null]
Event sent to agent      a1 clock(5)
agent notification: Time [clock=6, time=null]
Event sent to agent      a1 clock(6)
Organization notifies agent (write): Prohibition [subject=a4, prohibition=[at(11, 10, a4)], sanction=[reduce(a4, 300)], clock=6, time=2014-04-08 12:11:41.12]
Organization notifies agent (write): Prohibition [subject=ra1, prohibition=[at(10, 10, ra1)], sanction=[reduce(ra1, 300)], clock=6, time=2014-04-08 12:11:41.124]
Organization notifies agent (write): Prohibition [subject=ra1, prohibition=[at(9, 10, ra1)], sanction=[reduce(ra1, 300)], clock=6, time=2014-04-08 12:11:41.126]
Organization notifies agent (write): Prohibition [subject=ra1, prohibition=[at(10, 9, ra1)], sanction=[reduce(ra1, 300)], clock=6, time=2014-04-08 12:11:41.13]
Organization notifies agent (write): Prohibition [subject=ra1, prohibition=[at(11, 10, ra1)], sanction=[reduce(ra1, 300)], clock=6, time=2014-04-08 12:11:41.133]
agent notification: Time [clock=3, time=null]
Event sent to agent      a2 clock(3)
agent notification: Time [clock=4, time=null]
Event sent to agent      a2 clock(4)
agent notification: Time [clock=5, time=null]
Event sent to agent      a2 clock(5)
agent notification: Time [clock=2, time=null]
agent notification: Time [clock=6, time=null]
Event sent to agent      a3 clock(2)
Event sent to agent      a2 clock(6)
agent notification: Time [clock=3, time=null]
Event sent to agent      a3 clock(3)
agent notification: Time [clock=4, time=null]
Event sent to agent      a3 clock(4)
agent notification: Time [clock=5, time=null]
Event sent to agent      a3 clock(5)
agent notification: Time [clock=6, time=null]
Event sent to agent      a3 clock(6)
agent notification: Time [clock=2, time=null]
Event sent to agent      t1 clock(2)
agent notification: Time [clock=3, time=null]
Event sent to agent      t1 clock(3)
agent notification: Time [clock=4, time=null]
Event sent to agent      t1 clock(4)
agent notification: Time [clock=5, time=null]
Event sent to agent      t1 clock(5)
agent notification: Time [clock=6, time=null]
Event sent to agent      t1 clock(6)
agent notification: Prohibition [subject=a3, prohibition=[at(10, 10, a3)], sanction=[reduce(a3, 300)], clock=6, time=2014-04-08 12:11:41.068]
Event sent to agent      a3 prohibition([at(10, 10, a3)], [reduce(a3, 300)])
agent notification: Prohibition [subject=a3, prohibition=[at(9, 10, a3)], sanction=[reduce(a3, 300)], clock=6, time=2014-04-08 12:11:41.073]
Event sent to agent      a3 prohibition([at(9, 10, a3)], [reduce(a3, 300)])
org notification: Coin [id=null, cell=Cell [x=8, y=6], subject=a1, time=2014-04-08 12:11:40.585, clock=0]
org notified found Coin [id=null, cell=Cell [x=8, y=6], subject=a1, time=2014-04-08 12:11:40.585, clock=0]
org notified sent coin(cell(8,6),0,a1).
agent notification: Prohibition [subject=a1, prohibition=[at(9, 10, a1)], sanction=[reduce(a1, 300)], clock=6, time=2014-04-08 12:11:41.014]
Event sent to agent      a1 prohibition([at(9, 10, a1)], [reduce(a1, 300)])
agent notification: Obligation [subject=ra1, obligation=[surround(10, 10)], sanction=[reduce(g, 1000)], deadline=2, time=2014-04-08 12:11:40.995, clock=6]
Event sent to agent      ra1 obligation([surround(10, 10)], 2, [reduce(g, 1000)])
org notification: Position [subject=a1, id=null, cell=Cell [x=3, y=4], time=2014-04-08 12:11:41.093, clock=0]
org notified found Position [subject=a1, id=null, cell=Cell [x=3, y=4], time=2014-04-08 12:11:41.093, clock=0]
org notified sent position(a1,cell(3,4),0).
agent notification: Prohibition [subject=ra1, prohibition=[at(10, 10, ra1)], sanction=[reduce(ra1, 300)], clock=6, time=2014-04-08 12:11:41.124]
Event sent to agent      ra1 prohibition([at(10, 10, ra1)], [reduce(ra1, 300)])
agent notification: Prohibition [subject=a2, prohibition=[at(10, 10, a2)], sanction=[reduce(a2, 300)], clock=6, time=2014-04-08 12:11:41.04]
Event sent to agent      a2 prohibition([at(10, 10, a2)], [reduce(a2, 300)])
agent notification: Prohibition [subject=ra1, prohibition=[at(9, 10, ra1)], sanction=[reduce(ra1, 300)], clock=6, time=2014-04-08 12:11:41.126]
Event sent to agent      ra1 prohibition([at(9, 10, ra1)], [reduce(ra1, 300)])
agent notification: Prohibition [subject=a2, prohibition=[at(9, 10, a2)], sanction=[reduce(a2, 300)], clock=6, time=2014-04-08 12:11:41.049]
Event sent to agent      a2 prohibition([at(9, 10, a2)], [reduce(a2, 300)])
agent notification: Prohibition [subject=ra1, prohibition=[at(10, 9, ra1)], sanction=[reduce(ra1, 300)], clock=6, time=2014-04-08 12:11:41.13]
Event sent to agent      ra1 prohibition([at(10, 9, ra1)], [reduce(ra1, 300)])
agent notification: Prohibition [subject=a1, prohibition=[at(10, 9, a1)], sanction=[reduce(a1, 300)], clock=6, time=2014-04-08 12:11:41.029]
agent notification: Time [clock=2, time=null]
Event sent to agent      ra1 clock(2)
agent notification: Time [clock=3, time=null]
Event sent to agent      ra1 clock(3)
Event sent to agent      a1 prohibition([at(10, 9, a1)], [reduce(a1, 300)])
agent notification: Time [clock=4, time=null]
Event sent to agent      ra1 clock(4)
agent notification: Time [clock=5, time=null]
Event sent to agent      ra1 clock(5)
agent notification: Time [clock=6, time=null]
Event sent to agent      ra1 clock(6)
agent notification: Prohibition [subject=a3, prohibition=[at(10, 9, a3)], sanction=[reduce(a3, 300)], clock=6, time=2014-04-08 12:11:41.081]
Event sent to agent      a3 prohibition([at(10, 9, a3)], [reduce(a3, 300)])
agent notification: Prohibition [subject=a3, prohibition=[at(11, 10, a3)], sanction=[reduce(a3, 300)], clock=6, time=2014-04-08 12:11:41.084]
Event sent to agent      a3 prohibition([at(11, 10, a3)], [reduce(a3, 300)])
agent notification: Prohibition [subject=a4, prohibition=[at(10, 10, a4)], sanction=[reduce(a4, 300)], clock=6, time=2014-04-08 12:11:41.09]
agent notification: Prohibition [subject=a2, prohibition=[at(10, 9, a2)], sanction=[reduce(a2, 300)], clock=6, time=2014-04-08 12:11:41.051]
agent notification: Prohibition [subject=ra1, prohibition=[at(11, 10, ra1)], sanction=[reduce(ra1, 300)], clock=6, time=2014-04-08 12:11:41.133]
Event sent to agent      a4 prohibition([at(10, 10, a4)], [reduce(a4, 300)])
Event sent to agent      a2 prohibition([at(10, 9, a2)], [reduce(a2, 300)])
agent notification: Prohibition [subject=a4, prohibition=[at(9, 10, a4)], sanction=[reduce(a4, 300)], clock=6, time=2014-04-08 12:11:41.111]
agent notification: Prohibition [subject=a2, prohibition=[at(11, 10, a2)], sanction=[reduce(a2, 300)], clock=6, time=2014-04-08 12:11:41.055]
Event sent to agent      a4 prohibition([at(9, 10, a4)], [reduce(a4, 300)])
Event sent to agent      a2 prohibition([at(11, 10, a2)], [reduce(a2, 300)])
Event sent to agent      ra1 prohibition([at(11, 10, ra1)], [reduce(ra1, 300)])
agent notification: Prohibition [subject=a4, prohibition=[at(10, 9, a4)], sanction=[reduce(a4, 300)], clock=6, time=2014-04-08 12:11:41.115]
agent notification: Prohibition [subject=a1, prohibition=[at(11, 10, a1)], sanction=[reduce(a1, 300)], clock=6, time=2014-04-08 12:11:41.032]
Event sent to agent      a4 prohibition([at(10, 9, a4)], [reduce(a4, 300)])
agent notification: Prohibition [subject=a4, prohibition=[at(11, 10, a4)], sanction=[reduce(a4, 300)], clock=6, time=2014-04-08 12:11:41.12]
Event sent to agent      a1 prohibition([at(11, 10, a1)], [reduce(a1, 300)])
Event sent to agent      a4 prohibition([at(11, 10, a4)], [reduce(a4, 300)])
Event processed UpdateClock(2)
Event processed UpdateClock(3)
Event processed UpdateClock(4)
Event processed UpdateClock(5)
Event processed UpdateClock(6)
7
agent notification: Time [clock=7, time=null]
Event sent to agent      ra1 clock(7)
org notification: Position [subject=a2, id=null, cell=Cell [x=7, y=19], time=2014-04-08 12:11:41.26, clock=0]
org notified found Position [subject=a2, id=null, cell=Cell [x=7, y=19], time=2014-04-08 12:11:41.26, clock=0]
org notified sent position(a2,cell(7,19),0).
agent notification: Time [clock=7, time=null]
Event sent to agent      c1 clock(7)
agent notification: Time [clock=7, time=null]
Event sent to agent      a2 clock(7)
agent notification: Time [clock=7, time=null]
Event sent to agent      a3 clock(7)
agent notification: Time [clock=7, time=null]
Event sent to agent      a4 clock(7)
agent notification: Time [clock=7, time=null]
Event sent to agent      a1 clock(7)
agent notification: Time [clock=7, time=null]
Event sent to agent      t1 clock(7)
Event processed UpdateClock(2)
Event processed UpdateClock(3)
Event processed UpdateClock(4)
Event processed UpdateClock(5)
Event processed UpdateClock(6)
Event processed UpdateClock(7)
Event processed UpdateClock(2)
Event processed UpdateClock(3)
Event processed UpdateClock(4)
Event processed UpdateClock(5)
Event processed UpdateClock(6)
Event processed adoptProhibition(at(10, 10, a3), reduce(a3, 300))
Event processed adoptProhibition(at(9, 10, a3), reduce(a3, 300))
Event processed adoptProhibition(at(10, 9, a3), reduce(a3, 300))
Event processed UpdateClock(2)
Event processed adoptProhibition(at(11, 10, a3), reduce(a3, 300))
Event processed adoptProhibition(at(10, 10, a1), reduce(a1, 300))
Event processed UpdateClock(7)
Event processed UpdateClock(3)
Event processed UpdateClock(4)
Event processed UpdateClock(5)
Event processed UpdateClock(6)
Event processed adoptProhibition(at(9, 10, a1), reduce(a1, 300))
Event processed adoptProhibition(at(10, 9, a1), reduce(a1, 300))
org notification: Time [clock=2, time=null]
org notified found Time [clock=2, time=null]
org notified sent time(2).
Event processed adoptProhibition(at(11, 10, a1), reduce(a1, 300))
Event processed UpdateClock(7)
Event processed UpdateClock(2)
Event processed UpdateClock(3)
Event processed UpdateClock(4)
Event processed UpdateClock(5)
Event processed UpdateClock(6)
Event processed adoptProhibition(at(10, 10, a4), reduce(a4, 300))
Event processed adoptProhibition(at(9, 10, a4), reduce(a4, 300))
Event processed adoptProhibition(at(10, 9, a4), reduce(a4, 300))
Event processed adoptProhibition(at(11, 10, a4), reduce(a4, 300))
Event processed UpdateClock(7)
Event processed UpdateClock(2)
Event processed UpdateClock(3)
Event processed UpdateClock(4)
Event processed UpdateClock(5)
Event processed UpdateClock(6)
Event processed adoptProhibition(at(10, 10, a2), reduce(a2, 300))
Event processed adoptProhibition(at(9, 10, a2), reduce(a2, 300))
Event processed adoptProhibition(at(10, 9, a2), reduce(a2, 300))
Event processed adoptProhibition(at(11, 10, a2), reduce(a2, 300))
Event processed UpdateClock(7)
Event processed adoptObligation(surround(10, 10), 2, reduce(g, 1000))
Event processed adoptProhibition(at(10, 10, ra1), reduce(ra1, 300))
Event processed adoptProhibition(at(9, 10, ra1), reduce(ra1, 300))
Event processed adoptProhibition(at(10, 9, ra1), reduce(ra1, 300))
Event processed UpdateClock(2)
Event processed UpdateClock(3)
Event processed UpdateClock(4)
Event processed UpdateClock(5)
Event processed UpdateClock(6)
Event processed adoptProhibition(at(11, 10, ra1), reduce(ra1, 300))
Event processed UpdateClock(7)
org notification: Time [clock=3, time=null]
org notified found Time [clock=3, time=null]
org notified sent time(3).
org notification: Time [clock=4, time=null]
org notified found Time [clock=4, time=null]
org notified sent time(4).
org notification: Time [clock=5, time=null]
org notified found Time [clock=5, time=null]
org notified sent time(5).
org notification: Time [clock=6, time=null]
org notified found Time [clock=6, time=null]
org notified sent time(6).
org notification: Time [clock=7, time=null]
org notified found Time [clock=7, time=null]
org notified sent time(7).
8
agent notification: Time [clock=8, time=null]
Event sent to agent      a4 clock(8)
agent notification: Time [clock=8, time=null]
agent notification: Time [clock=8, time=null]
Event sent to agent      c1 clock(8)
org notification: Time [clock=8, time=null]
org notified found Time [clock=8, time=null]
org notified sent time(8).
Event sent to agent      a1 clock(8)
agent notification: Time [clock=8, time=null]
Event sent to agent      a3 clock(8)
agent notification: Time [clock=8, time=null]
agent notification: Time [clock=8, time=null]
agent notification: Time [clock=8, time=null]
Event sent to agent      ra1 clock(8)
Event sent to agent      t1 clock(8)
Event sent to agent      a2 clock(8)
Event processed UpdateClock(7)
Event processed UpdateClock(8)
Event processed UpdateClock(8)
Event processed UpdateClock(8)
Event processed UpdateClock(8)
Event processed UpdateClock(8)
Event processed UpdateClock(8)
Event processed UpdateClock(8)
org notification: Position [subject=a3, id=null, cell=Cell [x=11, y=2], time=2014-04-08 12:11:42.046, clock=0]
org notified found Position [subject=a3, id=null, cell=Cell [x=11, y=2], time=2014-04-08 12:11:42.046, clock=0]
org notified sent position(a3,cell(11,2),0).
org notification: Coin [id=null, cell=Cell [x=16, y=16], subject=a2, time=2014-04-08 12:11:42.297, clock=7]
org notified found Coin [id=null, cell=Cell [x=16, y=16], subject=a2, time=2014-04-08 12:11:42.297, clock=7]
org notified sent coin(cell(16,16),7,a2).
9
agent notification: Time [clock=9, time=null]
Event sent to agent      a4 clock(9)
agent notification: Time [clock=9, time=null]
org notification: Time [clock=9, time=null]
org notified found Time [clock=9, time=null]
org notified sent time(9).
agent notification: Time [clock=9, time=null]
Event sent to agent      c1 clock(9)
agent notification: Time [clock=9, time=null]
Event sent to agent      a1 clock(9)
agent notification: Time [clock=9, time=null]
Event sent to agent      ra1 clock(9)
agent notification: Time [clock=9, time=null]
Event sent to agent      a2 clock(9)
agent notification: Time [clock=9, time=null]
Event sent to agent      a3 clock(9)
Event sent to agent      t1 clock(9)
Event processed UpdateClock(9)
Event processed UpdateClock(9)
Event processed UpdateClock(9)
Event processed UpdateClock(9)
Event processed UpdateClock(9)
org notification: Position [subject=t1, id=null, cell=Cell [x=18, y=19], time=2014-04-08 12:11:42.505, clock=8]
org notified found Position [subject=t1, id=null, cell=Cell [x=18, y=19], time=2014-04-08 12:11:42.505, clock=8]
org notified sent position(t1,cell(18,19),8).
Event processed UpdateClock(9)
Event processed UpdateClock(9)
org notification: Position [subject=a1, id=null, cell=Cell [x=3, y=5], time=2014-04-08 12:11:42.591, clock=8]
org notified found Position [subject=a1, id=null, cell=Cell [x=3, y=5], time=2014-04-08 12:11:42.591, clock=8]
org notified sent position(a1,cell(3,5),8).
org notification: Position [subject=a2, id=null, cell=Cell [x=6, y=19], time=2014-04-08 12:11:42.634, clock=8]
org notified found Position [subject=a2, id=null, cell=Cell [x=6, y=19], time=2014-04-08 12:11:42.634, clock=8]
org notified sent position(a2,cell(6,19),8).
GroupCoin [x=10, y=10, clock=null]
org notification: GroupCoin [x=10, y=10, clock=9]
org notified found GroupCoin [x=10, y=10, clock=9]
org notified sent groupCoin(10,10,9).
Organization notifies agent (write): Obligation [subject=a1, obligation=[west(10, 10, a1)], sanction=[reduce(a1, 1000)], deadline=10, time=2014-04-08 12:11:42.656, clock=9]
Organization notifies agent (write): Obligation [subject=a2, obligation=[east(10, 10, a2)], sanction=[reduce(a2, 1000)], deadline=10, time=2014-04-08 12:11:42.657, clock=9]
Organization notifies agent (write): Obligation [subject=a3, obligation=[north(10, 10, a3)], sanction=[reduce(a3, 1000)], deadline=10, time=2014-04-08 12:11:42.659, clock=9]
Organization notifies agent (write): Obligation [subject=a4, obligation=[south(10, 10, a4)], sanction=[reduce(a4, 1000)], deadline=10, time=2014-04-08 12:11:42.66, clock=9]
agent notification: Obligation [subject=a1, obligation=[west(10, 10, a1)], sanction=[reduce(a1, 1000)], deadline=10, time=2014-04-08 12:11:42.656, clock=9]
Event sent to agent      a1 obligation([west(10, 10, a1)], 10, [reduce(a1, 1000)])
agent notification: Obligation [subject=a2, obligation=[east(10, 10, a2)], sanction=[reduce(a2, 1000)], deadline=10, time=2014-04-08 12:11:42.657, clock=9]
Event sent to agent      a2 obligation([east(10, 10, a2)], 10, [reduce(a2, 1000)])
agent notification: Obligation [subject=a3, obligation=[north(10, 10, a3)], sanction=[reduce(a3, 1000)], deadline=10, time=2014-04-08 12:11:42.659, clock=9]
Event sent to agent      a3 obligation([north(10, 10, a3)], 10, [reduce(a3, 1000)])
agent notification: Obligation [subject=a4, obligation=[south(10, 10, a4)], sanction=[reduce(a4, 1000)], deadline=10, time=2014-04-08 12:11:42.66, clock=9]
Event sent to agent      a4 obligation([south(10, 10, a4)], 10, [reduce(a4, 1000)])
Event processed adoptObligation(west(10, 10, a1), 10, reduce(a1, 1000))
Event processed adoptObligation(south(10, 10, a4), 10, reduce(a4, 1000))
Event processed adoptObligation(east(10, 10, a2), 10, reduce(a2, 1000))
10
agent notification: Time [clock=10, time=null]
Event sent to agent      a4 clock(10)
agent notification: Time [clock=10, time=null]
agent notification: Time [clock=10, time=null]
Event sent to agent      c1 clock(10)
Event sent to agent      a1 clock(10)
agent notification: Time [clock=10, time=null]
Event sent to agent      ra1 clock(10)
agent notification: Time [clock=10, time=null]
agent notification: Time [clock=10, time=null]
Event sent to agent      a2 clock(10)
agent notification: Time [clock=10, time=null]
org notification: Time [clock=10, time=null]
org notified found Time [clock=10, time=null]
org notified sent time(10).
Event sent to agent      a3 clock(10)
Event sent to agent      t1 clock(10)
Event processed UpdateClock(10)
Event processed UpdateClock(10)
Event processed adoptObligation(north(10, 10, a3), 10, reduce(a3, 1000))
Event processed UpdateClock(10)
Event processed UpdateClock(10)
Event processed UpdateClock(10)
Event processed UpdateClock(10)
org notification: Position [subject=a3, id=null, cell=Cell [x=11, y=3], time=2014-04-08 12:11:42.978, clock=9]
org notified found Position [subject=a3, id=null, cell=Cell [x=11, y=3], time=2014-04-08 12:11:42.978, clock=9]
org notified sent position(a3,cell(11,3),9).
Event processed UpdateClock(10)
org notification: Coin [id=null, cell=Cell [x=2, y=2], subject=a3, time=2014-04-08 12:11:43.174, clock=9]
org notified found Coin [id=null, cell=Cell [x=2, y=2], subject=a3, time=2014-04-08 12:11:43.174, clock=9]
org notified sent coin(cell(2,2),9,a3).
11
agent notification: Time [clock=11, time=null]
Event sent to agent      a4 clock(11)
agent notification: Time [clock=11, time=null]
agent notification: Time [clock=11, time=null]
Event sent to agent      c1 clock(11)
Event sent to agent      a2 clock(11)
agent notification: Time [clock=11, time=null]
Event sent to agent      a1 clock(11)
agent notification: Time [clock=11, time=null]
Event sent to agent      t1 clock(11)
agent notification: Time [clock=11, time=null]
Event sent to agent      a3 clock(11)
agent notification: Time [clock=11, time=null]
Event sent to agent      ra1 clock(11)
org notification: Time [clock=11, time=null]
org notified found Time [clock=11, time=null]
org notified sent time(11).
Event processed UpdateClock(11)
Event processed UpdateClock(11)
Event processed UpdateClock(11)
org notification: Position [subject=t1, id=null, cell=Cell [x=17, y=19], time=2014-04-08 12:11:43.39, clock=10]
org notified found Position [subject=t1, id=null, cell=Cell [x=17, y=19], time=2014-04-08 12:11:43.39, clock=10]
org notified sent position(t1,cell(17,19),10).
Event processed UpdateClock(11)
Event processed UpdateClock(11)
Event processed UpdateClock(11)
Event processed UpdateClock(11)
12
agent notification: Time [clock=12, time=null]
Event sent to agent      a4 clock(12)
agent notification: Time [clock=12, time=null]
Event sent to agent      a1 clock(12)
agent notification: Time [clock=12, time=null]
agent notification: Time [clock=12, time=null]
Event sent to agent      a2 clock(12)
agent notification: Time [clock=12, time=null]
Event sent to agent      t1 clock(12)
agent notification: Time [clock=12, time=null]
Event sent to agent      a3 clock(12)
agent notification: Time [clock=12, time=null]
Event sent to agent      ra1 clock(12)
Event sent to agent      c1 clock(12)
org notification: Time [clock=12, time=null]
org notified found Time [clock=12, time=null]
org notified sent time(12).
Event processed UpdateClock(12)
Event processed UpdateClock(12)
Event processed UpdateClock(12)
Event processed UpdateClock(12)
Event processed UpdateClock(12)
Event processed UpdateClock(12)
Event processed UpdateClock(12)
org notification: Position [subject=t1, id=null, cell=Cell [x=16, y=19], time=2014-04-08 12:11:44.269, clock=11]
org notified found Position [subject=t1, id=null, cell=Cell [x=16, y=19], time=2014-04-08 12:11:44.269, clock=11]
org notified sent position(t1,cell(16,19),11).
13
agent notification: Time [clock=13, time=null]
Event sent to agent      a4 clock(13)
org notification: Time [clock=13, time=null]
org notified found Time [clock=13, time=null]
org notified sent time(13).
agent notification: Time [clock=13, time=null]
Event sent to agent      a2 clock(13)
agent notification: Time [clock=13, time=null]
Event sent to agent      t1 clock(13)
agent notification: Time [clock=13, time=null]
Event sent to agent      a1 clock(13)
agent notification: Time [clock=13, time=null]
Event sent to agent      ra1 clock(13)
agent notification: Time [clock=13, time=null]
Event sent to agent      c1 clock(13)
agent notification: Time [clock=13, time=null]
Event sent to agent      a3 clock(13)
Event processed UpdateClock(13)
Event processed UpdateClock(13)
org notification: Position [subject=a1, id=null, cell=Cell [x=3, y=6], time=2014-04-08 12:11:44.382, clock=11]
org notified found Position [subject=a1, id=null, cell=Cell [x=3, y=6], time=2014-04-08 12:11:44.382, clock=11]
org notified sent position(a1,cell(3,6),11).
Event processed UpdateClock(13)
org notification: Position [subject=a2, id=null, cell=Cell [x=7, y=19], time=2014-04-08 12:11:44.397, clock=12]
org notified found Position [subject=a2, id=null, cell=Cell [x=7, y=19], time=2014-04-08 12:11:44.397, clock=12]
org notified sent position(a2,cell(7,19),12).
Event processed UpdateClock(13)
Event processed UpdateClock(13)
Event processed UpdateClock(13)
Event processed UpdateClock(13)
org notification: Position [subject=a3, id=null, cell=Cell [x=11, y=4], time=2014-04-08 12:11:44.555, clock=12]
org notified found Position [subject=a3, id=null, cell=Cell [x=11, y=4], time=2014-04-08 12:11:44.555, clock=12]
org notified sent position(a3,cell(11,4),12).
14
agent notification: Time [clock=14, time=null]
Event sent to agent      c1 clock(14)
agent notification: Time [clock=14, time=null]
agent notification: Time [clock=14, time=null]
Event sent to agent      a1 clock(14)
Event sent to agent      a4 clock(14)
agent notification: Time [clock=14, time=null]
org notification: Time [clock=14, time=null]
org notified found Time [clock=14, time=null]
org notified sent time(14).
agent notification: Time [clock=14, time=null]
Event sent to agent      a3 clock(14)
agent notification: Time [clock=14, time=null]
Event sent to agent      ra1 clock(14)
Event sent to agent      a2 clock(14)
agent notification: Time [clock=14, time=null]
Event sent to agent      t1 clock(14)
Event processed UpdateClock(14)
Event processed UpdateClock(14)
Event processed UpdateClock(14)
Event processed UpdateClock(14)
Event processed UpdateClock(14)
Event processed UpdateClock(14)
Event processed UpdateClock(14)
org notification: Position [subject=t1, id=null, cell=Cell [x=15, y=19], time=2014-04-08 12:11:45.184, clock=13]
org notified found Position [subject=t1, id=null, cell=Cell [x=15, y=19], time=2014-04-08 12:11:45.184, clock=13]
org notified sent position(t1,cell(15,19),13).
org notification: Position [subject=a1, id=null, cell=Cell [x=3, y=7], time=2014-04-08 12:11:45.315, clock=13]
org notified found Position [subject=a1, id=null, cell=Cell [x=3, y=7], time=2014-04-08 12:11:45.315, clock=13]
org notified sent position(a1,cell(3,7),13).
15
agent notification: Time [clock=15, time=null]
agent notification: Time [clock=15, time=null]
Event sent to agent      a4 clock(15)
org notification: Time [clock=15, time=null]
org notified found Time [clock=15, time=null]
org notified sent time(15).
Event sent to agent      c1 clock(15)
agent notification: Time [clock=15, time=null]
agent notification: Time [clock=15, time=null]
agent notification: Time [clock=15, time=null]
Event sent to agent      ra1 clock(15)
Event sent to agent      t1 clock(15)
agent notification: Time [clock=15, time=null]
Event sent to agent      a3 clock(15)
Event sent to agent      a1 clock(15)
agent notification: Time [clock=15, time=null]
Event sent to agent      a2 clock(15)
org notification: Position [subject=a2, id=null, cell=Cell [x=8, y=19], time=2014-04-08 12:11:45.33, clock=13]
org notified found Position [subject=a2, id=null, cell=Cell [x=8, y=19], time=2014-04-08 12:11:45.33, clock=13]
org notified sent position(a2,cell(8,19),13).
Event processed UpdateClock(15)
Event processed UpdateClock(15)
Event processed UpdateClock(15)
Event processed UpdateClock(15)
org notification: Position [subject=a3, id=null, cell=Cell [x=11, y=5], time=2014-04-08 12:11:45.477, clock=14]
org notified found Position [subject=a3, id=null, cell=Cell [x=11, y=5], time=2014-04-08 12:11:45.477, clock=14]
org notified sent position(a3,cell(11,5),14).
Event processed UpdateClock(15)
Event processed UpdateClock(15)
Event processed UpdateClock(15)
16
org notification: Time [clock=16, time=null]
org notified found Time [clock=16, time=null]
org notified sent time(16).
agent notification: Time [clock=16, time=null]
Event sent to agent      c1 clock(16)
agent notification: Time [clock=16, time=null]
Event sent to agent      ra1 clock(16)
agent notification: Time [clock=16, time=null]
agent notification: Time [clock=16, time=null]
Event sent to agent      a4 clock(16)
Event sent to agent      t1 clock(16)
agent notification: Time [clock=16, time=null]
Event sent to agent      a2 clock(16)
agent notification: Time [clock=16, time=null]
agent notification: Time [clock=16, time=null]
Event sent to agent      a1 clock(16)
Event sent to agent      a3 clock(16)
Event processed UpdateClock(16)
Event processed UpdateClock(16)
Event processed UpdateClock(16)
Event processed UpdateClock(16)
Event processed UpdateClock(16)
Event processed UpdateClock(16)
Event processed UpdateClock(16)
org notification: Position [subject=t1, id=null, cell=Cell [x=14, y=19], time=2014-04-08 12:11:46.037, clock=15]
org notified found Position [subject=t1, id=null, cell=Cell [x=14, y=19], time=2014-04-08 12:11:46.037, clock=15]
org notified sent position(t1,cell(14,19),15).
org notification: Position [subject=a1, id=null, cell=Cell [x=3, y=8], time=2014-04-08 12:11:46.167, clock=15]
org notified found Position [subject=a1, id=null, cell=Cell [x=3, y=8], time=2014-04-08 12:11:46.167, clock=15]
org notified sent position(a1,cell(3,8),15).
org notification: Position [subject=a2, id=null, cell=Cell [x=9, y=19], time=2014-04-08 12:11:46.186, clock=15]
org notified found Position [subject=a2, id=null, cell=Cell [x=9, y=19], time=2014-04-08 12:11:46.186, clock=15]
org notified sent position(a2,cell(9,19),15).
17
agent notification: Time [clock=17, time=null]
agent notification: Time [clock=17, time=null]
Event sent to agent      a4 clock(17)
Event sent to agent      c1 clock(17)
agent notification: Time [clock=17, time=null]
Event sent to agent      a1 clock(17)
agent notification: Time [clock=17, time=null]
Event sent to agent      a2 clock(17)
org notification: Time [clock=17, time=null]
org notified found Time [clock=17, time=null]
org notified sent time(17).
agent notification: Time [clock=17, time=null]
agent notification: Time [clock=17, time=null]
Event sent to agent      ra1 clock(17)
Event sent to agent      a3 clock(17)
agent notification: Time [clock=17, time=null]
Event sent to agent      t1 clock(17)
org notification: Position [subject=a3, id=null, cell=Cell [x=11, y=6], time=2014-04-08 12:11:46.337, clock=15]
org notified found Position [subject=a3, id=null, cell=Cell [x=11, y=6], time=2014-04-08 12:11:46.337, clock=15]
org notified sent position(a3,cell(11,6),15).
Event processed UpdateClock(17)
Event processed UpdateClock(17)
Event processed UpdateClock(17)
Event processed UpdateClock(17)
Event processed UpdateClock(17)
Event processed UpdateClock(17)
Event processed UpdateClock(17)
18
agent notification: Time [clock=18, time=null]
agent notification: Time [clock=18, time=null]
Event sent to agent      a1 clock(18)
Event sent to agent      a4 clock(18)
agent notification: Time [clock=18, time=null]
Event sent to agent      c1 clock(18)
org notification: Time [clock=18, time=null]
org notified found Time [clock=18, time=null]
org notified sent time(18).
agent notification: Time [clock=18, time=null]
Event sent to agent      a2 clock(18)
agent notification: Time [clock=18, time=null]
Event sent to agent      t1 clock(18)
agent notification: Time [clock=18, time=null]
Event sent to agent      ra1 clock(18)
agent notification: Time [clock=18, time=null]
Event sent to agent      a3 clock(18)
Event processed UpdateClock(18)
org notification: Position [subject=t1, id=null, cell=Cell [x=13, y=19], time=2014-04-08 12:11:46.874, clock=17]
org notified found Position [subject=t1, id=null, cell=Cell [x=13, y=19], time=2014-04-08 12:11:46.874, clock=17]
org notified sent position(t1,cell(13,19),17).
Event processed UpdateClock(18)
Event processed UpdateClock(18)
Event processed UpdateClock(18)
Event processed UpdateClock(18)
Event processed UpdateClock(18)
Event processed UpdateClock(18)
org notification: Position [subject=a1, id=null, cell=Cell [x=3, y=9], time=2014-04-08 12:11:47.031, clock=17]
org notified found Position [subject=a1, id=null, cell=Cell [x=3, y=9], time=2014-04-08 12:11:47.031, clock=17]
org notified sent position(a1,cell(3,9),17).
org notification: Position [subject=a2, id=null, cell=Cell [x=10, y=19], time=2014-04-08 12:11:47.051, clock=17]
org notified found Position [subject=a2, id=null, cell=Cell [x=10, y=19], time=2014-04-08 12:11:47.051, clock=17]
org notified sent position(a2,cell(10,19),17).
org notification: Position [subject=a3, id=null, cell=Cell [x=11, y=7], time=2014-04-08 12:11:47.192, clock=17]
org notified found Position [subject=a3, id=null, cell=Cell [x=11, y=7], time=2014-04-08 12:11:47.192, clock=17]
org notified sent position(a3,cell(11,7),17).
19
org notification: Time [clock=19, time=null]
org notified found Time [clock=19, time=null]
org notified sent time(19).
agent notification: Time [clock=19, time=null]
Event sent to agent      a4 clock(19)
agent notification: Time [clock=19, time=null]
Event sent to agent      a1 clock(19)
agent notification: Time [clock=19, time=null]
Event sent to agent      a2 clock(19)
agent notification: Time [clock=19, time=null]
Event sent to agent      t1 clock(19)
agent notification: Time [clock=19, time=null]
agent notification: Time [clock=19, time=null]
Event sent to agent      ra1 clock(19)
Event sent to agent      a3 clock(19)
agent notification: Time [clock=19, time=null]
Event sent to agent      c1 clock(19)
Event processed UpdateClock(19)
Event processed UpdateClock(19)
Event processed UpdateClock(19)
Event processed UpdateClock(19)
Event processed UpdateClock(19)
Event processed UpdateClock(19)
Event processed UpdateClock(19)
org notification: Position [subject=t1, id=null, cell=Cell [x=12, y=19], time=2014-04-08 12:11:47.707, clock=18]
org notified found Position [subject=t1, id=null, cell=Cell [x=12, y=19], time=2014-04-08 12:11:47.707, clock=18]
org notified sent position(t1,cell(12,19),18).
20
agent notification: Time [clock=20, time=null]
Event sent to agent      c1 clock(20)
agent notification: Time [clock=20, time=null]
Event sent to agent      a1 clock(20)
agent notification: Time [clock=20, time=null]
Event sent to agent      a4 clock(20)
org notification: Time [clock=20, time=null]
org notified found Time [clock=20, time=null]
org notified sent time(20).
agent notification: Time [clock=20, time=null]
Event sent to agent      t1 clock(20)
agent notification: Time [clock=20, time=null]
agent notification: Time [clock=20, time=null]
Event sent to agent      ra1 clock(20)
Event sent to agent      a2 clock(20)
agent notification: Time [clock=20, time=null]
Event sent to agent      a3 clock(20)
org notification: Position [subject=a1, id=null, cell=Cell [x=3, y=10], time=2014-04-08 12:11:47.871, clock=19]
org notified found Position [subject=a1, id=null, cell=Cell [x=3, y=10], time=2014-04-08 12:11:47.871, clock=19]
org notified sent position(a1,cell(3,10),19).
org notification: Position [subject=a2, id=null, cell=Cell [x=11, y=19], time=2014-04-08 12:11:47.891, clock=19]
org notified found Position [subject=a2, id=null, cell=Cell [x=11, y=19], time=2014-04-08 12:11:47.891, clock=19]
org notified sent position(a2,cell(11,19),19).
Event processed UpdateClock(20)
Event processed UpdateClock(20)
Event processed UpdateClock(20)
Event processed UpdateClock(20)
Event processed UpdateClock(20)
Event processed UpdateClock(20)
Event processed UpdateClock(20)
org notification: Position [subject=a3, id=null, cell=Cell [x=11, y=8], time=2014-04-08 12:11:48.03, clock=19]
org notified found Position [subject=a3, id=null, cell=Cell [x=11, y=8], time=2014-04-08 12:11:48.03, clock=19]
org notified sent position(a3,cell(11,8),19).
21
agent notification: Time [clock=21, time=null]
agent notification: Time [clock=21, time=null]
Event sent to agent      a4 clock(21)
agent notification: Time [clock=21, time=null]
agent notification: Time [clock=21, time=null]
org notification: Time [clock=21, time=null]
org notified found Time [clock=21, time=null]
Event sent to agent      c1 clock(21)
agent notification: Time [clock=21, time=null]
org notified sent time(21).
agent notification: Time [clock=21, time=null]
Event sent to agent      a2 clock(21)
Event sent to agent      t1 clock(21)
Event sent to agent      a3 clock(21)
Event sent to agent      ra1 clock(21)
agent notification: Time [clock=21, time=null]
Event sent to agent      a1 clock(21)
Event processed UpdateClock(21)
Event processed UpdateClock(21)
Event processed UpdateClock(21)
Event processed UpdateClock(21)
Event processed UpdateClock(21)
Event processed UpdateClock(21)
org notification: Position [subject=t1, id=null, cell=Cell [x=11, y=19], time=2014-04-08 12:11:48.526, clock=20]
org notified found Position [subject=t1, id=null, cell=Cell [x=11, y=19], time=2014-04-08 12:11:48.526, clock=20]
org notified sent position(t1,cell(11,19),20).
Event processed UpdateClock(21)
org notification: Position [subject=a1, id=null, cell=Cell [x=4, y=10], time=2014-04-08 12:11:48.689, clock=20]
org notified found Position [subject=a1, id=null, cell=Cell [x=4, y=10], time=2014-04-08 12:11:48.689, clock=20]
org notified sent position(a1,cell(4,10),20).
org notification: Position [subject=a2, id=null, cell=Cell [x=11, y=18], time=2014-04-08 12:11:48.708, clock=20]
org notified found Position [subject=a2, id=null, cell=Cell [x=11, y=18], time=2014-04-08 12:11:48.708, clock=20]
org notified sent position(a2,cell(11,18),20).
22
agent notification: Time [clock=22, time=null]
agent notification: Time [clock=22, time=null]
Event sent to agent      a4 clock(22)
Event sent to agent      a1 clock(22)
org notification: Time [clock=22, time=null]
org notified found Time [clock=22, time=null]
org notified sent time(22).
agent notification: Time [clock=22, time=null]
Event sent to agent      t1 clock(22)
agent notification: Time [clock=22, time=null]
Event sent to agent      a3 clock(22)
agent notification: Time [clock=22, time=null]
Event sent to agent      ra1 clock(22)
agent notification: Time [clock=22, time=null]
Event sent to agent      a2 clock(22)
agent notification: Time [clock=22, time=null]
Event sent to agent      c1 clock(22)
org notification: Position [subject=a3, id=null, cell=Cell [x=11, y=9], time=2014-04-08 12:11:48.849, clock=20]
org notified found Position [subject=a3, id=null, cell=Cell [x=11, y=9], time=2014-04-08 12:11:48.849, clock=20]
org notified sent position(a3,cell(11,9),20).
Event processed UpdateClock(22)
Event processed UpdateClock(22)
Event processed UpdateClock(22)
Event processed UpdateClock(22)
Event processed UpdateClock(22)
Event processed UpdateClock(22)
Event processed UpdateClock(22)
23
agent notification: Time [clock=23, time=null]
agent notification: Time [clock=23, time=null]
Event sent to agent      c1 clock(23)
Event sent to agent      a1 clock(23)
agent notification: Time [clock=23, time=null]
Event sent to agent      a4 clock(23)
org notification: Time [clock=23, time=null]
agent notification: Time [clock=23, time=null]
agent notification: Time [clock=23, time=null]
Event sent to agent      a3 clock(23)
Event sent to agent      ra1 clock(23)
agent notification: Time [clock=23, time=null]
org notified found Time [clock=23, time=null]
agent notification: Time [clock=23, time=null]
Event sent to agent      a2 clock(23)
org notified sent time(23).
Event sent to agent      t1 clock(23)
org notification: Position [subject=t1, id=null, cell=Cell [x=10, y=19], time=2014-04-08 12:11:49.365, clock=21]
org notified found Position [subject=t1, id=null, cell=Cell [x=10, y=19], time=2014-04-08 12:11:49.365, clock=21]
org notified sent position(t1,cell(10,19),21).
Event processed UpdateClock(23)
Event processed UpdateClock(23)
Event processed UpdateClock(23)
Event processed UpdateClock(23)
Event processed UpdateClock(23)
Event processed UpdateClock(23)
Event processed UpdateClock(23)
org notification: Position [subject=a1, id=null, cell=Cell [x=5, y=10], time=2014-04-08 12:11:49.536, clock=22]
org notified found Position [subject=a1, id=null, cell=Cell [x=5, y=10], time=2014-04-08 12:11:49.536, clock=22]
org notified sent position(a1,cell(5,10),22).
org notification: Position [subject=a2, id=null, cell=Cell [x=11, y=17], time=2014-04-08 12:11:49.554, clock=22]
org notified found Position [subject=a2, id=null, cell=Cell [x=11, y=17], time=2014-04-08 12:11:49.554, clock=22]
org notified sent position(a2,cell(11,17),22).
org notification: Position [subject=a3, id=null, cell=Cell [x=11, y=10], time=2014-04-08 12:11:49.688, clock=22]
org notified found Position [subject=a3, id=null, cell=Cell [x=11, y=10], time=2014-04-08 12:11:49.688, clock=22]
org notified sent position(a3,cell(11,10),22).
24
agent notification: Time [clock=24, time=null]
Event sent to agent      c1 clock(24)
agent notification: Time [clock=24, time=null]
agent notification: Time [clock=24, time=null]
Event sent to agent      a3 clock(24)
Event sent to agent      t1 clock(24)
agent notification: Time [clock=24, time=null]
agent notification: Time [clock=24, time=null]
Event sent to agent      a1 clock(24)
Event sent to agent      a2 clock(24)
agent notification: Time [clock=24, time=null]
org notification: Time [clock=24, time=null]
Event sent to agent      a4 clock(24)
agent notification: Time [clock=24, time=null]
org notified found Time [clock=24, time=null]
org notified sent time(24).
Event sent to agent      ra1 clock(24)
Event processed UpdateClock(24)
Event processed UpdateClock(24)
Event processed UpdateClock(24)
Event processed UpdateClock(24)
Event processed UpdateClock(24)
Event processed UpdateClock(24)
Event processed UpdateClock(24)
org notification: Position [subject=t1, id=null, cell=Cell [x=9, y=19], time=2014-04-08 12:11:50.186, clock=23]
org notified found Position [subject=t1, id=null, cell=Cell [x=9, y=19], time=2014-04-08 12:11:50.186, clock=23]
org notified sent position(t1,cell(9,19),23).
org notification: Position [subject=a1, id=null, cell=Cell [x=6, y=10], time=2014-04-08 12:11:50.343, clock=23]
org notified found Position [subject=a1, id=null, cell=Cell [x=6, y=10], time=2014-04-08 12:11:50.343, clock=23]
org notified sent position(a1,cell(6,10),23).
25
agent notification: Time [clock=25, time=null]
agent notification: Time [clock=25, time=null]
Event sent to agent      a4 clock(25)
Event sent to agent      a1 clock(25)
agent notification: Time [clock=25, time=null]
Event sent to agent      c1 clock(25)
org notification: Time [clock=25, time=null]
org notified found Time [clock=25, time=null]
org notified sent time(25).
agent notification: Time [clock=25, time=null]
agent notification: Time [clock=25, time=null]
Event sent to agent      a3 clock(25)
Event sent to agent      t1 clock(25)
agent notification: Time [clock=25, time=null]
agent notification: Time [clock=25, time=null]
Event sent to agent      ra1 clock(25)
Event sent to agent      a2 clock(25)
org notification: Position [subject=a2, id=null, cell=Cell [x=11, y=16], time=2014-04-08 12:11:50.372, clock=24]
org notified found Position [subject=a2, id=null, cell=Cell [x=11, y=16], time=2014-04-08 12:11:50.372, clock=24]
org notified sent position(a2,cell(11,16),24).
Event processed UpdateClock(25)
Event processed UpdateClock(25)
Event processed UpdateClock(25)
Event processed UpdateClock(25)
Event processed UpdateClock(25)
Event processed UpdateClock(25)
org notification: Position [subject=a3, id=null, cell=Cell [x=11, y=11], time=2014-04-08 12:11:50.493, clock=24]
org notified found Position [subject=a3, id=null, cell=Cell [x=11, y=11], time=2014-04-08 12:11:50.493, clock=24]
org notified sent position(a3,cell(11,11),24).
Event processed UpdateClock(25)
26
agent notification: Time [clock=26, time=null]
agent notification: Time [clock=26, time=null]
Event sent to agent      a4 clock(26)
org notification: Time [clock=26, time=null]
org notified found Time [clock=26, time=null]
org notified sent time(26).
agent notification: Time [clock=26, time=null]
agent notification: Time [clock=26, time=null]
agent notification: Time [clock=26, time=null]
Event sent to agent      c1 clock(26)
Event sent to agent      t1 clock(26)
Event sent to agent      a3 clock(26)
Event sent to agent      a1 clock(26)
agent notification: Time [clock=26, time=null]
agent notification: Time [clock=26, time=null]
Event sent to agent      ra1 clock(26)
Event sent to agent      a2 clock(26)
Event processed UpdateClock(26)
Event processed UpdateClock(26)
Event processed UpdateClock(26)
Event processed UpdateClock(26)
Event processed UpdateClock(26)
Event processed UpdateClock(26)
org notification: Position [subject=t1, id=null, cell=Cell [x=8, y=19], time=2014-04-08 12:11:51.083, clock=25]
org notified found Position [subject=t1, id=null, cell=Cell [x=8, y=19], time=2014-04-08 12:11:51.083, clock=25]
org notified sent position(t1,cell(8,19),25).
Event processed UpdateClock(26)
org notification: Position [subject=a1, id=null, cell=Cell [x=7, y=10], time=2014-04-08 12:11:51.239, clock=25]
org notified found Position [subject=a1, id=null, cell=Cell [x=7, y=10], time=2014-04-08 12:11:51.239, clock=25]
org notified sent position(a1,cell(7,10),25).
org notification: Position [subject=a2, id=null, cell=Cell [x=11, y=15], time=2014-04-08 12:11:51.257, clock=25]
org notified found Position [subject=a2, id=null, cell=Cell [x=11, y=15], time=2014-04-08 12:11:51.257, clock=25]
org notified sent position(a2,cell(11,15),25).
27
agent notification: Time [clock=27, time=null]
agent notification: Time [clock=27, time=null]
agent notification: Time [clock=27, time=null]
org notification: Time [clock=27, time=null]
org notified found Time [clock=27, time=null]
org notified sent time(27).
agent notification: Time [clock=27, time=null]
Event sent to agent      a4 clock(27)
agent notification: Time [clock=27, time=null]
Event sent to agent      c1 clock(27)
Event sent to agent      ra1 clock(27)
Event sent to agent      a2 clock(27)
agent notification: Time [clock=27, time=null]
agent notification: Time [clock=27, time=null]
Event sent to agent      a1 clock(27)
Event sent to agent      a3 clock(27)
Event sent to agent      t1 clock(27)
Event processed UpdateClock(27)
Event processed UpdateClock(27)
Event processed UpdateClock(27)
org notification: Position [subject=a3, id=null, cell=Cell [x=10, y=11], time=2014-04-08 12:11:51.393, clock=25]
org notified found Position [subject=a3, id=null, cell=Cell [x=10, y=11], time=2014-04-08 12:11:51.393, clock=25]
org notified sent position(a3,cell(10,11),25).
Event processed UpdateClock(27)
Event processed UpdateClock(27)
Event processed UpdateClock(27)
Event processed UpdateClock(27)
28
agent notification: Time [clock=28, time=null]
Event sent to agent      c1 clock(28)
agent notification: Time [clock=28, time=null]
agent notification: Time [clock=28, time=null]
agent notification: Time [clock=28, time=null]
agent notification: Time [clock=28, time=null]
Event sent to agent      a2 clock(28)
org notification: Time [clock=28, time=null]
Event sent to agent      a4 clock(28)
Event sent to agent      a1 clock(28)
agent notification: Time [clock=28, time=null]
Event sent to agent      a3 clock(28)
org notified found Time [clock=28, time=null]
org notified sent time(28).
Event sent to agent      t1 clock(28)
agent notification: Time [clock=28, time=null]
Event sent to agent      ra1 clock(28)
Event processed UpdateClock(28)
org notification: Position [subject=t1, id=null, cell=Cell [x=7, y=19], time=2014-04-08 12:11:51.937, clock=27]
org notified found Position [subject=t1, id=null, cell=Cell [x=7, y=19], time=2014-04-08 12:11:51.937, clock=27]
org notified sent position(t1,cell(7,19),27).
Event processed UpdateClock(28)
Event processed UpdateClock(28)
Event processed UpdateClock(28)
Event processed UpdateClock(28)
Event processed UpdateClock(28)
Event processed UpdateClock(28)
org notification: Position [subject=a1, id=null, cell=Cell [x=8, y=10], time=2014-04-08 12:11:52.113, clock=27]
org notified found Position [subject=a1, id=null, cell=Cell [x=8, y=10], time=2014-04-08 12:11:52.113, clock=27]
org notified sent position(a1,cell(8,10),27).
org notification: Position [subject=a2, id=null, cell=Cell [x=11, y=14], time=2014-04-08 12:11:52.139, clock=27]
org notified found Position [subject=a2, id=null, cell=Cell [x=11, y=14], time=2014-04-08 12:11:52.139, clock=27]
org notified sent position(a2,cell(11,14),27).
29
agent notification: Time [clock=29, time=null]
agent notification: Time [clock=29, time=null]
agent notification: Time [clock=29, time=null]
Event sent to agent      c1 clock(29)
Event sent to agent      a1 clock(29)
Event sent to agent      a4 clock(29)
org notification: Time [clock=29, time=null]
org notified found Time [clock=29, time=null]
org notified sent time(29).
agent notification: Time [clock=29, time=null]
agent notification: Time [clock=29, time=null]
Event sent to agent      t1 clock(29)
Event sent to agent      ra1 clock(29)
agent notification: Time [clock=29, time=null]
agent notification: Time [clock=29, time=null]
Event sent to agent      a2 clock(29)
Event sent to agent      a3 clock(29)
Event processed UpdateClock(29)
Event processed UpdateClock(29)
Event processed UpdateClock(29)
Event processed UpdateClock(29)
Event processed UpdateClock(29)
Event processed UpdateClock(29)
Event processed UpdateClock(29)
org notification: Position [subject=t1, id=null, cell=Cell [x=6, y=19], time=2014-04-08 12:11:52.797, clock=28]
org notified found Position [subject=t1, id=null, cell=Cell [x=6, y=19], time=2014-04-08 12:11:52.797, clock=28]
org notified sent position(t1,cell(6,19),28).
30
agent notification: Time [clock=30, time=null]
agent notification: Time [clock=30, time=null]
org notification: Time [clock=30, time=null]
org notified found Time [clock=30, time=null]
org notified sent time(30).
agent notification: Time [clock=30, time=null]
agent notification: Time [clock=30, time=null]
Event sent to agent      a2 clock(30)
Event sent to agent      t1 clock(30)
agent notification: Time [clock=30, time=null]
Event sent to agent      c1 clock(30)
Event sent to agent      a3 clock(30)
Event sent to agent      a4 clock(30)
agent notification: Time [clock=30, time=null]
Event sent to agent      ra1 clock(30)
agent notification: Time [clock=30, time=null]
Event sent to agent      a1 clock(30)
Event processed UpdateClock(30)
Event processed UpdateClock(30)
Event processed UpdateClock(30)
Event processed UpdateClock(30)
org notification: Position [subject=a1, id=null, cell=Cell [x=9, y=10], time=2014-04-08 12:11:52.953, clock=29]
org notified found Position [subject=a1, id=null, cell=Cell [x=9, y=10], time=2014-04-08 12:11:52.953, clock=29]
org notified sent position(a1,cell(9,10),29).
org notification: Position [subject=a2, id=null, cell=Cell [x=11, y=13], time=2014-04-08 12:11:52.973, clock=29]
org notified found Position [subject=a2, id=null, cell=Cell [x=11, y=13], time=2014-04-08 12:11:52.973, clock=29]
org notified sent position(a2,cell(11,13),29).
Event processed UpdateClock(30)
Event processed UpdateClock(30)
Event processed UpdateClock(30)
31
agent notification: Time [clock=31, time=null]
Event sent to agent      a1 clock(31)
agent notification: Time [clock=31, time=null]
Event sent to agent      a4 clock(31)
org notification: Time [clock=31, time=null]
org notified found Time [clock=31, time=null]
org notified sent time(31).
agent notification: Time [clock=31, time=null]
Event sent to agent      c1 clock(31)
agent notification: Time [clock=31, time=null]
Event sent to agent      a3 clock(31)
agent notification: Time [clock=31, time=null]
Event sent to agent      a2 clock(31)
agent notification: Time [clock=31, time=null]
Event sent to agent      ra1 clock(31)
agent notification: Time [clock=31, time=null]
Event sent to agent      t1 clock(31)
Event processed UpdateClock(31)
Event processed UpdateClock(31)
Event processed UpdateClock(31)
Event processed UpdateClock(31)
Event processed UpdateClock(31)
Event processed UpdateClock(31)
Event processed UpdateClock(31)
org notification: Position [subject=t1, id=null, cell=Cell [x=5, y=19], time=2014-04-08 12:11:53.585, clock=30]
org notified found Position [subject=t1, id=null, cell=Cell [x=5, y=19], time=2014-04-08 12:11:53.585, clock=30]
org notified sent position(t1,cell(5,19),30).
org notification: Position [subject=a2, id=null, cell=Cell [x=11, y=12], time=2014-04-08 12:11:53.77, clock=30]
org notified found Position [subject=a2, id=null, cell=Cell [x=11, y=12], time=2014-04-08 12:11:53.77, clock=30]
org notified sent position(a2,cell(11,12),30).
32
agent notification: Time [clock=32, time=null]
Event sent to agent      a1 clock(32)
agent notification: Time [clock=32, time=null]
org notification: Time [clock=32, time=null]
org notified found Time [clock=32, time=null]
org notified sent time(32).
Event sent to agent      a4 clock(32)
agent notification: Time [clock=32, time=null]
Event sent to agent      a2 clock(32)
agent notification: Time [clock=32, time=null]
Event sent to agent      t1 clock(32)
agent notification: Time [clock=32, time=null]
Event sent to agent      a3 clock(32)
agent notification: Time [clock=32, time=null]
Event sent to agent      ra1 clock(32)
agent notification: Time [clock=32, time=null]
Event sent to agent      c1 clock(32)
Event processed UpdateClock(32)
Event processed UpdateClock(32)
Event processed UpdateClock(32)
Event processed UpdateClock(32)
Event processed UpdateClock(32)
Event processed UpdateClock(32)
Event processed UpdateClock(32)
33
agent notification: Time [clock=33, time=null]
agent notification: Time [clock=33, time=null]
Event sent to agent      a4 clock(33)
Event sent to agent      a1 clock(33)
agent notification: Time [clock=33, time=null]
Event sent to agent      a2 clock(33)
org notification: Time [clock=33, time=null]
org notified found Time [clock=33, time=null]
org notified sent time(33).
agent notification: Time [clock=33, time=null]
Event sent to agent      t1 clock(33)
agent notification: Time [clock=33, time=null]
Event sent to agent      a3 clock(33)
agent notification: Time [clock=33, time=null]
Event sent to agent      c1 clock(33)
agent notification: Time [clock=33, time=null]
Event sent to agent      ra1 clock(33)
org notification: Position [subject=t1, id=null, cell=Cell [x=4, y=19], time=2014-04-08 12:11:54.41, clock=32]
org notified found Position [subject=t1, id=null, cell=Cell [x=4, y=19], time=2014-04-08 12:11:54.41, clock=32]
org notified sent position(t1,cell(4,19),32).
Event processed UpdateClock(33)
Event processed UpdateClock(33)
Event processed UpdateClock(33)
Event processed UpdateClock(33)
Event processed UpdateClock(33)
Event processed UpdateClock(33)
Event processed UpdateClock(33)
org notification: Position [subject=a2, id=null, cell=Cell [x=11, y=11], time=2014-04-08 12:11:54.587, clock=32]
org notified found Position [subject=a2, id=null, cell=Cell [x=11, y=11], time=2014-04-08 12:11:54.587, clock=32]
org notified sent position(a2,cell(11,11),32).
34
agent notification: Time [clock=34, time=null]
org notification: Time [clock=34, time=null]
agent notification: Time [clock=34, time=null]
Event sent to agent      a1 clock(34)
Event sent to agent      c1 clock(34)
org notified found Time [clock=34, time=null]
org notified sent time(34).
agent notification: Time [clock=34, time=null]
Event sent to agent      a3 clock(34)
agent notification: Time [clock=34, time=null]
Event sent to agent      t1 clock(34)
agent notification: Time [clock=34, time=null]
Event sent to agent      ra1 clock(34)
agent notification: Time [clock=34, time=null]
agent notification: Time [clock=34, time=null]
Event sent to agent      a2 clock(34)
Event sent to agent      a4 clock(34)
Event processed UpdateClock(34)
Event processed UpdateClock(34)
Event processed UpdateClock(34)
Event processed UpdateClock(34)
Event processed UpdateClock(34)
Event processed UpdateClock(34)
Event processed UpdateClock(34)
org notification: Position [subject=t1, id=null, cell=Cell [x=3, y=19], time=2014-04-08 12:11:55.204, clock=33]
org notified found Position [subject=t1, id=null, cell=Cell [x=3, y=19], time=2014-04-08 12:11:55.204, clock=33]
org notified sent position(t1,cell(3,19),33).
35
agent notification: Time [clock=35, time=null]
org notification: Time [clock=35, time=null]
agent notification: Time [clock=35, time=null]
Event sent to agent      a1 clock(35)
org notified found Time [clock=35, time=null]
org notified sent time(35).
Event sent to agent      a2 clock(35)
agent notification: Time [clock=35, time=null]
Event sent to agent      c1 clock(35)
agent notification: Time [clock=35, time=null]
Event sent to agent      a3 clock(35)
agent notification: Time [clock=35, time=null]
Event sent to agent      ra1 clock(35)
agent notification: Time [clock=35, time=null]
Event sent to agent      a4 clock(35)
agent notification: Time [clock=35, time=null]
Event sent to agent      t1 clock(35)
org notification: Position [subject=a2, id=null, cell=Cell [x=11, y=10], time=2014-04-08 12:11:55.384, clock=34]
org notified found Position [subject=a2, id=null, cell=Cell [x=11, y=10], time=2014-04-08 12:11:55.384, clock=34]
org notified sent position(a2,cell(11,10),34).
Event processed UpdateClock(35)
Event processed UpdateClock(35)
Event processed UpdateClock(35)
Event processed UpdateClock(35)
Event processed UpdateClock(35)
Event processed UpdateClock(35)
Event processed UpdateClock(35)
36
agent notification: Time [clock=36, time=null]
org notification: Time [clock=36, time=null]
Event sent to agent      a1 clock(36)
agent notification: Time [clock=36, time=null]
Event sent to agent      a2 clock(36)
agent notification: Time [clock=36, time=null]
Event sent to agent      a3 clock(36)
org notified found Time [clock=36, time=null]
org notified sent time(36).
agent notification: Time [clock=36, time=null]
Event sent to agent      t1 clock(36)
agent notification: Time [clock=36, time=null]
agent notification: Time [clock=36, time=null]
Event sent to agent      c1 clock(36)
Event sent to agent      a4 clock(36)
agent notification: Time [clock=36, time=null]
Event sent to agent      ra1 clock(36)
Event processed UpdateClock(36)
Event processed UpdateClock(36)
Event processed UpdateClock(36)
Event processed UpdateClock(36)
org notification: Position [subject=t1, id=null, cell=Cell [x=2, y=19], time=2014-04-08 12:11:56.01, clock=35]
org notified found Position [subject=t1, id=null, cell=Cell [x=2, y=19], time=2014-04-08 12:11:56.01, clock=35]
org notified sent position(t1,cell(2,19),35).
Event processed UpdateClock(36)
Event processed UpdateClock(36)
Event processed UpdateClock(36)
37
agent notification: Time [clock=37, time=null]
Event sent to agent      c1 clock(37)
agent notification: Time [clock=37, time=null]
org notification: Time [clock=37, time=null]
agent notification: Time [clock=37, time=null]
agent notification: Time [clock=37, time=null]
Event sent to agent      t1 clock(37)
agent notification: Time [clock=37, time=null]
Event sent to agent      a3 clock(37)
agent notification: Time [clock=37, time=null]
org notified found Time [clock=37, time=null]
org notified sent time(37).
Event sent to agent      a2 clock(37)
Event sent to agent      a4 clock(37)
agent notification: Time [clock=37, time=null]
Event sent to agent      ra1 clock(37)
Event sent to agent      a1 clock(37)
Event processed UpdateClock(37)
Event processed UpdateClock(37)
Event processed UpdateClock(37)
Event processed UpdateClock(37)
Event processed UpdateClock(37)
Event processed UpdateClock(37)
Event processed UpdateClock(37)
org notification: Position [subject=t1, id=null, cell=Cell [x=2, y=18], time=2014-04-08 12:11:56.834, clock=36]
org notified found Position [subject=t1, id=null, cell=Cell [x=2, y=18], time=2014-04-08 12:11:56.834, clock=36]
org notified sent position(t1,cell(2,18),36).
38
agent notification: Time [clock=38, time=null]
agent notification: Time [clock=38, time=null]
agent notification: Time [clock=38, time=null]
Event sent to agent      t1 clock(38)
org notification: Time [clock=38, time=null]
Event sent to agent      a3 clock(38)
agent notification: Time [clock=38, time=null]
Event sent to agent      a2 clock(38)
org notified found Time [clock=38, time=null]
org notified sent time(38).
Event sent to agent      ra1 clock(38)
agent notification: Time [clock=38, time=null]
Event sent to agent      a4 clock(38)
agent notification: Time [clock=38, time=null]
Event sent to agent      a1 clock(38)
agent notification: Time [clock=38, time=null]
Event sent to agent      c1 clock(38)
Event processed UpdateClock(38)
Event processed UpdateClock(38)
Event processed UpdateClock(38)
Event processed UpdateClock(38)
Event processed UpdateClock(38)
Event processed UpdateClock(38)
Event processed UpdateClock(38)
39
agent notification: Time [clock=39, time=null]
Event sent to agent      a1 clock(39)
agent notification: Time [clock=39, time=null]
Event sent to agent      c1 clock(39)
agent notification: Time [clock=39, time=null]
Event sent to agent      a2 clock(39)
org notification: Time [clock=39, time=null]
org notified found Time [clock=39, time=null]
org notified sent time(39).
agent notification: Time [clock=39, time=null]
Event sent to agent      a3 clock(39)
agent notification: Time [clock=39, time=null]
Event sent to agent      ra1 clock(39)
agent notification: Time [clock=39, time=null]
agent notification: Time [clock=39, time=null]
Event sent to agent      t1 clock(39)
Event sent to agent      a4 clock(39)
Event processed UpdateClock(39)
Event processed UpdateClock(39)
Event processed UpdateClock(39)
Event processed UpdateClock(39)
Event processed UpdateClock(39)
Event processed UpdateClock(39)
Event processed UpdateClock(39)
org notification: Position [subject=t1, id=null, cell=Cell [x=2, y=17], time=2014-04-08 12:11:57.609, clock=38]
org notified found Position [subject=t1, id=null, cell=Cell [x=2, y=17], time=2014-04-08 12:11:57.609, clock=38]
org notified sent position(t1,cell(2,17),38).
40
agent notification: Time [clock=40, time=null]
Event sent to agent      a1 clock(40)
agent notification: Time [clock=40, time=null]
agent notification: Time [clock=40, time=null]
Event sent to agent      c1 clock(40)
Event sent to agent      a4 clock(40)
org notification: Time [clock=40, time=null]
org notified found Time [clock=40, time=null]
org notified sent time(40).
agent notification: Time [clock=40, time=null]
Event sent to agent      t1 clock(40)
agent notification: Time [clock=40, time=null]
agent notification: Time [clock=40, time=null]
Event sent to agent      a3 clock(40)
Event sent to agent      ra1 clock(40)
agent notification: Time [clock=40, time=null]
Event sent to agent      a2 clock(40)
Event processed UpdateClock(40)
Event processed UpdateClock(40)
Event processed UpdateClock(40)
Event processed UpdateClock(40)
Event processed UpdateClock(40)
Event processed UpdateClock(40)
Event processed UpdateClock(40)
41
agent notification: Time [clock=41, time=null]
Event sent to agent      a1 clock(41)
agent notification: Time [clock=41, time=null]
Event sent to agent      a4 clock(41)
agent notification: Time [clock=41, time=null]
Event sent to agent      a2 clock(41)
agent notification: Time [clock=41, time=null]
agent notification: Time [clock=41, time=null]
agent notification: Time [clock=41, time=null]
Event sent to agent      a3 clock(41)
Event sent to agent      t1 clock(41)
Event sent to agent      c1 clock(41)
agent notification: Time [clock=41, time=null]
Event sent to agent      ra1 clock(41)
org notification: Time [clock=41, time=null]
org notified found Time [clock=41, time=null]
org notified sent time(41).
org notification: Position [subject=t1, id=null, cell=Cell [x=2, y=16], time=2014-04-08 12:11:58.387, clock=40]
org notified found Position [subject=t1, id=null, cell=Cell [x=2, y=16], time=2014-04-08 12:11:58.387, clock=40]
org notified sent position(t1,cell(2,16),40).
Event processed UpdateClock(41)
Event processed UpdateClock(41)
Event processed UpdateClock(41)
Event processed UpdateClock(41)
Event processed UpdateClock(41)
Event processed UpdateClock(41)
Event processed UpdateClock(41)
42
agent notification: Time [clock=42, time=null]
Event sent to agent      a1 clock(42)
org notification: Time [clock=42, time=null]
org notified found Time [clock=42, time=null]
org notified sent time(42).
agent notification: Time [clock=42, time=null]
Event sent to agent      a2 clock(42)
agent notification: Time [clock=42, time=null]
agent notification: Time [clock=42, time=null]
Event sent to agent      t1 clock(42)
Event sent to agent      a3 clock(42)
agent notification: Time [clock=42, time=null]
Event sent to agent      c1 clock(42)
agent notification: Time [clock=42, time=null]
Event sent to agent      ra1 clock(42)
agent notification: Time [clock=42, time=null]
Event sent to agent      a4 clock(42)
Event processed UpdateClock(42)
Event processed UpdateClock(42)
Event processed UpdateClock(42)
Event processed UpdateClock(42)
Event processed UpdateClock(42)
Event processed UpdateClock(42)
Event processed UpdateClock(42)
org notification: Position [subject=t1, id=null, cell=Cell [x=2, y=15], time=2014-04-08 12:11:59.187, clock=41]
org notified found Position [subject=t1, id=null, cell=Cell [x=2, y=15], time=2014-04-08 12:11:59.187, clock=41]
org notified sent position(t1,cell(2,15),41).
43
agent notification: Time [clock=43, time=null]
Event sent to agent      a1 clock(43)
agent notification: Time [clock=43, time=null]
Event sent to agent      c1 clock(43)
org notification: Time [clock=43, time=null]
org notified found Time [clock=43, time=null]
org notified sent time(43).
agent notification: Time [clock=43, time=null]
agent notification: Time [clock=43, time=null]
Event sent to agent      a3 clock(43)
agent notification: Time [clock=43, time=null]
Event sent to agent      a2 clock(43)
Event sent to agent      a4 clock(43)
agent notification: Time [clock=43, time=null]
Event sent to agent      t1 clock(43)
agent notification: Time [clock=43, time=null]
Event sent to agent      ra1 clock(43)
Event processed UpdateClock(43)
Event processed UpdateClock(43)
Event processed UpdateClock(43)
Event processed UpdateClock(43)
Event processed UpdateClock(43)
Event processed UpdateClock(43)
Event processed UpdateClock(43)
44
agent notification: Time [clock=44, time=null]
org notification: Time [clock=44, time=null]
org notified found Time [clock=44, time=null]
org notified sent time(44).
Event sent to agent      a1 clock(44)
agent notification: Time [clock=44, time=null]
Event sent to agent      a3 clock(44)
agent notification: Time [clock=44, time=null]
Event sent to agent      c1 clock(44)
agent notification: Time [clock=44, time=null]
Event sent to agent      a2 clock(44)
agent notification: Time [clock=44, time=null]
Event sent to agent      t1 clock(44)
agent notification: Time [clock=44, time=null]
Event sent to agent      ra1 clock(44)
Event processed UpdateClock(44)
agent notification: Time [clock=44, time=null]
Event sent to agent      a4 clock(44)
org notification: Position [subject=t1, id=null, cell=Cell [x=2, y=14], time=2014-04-08 12:11:59.986, clock=43]
org notified found Position [subject=t1, id=null, cell=Cell [x=2, y=14], time=2014-04-08 12:11:59.986, clock=43]
org notified sent position(t1,cell(2,14),43).
Event processed UpdateClock(44)
Event processed UpdateClock(44)
Event processed UpdateClock(44)
Event processed UpdateClock(44)
Event processed UpdateClock(44)
Event processed UpdateClock(44)
45
agent notification: Time [clock=45, time=null]
Event sent to agent      a2 clock(45)
agent notification: Time [clock=45, time=null]
Event sent to agent      a1 clock(45)
agent notification: Time [clock=45, time=null]
Event sent to agent      c1 clock(45)
org notification: Time [clock=45, time=null]
org notified found Time [clock=45, time=null]
org notified sent time(45).
Event processed UpdateClock(45)
agent notification: Time [clock=45, time=null]
agent notification: Time [clock=45, time=null]
Event sent to agent      a4 clock(45)
Event sent to agent      t1 clock(45)
agent notification: Time [clock=45, time=null]
agent notification: Time [clock=45, time=null]
Event sent to agent      ra1 clock(45)
Event sent to agent      a3 clock(45)
Event processed UpdateClock(45)
Event processed UpdateClock(45)
Event processed UpdateClock(45)
Event processed UpdateClock(45)
Event processed UpdateClock(45)
Event processed UpdateClock(45)
org notification: Position [subject=t1, id=null, cell=Cell [x=2, y=13], time=2014-04-08 12:12:00.798, clock=44]
org notified found Position [subject=t1, id=null, cell=Cell [x=2, y=13], time=2014-04-08 12:12:00.798, clock=44]
org notified sent position(t1,cell(2,13),44).
46
agent notification: Time [clock=46, time=null]
agent notification: Time [clock=46, time=null]
Event sent to agent      a1 clock(46)
Event sent to agent      c1 clock(46)
agent notification: Time [clock=46, time=null]
agent notification: Time [clock=46, time=null]
Event sent to agent      a2 clock(46)
Event sent to agent      t1 clock(46)
agent notification: Time [clock=46, time=null]
Event sent to agent      a4 clock(46)
agent notification: Time [clock=46, time=null]
agent notification: Time [clock=46, time=null]
Event sent to agent      a3 clock(46)
Event sent to agent      ra1 clock(46)
org notification: Time [clock=46, time=null]
org notified found Time [clock=46, time=null]
org notified sent time(46).
Event processed UpdateClock(46)
Event processed UpdateClock(46)
Event processed UpdateClock(46)
Event processed UpdateClock(46)
Event processed UpdateClock(46)
Event processed UpdateClock(46)
Event processed UpdateClock(46)
47
agent notification: Time [clock=47, time=null]
Event sent to agent      a1 clock(47)
agent notification: Time [clock=47, time=null]
agent notification: Time [clock=47, time=null]
Event sent to agent      c1 clock(47)
Event sent to agent      a4 clock(47)
agent notification: Time [clock=47, time=null]
org notification: Time [clock=47, time=null]
org notified found Time [clock=47, time=null]
org notified sent time(47).
Event sent to agent      a2 clock(47)
agent notification: Time [clock=47, time=null]
agent notification: Time [clock=47, time=null]
Event sent to agent      ra1 clock(47)
Event sent to agent      a3 clock(47)
Event processed UpdateClock(47)
agent notification: Time [clock=47, time=null]
Event sent to agent      t1 clock(47)
