2014-03-19 14:24:19,550 CONFIG [com.gigaspaces.logger] - Log file: /Users/dxd/gigaspaces-xap-premium-9.5.1-ga/logs/2014-03-19~14.24-gigaspaces-service-128.243.23.149-5328.log
-------------------------last log tuples start--------------------------------
-------------------------last log tuples end----------------------------------
register a1
register a2
register a3
register a4
register c1
register t1
register ra1
org notification: Cargo [id=null, cell=Cell [x=19, y=19], time=2014-03-19 14:25:04.8, clock=0]
org notified found Cargo [id=null, cell=Cell [x=19, y=19], time=2014-03-19 14:25:04.8, clock=0]
org notified sent cargo(cell(19,19),0).
Organization notifies agent (write): Obligation [subject=ra1, obligation=[group_action(surround(10, 10))], sanction=[sanction_group(g, 1000)], deadline=15, time=2014-03-19 14:25:04.859, clock=0]
org notification: Coin [id=null, cell=Cell [x=8, y=6], subject=a1, time=2014-03-19 14:25:04.81, clock=0]
org notified found Coin [id=null, cell=Cell [x=8, y=6], subject=a1, time=2014-03-19 14:25:04.81, clock=0]
org notified sent coin(cell(8,6),0,a1).
Organization notifies agent (write): Obligation [subject=a1, obligation=[west(10, 10, a1)], sanction=[reduce(a1, _)], deadline=15, time=2014-03-19 14:25:04.874, clock=0]
Organization notifies agent (write): Obligation [subject=a2, obligation=[east(10, 10, a2)], sanction=[reduce(a2, _)], deadline=15, time=2014-03-19 14:25:04.876, clock=0]
Organization notifies agent (write): Obligation [subject=a3, obligation=[north(10, 10, a3)], sanction=[reduce(a3, _)], deadline=15, time=2014-03-19 14:25:04.881, clock=0]
Organization notifies agent (write): Obligation [subject=a4, obligation=[south(10, 10, a4)], sanction=[reduce(a4, _)], deadline=15, time=2014-03-19 14:25:04.885, clock=0]
agent notification: Obligation [subject=ra1, obligation=[group_action(surround(10, 10))], sanction=[sanction_group(g, 1000)], deadline=15, time=2014-03-19 14:25:04.859, clock=0]
Event sent to agent      ra1 obligation([group_action('surround(10', 10)], 15, [sanction_group(g, 1000)])
agent notification: Obligation [subject=a2, obligation=[east(10, 10, a2)], sanction=[reduce(a2, _)], deadline=15, time=2014-03-19 14:25:04.876, clock=0]
Event sent to agent      a2 obligation([east(10, 10, a2)], 15, [reduce(a2, _)])
agent notification: Obligation [subject=a1, obligation=[west(10, 10, a1)], sanction=[reduce(a1, _)], deadline=15, time=2014-03-19 14:25:04.874, clock=0]
Event sent to agent      a1 obligation([west(10, 10, a1)], 15, [reduce(a1, _)])
agent notification: Obligation [subject=a3, obligation=[north(10, 10, a3)], sanction=[reduce(a3, _)], deadline=15, time=2014-03-19 14:25:04.881, clock=0]
Event sent to agent      a3 obligation([north(10, 10, a3)], 15, [reduce(a3, _)])
agent notification: Obligation [subject=a4, obligation=[south(10, 10, a4)], sanction=[reduce(a4, _)], deadline=15, time=2014-03-19 14:25:04.885, clock=0]
Event sent to agent      a4 obligation([south(10, 10, a4)], 15, [reduce(a4, _)])
Event processed adoptObligation(group_action('surround(10', 10), 15, sanction_group(g, 1000))
Event processed adoptObligation(west(10, 10, a1), 15, reduce(a1, _))
Event processed adoptObligation(north(10, 10, a3), 15, reduce(a3, _))
Event processed adoptObligation(south(10, 10, a4), 15, reduce(a4, _))
Event processed adoptObligation(east(10, 10, a2), 15, reduce(a2, _))
org notification: Position [subject=a1, id=null, cell=Cell [x=3, y=4], time=2014-03-19 14:25:05.134, clock=0]
org notified found Position [subject=a1, id=null, cell=Cell [x=3, y=4], time=2014-03-19 14:25:05.134, clock=0]
org notified sent position(a1,cell(3,4),0).
org notification: Position [subject=a2, id=null, cell=Cell [x=7, y=19], time=2014-03-19 14:25:05.169, clock=0]
org notified found Position [subject=a2, id=null, cell=Cell [x=7, y=19], time=2014-03-19 14:25:05.169, clock=0]
org notified sent position(a2,cell(7,19),0).
org notification: Coin [id=null, cell=Cell [x=16, y=16], subject=a2, time=2014-03-19 14:25:05.868, clock=0]
org notified found Coin [id=null, cell=Cell [x=16, y=16], subject=a2, time=2014-03-19 14:25:05.868, clock=0]
org notified sent coin(cell(16,16),0,a2).
org notification: Position [subject=t1, id=null, cell=Cell [x=18, y=19], time=2014-03-19 14:25:06.066, clock=0]
org notified found Position [subject=t1, id=null, cell=Cell [x=18, y=19], time=2014-03-19 14:25:06.066, clock=0]
org notified sent position(t1,cell(18,19),0).
org notification: Coin [id=null, cell=Cell [x=2, y=2], subject=a3, time=2014-03-19 14:25:06.69, clock=0]
org notified found Coin [id=null, cell=Cell [x=2, y=2], subject=a3, time=2014-03-19 14:25:06.69, clock=0]
org notified sent coin(cell(2,2),0,a3).
org notification: Position [subject=a1, id=null, cell=Cell [x=3, y=5], time=2014-03-19 14:25:06.694, clock=0]
org notified found Position [subject=a1, id=null, cell=Cell [x=3, y=5], time=2014-03-19 14:25:06.694, clock=0]
org notified sent position(a1,cell(3,5),0).
org notification: Position [subject=a3, id=null, cell=Cell [x=11, y=3], time=2014-03-19 14:25:06.715, clock=0]
org notified found Position [subject=a3, id=null, cell=Cell [x=11, y=3], time=2014-03-19 14:25:06.715, clock=0]
org notified sent position(a3,cell(11,3),0).
org notification: Position [subject=a2, id=null, cell=Cell [x=8, y=19], time=2014-03-19 14:25:06.752, clock=0]
org notified found Position [subject=a2, id=null, cell=Cell [x=8, y=19], time=2014-03-19 14:25:06.752, clock=0]
org notified sent position(a2,cell(8,19),0).
org notification: Position [subject=t1, id=null, cell=Cell [x=17, y=19], time=2014-03-19 14:25:06.898, clock=0]
org notified found Position [subject=t1, id=null, cell=Cell [x=17, y=19], time=2014-03-19 14:25:06.898, clock=0]
org notified sent position(t1,cell(17,19),0).
org notification: Position [subject=a1, id=null, cell=Cell [x=3, y=6], time=2014-03-19 14:25:07.535, clock=0]
org notification: Position [subject=a3, id=null, cell=Cell [x=11, y=4], time=2014-03-19 14:25:07.539, clock=0]
org notified found Position [subject=a1, id=null, cell=Cell [x=3, y=6], time=2014-03-19 14:25:07.535, clock=0]
org notified found Position [subject=a3, id=null, cell=Cell [x=11, y=4], time=2014-03-19 14:25:07.539, clock=0]
org notified sent position(a3,cell(11,4),0).
org notified sent position(a1,cell(3,6),0).
Error while procession organization notification
java.lang.ArrayIndexOutOfBoundsException: -1
	at aplprolog.Parsing.IntPrologTokenManager.jjMoveNfa_0(IntPrologTokenManager.java:534)
	at aplprolog.Parsing.IntPrologTokenManager.jjMoveStringLiteralDfa0_0(IntPrologTokenManager.java:131)
	at aplprolog.Parsing.IntPrologTokenManager.getNextToken(IntPrologTokenManager.java:1042)
	at aplprolog.Parsing.IntProlog.jj_ntk(IntProlog.java:1333)
	at aplprolog.Parsing.IntProlog.Rule(IntProlog.java:244)
	at aplprolog.Parsing.IntProlog.parseFact(IntProlog.java:80)
	at geoSenseMW.EnvGeoSense.notifyOrg(EnvGeoSense.java:655)
	at geoSenseMW.OrgHandler.notify(OrgHandler.java:31)
	at com.j_spaces.core.client.NotifyDelegator.notify(NotifyDelegator.java:142)
	at com.gigaspaces.events.fifo.BlockedOrderedQueue$NotifyFifoTask.dequeueAndTrigger(BlockedOrderedQueue.java:319)
	at com.gigaspaces.events.fifo.BlockedOrderedQueue$NotifyFifoTask.run(BlockedOrderedQueue.java:290)
	at com.gigaspaces.internal.utils.concurrent.RunnableContextClassLoaderDecorator.run(RunnableContextClassLoaderDecorator.java:40)
	at java.util.concurrent.ThreadPoolExecutor$Worker.runTask(ThreadPoolExecutor.java:895)
	at java.util.concurrent.ThreadPoolExecutor$Worker.run(ThreadPoolExecutor.java:918)
	at java.lang.Thread.run(Thread.java:695)
aplprolog.Parsing.ParseException: Encountered " <STD_IDENTIFIER> "osition "" at line 1, column 2.
Was expecting one of:
    "(" ...
    "." ...
    ":-" ...
    
Error while procession organization notification
java.lang.NullPointerException
	at oopl.DistributedOOPL.handleEvent(DistributedOOPL.java:49)
	at geoSenseMW.EnvGeoSense.notifyOrg(EnvGeoSense.java:655)
	at geoSenseMW.OrgHandler.notify(OrgHandler.java:31)
	at com.j_spaces.core.client.NotifyDelegator.notify(NotifyDelegator.java:142)
	at com.gigaspaces.events.fifo.BlockedOrderedQueue$NotifyFifoTask.dequeueAndTrigger(BlockedOrderedQueue.java:319)
	at com.gigaspaces.events.fifo.BlockedOrderedQueue$NotifyFifoTask.run(BlockedOrderedQueue.java:290)
	at com.gigaspaces.internal.utils.concurrent.RunnableContextClassLoaderDecorator.run(RunnableContextClassLoaderDecorator.java:40)
	at java.util.concurrent.ThreadPoolExecutor$Worker.runTask(ThreadPoolExecutor.java:895)
	at java.util.concurrent.ThreadPoolExecutor$Worker.run(ThreadPoolExecutor.java:918)
	at java.lang.Thread.run(Thread.java:695)
org notification: Position [subject=a2, id=null, cell=Cell [x=9, y=19], time=2014-03-19 14:25:07.58, clock=0]
org notified found Position [subject=a2, id=null, cell=Cell [x=9, y=19], time=2014-03-19 14:25:07.58, clock=0]
org notified sent position(a2,cell(9,19),0).
org notification: Position [subject=t1, id=null, cell=Cell [x=16, y=19], time=2014-03-19 14:25:07.667, clock=0]
org notification: Position [subject=a1, id=null, cell=Cell [x=3, y=7], time=2014-03-19 14:25:08.279, clock=0]
org notified found Position [subject=t1, id=null, cell=Cell [x=16, y=19], time=2014-03-19 14:25:07.667, clock=0]
org notified found Position [subject=a1, id=null, cell=Cell [x=3, y=7], time=2014-03-19 14:25:08.279, clock=0]
org notified sent position(t1,cell(16,19),0).
org notified sent position(a1,cell(3,7),0).
Error while procession organization notification
java.lang.ArrayIndexOutOfBoundsException: -1
	at aplprolog.Parsing.SimpleCharStream.getEndLine(SimpleCharStream.java:231)
	at aplprolog.Parsing.IntPrologTokenManager.jjFillToken(IntPrologTokenManager.java:986)
	at aplprolog.Parsing.IntPrologTokenManager.getNextToken(IntPrologTokenManager.java:1087)
	at aplprolog.Parsing.IntProlog.jj_ntk(IntProlog.java:1333)
	at aplprolog.Parsing.IntProlog.Rule(IntProlog.java:244)
	at aplprolog.Parsing.IntProlog.parseFact(IntProlog.java:80)
	at geoSenseMW.EnvGeoSense.notifyOrg(EnvGeoSense.java:655)
	at geoSenseMW.OrgHandler.notify(OrgHandler.java:31)
	at com.j_spaces.core.client.NotifyDelegator.notify(NotifyDelegator.java:142)
	at com.gigaspaces.events.fifo.BlockedOrderedQueue$NotifyFifoTask.dequeueAndTrigger(BlockedOrderedQueue.java:319)
	at com.gigaspaces.events.fifo.BlockedOrderedQueue$NotifyFifoTask.run(BlockedOrderedQueue.java:290)
	at com.gigaspaces.internal.utils.concurrent.RunnableContextClassLoaderDecorator.run(RunnableContextClassLoaderDecorator.java:40)
	at java.util.concurrent.ThreadPoolExecutor$Worker.runTask(ThreadPoolExecutor.java:895)
	at java.util.concurrent.ThreadPoolExecutor$Worker.run(ThreadPoolExecutor.java:918)
	at java.lang.Thread.run(Thread.java:695)
org notification: Position [subject=a3, id=null, cell=Cell [x=11, y=5], time=2014-03-19 14:25:08.297, clock=0]
org notification: Position [subject=a2, id=null, cell=Cell [x=10, y=19], time=2014-03-19 14:25:08.333, clock=0]
org notified found Position [subject=a3, id=null, cell=Cell [x=11, y=5], time=2014-03-19 14:25:08.297, clock=0]
org notified found Position [subject=a2, id=null, cell=Cell [x=10, y=19], time=2014-03-19 14:25:08.333, clock=0]
org notified sent position(a3,cell(11,5),0).
org notified sent position(a2,cell(10,19),0).
Error while procession organization notification
java.lang.ArrayIndexOutOfBoundsException: -1
	at aplprolog.Parsing.SimpleCharStream.getEndLine(SimpleCharStream.java:231)
	at aplprolog.Parsing.IntPrologTokenManager.jjFillToken(IntPrologTokenManager.java:986)
	at aplprolog.Parsing.IntPrologTokenManager.getNextToken(IntPrologTokenManager.java:1087)
	at aplprolog.Parsing.IntProlog.jj_ntk(IntProlog.java:1333)
	at aplprolog.Parsing.IntProlog.PosLiteral(IntProlog.java:315)
	at aplprolog.Parsing.IntProlog.Rule(IntProlog.java:250)
	at aplprolog.Parsing.IntProlog.parseFact(IntProlog.java:80)
	at geoSenseMW.EnvGeoSense.notifyOrg(EnvGeoSense.java:655)
	at geoSenseMW.OrgHandler.notify(OrgHandler.java:31)
	at com.j_spaces.core.client.NotifyDelegator.notify(NotifyDelegator.java:142)
	at com.gigaspaces.events.fifo.BlockedOrderedQueue$NotifyFifoTask.dequeueAndTrigger(BlockedOrderedQueue.java:319)
	at com.gigaspaces.events.fifo.BlockedOrderedQueue$NotifyFifoTask.run(BlockedOrderedQueue.java:290)
	at com.gigaspaces.internal.utils.concurrent.RunnableContextClassLoaderDecorator.run(RunnableContextClassLoaderDecorator.java:40)
	at java.util.concurrent.ThreadPoolExecutor$Worker.runTask(ThreadPoolExecutor.java:895)
	at java.util.concurrent.ThreadPoolExecutor$Worker.run(ThreadPoolExecutor.java:918)
	at java.lang.Thread.run(Thread.java:695)
org notification: Position [subject=t1, id=null, cell=Cell [x=15, y=19], time=2014-03-19 14:25:08.404, clock=0]
org notified found Position [subject=t1, id=null, cell=Cell [x=15, y=19], time=2014-03-19 14:25:08.404, clock=0]
org notification: Position [subject=a1, id=null, cell=Cell [x=3, y=8], time=2014-03-19 14:25:09.044, clock=0]
org notified sent position(t1,cell(15,19),0).
org notified found Position [subject=a1, id=null, cell=Cell [x=3, y=8], time=2014-03-19 14:25:09.044, clock=0]
org notified sent position(a1,cell(3,8),0).
Error while procession organization notification
java.lang.ArrayIndexOutOfBoundsException: 4097
	at aplprolog.Parsing.SimpleCharStream.readChar(SimpleCharStream.java:198)
	at aplprolog.Parsing.SimpleCharStream.BeginToken(SimpleCharStream.java:136)
	at aplprolog.Parsing.IntPrologTokenManager.getNextToken(IntPrologTokenManager.java:1017)
	at aplprolog.Parsing.IntProlog.jj_ntk(IntProlog.java:1333)
	at aplprolog.Parsing.IntProlog.Rule(IntProlog.java:244)
	at aplprolog.Parsing.IntProlog.parseFact(IntProlog.java:80)
	at geoSenseMW.EnvGeoSense.notifyOrg(EnvGeoSense.java:655)
	at geoSenseMW.OrgHandler.notify(OrgHandler.java:31)
	at com.j_spaces.core.client.NotifyDelegator.notify(NotifyDelegator.java:142)
	at com.gigaspaces.events.fifo.BlockedOrderedQueue$NotifyFifoTask.dequeueAndTrigger(BlockedOrderedQueue.java:319)
	at com.gigaspaces.events.fifo.BlockedOrderedQueue$NotifyFifoTask.run(BlockedOrderedQueue.java:290)
	at com.gigaspaces.internal.utils.concurrent.RunnableContextClassLoaderDecorator.run(RunnableContextClassLoaderDecorator.java:40)
	at java.util.concurrent.ThreadPoolExecutor$Worker.runTask(ThreadPoolExecutor.java:895)
	at java.util.concurrent.ThreadPoolExecutor$Worker.run(ThreadPoolExecutor.java:918)
	at java.lang.Thread.run(Thread.java:695)
Error while procession organization notification
java.lang.ArrayIndexOutOfBoundsException: 4096
	at aplprolog.Parsing.SimpleCharStream.getBeginLine(SimpleCharStream.java:241)
	at aplprolog.Parsing.IntPrologTokenManager.jjFillToken(IntPrologTokenManager.java:984)
	at aplprolog.Parsing.IntPrologTokenManager.getNextToken(IntPrologTokenManager.java:1022)
	at aplprolog.Parsing.IntProlog.jj_scan_token(IntProlog.java:1294)
	at aplprolog.Parsing.IntProlog.jj_3R_16(IntProlog.java:734)
	at aplprolog.Parsing.IntProlog.jj_3R_6(IntProlog.java:786)
	at aplprolog.Parsing.IntProlog.jj_3R_5(IntProlog.java:810)
	at aplprolog.Parsing.IntProlog.jj_3R_24(IntProlog.java:776)
	at aplprolog.Parsing.IntProlog.jj_3R_15(IntProlog.java:747)
	at aplprolog.Parsing.IntProlog.jj_3R_40(IntProlog.java:1145)
	at aplprolog.Parsing.IntProlog.jj_3R_38(IntProlog.java:796)
	at aplprolog.Parsing.IntProlog.jj_3R_33(IntProlog.java:990)
	at aplprolog.Parsing.IntProlog.jj_3R_17(IntProlog.java:1037)
	at aplprolog.Parsing.IntProlog.jj_3R_7(IntProlog.java:1139)
	at aplprolog.Parsing.IntProlog.jj_3R_5(IntProlog.java:812)
	at aplprolog.Parsing.IntProlog.jj_3_2(IntProlog.java:1150)
	at aplprolog.Parsing.IntProlog.jj_2_2(IntProlog.java:723)
	at aplprolog.Parsing.IntProlog.Argument(IntProlog.java:381)
	at aplprolog.Parsing.IntProlog.Arguments(IntProlog.java:372)
	at aplprolog.Parsing.IntProlog.PosLiteral(IntProlog.java:317)
	at aplprolog.Parsing.IntProlog.Rule(IntProlog.java:250)
	at aplprolog.Parsing.IntProlog.parseFact(IntProlog.java:80)
	at geoSenseMW.EnvGeoSense.notifyOrg(EnvGeoSense.java:655)
	at geoSenseMW.OrgHandler.notify(OrgHandler.java:31)
	at com.j_spaces.core.client.NotifyDelegator.notify(NotifyDelegator.java:142)
	at com.gigaspaces.events.fifo.BlockedOrderedQueue$NotifyFifoTask.dequeueAndTrigger(BlockedOrderedQueue.java:319)
	at com.gigaspaces.events.fifo.BlockedOrderedQueue$NotifyFifoTask.run(BlockedOrderedQueue.java:290)
	at com.gigaspaces.internal.utils.concurrent.RunnableContextClassLoaderDecorator.run(RunnableContextClassLoaderDecorator.java:40)
	at java.util.concurrent.ThreadPoolExecutor$Worker.runTask(ThreadPoolExecutor.java:895)
	at java.util.concurrent.ThreadPoolExecutor$Worker.run(ThreadPoolExecutor.java:918)
	at java.lang.Thread.run(Thread.java:695)
org notification: Position [subject=a2, id=null, cell=Cell [x=11, y=19], time=2014-03-19 14:25:09.102, clock=0]
org notification: Position [subject=a3, id=null, cell=Cell [x=11, y=6], time=2014-03-19 14:25:09.066, clock=0]
org notified found Position [subject=a2, id=null, cell=Cell [x=11, y=19], time=2014-03-19 14:25:09.102, clock=0]
org notified sent position(a2,cell(11,19),0).
org notification: Position [subject=t1, id=null, cell=Cell [x=14, y=19], time=2014-03-19 14:25:09.17, clock=0]
org notified found Position [subject=t1, id=null, cell=Cell [x=14, y=19], time=2014-03-19 14:25:09.17, clock=0]
org notified sent position(t1,cell(14,19),0).
org notified found Position [subject=a3, id=null, cell=Cell [x=11, y=6], time=2014-03-19 14:25:09.066, clock=0]
org notified sent position(a3,cell(11,6),0).
Error while procession organization notification
java.lang.NullPointerException
	at aplprolog.Parsing.IntProlog.jj_scan_token(IntProlog.java:1306)
	at aplprolog.Parsing.IntProlog.jj_3R_19(IntProlog.java:1069)
	at aplprolog.Parsing.IntProlog.jj_3R_9(IntProlog.java:1077)
	at aplprolog.Parsing.IntProlog.jj_3R_5(IntProlog.java:816)
	at aplprolog.Parsing.IntProlog.jj_3R_24(IntProlog.java:776)
	at aplprolog.Parsing.IntProlog.jj_3R_15(IntProlog.java:747)
	at aplprolog.Parsing.IntProlog.jj_3R_40(IntProlog.java:1145)
	at aplprolog.Parsing.IntProlog.jj_3R_38(IntProlog.java:796)
	at aplprolog.Parsing.IntProlog.jj_3R_33(IntProlog.java:990)
	at aplprolog.Parsing.IntProlog.jj_3R_17(IntProlog.java:1037)
	at aplprolog.Parsing.IntProlog.jj_3R_7(IntProlog.java:1139)
	at aplprolog.Parsing.IntProlog.jj_3R_5(IntProlog.java:812)
	at aplprolog.Parsing.IntProlog.jj_3_2(IntProlog.java:1150)
	at aplprolog.Parsing.IntProlog.jj_rescan_token(IntProlog.java:1427)
	at aplprolog.Parsing.IntProlog.generateParseException(IntProlog.java:1400)
	at aplprolog.Parsing.IntProlog.jj_consume_token(IntProlog.java:1285)
	at aplprolog.Parsing.IntProlog.Rule(IntProlog.java:281)
	at aplprolog.Parsing.IntProlog.parseFact(IntProlog.java:80)
	at geoSenseMW.EnvGeoSense.notifyOrg(EnvGeoSense.java:655)
	at geoSenseMW.OrgHandler.notify(OrgHandler.java:31)
	at com.j_spaces.core.client.NotifyDelegator.notify(NotifyDelegator.java:142)
	at com.gigaspaces.events.fifo.BlockedOrderedQueue$NotifyFifoTask.dequeueAndTrigger(BlockedOrderedQueue.java:319)
	at com.gigaspaces.events.fifo.BlockedOrderedQueue$NotifyFifoTask.run(BlockedOrderedQueue.java:290)
	at com.gigaspaces.internal.utils.concurrent.RunnableContextClassLoaderDecorator.run(RunnableContextClassLoaderDecorator.java:40)
	at java.util.concurrent.ThreadPoolExecutor$Worker.runTask(ThreadPoolExecutor.java:895)
	at java.util.concurrent.ThreadPoolExecutor$Worker.run(ThreadPoolExecutor.java:918)
	at java.lang.Thread.run(Thread.java:695)
aplprolog.Parsing.ParseException: Encountered "<EOF>" at line 1, column 26.
Was expecting one of:
    <INTEGER_LITERAL> ...
    <FLOATING_POINT_LITERAL> ...
    <CHARACTER_LITERAL> ...
    <STD_IDENTIFIER> ...
    <VAR_IDENTIFIER> ...
    "(" ...
    "[" ...
    ";" ...
    "!" ...
    "-" ...
    "->" ...
    "\\+" ...
    "|" ...
    "-" ...
    <STD_IDENTIFIER> ...
    <CHARACTER_LITERAL> ...
    "->" ...
    ";" ...
    "|" ...
    "\\+" ...
    <INTEGER_LITERAL> ...
    <FLOATING_POINT_LITERAL> ...
    <VAR_IDENTIFIER> ...
    "!" ...
    "(" ...
    "[" ...
    
org notification: Position [subject=a1, id=null, cell=Cell [x=3, y=9], time=2014-03-19 14:25:09.809, clock=0]
Error while procession organization notification
java.lang.NullPointerException
	at oopl.DistributedOOPL.handleEvent(DistributedOOPL.java:49)
	at geoSenseMW.EnvGeoSense.notifyOrg(EnvGeoSense.java:655)
	at geoSenseMW.OrgHandler.notify(OrgHandler.java:31)
	at com.j_spaces.core.client.NotifyDelegator.notify(NotifyDelegator.java:142)
	at com.gigaspaces.events.fifo.BlockedOrderedQueue$NotifyFifoTask.dequeueAndTrigger(BlockedOrderedQueue.java:319)
	at com.gigaspaces.events.fifo.BlockedOrderedQueue$NotifyFifoTask.run(BlockedOrderedQueue.java:290)
	at com.gigaspaces.internal.utils.concurrent.RunnableContextClassLoaderDecorator.run(RunnableContextClassLoaderDecorator.java:40)
	at java.util.concurrent.ThreadPoolExecutor$Worker.runTask(ThreadPoolExecutor.java:895)
	at java.util.concurrent.ThreadPoolExecutor$Worker.run(ThreadPoolExecutor.java:918)
	at java.lang.Thread.run(Thread.java:695)
org notified found Position [subject=a1, id=null, cell=Cell [x=3, y=9], time=2014-03-19 14:25:09.809, clock=0]
org notified sent position(a1,cell(3,9),0).
org notification: Position [subject=a3, id=null, cell=Cell [x=11, y=7], time=2014-03-19 14:25:09.835, clock=0]
org notified found Position [subject=a3, id=null, cell=Cell [x=11, y=7], time=2014-03-19 14:25:09.835, clock=0]
org notified sent position(a3,cell(11,7),0).
org notification: Position [subject=t1, id=null, cell=Cell [x=13, y=19], time=2014-03-19 14:25:09.941, clock=0]
org notified found Position [subject=t1, id=null, cell=Cell [x=13, y=19], time=2014-03-19 14:25:09.941, clock=0]
org notified sent position(t1,cell(13,19),0).
org notification: Position [subject=a2, id=null, cell=Cell [x=11, y=18], time=2014-03-19 14:25:09.884, clock=0]
org notified found Position [subject=a2, id=null, cell=Cell [x=11, y=18], time=2014-03-19 14:25:09.884, clock=0]
org notified sent position(a2,cell(11,18),0).
org notification: Position [subject=a1, id=null, cell=Cell [x=3, y=10], time=2014-03-19 14:25:10.531, clock=0]
org notified found Position [subject=a1, id=null, cell=Cell [x=3, y=10], time=2014-03-19 14:25:10.531, clock=0]
org notified sent position(a1,cell(3,10),0).
org notification: Position [subject=a3, id=null, cell=Cell [x=11, y=8], time=2014-03-19 14:25:10.553, clock=0]
org notified found Position [subject=a3, id=null, cell=Cell [x=11, y=8], time=2014-03-19 14:25:10.553, clock=0]
org notified sent position(a3,cell(11,8),0).
org notification: Position [subject=t1, id=null, cell=Cell [x=12, y=19], time=2014-03-19 14:25:10.659, clock=0]
org notified found Position [subject=t1, id=null, cell=Cell [x=12, y=19], time=2014-03-19 14:25:10.659, clock=0]
org notified sent position(t1,cell(12,19),0).
org notification: Position [subject=a1, id=null, cell=Cell [x=4, y=10], time=2014-03-19 14:25:11.236, clock=0]
org notified found Position [subject=a1, id=null, cell=Cell [x=4, y=10], time=2014-03-19 14:25:11.236, clock=0]
org notified sent position(a1,cell(4,10),0).
org notification: Position [subject=a2, id=null, cell=Cell [x=11, y=17], time=2014-03-19 14:25:10.599, clock=0]
org notified found Position [subject=a2, id=null, cell=Cell [x=11, y=17], time=2014-03-19 14:25:10.599, clock=0]
org notified sent position(a2,cell(11,17),0).
org notification: Position [subject=a3, id=null, cell=Cell [x=11, y=9], time=2014-03-19 14:25:11.253, clock=0]
org notified found Position [subject=a3, id=null, cell=Cell [x=11, y=9], time=2014-03-19 14:25:11.253, clock=0]
org notified sent position(a3,cell(11,9),0).
org notification: Position [subject=a2, id=null, cell=Cell [x=11, y=16], time=2014-03-19 14:25:11.294, clock=0]
org notified found Position [subject=a2, id=null, cell=Cell [x=11, y=16], time=2014-03-19 14:25:11.294, clock=0]
org notified sent position(a2,cell(11,16),0).
org notification: Position [subject=a1, id=null, cell=Cell [x=5, y=10], time=2014-03-19 14:25:11.959, clock=0]
org notified found Position [subject=a1, id=null, cell=Cell [x=5, y=10], time=2014-03-19 14:25:11.959, clock=0]
org notified sent position(a1,cell(5,10),0).
org notification: Position [subject=a3, id=null, cell=Cell [x=11, y=10], time=2014-03-19 14:25:11.98, clock=0]
org notified found Position [subject=a3, id=null, cell=Cell [x=11, y=10], time=2014-03-19 14:25:11.98, clock=0]
org notified sent position(a3,cell(11,10),0).
org notification: Position [subject=a2, id=null, cell=Cell [x=11, y=15], time=2014-03-19 14:25:12.014, clock=0]
org notified found Position [subject=a2, id=null, cell=Cell [x=11, y=15], time=2014-03-19 14:25:12.014, clock=0]
org notified sent position(a2,cell(11,15),0).
org notification: Position [subject=a1, id=null, cell=Cell [x=6, y=10], time=2014-03-19 14:25:12.652, clock=0]
org notified found Position [subject=a1, id=null, cell=Cell [x=6, y=10], time=2014-03-19 14:25:12.652, clock=0]
org notified sent position(a1,cell(6,10),0).
org notification: Position [subject=a3, id=null, cell=Cell [x=11, y=11], time=2014-03-19 14:25:12.672, clock=0]
org notified found Position [subject=a3, id=null, cell=Cell [x=11, y=11], time=2014-03-19 14:25:12.672, clock=0]
org notified sent position(a3,cell(11,11),0).
org notification: Position [subject=a3, id=null, cell=Cell [x=10, y=11], time=2014-03-19 14:25:13.377, clock=0]
org notified found Position [subject=a3, id=null, cell=Cell [x=10, y=11], time=2014-03-19 14:25:13.377, clock=0]
org notified sent position(a3,cell(10,11),0).
org notification: Position [subject=a2, id=null, cell=Cell [x=11, y=14], time=2014-03-19 14:25:12.705, clock=0]
org notified found Position [subject=a2, id=null, cell=Cell [x=11, y=14], time=2014-03-19 14:25:12.705, clock=0]
org notified sent position(a2,cell(11,14),0).
org notification: Position [subject=a2, id=null, cell=Cell [x=11, y=13], time=2014-03-19 14:25:13.415, clock=0]
org notified found Position [subject=a2, id=null, cell=Cell [x=11, y=13], time=2014-03-19 14:25:13.415, clock=0]
org notified sent position(a2,cell(11,13),0).
org notification: Position [subject=a1, id=null, cell=Cell [x=7, y=10], time=2014-03-19 14:25:13.356, clock=0]
org notified found Position [subject=a1, id=null, cell=Cell [x=7, y=10], time=2014-03-19 14:25:13.356, clock=0]
org notified sent position(a1,cell(7,10),0).
org notification: Position [subject=a1, id=null, cell=Cell [x=8, y=10], time=2014-03-19 14:25:14.054, clock=0]
org notified found Position [subject=a1, id=null, cell=Cell [x=8, y=10], time=2014-03-19 14:25:14.054, clock=0]
org notified sent position(a1,cell(8,10),0).
org notification: Position [subject=t1, id=null, cell=Cell [x=11, y=19], time=2014-03-19 14:25:11.335, clock=0]
org notified found Position [subject=t1, id=null, cell=Cell [x=11, y=19], time=2014-03-19 14:25:11.335, clock=0]
org notified sent position(t1,cell(11,19),0).
org notification: Position [subject=a1, id=null, cell=Cell [x=9, y=10], time=2014-03-19 14:25:14.745, clock=0]
org notified found Position [subject=a1, id=null, cell=Cell [x=9, y=10], time=2014-03-19 14:25:14.745, clock=0]
org notified sent position(a1,cell(9,10),0).
org notification: Position [subject=a2, id=null, cell=Cell [x=11, y=12], time=2014-03-19 14:25:14.118, clock=0]
org notified found Position [subject=a2, id=null, cell=Cell [x=11, y=12], time=2014-03-19 14:25:14.118, clock=0]
org notified sent position(a2,cell(11,12),0).
org notification: Position [subject=t1, id=null, cell=Cell [x=10, y=19], time=2014-03-19 14:25:12.059, clock=0]
org notified found Position [subject=t1, id=null, cell=Cell [x=10, y=19], time=2014-03-19 14:25:12.059, clock=0]
org notified sent position(t1,cell(10,19),0).
org notification: Position [subject=t1, id=null, cell=Cell [x=9, y=19], time=2014-03-19 14:25:12.759, clock=0]
org notified found Position [subject=t1, id=null, cell=Cell [x=9, y=19], time=2014-03-19 14:25:12.759, clock=0]
org notified sent position(t1,cell(9,19),0).
org notification: Position [subject=a2, id=null, cell=Cell [x=11, y=11], time=2014-03-19 14:25:14.794, clock=0]
org notified found Position [subject=a2, id=null, cell=Cell [x=11, y=11], time=2014-03-19 14:25:14.794, clock=0]
org notified sent position(a2,cell(11,11),0).
org notification: Position [subject=t1, id=null, cell=Cell [x=8, y=19], time=2014-03-19 14:25:13.461, clock=0]
org notified found Position [subject=t1, id=null, cell=Cell [x=8, y=19], time=2014-03-19 14:25:13.461, clock=0]
org notified sent position(t1,cell(8,19),0).
org notification: Position [subject=a2, id=null, cell=Cell [x=11, y=10], time=2014-03-19 14:25:15.472, clock=0]
org notified found Position [subject=a2, id=null, cell=Cell [x=11, y=10], time=2014-03-19 14:25:15.472, clock=0]
org notified sent position(a2,cell(11,10),0).
org notification: Position [subject=t1, id=null, cell=Cell [x=7, y=19], time=2014-03-19 14:25:14.159, clock=0]
org notified found Position [subject=t1, id=null, cell=Cell [x=7, y=19], time=2014-03-19 14:25:14.159, clock=0]
org notified sent position(t1,cell(7,19),0).
org notification: Position [subject=t1, id=null, cell=Cell [x=6, y=19], time=2014-03-19 14:25:14.843, clock=0]
org notified found Position [subject=t1, id=null, cell=Cell [x=6, y=19], time=2014-03-19 14:25:14.843, clock=0]
org notified sent position(t1,cell(6,19),0).
org notification: Position [subject=t1, id=null, cell=Cell [x=5, y=19], time=2014-03-19 14:25:15.517, clock=0]
org notified found Position [subject=t1, id=null, cell=Cell [x=5, y=19], time=2014-03-19 14:25:15.517, clock=0]
org notified sent position(t1,cell(5,19),0).
org notification: Position [subject=t1, id=null, cell=Cell [x=4, y=19], time=2014-03-19 14:25:16.22, clock=0]
org notified found Position [subject=t1, id=null, cell=Cell [x=4, y=19], time=2014-03-19 14:25:16.22, clock=0]
org notified sent position(t1,cell(4,19),0).
org notification: Position [subject=t1, id=null, cell=Cell [x=3, y=19], time=2014-03-19 14:25:16.903, clock=0]
org notified found Position [subject=t1, id=null, cell=Cell [x=3, y=19], time=2014-03-19 14:25:16.903, clock=0]
org notified sent position(t1,cell(3,19),0).
org notification: Position [subject=t1, id=null, cell=Cell [x=2, y=19], time=2014-03-19 14:25:17.605, clock=0]
org notified found Position [subject=t1, id=null, cell=Cell [x=2, y=19], time=2014-03-19 14:25:17.605, clock=0]
org notified sent position(t1,cell(2,19),0).
org notification: Position [subject=t1, id=null, cell=Cell [x=2, y=18], time=2014-03-19 14:25:18.314, clock=0]
org notified found Position [subject=t1, id=null, cell=Cell [x=2, y=18], time=2014-03-19 14:25:18.314, clock=0]
org notified sent position(t1,cell(2,18),0).
org notification: Position [subject=t1, id=null, cell=Cell [x=2, y=17], time=2014-03-19 14:25:18.993, clock=0]
org notified found Position [subject=t1, id=null, cell=Cell [x=2, y=17], time=2014-03-19 14:25:18.993, clock=0]
org notified sent position(t1,cell(2,17),0).
org notification: Position [subject=t1, id=null, cell=Cell [x=2, y=16], time=2014-03-19 14:25:19.757, clock=0]
org notified found Position [subject=t1, id=null, cell=Cell [x=2, y=16], time=2014-03-19 14:25:19.757, clock=0]
org notified sent position(t1,cell(2,16),0).
org notification: Position [subject=t1, id=null, cell=Cell [x=2, y=15], time=2014-03-19 14:25:20.439, clock=0]
org notified found Position [subject=t1, id=null, cell=Cell [x=2, y=15], time=2014-03-19 14:25:20.439, clock=0]
org notified sent position(t1,cell(2,15),0).
org notification: Position [subject=t1, id=null, cell=Cell [x=2, y=14], time=2014-03-19 14:25:21.105, clock=0]
org notified found Position [subject=t1, id=null, cell=Cell [x=2, y=14], time=2014-03-19 14:25:21.105, clock=0]
org notified sent position(t1,cell(2,14),0).
org notification: Position [subject=t1, id=null, cell=Cell [x=2, y=13], time=2014-03-19 14:25:21.778, clock=0]
org notified found Position [subject=t1, id=null, cell=Cell [x=2, y=13], time=2014-03-19 14:25:21.778, clock=0]
org notified sent position(t1,cell(2,13),0).
org notification: Position [subject=t1, id=null, cell=Cell [x=2, y=12], time=2014-03-19 14:25:22.446, clock=0]
org notified found Position [subject=t1, id=null, cell=Cell [x=2, y=12], time=2014-03-19 14:25:22.446, clock=0]
org notified sent position(t1,cell(2,12),0).
org notification: Position [subject=t1, id=null, cell=Cell [x=2, y=11], time=2014-03-19 14:25:23.13, clock=0]
org notified found Position [subject=t1, id=null, cell=Cell [x=2, y=11], time=2014-03-19 14:25:23.13, clock=0]
org notified sent position(t1,cell(2,11),0).
org notification: Position [subject=t1, id=null, cell=Cell [x=2, y=10], time=2014-03-19 14:25:23.8, clock=0]
org notified found Position [subject=t1, id=null, cell=Cell [x=2, y=10], time=2014-03-19 14:25:23.8, clock=0]
org notified sent position(t1,cell(2,10),0).
org notification: Position [subject=t1, id=null, cell=Cell [x=2, y=9], time=2014-03-19 14:25:24.466, clock=0]
org notified found Position [subject=t1, id=null, cell=Cell [x=2, y=9], time=2014-03-19 14:25:24.466, clock=0]
org notified sent position(t1,cell(2,9),0).
org notification: Position [subject=t1, id=null, cell=Cell [x=2, y=8], time=2014-03-19 14:25:25.137, clock=0]
org notified found Position [subject=t1, id=null, cell=Cell [x=2, y=8], time=2014-03-19 14:25:25.137, clock=0]
org notified sent position(t1,cell(2,8),0).
org notification: Position [subject=t1, id=null, cell=Cell [x=2, y=7], time=2014-03-19 14:25:25.816, clock=0]
org notified found Position [subject=t1, id=null, cell=Cell [x=2, y=7], time=2014-03-19 14:25:25.816, clock=0]
org notified sent position(t1,cell(2,7),0).
org notification: Position [subject=t1, id=null, cell=Cell [x=2, y=6], time=2014-03-19 14:25:26.496, clock=0]
org notified found Position [subject=t1, id=null, cell=Cell [x=2, y=6], time=2014-03-19 14:25:26.496, clock=0]
org notified sent position(t1,cell(2,6),0).
org notification: Position [subject=t1, id=null, cell=Cell [x=2, y=5], time=2014-03-19 14:25:27.175, clock=0]
org notified found Position [subject=t1, id=null, cell=Cell [x=2, y=5], time=2014-03-19 14:25:27.175, clock=0]
org notified sent position(t1,cell(2,5),0).
org notification: Position [subject=t1, id=null, cell=Cell [x=2, y=4], time=2014-03-19 14:25:27.855, clock=0]
org notified found Position [subject=t1, id=null, cell=Cell [x=2, y=4], time=2014-03-19 14:25:27.855, clock=0]
org notified sent position(t1,cell(2,4),0).
org notification: Position [subject=t1, id=null, cell=Cell [x=2, y=3], time=2014-03-19 14:25:28.525, clock=0]
org notified found Position [subject=t1, id=null, cell=Cell [x=2, y=3], time=2014-03-19 14:25:28.525, clock=0]
org notified sent position(t1,cell(2,3),0).
org notification: Position [subject=t1, id=null, cell=Cell [x=2, y=2], time=2014-03-19 14:25:29.222, clock=0]
org notified found Position [subject=t1, id=null, cell=Cell [x=2, y=2], time=2014-03-19 14:25:29.222, clock=0]
org notified sent position(t1,cell(2,2),0).
