2014-03-19 13:53:52,892 CONFIG [com.gigaspaces.logger] - Log file: /Users/dxd/gigaspaces-xap-premium-9.5.1-ga/logs/2014-03-19~13.53-gigaspaces-service-128.243.23.149-5254.log
-------------------------last log tuples start--------------------------------
Cargo [id=null, cell=Cell [x=19, y=19], time=2014-03-19 13:15:11.933, clock=0]
Coin [id=null, cell=Cell [x=2, y=2], subject=a3, time=2014-03-19 13:15:13.791, clock=0]
Position [subject=t1, id=null, cell=Cell [x=2, y=6], time=2014-03-19 13:15:31.934, clock=0]
Coin [id=null, cell=Cell [x=16, y=16], subject=a2, time=2014-03-19 13:15:12.973, clock=0]
Coin [id=null, cell=Cell [x=8, y=6], subject=a1, time=2014-03-19 13:15:11.949, clock=0]
Obligation [subject=group, obligation=[group_action(surround(_, _))], sanction=[sanction_group(group, _)], deadline=15, time=2014-03-19 13:15:11.958, clock=0]
Position [subject=t1, id=null, cell=Cell [x=2, y=13], time=2014-03-19 13:15:27.419, clock=0]
Obligation [subject=a3, obligation=[north(10, 10, a3)], sanction=[reduce(a3, _)], deadline=15, time=2014-03-19 13:15:11.982, clock=0]
Obligation [subject=a1, obligation=[west(10, 10, a1)], sanction=[reduce(a1, _)], deadline=15, time=2014-03-19 13:15:11.973, clock=0]
Obligation [subject=a2, obligation=[east(10, 10, a2)], sanction=[reduce(a2, _)], deadline=15, time=2014-03-19 13:15:11.977, clock=0]
ActionRequest [id=null, subject=a1, type=reading, cell=Cell [x=9, y=10], clock=0, time=2014-03-19 13:16:10.882]
Obligation [subject=a4, obligation=[south(10, 10, a4)], sanction=[reduce(a4, _)], deadline=15, time=2014-03-19 13:15:12.005, clock=0]
ActionRequest [id=null, subject=a2, type=reading, cell=Cell [x=11, y=10], clock=0, time=2014-03-19 13:16:09.303]
Position [subject=t1, id=null, cell=Cell [x=2, y=11], time=2014-03-19 13:15:28.726, clock=0]
ActionRequest [id=null, subject=a1, type=reading, cell=Cell [x=9, y=10], clock=0, time=2014-03-19 13:16:10.166]
ActionRequest [id=null, subject=a2, type=reading, cell=Cell [x=11, y=10], clock=0, time=2014-03-19 13:16:07.867]
Position [subject=t1, id=null, cell=Cell [x=9, y=19], time=2014-03-19 13:15:19.346, clock=0]
ActionRequest [id=null, subject=a4, type=reading, cell=Cell [x=10, y=9], clock=0, time=2014-03-19 13:16:07.883]
ActionRequest [id=null, subject=a3, type=reading, cell=Cell [x=10, y=11], clock=0, time=2014-03-19 13:16:11.935]
ActionRequest [id=null, subject=a3, type=reading, cell=Cell [x=10, y=11], clock=0, time=2014-03-19 13:16:12.644]
Position [subject=t1, id=null, cell=Cell [x=2, y=5], time=2014-03-19 13:15:32.583, clock=0]
ActionRequest [id=null, subject=a4, type=reading, cell=Cell [x=10, y=9], clock=0, time=2014-03-19 13:16:12.23]
ActionRequest [id=null, subject=a2, type=reading, cell=Cell [x=11, y=10], clock=0, time=2014-03-19 13:16:04.971]
ActionRequest [id=null, subject=a2, type=reading, cell=Cell [x=11, y=10], clock=0, time=2014-03-19 13:16:12.218]
ActionRequest [id=null, subject=a1, type=reading, cell=Cell [x=9, y=10], clock=0, time=2014-03-19 13:16:12.374]
ActionRequest [id=null, subject=a2, type=reading, cell=Cell [x=11, y=10], clock=0, time=2014-03-19 13:16:10.739]
ActionRequest [id=null, subject=a1, type=reading, cell=Cell [x=9, y=10], clock=0, time=2014-03-19 13:16:05.115]
Position [subject=t1, id=null, cell=Cell [x=2, y=9], time=2014-03-19 13:15:30.013, clock=0]
ActionRequest [id=null, subject=a1, type=reading, cell=Cell [x=9, y=10], clock=0, time=2014-03-19 13:16:11.622]
Position [subject=t1, id=null, cell=Cell [x=2, y=18], time=2014-03-19 13:15:24.115, clock=0]
Position [subject=t1, id=null, cell=Cell [x=2, y=7], time=2014-03-19 13:15:31.303, clock=0]
ActionRequest [id=null, subject=a4, type=reading, cell=Cell [x=10, y=9], clock=0, time=2014-03-19 13:16:02.142]
Position [subject=t1, id=null, cell=Cell [x=2, y=14], time=2014-03-19 13:15:26.762, clock=0]
ActionRequest [id=null, subject=a4, type=reading, cell=Cell [x=10, y=9], clock=0, time=2014-03-19 13:16:03.557]
ActionRequest [id=null, subject=a3, type=reading, cell=Cell [x=10, y=11], clock=0, time=2014-03-19 13:16:07.572]
ActionRequest [id=null, subject=a4, type=reading, cell=Cell [x=10, y=9], clock=0, time=2014-03-19 13:16:06.396]
ActionRequest [id=null, subject=a3, type=reading, cell=Cell [x=10, y=11], clock=0, time=2014-03-19 13:16:10.446]
ActionRequest [id=null, subject=a3, type=reading, cell=Cell [x=10, y=11], clock=0, time=2014-03-19 13:16:03.261]
ActionRequest [id=null, subject=a4, type=reading, cell=Cell [x=10, y=9], clock=0, time=2014-03-19 13:16:10.753]
ActionRequest [id=null, subject=a4, type=reading, cell=Cell [x=10, y=9], clock=0, time=2014-03-19 13:16:07.147]
ActionRequest [id=null, subject=a2, type=reading, cell=Cell [x=11, y=10], clock=0, time=2014-03-19 13:16:02.826]
ActionRequest [id=null, subject=a1, type=reading, cell=Cell [x=9, y=10], clock=0, time=2014-03-19 13:15:48.311]
Position [subject=ra1, id=null, cell=Cell [x=5, y=5], time=2014-03-19 13:15:15.149, clock=0]
Position [subject=a2, id=null, cell=Cell [x=11, y=11], time=2014-03-19 13:15:20.69, clock=0]
Position [subject=a2, id=null, cell=Cell [x=11, y=14], time=2014-03-19 13:15:19.338, clock=0]
Position [subject=t1, id=null, cell=Cell [x=2, y=2], time=2014-03-19 13:15:34.465, clock=0]
Position [subject=a4, id=null, cell=Cell [x=11, y=8], time=2014-03-19 13:15:18.002, clock=0]
ActionRequest [id=null, subject=a2, type=reading, cell=Cell [x=11, y=10], clock=0, time=2014-03-19 13:15:59.932]
ActionRequest [id=null, subject=a3, type=reading, cell=Cell [x=10, y=11], clock=0, time=2014-03-19 13:16:06.822]
Position [subject=a2, id=null, cell=Cell [x=11, y=18], time=2014-03-19 13:15:17.232, clock=0]
ActionRequest [id=null, subject=a2, type=reading, cell=Cell [x=11, y=10], clock=0, time=2014-03-19 13:16:10.022]
ActionRequest [id=null, subject=a2, type=reading, cell=Cell [x=11, y=10], clock=0, time=2014-03-19 13:16:05.695]
ActionRequest [id=null, subject=a1, type=reading, cell=Cell [x=9, y=10], clock=0, time=2014-03-19 13:16:00.833]
Position [subject=a2, id=null, cell=Cell [x=11, y=19], time=2014-03-19 13:15:16.468, clock=0]
ActionRequest [id=null, subject=a4, type=reading, cell=Cell [x=10, y=9], clock=0, time=2014-03-19 13:16:09.317]
ActionRequest [id=null, subject=a4, type=reading, cell=Cell [x=10, y=9], clock=0, time=2014-03-19 13:16:11.499]
ActionRequest [id=null, subject=a2, type=reading, cell=Cell [x=11, y=10], clock=0, time=2014-03-19 13:16:12.957]
ActionRequest [id=null, subject=a3, type=reading, cell=Cell [x=10, y=11], clock=0, time=2014-03-19 13:16:02.546]
Position [subject=t1, id=null, cell=Cell [x=2, y=12], time=2014-03-19 13:15:28.092, clock=0]
Position [subject=a1, id=null, cell=Cell [x=4, y=10], time=2014-03-19 13:15:18.448, clock=0]
ActionRequest [id=null, subject=a4, type=reading, cell=Cell [x=10, y=9], clock=0, time=2014-03-19 13:16:08.598]
ActionRequest [id=null, subject=a4, type=reading, cell=Cell [x=10, y=9], clock=0, time=2014-03-19 13:16:04.255]
ActionRequest [id=null, subject=a3, type=reading, cell=Cell [x=10, y=11], clock=0, time=2014-03-19 13:16:09.729]
ActionRequest [id=null, subject=a3, type=reading, cell=Cell [x=10, y=11], clock=0, time=2014-03-19 13:15:55.97]
ActionRequest [id=null, subject=a3, type=reading, cell=Cell [x=10, y=11], clock=0, time=2014-03-19 13:16:06.104]
ActionRequest [id=null, subject=a3, type=reading, cell=Cell [x=10, y=11], clock=0, time=2014-03-19 13:16:03.966]
Position [subject=a3, id=null, cell=Cell [x=11, y=9], time=2014-03-19 13:15:18.453, clock=0]
ActionRequest [id=null, subject=a1, type=reading, cell=Cell [x=9, y=10], clock=0, time=2014-03-19 13:16:09.45]
ActionRequest [id=null, subject=a1, type=reading, cell=Cell [x=9, y=10], clock=0, time=2014-03-19 13:16:02.975]
ActionRequest [id=null, subject=a2, type=reading, cell=Cell [x=11, y=10], clock=0, time=2014-03-19 13:16:11.487]
ActionRequest [id=null, subject=a3, type=reading, cell=Cell [x=10, y=11], clock=0, time=2014-03-19 13:16:04.656]
ActionRequest [id=null, subject=a3, type=reading, cell=Cell [x=10, y=11], clock=0, time=2014-03-19 13:16:11.178]
ActionRequest [id=null, subject=a3, type=reading, cell=Cell [x=10, y=11], clock=0, time=2014-03-19 13:15:52.252]
ActionRequest [id=null, subject=a3, type=reading, cell=Cell [x=10, y=11], clock=0, time=2014-03-19 13:15:58.926]
Position [subject=a2, id=null, cell=Cell [x=11, y=10], time=2014-03-19 13:15:21.263, clock=0]
ActionRequest [id=null, subject=a3, type=reading, cell=Cell [x=10, y=11], clock=0, time=2014-03-19 13:16:05.4]
ActionRequest [id=null, subject=a3, type=reading, cell=Cell [x=10, y=11], clock=0, time=2014-03-19 13:16:09.021]
ActionRequest [id=null, subject=a4, type=reading, cell=Cell [x=10, y=9], clock=0, time=2014-03-19 13:16:10.038]
ActionRequest [id=null, subject=a2, type=reading, cell=Cell [x=11, y=10], clock=0, time=2014-03-19 13:16:03.545]
ActionRequest [id=null, subject=a1, type=reading, cell=Cell [x=9, y=10], clock=0, time=2014-03-19 13:16:02.264]
Position [subject=t1, id=null, cell=Cell [x=2, y=8], time=2014-03-19 13:15:30.657, clock=0]
ActionRequest [id=null, subject=a2, type=reading, cell=Cell [x=11, y=10], clock=0, time=2014-03-19 13:16:07.13]
Position [subject=t1, id=null, cell=Cell [x=4, y=19], time=2014-03-19 13:15:22.097, clock=0]
ActionRequest [id=null, subject=a1, type=reading, cell=Cell [x=9, y=10], clock=0, time=2014-03-19 13:15:58.653]
ActionRequest [id=null, subject=a1, type=reading, cell=Cell [x=9, y=10], clock=0, time=2014-03-19 13:16:06.532]
ActionRequest [id=null, subject=a3, type=reading, cell=Cell [x=10, y=11], clock=0, time=2014-03-19 13:16:01.829]
ActionRequest [id=null, subject=a2, type=reading, cell=Cell [x=11, y=10], clock=0, time=2014-03-19 13:15:46.686]
ActionRequest [id=null, subject=a2, type=reading, cell=Cell [x=11, y=10], clock=0, time=2014-03-19 13:16:08.578]
ActionRequest [id=null, subject=a2, type=reading, cell=Cell [x=11, y=10], clock=0, time=2014-03-19 13:15:52.56]
ActionRequest [id=null, subject=a3, type=reading, cell=Cell [x=10, y=11], clock=0, time=2014-03-19 13:15:57.473]
ActionRequest [id=null, subject=a4, type=reading, cell=Cell [x=10, y=9], clock=0, time=2014-03-19 13:15:56.278]
Position [subject=a2, id=null, cell=Cell [x=11, y=16], time=2014-03-19 13:15:18.463, clock=0]
ActionRequest [id=null, subject=a4, type=reading, cell=Cell [x=10, y=9], clock=0, time=2014-03-19 13:16:05.707]
ActionRequest [id=null, subject=a3, type=reading, cell=Cell [x=10, y=11], clock=0, time=2014-03-19 13:16:01.126]
ActionRequest [id=null, subject=a1, type=reading, cell=Cell [x=9, y=10], clock=0, time=2014-03-19 13:16:08.731]
ActionRequest [id=null, subject=a3, type=reading, cell=Cell [x=10, y=11], clock=0, time=2014-03-19 13:15:59.639]
ActionRequest [id=null, subject=a1, type=reading, cell=Cell [x=9, y=10], clock=0, time=2014-03-19 13:15:51.962]
ActionRequest [id=null, subject=a3, type=reading, cell=Cell [x=10, y=11], clock=0, time=2014-03-19 13:15:36.925]
ActionRequest [id=null, subject=a2, type=reading, cell=Cell [x=11, y=10], clock=0, time=2014-03-19 13:15:56.266]
ActionRequest [id=null, subject=a4, type=reading, cell=Cell [x=10, y=9], clock=0, time=2014-03-19 13:16:04.987]
ActionRequest [id=null, subject=a2, type=reading, cell=Cell [x=11, y=10], clock=0, time=2014-03-19 13:16:00.684]
ActionRequest [id=null, subject=a2, type=reading, cell=Cell [x=11, y=10], clock=0, time=2014-03-19 13:16:04.243]
Position [subject=a3, id=null, cell=Cell [x=11, y=6], time=2014-03-19 13:15:16.463, clock=0]
ActionRequest [id=null, subject=a4, type=reading, cell=Cell [x=10, y=9], clock=0, time=2014-03-19 13:15:57.032]
ActionRequest [id=null, subject=a2, type=reading, cell=Cell [x=11, y=10], clock=0, time=2014-03-19 13:15:59.222]
ActionRequest [id=null, subject=a3, type=reading, cell=Cell [x=10, y=11], clock=0, time=2014-03-19 13:16:08.293]
ActionRequest [id=null, subject=a4, type=reading, cell=Cell [x=10, y=9], clock=0, time=2014-03-19 13:16:01.433]
ActionRequest [id=null, subject=a1, type=reading, cell=Cell [x=9, y=10], clock=0, time=2014-03-19 13:16:01.55]
ActionRequest [id=null, subject=a4, type=reading, cell=Cell [x=10, y=9], clock=0, time=2014-03-19 13:15:58.531]
ActionRequest [id=null, subject=a2, type=reading, cell=Cell [x=11, y=10], clock=0, time=2014-03-19 13:16:06.384]
Position [subject=a1, id=null, cell=Cell [x=9, y=10], time=2014-03-19 13:15:20.685, clock=0]
Position [subject=t1, id=null, cell=Cell [x=13, y=19], time=2014-03-19 13:15:17.308, clock=0]
Position [subject=t1, id=null, cell=Cell [x=2, y=16], time=2014-03-19 13:15:25.431, clock=0]
Position [subject=t1, id=null, cell=Cell [x=3, y=19], time=2014-03-19 13:15:22.759, clock=0]
Position [subject=t1, id=null, cell=Cell [x=17, y=19], time=2014-03-19 13:15:14.005, clock=0]
ActionRequest [id=null, subject=a1, type=reading, cell=Cell [x=9, y=10], clock=0, time=2014-03-19 13:15:55.678]
ActionRequest [id=null, subject=a1, type=reading, cell=Cell [x=9, y=10], clock=0, time=2014-03-19 13:15:54.926]
ActionRequest [id=null, subject=a4, type=reading, cell=Cell [x=10, y=9], clock=0, time=2014-03-19 13:15:53.316]
ActionRequest [id=null, subject=a4, type=reading, cell=Cell [x=10, y=9], clock=0, time=2014-03-19 13:15:54.79]
Position [subject=t1, id=null, cell=Cell [x=5, y=19], time=2014-03-19 13:15:21.279, clock=0]
ActionRequest [id=null, subject=a4, type=reading, cell=Cell [x=10, y=9], clock=0, time=2014-03-19 13:16:02.839]
ActionRequest [id=null, subject=a2, type=reading, cell=Cell [x=11, y=10], clock=0, time=2014-03-19 13:15:47.451]
ActionRequest [id=null, subject=a2, type=reading, cell=Cell [x=11, y=10], clock=0, time=2014-03-19 13:15:57.779]
Position [subject=a4, id=null, cell=Cell [x=11, y=6], time=2014-03-19 13:15:16.498, clock=0]
Position [subject=a2, id=null, cell=Cell [x=8, y=19], time=2014-03-19 13:15:13.888, clock=0]
ActionRequest [id=null, subject=a2, type=reading, cell=Cell [x=11, y=10], clock=0, time=2014-03-19 13:15:53.304]
ActionRequest [id=null, subject=a1, type=reading, cell=Cell [x=9, y=10], clock=0, time=2014-03-19 13:15:36.632]
Position [subject=t1, id=null, cell=Cell [x=2, y=10], time=2014-03-19 13:15:29.354, clock=0]
ActionRequest [id=null, subject=a1, type=reading, cell=Cell [x=9, y=10], clock=0, time=2014-03-19 13:16:04.38]
ActionRequest [id=null, subject=a4, type=reading, cell=Cell [x=10, y=9], clock=0, time=2014-03-19 13:15:51.082]
ActionRequest [id=null, subject=a1, type=reading, cell=Cell [x=9, y=10], clock=0, time=2014-03-19 13:15:57.925]
Position [subject=a3, id=null, cell=Cell [x=10, y=11], time=2014-03-19 13:15:19.79, clock=0]
ActionRequest [id=null, subject=a3, type=reading, cell=Cell [x=10, y=11], clock=0, time=2014-03-19 13:15:42.777]
Position [subject=t1, id=null, cell=Cell [x=7, y=19], time=2014-03-19 13:15:20.278, clock=0]
ActionRequest [id=null, subject=a1, type=reading, cell=Cell [x=9, y=10], clock=0, time=2014-03-19 13:16:03.683]
ActionRequest [id=null, subject=a4, type=reading, cell=Cell [x=10, y=9], clock=0, time=2014-03-19 13:15:51.828]
ActionRequest [id=null, subject=a2, type=reading, cell=Cell [x=11, y=10], clock=0, time=2014-03-19 13:15:51.063]
ActionRequest [id=null, subject=a3, type=reading, cell=Cell [x=10, y=11], clock=0, time=2014-03-19 13:15:53.73]
ActionRequest [id=null, subject=a3, type=reading, cell=Cell [x=10, y=11], clock=0, time=2014-03-19 13:15:48.582]
ActionRequest [id=null, subject=a2, type=reading, cell=Cell [x=11, y=10], clock=0, time=2014-03-19 13:16:02.126]
ActionRequest [id=null, subject=a3, type=reading, cell=Cell [x=10, y=11], clock=0, time=2014-03-19 13:15:55.214]
ActionRequest [id=null, subject=a3, type=reading, cell=Cell [x=10, y=11], clock=0, time=2014-03-19 13:15:41.304]
ActionRequest [id=null, subject=a1, type=reading, cell=Cell [x=9, y=10], clock=0, time=2014-03-19 13:16:05.829]
ActionRequest [id=null, subject=a3, type=reading, cell=Cell [x=10, y=11], clock=0, time=2014-03-19 13:15:50.763]
Position [subject=t1, id=null, cell=Cell [x=2, y=4], time=2014-03-19 13:15:33.213, clock=0]
ActionRequest [id=null, subject=a2, type=reading, cell=Cell [x=11, y=10], clock=0, time=2014-03-19 13:16:01.417]
ActionRequest [id=null, subject=a3, type=reading, cell=Cell [x=10, y=11], clock=0, time=2014-03-19 13:15:43.51]
ActionRequest [id=null, subject=a4, type=reading, cell=Cell [x=10, y=9], clock=0, time=2014-03-19 13:16:00.695]
ActionRequest [id=null, subject=a2, type=reading, cell=Cell [x=11, y=10], clock=0, time=2014-03-19 13:15:54.777]
ActionRequest [id=null, subject=a1, type=reading, cell=Cell [x=9, y=10], clock=0, time=2014-03-19 13:16:00.077]
Position [subject=a2, id=null, cell=Cell [x=10, y=19], time=2014-03-19 13:15:15.748, clock=0]
Position [subject=a4, id=null, cell=Cell [x=10, y=9], time=2014-03-19 13:15:18.898, clock=0]
ActionRequest [id=null, subject=a3, type=reading, cell=Cell [x=10, y=11], clock=0, time=2014-03-19 13:15:49.321]
ActionRequest [id=null, subject=a2, type=reading, cell=Cell [x=11, y=10], clock=0, time=2014-03-19 13:15:50.33]
ActionRequest [id=null, subject=a4, type=reading, cell=Cell [x=10, y=9], clock=0, time=2014-03-19 13:15:45.973]
Position [subject=a2, id=null, cell=Cell [x=11, y=17], time=2014-03-19 13:15:17.966, clock=0]
Position [subject=ra1, id=null, cell=Cell [x=5, y=6], time=2014-03-19 13:15:16.612, clock=0]
ActionRequest [id=null, subject=a2, type=reading, cell=Cell [x=11, y=10], clock=0, time=2014-03-19 13:15:49.615]
ActionRequest [id=null, subject=a2, type=reading, cell=Cell [x=11, y=10], clock=0, time=2014-03-19 13:15:57.02]
Position [subject=t1, id=null, cell=Cell [x=8, y=19], time=2014-03-19 13:15:19.823, clock=0]
ActionRequest [id=null, subject=a3, type=reading, cell=Cell [x=10, y=11], clock=0, time=2014-03-19 13:15:51.521]
ActionRequest [id=null, subject=a3, type=reading, cell=Cell [x=10, y=11], clock=0, time=2014-03-19 13:15:56.717]
ActionRequest [id=null, subject=a2, type=reading, cell=Cell [x=11, y=10], clock=0, time=2014-03-19 13:15:58.518]
ActionRequest [id=null, subject=a2, type=reading, cell=Cell [x=11, y=10], clock=0, time=2014-03-19 13:15:44.521]
ActionRequest [id=null, subject=a1, type=reading, cell=Cell [x=9, y=10], clock=0, time=2014-03-19 13:15:44.659]
ActionRequest [id=null, subject=a2, type=reading, cell=Cell [x=11, y=10], clock=0, time=2014-03-19 13:15:42.356]
Position [subject=a1, id=null, cell=Cell [x=5, y=10], time=2014-03-19 13:15:18.866, clock=0]
ActionRequest [id=null, subject=a4, type=reading, cell=Cell [x=10, y=9], clock=0, time=2014-03-19 13:15:57.791]
ActionRequest [id=null, subject=a4, type=reading, cell=Cell [x=10, y=9], clock=0, time=2014-03-19 13:15:48.902]
ActionRequest [id=null, subject=a4, type=reading, cell=Cell [x=10, y=9], clock=0, time=2014-03-19 13:15:59.945]
Position [subject=t1, id=null, cell=Cell [x=18, y=19], time=2014-03-19 13:15:13.179, clock=0]
ActionRequest [id=null, subject=a3, type=reading, cell=Cell [x=10, y=11], clock=0, time=2014-03-19 13:15:54.479]
ActionRequest [id=null, subject=a4, type=reading, cell=Cell [x=10, y=9], clock=0, time=2014-03-19 13:15:48.179]
ActionRequest [id=null, subject=a4, type=reading, cell=Cell [x=10, y=9], clock=0, time=2014-03-19 13:15:55.536]
ActionRequest [id=null, subject=a3, type=reading, cell=Cell [x=10, y=11], clock=0, time=2014-03-19 13:15:40.587]
Position [subject=a1, id=null, cell=Cell [x=3, y=7], time=2014-03-19 13:15:15.737, clock=0]
ActionRequest [id=null, subject=a1, type=reading, cell=Cell [x=9, y=10], clock=0, time=2014-03-19 13:15:47.586]
ActionRequest [id=null, subject=a4, type=reading, cell=Cell [x=10, y=9], clock=0, time=2014-03-19 13:15:59.234]
ActionRequest [id=null, subject=a3, type=reading, cell=Cell [x=10, y=11], clock=0, time=2014-03-19 13:16:00.387]
Position [subject=t1, id=null, cell=Cell [x=2, y=17], time=2014-03-19 13:15:24.762, clock=0]
Position [subject=ra1, id=null, cell=Cell [x=6, y=6], time=2014-03-19 13:15:17.379, clock=0]
ActionRequest [id=null, subject=a2, type=reading, cell=Cell [x=11, y=10], clock=0, time=2014-03-19 13:15:48.167]
ActionRequest [id=null, subject=a1, type=reading, cell=Cell [x=9, y=10], clock=0, time=2014-03-19 13:16:07.289]
ActionRequest [id=null, subject=a1, type=reading, cell=Cell [x=9, y=10], clock=0, time=2014-03-19 13:15:54.193]
ActionRequest [id=null, subject=a3, type=reading, cell=Cell [x=10, y=11], clock=0, time=2014-03-19 13:15:38.386]
Position [subject=t1, id=null, cell=Cell [x=6, y=19], time=2014-03-19 13:15:20.699, clock=0]
Position [subject=a1, id=null, cell=Cell [x=6, y=10], time=2014-03-19 13:15:19.314, clock=0]
ActionRequest [id=null, subject=a4, type=reading, cell=Cell [x=10, y=9], clock=0, time=2014-03-19 13:15:44.536]
ActionRequest [id=null, subject=a1, type=reading, cell=Cell [x=9, y=10], clock=0, time=2014-03-19 13:15:46.823]
Position [subject=a1, id=null, cell=Cell [x=3, y=8], time=2014-03-19 13:15:16.455, clock=0]
ActionRequest [id=null, subject=a1, type=reading, cell=Cell [x=9, y=10], clock=0, time=2014-03-19 13:15:59.358]
ActionRequest [id=null, subject=a1, type=reading, cell=Cell [x=9, y=10], clock=0, time=2014-03-19 13:15:50.469]
ActionRequest [id=null, subject=a1, type=reading, cell=Cell [x=9, y=10], clock=0, time=2014-03-19 13:15:57.165]
ActionRequest [id=null, subject=a1, type=reading, cell=Cell [x=9, y=10], clock=0, time=2014-03-19 13:15:53.45]
ActionRequest [id=null, subject=a3, type=reading, cell=Cell [x=10, y=11], clock=0, time=2014-03-19 13:15:35.373]
ActionRequest [id=null, subject=a4, type=reading, cell=Cell [x=10, y=9], clock=0, time=2014-03-19 13:15:54.064]
ActionRequest [id=null, subject=a2, type=reading, cell=Cell [x=11, y=10], clock=0, time=2014-03-19 13:15:34.948]
ActionRequest [id=null, subject=a2, type=reading, cell=Cell [x=11, y=10], clock=0, time=2014-03-19 13:15:31.786]
ActionRequest [id=null, subject=a4, type=reading, cell=Cell [x=10, y=9], clock=0, time=2014-03-19 13:15:46.699]
ActionRequest [id=null, subject=a3, type=reading, cell=Cell [x=10, y=11], clock=0, time=2014-03-19 13:15:46.395]
ActionRequest [id=null, subject=a3, type=reading, cell=Cell [x=10, y=11], clock=0, time=2014-03-19 13:15:52.99]
ActionRequest [id=null, subject=a2, type=reading, cell=Cell [x=11, y=10], clock=0, time=2014-03-19 13:15:30.996]
Position [subject=a1, id=null, cell=Cell [x=3, y=5], time=2014-03-19 13:15:13.869, clock=0]
ActionRequest [id=null, subject=a2, type=reading, cell=Cell [x=11, y=10], clock=0, time=2014-03-19 13:15:54.047]
ActionRequest [id=null, subject=a4, type=reading, cell=Cell [x=10, y=9], clock=0, time=2014-03-19 13:15:52.572]
ActionRequest [id=null, subject=a3, type=reading, cell=Cell [x=10, y=11], clock=0, time=2014-03-19 13:15:58.222]
Position [subject=t1, id=null, cell=Cell [x=2, y=3], time=2014-03-19 13:15:33.84, clock=0]
Position [subject=a2, id=null, cell=Cell [x=7, y=19], time=2014-03-19 13:15:12.318, clock=0]
Position [subject=t1, id=null, cell=Cell [x=16, y=19], time=2014-03-19 13:15:15.076, clock=0]
ActionRequest [id=null, subject=a3, type=reading, cell=Cell [x=10, y=11], clock=0, time=2014-03-19 13:15:44.224]
ActionRequest [id=null, subject=a3, type=reading, cell=Cell [x=10, y=11], clock=0, time=2014-03-19 13:15:33.049]
ActionRequest [id=null, subject=a4, type=reading, cell=Cell [x=10, y=9], clock=0, time=2014-03-19 13:15:19.82]
ActionRequest [id=null, subject=a3, type=reading, cell=Cell [x=10, y=11], clock=0, time=2014-03-19 13:15:30.648]
ActionRequest [id=null, subject=a1, type=reading, cell=Cell [x=9, y=10], clock=0, time=2014-03-19 13:15:51.223]
ActionRequest [id=null, subject=a4, type=reading, cell=Cell [x=10, y=9], clock=0, time=2014-03-19 13:15:43.813]
Position [subject=a2, id=null, cell=Cell [x=11, y=13], time=2014-03-19 13:15:19.813, clock=0]
ActionRequest [id=null, subject=a1, type=reading, cell=Cell [x=9, y=10], clock=0, time=2014-03-19 13:15:42.498]
ActionRequest [id=null, subject=a1, type=reading, cell=Cell [x=9, y=10], clock=0, time=2014-03-19 13:15:45.383]
Position [subject=a4, id=null, cell=Cell [x=11, y=9], time=2014-03-19 13:15:18.475, clock=0]
ActionRequest [id=null, subject=a3, type=reading, cell=Cell [x=10, y=11], clock=0, time=2014-03-19 13:15:45.672]
ActionRequest [id=null, subject=a2, type=reading, cell=Cell [x=11, y=10], clock=0, time=2014-03-19 13:15:51.811]
ActionRequest [id=null, subject=a3, type=reading, cell=Cell [x=10, y=11], clock=0, time=2014-03-19 13:15:39.101]
ActionRequest [id=null, subject=a3, type=reading, cell=Cell [x=10, y=11], clock=0, time=2014-03-19 13:15:47.139]
ActionRequest [id=null, subject=a4, type=reading, cell=Cell [x=10, y=9], clock=0, time=2014-03-19 13:15:43.089]
ActionRequest [id=null, subject=a3, type=reading, cell=Cell [x=10, y=11], clock=0, time=2014-03-19 13:15:47.872]
Position [subject=a1, id=null, cell=Cell [x=8, y=10], time=2014-03-19 13:15:20.25, clock=0]
ActionRequest [id=null, subject=a3, type=reading, cell=Cell [x=10, y=11], clock=0, time=2014-03-19 13:15:22.405]
ActionRequest [id=null, subject=a1, type=reading, cell=Cell [x=9, y=10], clock=0, time=2014-03-19 13:15:41.753]
ActionRequest [id=null, subject=a1, type=reading, cell=Cell [x=9, y=10], clock=0, time=2014-03-19 13:15:43.226]
ActionRequest [id=null, subject=a1, type=reading, cell=Cell [x=9, y=10], clock=0, time=2014-03-19 13:15:28.719]
ActionRequest [id=null, subject=a2, type=reading, cell=Cell [x=11, y=10], clock=0, time=2014-03-19 13:15:41.62]
ActionRequest [id=null, subject=a3, type=reading, cell=Cell [x=10, y=11], clock=0, time=2014-03-19 13:15:39.858]
ActionRequest [id=null, subject=a2, type=reading, cell=Cell [x=11, y=10], clock=0, time=2014-03-19 13:15:39.426]
ActionRequest [id=null, subject=a2, type=reading, cell=Cell [x=11, y=10], clock=0, time=2014-03-19 13:15:43.073]
Position [subject=ra1, id=null, cell=Cell [x=3, y=5], time=2014-03-19 13:15:13.224, clock=0]
ActionRequest [id=null, subject=a4, type=reading, cell=Cell [x=10, y=9], clock=0, time=2014-03-19 13:15:26.928]
ActionRequest [id=null, subject=a4, type=reading, cell=Cell [x=10, y=9], clock=0, time=2014-03-19 13:15:38.692]
ActionRequest [id=null, subject=a1, type=reading, cell=Cell [x=9, y=10], clock=0, time=2014-03-19 13:15:26.251]
Position [subject=a4, id=null, cell=Cell [x=11, y=7], time=2014-03-19 13:15:17.258, clock=0]
ActionRequest [id=null, subject=a4, type=reading, cell=Cell [x=10, y=9], clock=0, time=2014-03-19 13:15:50.348]
ActionRequest [id=null, subject=a1, type=reading, cell=Cell [x=9, y=10], clock=0, time=2014-03-19 13:15:37.395]
Position [subject=a1, id=null, cell=Cell [x=3, y=4], time=2014-03-19 13:15:12.299, clock=0]
ActionRequest [id=null, subject=a3, type=reading, cell=Cell [x=10, y=11], clock=0, time=2014-03-19 13:15:42.042]
ActionRequest [id=null, subject=a4, type=reading, cell=Cell [x=10, y=9], clock=0, time=2014-03-19 13:15:41.631]
Position [subject=t1, id=null, cell=Cell [x=10, y=19], time=2014-03-19 13:15:18.903, clock=0]
ActionRequest [id=null, subject=a1, type=reading, cell=Cell [x=9, y=10], clock=0, time=2014-03-19 13:15:25.408]
ActionRequest [id=null, subject=a3, type=reading, cell=Cell [x=10, y=11], clock=0, time=2014-03-19 13:15:50.032]
ActionRequest [id=null, subject=a1, type=reading, cell=Cell [x=9, y=10], clock=0, time=2014-03-19 13:16:08.023]
ActionRequest [id=null, subject=a2, type=reading, cell=Cell [x=11, y=10], clock=0, time=2014-03-19 13:15:38.677]
ActionRequest [id=null, subject=a2, type=reading, cell=Cell [x=11, y=10], clock=0, time=2014-03-19 13:15:33.372]
ActionRequest [id=null, subject=a4, type=reading, cell=Cell [x=10, y=9], clock=0, time=2014-03-19 13:15:49.625]
ActionRequest [id=null, subject=a3, type=reading, cell=Cell [x=10, y=11], clock=0, time=2014-03-19 13:15:36.173]
Position [subject=a1, id=null, cell=Cell [x=3, y=10], time=2014-03-19 13:15:17.957, clock=0]
ActionRequest [id=null, subject=a4, type=reading, cell=Cell [x=10, y=9], clock=0, time=2014-03-19 13:15:24.439]
ActionRequest [id=null, subject=a4, type=reading, cell=Cell [x=10, y=9], clock=0, time=2014-03-19 13:15:40.9]
ActionRequest [id=null, subject=a2, type=reading, cell=Cell [x=11, y=10], clock=0, time=2014-03-19 13:15:40.883]
ActionRequest [id=null, subject=a1, type=reading, cell=Cell [x=9, y=10], clock=0, time=2014-03-19 13:15:35.831]
ActionRequest [id=null, subject=a2, type=reading, cell=Cell [x=11, y=10], clock=0, time=2014-03-19 13:15:55.516]
ActionRequest [id=null, subject=a1, type=reading, cell=Cell [x=9, y=10], clock=0, time=2014-03-19 13:15:49.034]
Position [subject=a3, id=null, cell=Cell [x=11, y=8], time=2014-03-19 13:15:17.961, clock=0]
ActionRequest [id=null, subject=a1, type=reading, cell=Cell [x=9, y=10], clock=0, time=2014-03-19 13:15:40.287]
Position [subject=a4, id=null, cell=Cell [x=11, y=5], time=2014-03-19 13:15:15.772, clock=0]
Position [subject=a3, id=null, cell=Cell [x=11, y=5], time=2014-03-19 13:15:15.743, clock=0]
ActionRequest [id=null, subject=a2, type=reading, cell=Cell [x=11, y=10], clock=0, time=2014-03-19 13:15:22.745]
Position [subject=a3, id=null, cell=Cell [x=11, y=11], time=2014-03-19 13:15:19.318, clock=0]
ActionRequest [id=null, subject=a4, type=reading, cell=Cell [x=10, y=9], clock=0, time=2014-03-19 13:15:40.166]
ActionRequest [id=null, subject=a1, type=reading, cell=Cell [x=9, y=10], clock=0, time=2014-03-19 13:15:38.106]
ActionRequest [id=null, subject=a4, type=reading, cell=Cell [x=10, y=9], clock=0, time=2014-03-19 13:15:31.799]
ActionRequest [id=null, subject=a2, type=reading, cell=Cell [x=11, y=10], clock=0, time=2014-03-19 13:15:34.161]
Position [subject=a2, id=null, cell=Cell [x=9, y=19], time=2014-03-19 13:15:14.978, clock=0]
ActionRequest [id=null, subject=a2, type=reading, cell=Cell [x=11, y=10], clock=0, time=2014-03-19 13:15:48.89]
ActionRequest [id=null, subject=a1, type=reading, cell=Cell [x=9, y=10], clock=0, time=2014-03-19 13:15:35.099]
ActionRequest [id=null, subject=a1, type=reading, cell=Cell [x=9, y=10], clock=0, time=2014-03-19 13:15:56.411]
ActionRequest [id=null, subject=a3, type=reading, cell=Cell [x=10, y=11], clock=0, time=2014-03-19 13:15:37.673]
ActionRequest [id=null, subject=a4, type=reading, cell=Cell [x=10, y=9], clock=0, time=2014-03-19 13:15:19.224]
ActionRequest [id=null, subject=a4, type=reading, cell=Cell [x=10, y=9], clock=0, time=2014-03-19 13:15:27.763]
ActionRequest [id=null, subject=a1, type=reading, cell=Cell [x=9, y=10], clock=0, time=2014-03-19 13:15:46.097]
ActionRequest [id=null, subject=a3, type=reading, cell=Cell [x=10, y=11], clock=0, time=2014-03-19 13:15:27.392]
ActionRequest [id=null, subject=a2, type=reading, cell=Cell [x=11, y=10], clock=0, time=2014-03-19 13:15:37.971]
ActionRequest [id=null, subject=a4, type=reading, cell=Cell [x=10, y=9], clock=0, time=2014-03-19 13:15:33.385]
ActionRequest [id=null, subject=a2, type=reading, cell=Cell [x=11, y=10], clock=0, time=2014-03-19 13:15:36.486]
ActionRequest [id=null, subject=a3, type=reading, cell=Cell [x=10, y=11], clock=0, time=2014-03-19 13:15:26.571]
ActionRequest [id=null, subject=a4, type=reading, cell=Cell [x=10, y=9], clock=0, time=2014-03-19 13:15:47.463]
ActionRequest [id=null, subject=a3, type=reading, cell=Cell [x=10, y=11], clock=0, time=2014-03-19 13:15:29.84]
ActionRequest [id=null, subject=a4, type=reading, cell=Cell [x=10, y=9], clock=0, time=2014-03-19 13:15:34.172]
ActionRequest [id=null, subject=a4, type=reading, cell=Cell [x=10, y=9], clock=0, time=2014-03-19 13:15:36.499]
ActionRequest [id=null, subject=a4, type=reading, cell=Cell [x=10, y=9], clock=0, time=2014-03-19 13:15:32.602]
ActionRequest [id=null, subject=a2, type=reading, cell=Cell [x=11, y=10], clock=0, time=2014-03-19 13:15:28.553]
ActionRequest [id=null, subject=a1, type=reading, cell=Cell [x=9, y=10], clock=0, time=2014-03-19 13:15:39.558]
Position [subject=a1, id=null, cell=Cell [x=3, y=6], time=2014-03-19 13:15:14.968, clock=0]
ActionRequest [id=null, subject=a4, type=reading, cell=Cell [x=10, y=9], clock=0, time=2014-03-19 13:15:26.093]
Position [subject=t1, id=null, cell=Cell [x=14, y=19], time=2014-03-19 13:15:16.54, clock=0]
ActionRequest [id=null, subject=a3, type=reading, cell=Cell [x=10, y=11], clock=0, time=2014-03-19 13:15:24.907]
ActionRequest [id=null, subject=a2, type=reading, cell=Cell [x=11, y=10], clock=0, time=2014-03-19 13:15:45.961]
ActionRequest [id=null, subject=a3, type=reading, cell=Cell [x=10, y=11], clock=0, time=2014-03-19 13:15:33.836]
ActionRequest [id=null, subject=a4, type=reading, cell=Cell [x=10, y=9], clock=0, time=2014-03-19 13:15:42.368]
ActionRequest [id=null, subject=a4, type=reading, cell=Cell [x=10, y=9], clock=0, time=2014-03-19 13:15:45.246]
ActionRequest [id=null, subject=a4, type=reading, cell=Cell [x=10, y=9], clock=0, time=2014-03-19 13:15:39.438]
Position [subject=a1, id=null, cell=Cell [x=3, y=9], time=2014-03-19 13:15:17.215, clock=0]
ActionRequest [id=null, subject=a2, type=reading, cell=Cell [x=11, y=10], clock=0, time=2014-03-19 13:15:25.234]
ActionRequest [id=null, subject=a2, type=reading, cell=Cell [x=11, y=10], clock=0, time=2014-03-19 13:15:40.154]
ActionRequest [id=null, subject=a1, type=reading, cell=Cell [x=9, y=10], clock=0, time=2014-03-19 13:15:22.904]
Position [subject=a3, id=null, cell=Cell [x=11, y=10], time=2014-03-19 13:15:18.87, clock=0]
ActionRequest [id=null, subject=a2, type=reading, cell=Cell [x=11, y=10], clock=0, time=2014-03-19 13:15:32.589]
ActionRequest [id=null, subject=a3, type=reading, cell=Cell [x=10, y=11], clock=0, time=2014-03-19 13:15:32.248]
ActionRequest [id=null, subject=a1, type=reading, cell=Cell [x=9, y=10], clock=0, time=2014-03-19 13:15:31.938]
ActionRequest [id=null, subject=a3, type=reading, cell=Cell [x=10, y=11], clock=0, time=2014-03-19 13:15:23.24]
ActionRequest [id=null, subject=a4, type=reading, cell=Cell [x=10, y=9], clock=0, time=2014-03-19 13:15:20.374]
Position [subject=t1, id=null, cell=Cell [x=12, y=19], time=2014-03-19 13:15:18.048, clock=0]
Position [subject=t1, id=null, cell=Cell [x=15, y=19], time=2014-03-19 13:15:15.827, clock=0]
ActionRequest [id=null, subject=a2, type=reading, cell=Cell [x=11, y=10], clock=0, time=2014-03-19 13:15:29.351]
Position [subject=a1, id=null, cell=Cell [x=7, y=10], time=2014-03-19 13:15:19.786, clock=0]
ActionRequest [id=null, subject=a3, type=reading, cell=Cell [x=10, y=11], clock=0, time=2014-03-19 13:15:44.938]
Position [subject=a4, id=null, cell=Cell [x=11, y=4], time=2014-03-19 13:15:15.023, clock=0]
ActionRequest [id=null, subject=a4, type=reading, cell=Cell [x=10, y=9], clock=0, time=2014-03-19 13:15:31.007]
ActionRequest [id=null, subject=a2, type=reading, cell=Cell [x=11, y=10], clock=0, time=2014-03-19 13:15:24.42]
ActionRequest [id=null, subject=a3, type=reading, cell=Cell [x=10, y=11], clock=0, time=2014-03-19 13:15:24.091]
ActionRequest [id=null, subject=a2, type=reading, cell=Cell [x=11, y=10], clock=0, time=2014-03-19 13:15:37.255]
Position [subject=a3, id=null, cell=Cell [x=11, y=3], time=2014-03-19 13:15:13.909, clock=0]
Position [subject=ra1, id=null, cell=Cell [x=3, y=4], time=2014-03-19 13:15:12.279, clock=0]
ActionRequest [id=null, subject=a1, type=reading, cell=Cell [x=9, y=10], clock=0, time=2014-03-19 13:15:41.021]
ActionRequest [id=null, subject=a1, type=reading, cell=Cell [x=9, y=10], clock=0, time=2014-03-19 13:15:29.51]
Position [subject=t1, id=null, cell=Cell [x=11, y=19], time=2014-03-19 13:15:18.502, clock=0]
Position [subject=t1, id=null, cell=Cell [x=2, y=15], time=2014-03-19 13:15:26.097, clock=0]
ActionRequest [id=null, subject=a1, type=reading, cell=Cell [x=9, y=10], clock=0, time=2014-03-19 13:15:43.95]
Position [subject=t1, id=null, cell=Cell [x=2, y=19], time=2014-03-19 13:15:23.454, clock=0]
Position [subject=a2, id=null, cell=Cell [x=11, y=15], time=2014-03-19 13:15:18.893, clock=0]
Position [subject=a3, id=null, cell=Cell [x=11, y=7], time=2014-03-19 13:15:17.22, clock=0]
ActionRequest [id=null, subject=a3, type=reading, cell=Cell [x=10, y=11], clock=0, time=2014-03-19 13:15:28.225]
ActionRequest [id=null, subject=a1, type=reading, cell=Cell [x=9, y=10], clock=0, time=2014-03-19 13:15:33.522]
Position [subject=a2, id=null, cell=Cell [x=11, y=12], time=2014-03-19 13:15:20.268, clock=0]
Position [subject=a3, id=null, cell=Cell [x=11, y=4], time=2014-03-19 13:15:14.972, clock=0]
ActionRequest [id=null, subject=a1, type=reading, cell=Cell [x=9, y=10], clock=0, time=2014-03-19 13:15:32.736]
ActionRequest [id=null, subject=a2, type=reading, cell=Cell [x=11, y=10], clock=0, time=2014-03-19 13:15:30.172]
ActionRequest [id=null, subject=a2, type=reading, cell=Cell [x=11, y=10], clock=0, time=2014-03-19 13:15:23.6]
Position [subject=ra1, id=null, cell=Cell [x=4, y=5], time=2014-03-19 13:15:14.066, clock=0]
Position [subject=a4, id=null, cell=Cell [x=11, y=3], time=2014-03-19 13:15:13.944, clock=0]
ActionRequest [id=null, subject=a4, type=reading, cell=Cell [x=10, y=9], clock=0, time=2014-03-19 13:15:21.825]
ActionRequest [id=null, subject=a4, type=reading, cell=Cell [x=10, y=9], clock=0, time=2014-03-19 13:15:29.366]
ActionRequest [id=null, subject=a2, type=reading, cell=Cell [x=11, y=10], clock=0, time=2014-03-19 13:15:26.917]
ActionRequest [id=null, subject=a4, type=reading, cell=Cell [x=10, y=9], clock=0, time=2014-03-19 13:15:35.704]
ActionRequest [id=null, subject=a4, type=reading, cell=Cell [x=10, y=9], clock=0, time=2014-03-19 13:15:37.982]
ActionRequest [id=null, subject=a2, type=reading, cell=Cell [x=11, y=10], clock=0, time=2014-03-19 13:15:35.688]
ActionRequest [id=null, subject=a2, type=reading, cell=Cell [x=11, y=10], clock=0, time=2014-03-19 13:15:43.802]
ActionRequest [id=null, subject=a3, type=reading, cell=Cell [x=10, y=11], clock=0, time=2014-03-19 13:15:20.145]
ActionRequest [id=null, subject=a4, type=reading, cell=Cell [x=10, y=9], clock=0, time=2014-03-19 13:15:28.566]
ActionRequest [id=null, subject=a4, type=reading, cell=Cell [x=10, y=9], clock=0, time=2014-03-19 13:15:25.25]
ActionRequest [id=null, subject=ra1, type=reading, cell=Cell [x=5, y=5], clock=0, time=2014-03-19 13:15:15.698]
ActionRequest [id=null, subject=a1, type=reading, cell=Cell [x=9, y=10], clock=0, time=2014-03-19 13:15:34.317]
ActionRequest [id=null, subject=a1, type=reading, cell=Cell [x=9, y=10], clock=0, time=2014-03-19 13:15:31.148]
ActionRequest [id=null, subject=a4, type=reading, cell=Cell [x=10, y=9], clock=0, time=2014-03-19 13:15:37.268]
ActionRequest [id=null, subject=a1, type=reading, cell=Cell [x=9, y=10], clock=0, time=2014-03-19 13:15:23.761]
ActionRequest [id=null, subject=a1, type=reading, cell=Cell [x=9, y=10], clock=0, time=2014-03-19 13:15:38.817]
ActionRequest [id=null, subject=a3, type=reading, cell=Cell [x=10, y=11], clock=0, time=2014-03-19 13:15:20.675]
ActionRequest [id=null, subject=a2, type=reading, cell=Cell [x=11, y=10], clock=0, time=2014-03-19 13:15:21.821]
ActionRequest [id=null, subject=a4, type=reading, cell=Cell [x=10, y=9], clock=0, time=2014-03-19 13:15:34.958]
ActionRequest [id=null, subject=a1, type=reading, cell=Cell [x=9, y=10], clock=0, time=2014-03-19 13:15:52.704]
ActionRequest [id=null, subject=a4, type=reading, cell=Cell [x=11, y=1], clock=0, time=2014-03-19 13:15:11.43]
ActionRequest [id=null, subject=a1, type=reading, cell=Cell [x=9, y=10], clock=0, time=2014-03-19 13:15:49.746]
ActionRequest [id=null, subject=a3, type=reading, cell=Cell [x=10, y=11], clock=0, time=2014-03-19 13:15:34.611]
ActionRequest [id=null, subject=a2, type=reading, cell=Cell [x=11, y=10], clock=0, time=2014-03-19 13:15:45.231]
ActionRequest [id=null, subject=a4, type=reading, cell=Cell [x=10, y=9], clock=0, time=2014-03-19 13:15:30.191]
ActionRequest [id=null, subject=a2, type=reading, cell=Cell [x=11, y=10], clock=0, time=2014-03-19 13:15:26.082]
ActionRequest [id=null, subject=a1, type=reading, cell=Cell [x=9, y=10], clock=0, time=2014-03-19 13:15:20.993]
ActionRequest [id=null, subject=a3, type=reading, cell=Cell [x=10, y=11], clock=0, time=2014-03-19 13:15:21.436]
ActionRequest [id=null, subject=a1, type=reading, cell=Cell [x=9, y=10], clock=0, time=2014-03-19 13:15:30.331]
ActionRequest [id=null, subject=a1, type=reading, cell=Cell [x=9, y=10], clock=0, time=2014-03-19 13:15:27.92]
ActionRequest [id=null, subject=a3, type=reading, cell=Cell [x=11, y=1], clock=0, time=2014-03-19 13:15:11.453]
ActionRequest [id=null, subject=a2, type=reading, cell=Cell [x=11, y=10], clock=0, time=2014-03-19 13:15:27.75]
ActionRequest [id=null, subject=a3, type=reading, cell=Cell [x=10, y=11], clock=0, time=2014-03-19 13:15:25.753]
ActionRequest [id=null, subject=a4, type=reading, cell=Cell [x=10, y=9], clock=0, time=2014-03-19 13:15:23.613]
ActionRequest [id=null, subject=a1, type=reading, cell=Cell [x=9, y=10], clock=0, time=2014-03-19 13:15:22.08]
ActionRequest [id=null, subject=a3, type=reading, cell=Cell [x=10, y=11], clock=0, time=2014-03-19 13:15:29.021]
ActionRequest [id=null, subject=a1, type=reading, cell=Cell [x=9, y=10], clock=0, time=2014-03-19 13:15:24.575]
ActionRequest [id=null, subject=a4, type=reading, cell=Cell [x=10, y=9], clock=0, time=2014-03-19 13:15:20.902]
ActionRequest [id=null, subject=a3, type=reading, cell=Cell [x=10, y=11], clock=0, time=2014-03-19 13:15:31.454]
ActionRequest [id=null, subject=a1, type=reading, cell=Cell [x=9, y=10], clock=0, time=2014-03-19 13:15:27.074]
ActionRequest [id=null, subject=a4, type=reading, cell=Cell [x=10, y=9], clock=0, time=2014-03-19 13:15:22.756]
-------------------------last log tuples end----------------------------------
register a1
register a2
register a3
register a4
register c1
register t1
register ra1
org notification: Cargo [id=null, cell=Cell [x=19, y=19], time=2014-03-19 13:53:57.764, clock=0]
org notified found Cargo [id=null, cell=Cell [x=19, y=19], time=2014-03-19 13:53:57.764, clock=0]
org notified sent cargo(cell(19,19),0).
org notification: Coin [id=null, cell=Cell [x=8, y=6], subject=a1, time=2014-03-19 13:53:57.781, clock=0]
org notified found Coin [id=null, cell=Cell [x=8, y=6], subject=a1, time=2014-03-19 13:53:57.781, clock=0]
org notified sent coin(cell(8,6),0,a1).
Organization notifies agent (write): Obligation [subject=ra, obligation=[group_action(surround(_, _))], sanction=[sanction_group(group, _)], deadline=15, time=2014-03-19 13:54:24.037, clock=0]
Organization notifies agent (write): Obligation [subject=a1, obligation=[west(10, 10, a1)], sanction=[reduce(a1, _)], deadline=15, time=2014-03-19 13:54:24.042, clock=0]
org notification: Position [subject=a3, id=null, cell=Cell [x=11, y=2], time=2014-03-19 13:53:58.434, clock=0]
org notified found Position [subject=a3, id=null, cell=Cell [x=11, y=2], time=2014-03-19 13:53:58.434, clock=0]
org notified sent position(a3,cell(11,2),0).
Organization notifies agent (write): Obligation [subject=a2, obligation=[east(10, 10, a2)], sanction=[reduce(a2, _)], deadline=15, time=2014-03-19 13:54:24.046, clock=0]
Organization notifies agent (write): Obligation [subject=a3, obligation=[north(10, 10, a3)], sanction=[reduce(a3, _)], deadline=15, time=2014-03-19 13:54:24.051, clock=0]
Organization notifies agent (write): Obligation [subject=a4, obligation=[south(10, 10, a4)], sanction=[reduce(a4, _)], deadline=15, time=2014-03-19 13:54:24.054, clock=0]
org notification: Position [subject=a2, id=null, cell=Cell [x=7, y=19], time=2014-03-19 13:53:58.017, clock=0]
org notified found Position [subject=a2, id=null, cell=Cell [x=7, y=19], time=2014-03-19 13:53:58.017, clock=0]
org notified sent position(a2,cell(7,19),0).
org notification: Position [subject=a1, id=null, cell=Cell [x=3, y=4], time=2014-03-19 13:53:57.994, clock=0]
org notified found Position [subject=a1, id=null, cell=Cell [x=3, y=4], time=2014-03-19 13:53:57.994, clock=0]
org notified sent position(a1,cell(3,4),0).
org notification: Position [subject=t1, id=null, cell=Cell [x=18, y=19], time=2014-03-19 13:53:58.689, clock=0]
org notified found Position [subject=t1, id=null, cell=Cell [x=18, y=19], time=2014-03-19 13:53:58.689, clock=0]
org notified sent position(t1,cell(18,19),0).
agent notification: Obligation [subject=a2, obligation=[east(10, 10, a2)], sanction=[reduce(a2, _)], deadline=15, time=2014-03-19 13:54:24.046, clock=0]
Event sent to agent      a2 obligation([east(10, 10, a2)], 15, [reduce(a2, _)])
agent notification: Obligation [subject=a1, obligation=[west(10, 10, a1)], sanction=[reduce(a1, _)], deadline=15, time=2014-03-19 13:54:24.042, clock=0]
agent notification: Obligation [subject=a4, obligation=[south(10, 10, a4)], sanction=[reduce(a4, _)], deadline=15, time=2014-03-19 13:54:24.054, clock=0]
agent notification: Obligation [subject=a3, obligation=[north(10, 10, a3)], sanction=[reduce(a3, _)], deadline=15, time=2014-03-19 13:54:24.051, clock=0]
org notification: Position [subject=a1, id=null, cell=Cell [x=3, y=5], time=2014-03-19 13:53:58.728, clock=0]
org notified found Position [subject=a1, id=null, cell=Cell [x=3, y=5], time=2014-03-19 13:53:58.728, clock=0]
org notified sent position(a1,cell(3,5),0).
Event sent to agent      a1 obligation([west(10, 10, a1)], 15, [reduce(a1, _)])
Event sent to agent      a4 obligation([south(10, 10, a4)], 15, [reduce(a4, _)])
Event sent to agent      a3 obligation([north(10, 10, a3)], 15, [reduce(a3, _)])
org notification: Position [subject=a2, id=null, cell=Cell [x=6, y=19], time=2014-03-19 13:53:58.732, clock=0]
org notified found Position [subject=a2, id=null, cell=Cell [x=6, y=19], time=2014-03-19 13:53:58.732, clock=0]
org notified sent position(a2,cell(6,19),0).
org notification: Position [subject=a3, id=null, cell=Cell [x=11, y=3], time=2014-03-19 13:53:58.987, clock=0]
org notified found Position [subject=a3, id=null, cell=Cell [x=11, y=3], time=2014-03-19 13:53:58.987, clock=0]
org notified sent position(a3,cell(11,3),0).
org notification: Position [subject=a3, id=null, cell=Cell [x=11, y=4], time=2014-03-19 13:53:59.52, clock=0]
org notified found Position [subject=a3, id=null, cell=Cell [x=11, y=4], time=2014-03-19 13:53:59.52, clock=0]
org notified sent position(a3,cell(11,4),0).
org notification: Position [subject=a3, id=null, cell=Cell [x=11, y=5], time=2014-03-19 13:53:59.994, clock=0]
org notified found Position [subject=a3, id=null, cell=Cell [x=11, y=5], time=2014-03-19 13:53:59.994, clock=0]
org notified sent position(a3,cell(11,5),0).
org notification: Position [subject=a3, id=null, cell=Cell [x=11, y=6], time=2014-03-19 13:54:00.454, clock=0]
org notified found Position [subject=a3, id=null, cell=Cell [x=11, y=6], time=2014-03-19 13:54:00.454, clock=0]
org notified sent position(a3,cell(11,6),0).
org notification: Position [subject=a3, id=null, cell=Cell [x=11, y=7], time=2014-03-19 13:54:00.878, clock=0]
org notified found Position [subject=a3, id=null, cell=Cell [x=11, y=7], time=2014-03-19 13:54:00.878, clock=0]
org notified sent position(a3,cell(11,7),0).
org notification: Position [subject=a3, id=null, cell=Cell [x=11, y=8], time=2014-03-19 13:54:01.316, clock=0]
org notified found Position [subject=a3, id=null, cell=Cell [x=11, y=8], time=2014-03-19 13:54:01.316, clock=0]
org notified sent position(a3,cell(11,8),0).
org notification: Position [subject=a3, id=null, cell=Cell [x=11, y=9], time=2014-03-19 13:54:01.739, clock=0]
org notified found Position [subject=a3, id=null, cell=Cell [x=11, y=9], time=2014-03-19 13:54:01.739, clock=0]
org notified sent position(a3,cell(11,9),0).
org notification: Position [subject=a3, id=null, cell=Cell [x=11, y=10], time=2014-03-19 13:54:02.038, clock=0]
org notified found Position [subject=a3, id=null, cell=Cell [x=11, y=10], time=2014-03-19 13:54:02.038, clock=0]
org notified sent position(a3,cell(11,10),0).
org notification: Position [subject=a3, id=null, cell=Cell [x=11, y=11], time=2014-03-19 13:54:02.343, clock=0]
org notified found Position [subject=a3, id=null, cell=Cell [x=11, y=11], time=2014-03-19 13:54:02.343, clock=0]
org notified sent position(a3,cell(11,11),0).
org notification: Coin [id=null, cell=Cell [x=16, y=16], subject=a2, time=2014-03-19 13:53:58.561, clock=0]
org notified found Coin [id=null, cell=Cell [x=16, y=16], subject=a2, time=2014-03-19 13:53:58.561, clock=0]
org notified sent coin(cell(16,16),0,a2).
org notification: Position [subject=a3, id=null, cell=Cell [x=11, y=12], time=2014-03-19 13:54:02.652, clock=0]
org notified found Position [subject=a3, id=null, cell=Cell [x=11, y=12], time=2014-03-19 13:54:02.652, clock=0]
org notified sent position(a3,cell(11,12),0).
org notification: Position [subject=a2, id=null, cell=Cell [x=6, y=18], time=2014-03-19 13:53:59.253, clock=0]
org notified found Position [subject=a2, id=null, cell=Cell [x=6, y=18], time=2014-03-19 13:53:59.253, clock=0]
org notified sent position(a2,cell(6,18),0).
Event processed adoptObligation(east(10, 10, a2), 15, reduce(a2, _))
org notification: Position [subject=a1, id=null, cell=Cell [x=4, y=5], time=2014-03-19 13:53:59.249, clock=0]
org notified found Position [subject=a1, id=null, cell=Cell [x=4, y=5], time=2014-03-19 13:53:59.249, clock=0]
org notified sent position(a1,cell(4,5),0).
Event processed adoptObligation(north(10, 10, a3), 15, reduce(a3, _))
Event processed adoptObligation(south(10, 10, a4), 15, reduce(a4, _))
org notification: Position [subject=t1, id=null, cell=Cell [x=17, y=19], time=2014-03-19 13:53:59.222, clock=0]
org notified found Position [subject=t1, id=null, cell=Cell [x=17, y=19], time=2014-03-19 13:53:59.222, clock=0]
org notified sent position(t1,cell(17,19),0).
Event processed adoptObligation(west(10, 10, a1), 15, reduce(a1, _))
org notification: Position [subject=a1, id=null, cell=Cell [x=5, y=5], time=2014-03-19 13:53:59.775, clock=0]
org notified found Position [subject=a1, id=null, cell=Cell [x=5, y=5], time=2014-03-19 13:53:59.775, clock=0]
org notified sent position(a1,cell(5,5),0).
org notification: Position [subject=a2, id=null, cell=Cell [x=6, y=17], time=2014-03-19 13:53:59.779, clock=0]
org notified found Position [subject=a2, id=null, cell=Cell [x=6, y=17], time=2014-03-19 13:53:59.779, clock=0]
org notified sent position(a2,cell(6,17),0).
org notification: Position [subject=a3, id=null, cell=Cell [x=11, y=13], time=2014-03-19 13:54:02.958, clock=0]
org notified found Position [subject=a3, id=null, cell=Cell [x=11, y=13], time=2014-03-19 13:54:02.958, clock=0]
org notified sent position(a3,cell(11,13),0).
org notification: Coin [id=null, cell=Cell [x=2, y=2], subject=a3, time=2014-03-19 13:53:59.101, clock=0]
org notified found Coin [id=null, cell=Cell [x=2, y=2], subject=a3, time=2014-03-19 13:53:59.101, clock=0]
org notified sent coin(cell(2,2),0,a3).
org notification: Position [subject=a3, id=null, cell=Cell [x=11, y=14], time=2014-03-19 13:54:03.258, clock=0]
org notified found Position [subject=a3, id=null, cell=Cell [x=11, y=14], time=2014-03-19 13:54:03.258, clock=0]
org notified sent position(a3,cell(11,14),0).
org notification: Position [subject=a2, id=null, cell=Cell [x=6, y=16], time=2014-03-19 13:54:00.254, clock=0]
org notified found Position [subject=a2, id=null, cell=Cell [x=6, y=16], time=2014-03-19 13:54:00.254, clock=0]
org notified sent position(a2,cell(6,16),0).
org notification: Position [subject=a1, id=null, cell=Cell [x=5, y=6], time=2014-03-19 13:54:00.678, clock=0]
org notified found Position [subject=a1, id=null, cell=Cell [x=5, y=6], time=2014-03-19 13:54:00.678, clock=0]
org notified sent position(a1,cell(5,6),0).
org notification: Position [subject=t1, id=null, cell=Cell [x=16, y=19], time=2014-03-19 13:53:59.755, clock=0]
org notified found Position [subject=t1, id=null, cell=Cell [x=16, y=19], time=2014-03-19 13:53:59.755, clock=0]
org notified sent position(t1,cell(16,19),0).
org notification: Position [subject=a1, id=null, cell=Cell [x=6, y=6], time=2014-03-19 13:54:01.101, clock=0]
org notified found Position [subject=a1, id=null, cell=Cell [x=6, y=6], time=2014-03-19 13:54:01.101, clock=0]
org notified sent position(a1,cell(6,6),0).
org notification: Position [subject=a2, id=null, cell=Cell [x=6, y=15], time=2014-03-19 13:54:00.687, clock=0]
org notified found Position [subject=a2, id=null, cell=Cell [x=6, y=15], time=2014-03-19 13:54:00.687, clock=0]
org notified sent position(a2,cell(6,15),0).
org notification: Position [subject=a3, id=null, cell=Cell [x=11, y=15], time=2014-03-19 13:54:03.583, clock=0]
org notified found Position [subject=a3, id=null, cell=Cell [x=11, y=15], time=2014-03-19 13:54:03.583, clock=0]
org notified sent position(a3,cell(11,15),0).
org notification: Position [subject=a3, id=null, cell=Cell [x=11, y=16], time=2014-03-19 13:54:03.895, clock=0]
org notified found Position [subject=a3, id=null, cell=Cell [x=11, y=16], time=2014-03-19 13:54:03.895, clock=0]
org notified sent position(a3,cell(11,16),0).
org notification: Position [subject=a2, id=null, cell=Cell [x=6, y=14], time=2014-03-19 13:54:01.112, clock=0]
org notified found Position [subject=a2, id=null, cell=Cell [x=6, y=14], time=2014-03-19 13:54:01.112, clock=0]
org notified sent position(a2,cell(6,14),0).
org notification: Position [subject=t1, id=null, cell=Cell [x=15, y=19], time=2014-03-19 13:54:00.223, clock=0]
org notified found Position [subject=t1, id=null, cell=Cell [x=15, y=19], time=2014-03-19 13:54:00.223, clock=0]
org notified sent position(t1,cell(15,19),0).
org notification: Position [subject=a2, id=null, cell=Cell [x=6, y=13], time=2014-03-19 13:54:01.592, clock=0]
org notified found Position [subject=a2, id=null, cell=Cell [x=6, y=13], time=2014-03-19 13:54:01.592, clock=0]
org notified sent position(a2,cell(6,13),0).
org notification: Position [subject=a3, id=null, cell=Cell [x=11, y=17], time=2014-03-19 13:54:04.187, clock=0]
org notified found Position [subject=a3, id=null, cell=Cell [x=11, y=17], time=2014-03-19 13:54:04.187, clock=0]
org notified sent position(a3,cell(11,17),0).
org notification: Position [subject=a2, id=null, cell=Cell [x=6, y=12], time=2014-03-19 13:54:01.91, clock=0]
org notified found Position [subject=a2, id=null, cell=Cell [x=6, y=12], time=2014-03-19 13:54:01.91, clock=0]
org notified sent position(a2,cell(6,12),0).
org notification: Position [subject=t1, id=null, cell=Cell [x=14, y=19], time=2014-03-19 13:54:00.647, clock=0]
org notified found Position [subject=t1, id=null, cell=Cell [x=14, y=19], time=2014-03-19 13:54:00.647, clock=0]
org notified sent position(t1,cell(14,19),0).
org notification: Position [subject=a2, id=null, cell=Cell [x=6, y=11], time=2014-03-19 13:54:02.213, clock=0]
org notified found Position [subject=a2, id=null, cell=Cell [x=6, y=11], time=2014-03-19 13:54:02.213, clock=0]
org notified sent position(a2,cell(6,11),0).
org notification: Position [subject=a3, id=null, cell=Cell [x=11, y=18], time=2014-03-19 13:54:04.48, clock=0]
org notified found Position [subject=a3, id=null, cell=Cell [x=11, y=18], time=2014-03-19 13:54:04.48, clock=0]
org notified sent position(a3,cell(11,18),0).
org notification: Position [subject=a3, id=null, cell=Cell [x=11, y=19], time=2014-03-19 13:54:04.808, clock=0]
org notified found Position [subject=a3, id=null, cell=Cell [x=11, y=19], time=2014-03-19 13:54:04.808, clock=0]
org notified sent position(a3,cell(11,19),0).
org notification: Position [subject=a2, id=null, cell=Cell [x=6, y=10], time=2014-03-19 13:54:02.526, clock=0]
org notified found Position [subject=a2, id=null, cell=Cell [x=6, y=10], time=2014-03-19 13:54:02.526, clock=0]
org notified sent position(a2,cell(6,10),0).
org notification: Position [subject=t1, id=null, cell=Cell [x=13, y=19], time=2014-03-19 13:54:01.074, clock=0]
org notified found Position [subject=t1, id=null, cell=Cell [x=13, y=19], time=2014-03-19 13:54:01.074, clock=0]
org notified sent position(t1,cell(13,19),0).
org notification: Position [subject=a2, id=null, cell=Cell [x=6, y=9], time=2014-03-19 13:54:02.835, clock=0]
org notified found Position [subject=a2, id=null, cell=Cell [x=6, y=9], time=2014-03-19 13:54:02.835, clock=0]
org notified sent position(a2,cell(6,9),0).
org notification: Position [subject=a3, id=null, cell=Cell [x=12, y=19], time=2014-03-19 13:54:05.143, clock=0]
org notified found Position [subject=a3, id=null, cell=Cell [x=12, y=19], time=2014-03-19 13:54:05.143, clock=0]
org notified sent position(a3,cell(12,19),0).
org notification: Position [subject=a2, id=null, cell=Cell [x=6, y=8], time=2014-03-19 13:54:03.146, clock=0]
org notified found Position [subject=a2, id=null, cell=Cell [x=6, y=8], time=2014-03-19 13:54:03.146, clock=0]
org notified sent position(a2,cell(6,8),0).
org notification: Position [subject=t1, id=null, cell=Cell [x=12, y=19], time=2014-03-19 13:54:01.528, clock=0]
org notified found Position [subject=t1, id=null, cell=Cell [x=12, y=19], time=2014-03-19 13:54:01.528, clock=0]
org notified sent position(t1,cell(12,19),0).
org notification: Position [subject=a2, id=null, cell=Cell [x=6, y=7], time=2014-03-19 13:54:03.453, clock=0]
org notified found Position [subject=a2, id=null, cell=Cell [x=6, y=7], time=2014-03-19 13:54:03.453, clock=0]
org notified sent position(a2,cell(6,7),0).
org notification: Position [subject=a3, id=null, cell=Cell [x=13, y=19], time=2014-03-19 13:54:05.448, clock=0]
org notified found Position [subject=a3, id=null, cell=Cell [x=13, y=19], time=2014-03-19 13:54:05.448, clock=0]
org notified sent position(a3,cell(13,19),0).
org notification: Position [subject=a2, id=null, cell=Cell [x=6, y=6], time=2014-03-19 13:54:03.794, clock=0]
org notified found Position [subject=a2, id=null, cell=Cell [x=6, y=6], time=2014-03-19 13:54:03.794, clock=0]
org notified sent position(a2,cell(6,6),0).
org notification: Position [subject=t1, id=null, cell=Cell [x=11, y=19], time=2014-03-19 13:54:01.879, clock=0]
org notified found Position [subject=t1, id=null, cell=Cell [x=11, y=19], time=2014-03-19 13:54:01.879, clock=0]
org notified sent position(t1,cell(11,19),0).
org notification: Position [subject=t1, id=null, cell=Cell [x=10, y=19], time=2014-03-19 13:54:02.178, clock=0]
org notified found Position [subject=t1, id=null, cell=Cell [x=10, y=19], time=2014-03-19 13:54:02.178, clock=0]
org notified sent position(t1,cell(10,19),0).
org notification: Position [subject=a3, id=null, cell=Cell [x=14, y=19], time=2014-03-19 13:54:05.767, clock=0]
org notified found Position [subject=a3, id=null, cell=Cell [x=14, y=19], time=2014-03-19 13:54:05.767, clock=0]
org notified sent position(a3,cell(14,19),0).
org notification: Position [subject=t1, id=null, cell=Cell [x=9, y=19], time=2014-03-19 13:54:02.489, clock=0]
org notified found Position [subject=t1, id=null, cell=Cell [x=9, y=19], time=2014-03-19 13:54:02.489, clock=0]
org notified sent position(t1,cell(9,19),0).
org notification: Position [subject=a3, id=null, cell=Cell [x=15, y=19], time=2014-03-19 13:54:06.093, clock=0]
org notified found Position [subject=a3, id=null, cell=Cell [x=15, y=19], time=2014-03-19 13:54:06.093, clock=0]
org notified sent position(a3,cell(15,19),0).
org notification: Position [subject=t1, id=null, cell=Cell [x=8, y=19], time=2014-03-19 13:54:02.795, clock=0]
org notified found Position [subject=t1, id=null, cell=Cell [x=8, y=19], time=2014-03-19 13:54:02.795, clock=0]
org notified sent position(t1,cell(8,19),0).
org notification: Position [subject=a3, id=null, cell=Cell [x=16, y=19], time=2014-03-19 13:54:06.383, clock=0]
org notified found Position [subject=a3, id=null, cell=Cell [x=16, y=19], time=2014-03-19 13:54:06.383, clock=0]
org notified sent position(a3,cell(16,19),0).
org notification: Position [subject=t1, id=null, cell=Cell [x=7, y=19], time=2014-03-19 13:54:03.097, clock=0]
org notified found Position [subject=t1, id=null, cell=Cell [x=7, y=19], time=2014-03-19 13:54:03.097, clock=0]
org notified sent position(t1,cell(7,19),0).
org notification: Position [subject=a3, id=null, cell=Cell [x=17, y=19], time=2014-03-19 13:54:06.729, clock=0]
org notified found Position [subject=a3, id=null, cell=Cell [x=17, y=19], time=2014-03-19 13:54:06.729, clock=0]
org notified sent position(a3,cell(17,19),0).
org notification: Position [subject=t1, id=null, cell=Cell [x=6, y=19], time=2014-03-19 13:54:03.4, clock=0]
org notified found Position [subject=t1, id=null, cell=Cell [x=6, y=19], time=2014-03-19 13:54:03.4, clock=0]
org notified sent position(t1,cell(6,19),0).
org notification: Position [subject=a3, id=null, cell=Cell [x=18, y=19], time=2014-03-19 13:54:07.019, clock=0]
org notified found Position [subject=a3, id=null, cell=Cell [x=18, y=19], time=2014-03-19 13:54:07.019, clock=0]
org notified sent position(a3,cell(18,19),0).
org notification: Position [subject=t1, id=null, cell=Cell [x=5, y=19], time=2014-03-19 13:54:03.733, clock=0]
org notified found Position [subject=t1, id=null, cell=Cell [x=5, y=19], time=2014-03-19 13:54:03.733, clock=0]
org notified sent position(t1,cell(5,19),0).
org notification: Position [subject=a3, id=null, cell=Cell [x=19, y=19], time=2014-03-19 13:54:07.322, clock=0]
org notified found Position [subject=a3, id=null, cell=Cell [x=19, y=19], time=2014-03-19 13:54:07.322, clock=0]
org notified sent position(a3,cell(19,19),0).
org notification: Position [subject=t1, id=null, cell=Cell [x=4, y=19], time=2014-03-19 13:54:04.034, clock=0]
org notified found Position [subject=t1, id=null, cell=Cell [x=4, y=19], time=2014-03-19 13:54:04.034, clock=0]
org notified sent position(t1,cell(4,19),0).
org notification: Position [subject=t1, id=null, cell=Cell [x=3, y=19], time=2014-03-19 13:54:04.311, clock=0]
org notified found Position [subject=t1, id=null, cell=Cell [x=3, y=19], time=2014-03-19 13:54:04.311, clock=0]
org notified sent position(t1,cell(3,19),0).
org notification: Position [subject=t1, id=null, cell=Cell [x=2, y=19], time=2014-03-19 13:54:04.639, clock=0]
org notified found Position [subject=t1, id=null, cell=Cell [x=2, y=19], time=2014-03-19 13:54:04.639, clock=0]
org notified sent position(t1,cell(2,19),0).
org notification: Position [subject=t1, id=null, cell=Cell [x=2, y=18], time=2014-03-19 13:54:04.947, clock=0]
org notified found Position [subject=t1, id=null, cell=Cell [x=2, y=18], time=2014-03-19 13:54:04.947, clock=0]
org notified sent position(t1,cell(2,18),0).
org notification: Position [subject=t1, id=null, cell=Cell [x=2, y=17], time=2014-03-19 13:54:05.293, clock=0]
org notified found Position [subject=t1, id=null, cell=Cell [x=2, y=17], time=2014-03-19 13:54:05.293, clock=0]
org notified sent position(t1,cell(2,17),0).
org notification: Position [subject=t1, id=null, cell=Cell [x=2, y=16], time=2014-03-19 13:54:05.592, clock=0]
org notified found Position [subject=t1, id=null, cell=Cell [x=2, y=16], time=2014-03-19 13:54:05.592, clock=0]
org notified sent position(t1,cell(2,16),0).
org notification: Position [subject=t1, id=null, cell=Cell [x=2, y=15], time=2014-03-19 13:54:05.92, clock=0]
org notified found Position [subject=t1, id=null, cell=Cell [x=2, y=15], time=2014-03-19 13:54:05.92, clock=0]
org notified sent position(t1,cell(2,15),0).
org notification: Position [subject=t1, id=null, cell=Cell [x=2, y=14], time=2014-03-19 13:54:06.226, clock=0]
org notified found Position [subject=t1, id=null, cell=Cell [x=2, y=14], time=2014-03-19 13:54:06.226, clock=0]
org notified sent position(t1,cell(2,14),0).
org notification: Position [subject=t1, id=null, cell=Cell [x=2, y=13], time=2014-03-19 13:54:06.55, clock=0]
org notified found Position [subject=t1, id=null, cell=Cell [x=2, y=13], time=2014-03-19 13:54:06.55, clock=0]
org notified sent position(t1,cell(2,13),0).
org notification: Position [subject=t1, id=null, cell=Cell [x=2, y=12], time=2014-03-19 13:54:06.853, clock=0]
org notified found Position [subject=t1, id=null, cell=Cell [x=2, y=12], time=2014-03-19 13:54:06.853, clock=0]
org notified sent position(t1,cell(2,12),0).
org notification: Position [subject=t1, id=null, cell=Cell [x=2, y=11], time=2014-03-19 13:54:07.176, clock=0]
org notified found Position [subject=t1, id=null, cell=Cell [x=2, y=11], time=2014-03-19 13:54:07.176, clock=0]
org notified sent position(t1,cell(2,11),0).
org notification: Position [subject=t1, id=null, cell=Cell [x=2, y=10], time=2014-03-19 13:54:07.471, clock=0]
org notified found Position [subject=t1, id=null, cell=Cell [x=2, y=10], time=2014-03-19 13:54:07.471, clock=0]
org notified sent position(t1,cell(2,10),0).
org notification: Position [subject=t1, id=null, cell=Cell [x=2, y=9], time=2014-03-19 13:54:07.706, clock=0]
org notified found Position [subject=t1, id=null, cell=Cell [x=2, y=9], time=2014-03-19 13:54:07.706, clock=0]
org notified sent position(t1,cell(2,9),0).
org notification: Position [subject=t1, id=null, cell=Cell [x=2, y=8], time=2014-03-19 13:54:07.839, clock=0]
org notified found Position [subject=t1, id=null, cell=Cell [x=2, y=8], time=2014-03-19 13:54:07.839, clock=0]
org notified sent position(t1,cell(2,8),0).
org notification: Position [subject=t1, id=null, cell=Cell [x=2, y=7], time=2014-03-19 13:54:07.957, clock=0]
org notified found Position [subject=t1, id=null, cell=Cell [x=2, y=7], time=2014-03-19 13:54:07.957, clock=0]
org notified sent position(t1,cell(2,7),0).
org notification: Position [subject=t1, id=null, cell=Cell [x=2, y=6], time=2014-03-19 13:54:08.067, clock=0]
org notified found Position [subject=t1, id=null, cell=Cell [x=2, y=6], time=2014-03-19 13:54:08.067, clock=0]
org notified sent position(t1,cell(2,6),0).
org notification: Position [subject=t1, id=null, cell=Cell [x=2, y=5], time=2014-03-19 13:54:08.176, clock=0]
org notified found Position [subject=t1, id=null, cell=Cell [x=2, y=5], time=2014-03-19 13:54:08.176, clock=0]
org notified sent position(t1,cell(2,5),0).
org notification: Position [subject=t1, id=null, cell=Cell [x=2, y=4], time=2014-03-19 13:54:08.276, clock=0]
org notified found Position [subject=t1, id=null, cell=Cell [x=2, y=4], time=2014-03-19 13:54:08.276, clock=0]
org notified sent position(t1,cell(2,4),0).
org notification: Position [subject=t1, id=null, cell=Cell [x=2, y=3], time=2014-03-19 13:54:08.383, clock=0]
org notified found Position [subject=t1, id=null, cell=Cell [x=2, y=3], time=2014-03-19 13:54:08.383, clock=0]
org notified sent position(t1,cell(2,3),0).
org notification: Position [subject=t1, id=null, cell=Cell [x=2, y=2], time=2014-03-19 13:54:08.492, clock=0]
org notified found Position [subject=t1, id=null, cell=Cell [x=2, y=2], time=2014-03-19 13:54:08.492, clock=0]
org notified sent position(t1,cell(2,2),0).
org notification: Position [subject=a2, id=null, cell=Cell [x=6, y=7], time=2014-03-19 13:54:25.016, clock=0]
org notified found Position [subject=a2, id=null, cell=Cell [x=6, y=7], time=2014-03-19 13:54:25.016, clock=0]
org notified sent position(a2,cell(6,7),0).
org notification: Position [subject=a3, id=null, cell=Cell [x=18, y=19], time=2014-03-19 13:54:25.019, clock=0]
org notified found Position [subject=a3, id=null, cell=Cell [x=18, y=19], time=2014-03-19 13:54:25.019, clock=0]
org notified sent position(a3,cell(18,19),0).
org notification: Position [subject=a1, id=null, cell=Cell [x=6, y=7], time=2014-03-19 13:54:25.028, clock=0]
org notified found Position [subject=a1, id=null, cell=Cell [x=6, y=7], time=2014-03-19 13:54:25.028, clock=0]
org notified sent position(a1,cell(6,7),0).
org notification: Position [subject=a2, id=null, cell=Cell [x=6, y=8], time=2014-03-19 13:54:25.317, clock=0]
org notified found Position [subject=a2, id=null, cell=Cell [x=6, y=8], time=2014-03-19 13:54:25.317, clock=0]
org notified sent position(a2,cell(6,8),0).
org notification: Position [subject=a3, id=null, cell=Cell [x=17, y=19], time=2014-03-19 13:54:25.322, clock=0]
org notified found Position [subject=a3, id=null, cell=Cell [x=17, y=19], time=2014-03-19 13:54:25.322, clock=0]
org notified sent position(a3,cell(17,19),0).
org notification: Position [subject=a1, id=null, cell=Cell [x=6, y=8], time=2014-03-19 13:54:25.334, clock=0]
org notified found Position [subject=a1, id=null, cell=Cell [x=6, y=8], time=2014-03-19 13:54:25.334, clock=0]
org notified sent position(a1,cell(6,8),0).
org notification: Position [subject=a2, id=null, cell=Cell [x=6, y=9], time=2014-03-19 13:54:25.617, clock=0]
org notified found Position [subject=a2, id=null, cell=Cell [x=6, y=9], time=2014-03-19 13:54:25.617, clock=0]
org notified sent position(a2,cell(6,9),0).
org notification: Position [subject=a3, id=null, cell=Cell [x=16, y=19], time=2014-03-19 13:54:25.622, clock=0]
org notified found Position [subject=a3, id=null, cell=Cell [x=16, y=19], time=2014-03-19 13:54:25.622, clock=0]
org notified sent position(a3,cell(16,19),0).
org notification: Position [subject=a1, id=null, cell=Cell [x=6, y=9], time=2014-03-19 13:54:25.63, clock=0]
org notified found Position [subject=a1, id=null, cell=Cell [x=6, y=9], time=2014-03-19 13:54:25.63, clock=0]
org notified sent position(a1,cell(6,9),0).
org notification: Position [subject=a2, id=null, cell=Cell [x=6, y=10], time=2014-03-19 13:54:25.934, clock=0]
org notified found Position [subject=a2, id=null, cell=Cell [x=6, y=10], time=2014-03-19 13:54:25.934, clock=0]
org notified sent position(a2,cell(6,10),0).
org notification: Position [subject=a3, id=null, cell=Cell [x=15, y=19], time=2014-03-19 13:54:25.937, clock=0]
org notified found Position [subject=a3, id=null, cell=Cell [x=15, y=19], time=2014-03-19 13:54:25.937, clock=0]
org notified sent position(a3,cell(15,19),0).
org notification: Position [subject=a1, id=null, cell=Cell [x=6, y=10], time=2014-03-19 13:54:25.945, clock=0]
org notified found Position [subject=a1, id=null, cell=Cell [x=6, y=10], time=2014-03-19 13:54:25.945, clock=0]
org notified sent position(a1,cell(6,10),0).
org notification: Position [subject=a2, id=null, cell=Cell [x=7, y=10], time=2014-03-19 13:54:26.235, clock=0]
org notified found Position [subject=a2, id=null, cell=Cell [x=7, y=10], time=2014-03-19 13:54:26.235, clock=0]
org notified sent position(a2,cell(7,10),0).
org notification: Position [subject=a3, id=null, cell=Cell [x=14, y=19], time=2014-03-19 13:54:26.242, clock=0]
org notified found Position [subject=a3, id=null, cell=Cell [x=14, y=19], time=2014-03-19 13:54:26.242, clock=0]
org notified sent position(a3,cell(14,19),0).
org notification: Position [subject=a1, id=null, cell=Cell [x=7, y=10], time=2014-03-19 13:54:26.249, clock=0]
org notified found Position [subject=a1, id=null, cell=Cell [x=7, y=10], time=2014-03-19 13:54:26.249, clock=0]
org notified sent position(a1,cell(7,10),0).
org notification: Position [subject=a2, id=null, cell=Cell [x=8, y=10], time=2014-03-19 13:54:26.54, clock=0]
org notified found Position [subject=a2, id=null, cell=Cell [x=8, y=10], time=2014-03-19 13:54:26.54, clock=0]
org notified sent position(a2,cell(8,10),0).
org notification: Position [subject=a3, id=null, cell=Cell [x=13, y=19], time=2014-03-19 13:54:26.545, clock=0]
org notified found Position [subject=a3, id=null, cell=Cell [x=13, y=19], time=2014-03-19 13:54:26.545, clock=0]
org notified sent position(a3,cell(13,19),0).
org notification: Position [subject=a1, id=null, cell=Cell [x=8, y=10], time=2014-03-19 13:54:26.554, clock=0]
org notified found Position [subject=a1, id=null, cell=Cell [x=8, y=10], time=2014-03-19 13:54:26.554, clock=0]
org notified sent position(a1,cell(8,10),0).
org notification: Position [subject=a2, id=null, cell=Cell [x=9, y=10], time=2014-03-19 13:54:26.843, clock=0]
org notified found Position [subject=a2, id=null, cell=Cell [x=9, y=10], time=2014-03-19 13:54:26.843, clock=0]
org notified sent position(a2,cell(9,10),0).
org notification: Position [subject=a3, id=null, cell=Cell [x=12, y=19], time=2014-03-19 13:54:26.847, clock=0]
org notified found Position [subject=a3, id=null, cell=Cell [x=12, y=19], time=2014-03-19 13:54:26.847, clock=0]
org notified sent position(a3,cell(12,19),0).
org notification: Position [subject=a1, id=null, cell=Cell [x=9, y=10], time=2014-03-19 13:54:26.855, clock=0]
org notified found Position [subject=a1, id=null, cell=Cell [x=9, y=10], time=2014-03-19 13:54:26.855, clock=0]
org notified sent position(a1,cell(9,10),0).
org notification: Position [subject=a2, id=null, cell=Cell [x=10, y=10], time=2014-03-19 13:54:27.16, clock=0]
org notified found Position [subject=a2, id=null, cell=Cell [x=10, y=10], time=2014-03-19 13:54:27.16, clock=0]
org notified sent position(a2,cell(10,10),0).
org notification: Position [subject=a3, id=null, cell=Cell [x=11, y=19], time=2014-03-19 13:54:27.163, clock=0]
org notified found Position [subject=a3, id=null, cell=Cell [x=11, y=19], time=2014-03-19 13:54:27.163, clock=0]
org notified sent position(a3,cell(11,19),0).
org notification: Position [subject=a2, id=null, cell=Cell [x=11, y=10], time=2014-03-19 13:54:27.456, clock=0]
org notified found Position [subject=a2, id=null, cell=Cell [x=11, y=10], time=2014-03-19 13:54:27.456, clock=0]
org notified sent position(a2,cell(11,10),0).
org notification: Position [subject=a3, id=null, cell=Cell [x=10, y=19], time=2014-03-19 13:54:27.46, clock=0]
org notified found Position [subject=a3, id=null, cell=Cell [x=10, y=19], time=2014-03-19 13:54:27.46, clock=0]
org notified sent position(a3,cell(10,19),0).
org notification: Position [subject=a3, id=null, cell=Cell [x=10, y=18], time=2014-03-19 13:54:27.763, clock=0]
org notified found Position [subject=a3, id=null, cell=Cell [x=10, y=18], time=2014-03-19 13:54:27.763, clock=0]
org notified sent position(a3,cell(10,18),0).
org notification: Position [subject=a3, id=null, cell=Cell [x=10, y=17], time=2014-03-19 13:54:28.07, clock=0]
org notified found Position [subject=a3, id=null, cell=Cell [x=10, y=17], time=2014-03-19 13:54:28.07, clock=0]
org notified sent position(a3,cell(10,17),0).
org notification: Position [subject=a3, id=null, cell=Cell [x=10, y=16], time=2014-03-19 13:54:28.357, clock=0]
org notified found Position [subject=a3, id=null, cell=Cell [x=10, y=16], time=2014-03-19 13:54:28.357, clock=0]
org notified sent position(a3,cell(10,16),0).
org notification: Position [subject=a3, id=null, cell=Cell [x=10, y=15], time=2014-03-19 13:54:28.649, clock=0]
org notified found Position [subject=a3, id=null, cell=Cell [x=10, y=15], time=2014-03-19 13:54:28.649, clock=0]
org notified sent position(a3,cell(10,15),0).
org notification: Position [subject=a3, id=null, cell=Cell [x=10, y=14], time=2014-03-19 13:54:28.94, clock=0]
org notified found Position [subject=a3, id=null, cell=Cell [x=10, y=14], time=2014-03-19 13:54:28.94, clock=0]
org notified sent position(a3,cell(10,14),0).
org notification: Position [subject=a3, id=null, cell=Cell [x=10, y=13], time=2014-03-19 13:54:29.344, clock=0]
org notified found Position [subject=a3, id=null, cell=Cell [x=10, y=13], time=2014-03-19 13:54:29.344, clock=0]
org notified sent position(a3,cell(10,13),0).
org notification: Position [subject=a3, id=null, cell=Cell [x=10, y=12], time=2014-03-19 13:54:29.656, clock=0]
org notified found Position [subject=a3, id=null, cell=Cell [x=10, y=12], time=2014-03-19 13:54:29.656, clock=0]
org notified sent position(a3,cell(10,12),0).
org notification: Position [subject=a3, id=null, cell=Cell [x=10, y=11], time=2014-03-19 13:54:29.951, clock=0]
org notified found Position [subject=a3, id=null, cell=Cell [x=10, y=11], time=2014-03-19 13:54:29.951, clock=0]
org notified sent position(a3,cell(10,11),0).
