2014-03-26 10:00:36,476 CONFIG [com.gigaspaces.logger] - Log file: /Users/dxd/gigaspaces-xap-premium-9.5.1-ga/logs/2014-03-26~10.00-gigaspaces-service-128.243.23.149-13785.log
-------------------------last log tuples start--------------------------------
-------------------------last log tuples end----------------------------------
register a1
register a2
register a3
register a4
register c1
register t1
register ra1
org notification: Coin [id=null, cell=Cell [x=8, y=6], subject=a1, time=2014-03-26 10:00:42.391, clock=0]
org notified found Coin [id=null, cell=Cell [x=8, y=6], subject=a1, time=2014-03-26 10:00:42.391, clock=0]
org notified sent coin(cell(8,6),0,a1).
Organization notifies agent (write): Obligation [subject=ra1, obligation=[surround(10, 10)], sanction=[sanction_group(g, 1000)], deadline=15, time=2014-03-26 10:00:42.418, clock=0]
Organization notifies agent (write): Obligation [subject=a1, obligation=[west(10, 10, a1)], sanction=[reduce(a1, 1000)], deadline=15, time=2014-03-26 10:00:42.427, clock=0]
Organization notifies agent (write): Obligation [subject=a2, obligation=[east(10, 10, a2)], sanction=[reduce(a2, 1000)], deadline=15, time=2014-03-26 10:00:42.43, clock=0]
Organization notifies agent (write): Obligation [subject=a3, obligation=[north(10, 10, a3)], sanction=[reduce(a3, 1000)], deadline=15, time=2014-03-26 10:00:42.446, clock=0]
agent notification: Obligation [subject=ra1, obligation=[surround(10, 10)], sanction=[sanction_group(g, 1000)], deadline=15, time=2014-03-26 10:00:42.418, clock=0]
Event sent to agent      ra1 obligation([surround(10, 10)], 15, [sanction_group(g, 1000)])
Organization notifies agent (write): Obligation [subject=a4, obligation=[south(10, 10, a4)], sanction=[reduce(a4, 1000)], deadline=15, time=2014-03-26 10:00:42.453, clock=0]
agent notification: Obligation [subject=a1, obligation=[west(10, 10, a1)], sanction=[reduce(a1, 1000)], deadline=15, time=2014-03-26 10:00:42.427, clock=0]
Event sent to agent      a1 obligation([west(10, 10, a1)], 15, [reduce(a1, 1000)])
agent notification: Obligation [subject=a3, obligation=[north(10, 10, a3)], sanction=[reduce(a3, 1000)], deadline=15, time=2014-03-26 10:00:42.446, clock=0]
Event sent to agent      a3 obligation([north(10, 10, a3)], 15, [reduce(a3, 1000)])
org notification: Cargo [id=null, cell=Cell [x=19, y=19], time=2014-03-26 10:00:42.423, clock=0]
org notified found Cargo [id=null, cell=Cell [x=19, y=19], time=2014-03-26 10:00:42.423, clock=0]
org notified sent cargo(cell(19,19),0).
agent notification: Obligation [subject=a2, obligation=[east(10, 10, a2)], sanction=[reduce(a2, 1000)], deadline=15, time=2014-03-26 10:00:42.43, clock=0]
Event sent to agent      a2 obligation([east(10, 10, a2)], 15, [reduce(a2, 1000)])
agent notification: Obligation [subject=a4, obligation=[south(10, 10, a4)], sanction=[reduce(a4, 1000)], deadline=15, time=2014-03-26 10:00:42.453, clock=0]
Event sent to agent      a4 obligation([south(10, 10, a4)], 15, [reduce(a4, 1000)])
Event processed adoptObligation(surround(10, 10), 15, sanction_group(g, 1000))
Event processed adoptObligation(west(10, 10, a1), 15, reduce(a1, 1000))
Event processed adoptObligation(east(10, 10, a2), 15, reduce(a2, 1000))
Event processed adoptObligation(south(10, 10, a4), 15, reduce(a4, 1000))
Event processed adoptObligation(north(10, 10, a3), 15, reduce(a3, 1000))
org notification: Position [subject=a1, id=null, cell=Cell [x=3, y=4], time=2014-03-26 10:00:42.736, clock=0]
org notified found Position [subject=a1, id=null, cell=Cell [x=3, y=4], time=2014-03-26 10:00:42.736, clock=0]
org notified sent position(a1,cell(3,4),0).
org notification: Coin [id=null, cell=Cell [x=16, y=16], subject=a2, time=2014-03-26 10:00:43.443, clock=0]
org notified found Coin [id=null, cell=Cell [x=16, y=16], subject=a2, time=2014-03-26 10:00:43.443, clock=0]
org notified sent coin(cell(16,16),0,a2).
org notification: Position [subject=a2, id=null, cell=Cell [x=7, y=19], time=2014-03-26 10:00:42.762, clock=0]
org notified found Position [subject=a2, id=null, cell=Cell [x=7, y=19], time=2014-03-26 10:00:42.762, clock=0]
org notified sent position(a2,cell(7,19),0).
org notification: Coin [id=null, cell=Cell [x=2, y=2], subject=a3, time=2014-03-26 10:00:44.324, clock=0]
org notified found Coin [id=null, cell=Cell [x=2, y=2], subject=a3, time=2014-03-26 10:00:44.324, clock=0]
org notified sent coin(cell(2,2),0,a3).
org notification: Position [subject=t1, id=null, cell=Cell [x=18, y=19], time=2014-03-26 10:00:43.712, clock=0]
org notified found Position [subject=t1, id=null, cell=Cell [x=18, y=19], time=2014-03-26 10:00:43.712, clock=0]
org notified sent position(t1,cell(18,19),0).
org notification: Position [subject=a2, id=null, cell=Cell [x=8, y=19], time=2014-03-26 10:00:44.428, clock=0]
org notified found Position [subject=a2, id=null, cell=Cell [x=8, y=19], time=2014-03-26 10:00:44.428, clock=0]
org notified sent position(a2,cell(8,19),0).
org notification: Position [subject=a1, id=null, cell=Cell [x=3, y=5], time=2014-03-26 10:00:44.419, clock=0]
org notified found Position [subject=a1, id=null, cell=Cell [x=3, y=5], time=2014-03-26 10:00:44.419, clock=0]
org notified sent position(a1,cell(3,5),0).
org notification: Position [subject=t1, id=null, cell=Cell [x=17, y=19], time=2014-03-26 10:00:44.609, clock=0]
org notified found Position [subject=t1, id=null, cell=Cell [x=17, y=19], time=2014-03-26 10:00:44.609, clock=0]
org notified sent position(t1,cell(17,19),0).
org notification: Position [subject=a3, id=null, cell=Cell [x=11, y=3], time=2014-03-26 10:00:44.488, clock=0]
org notified found Position [subject=a3, id=null, cell=Cell [x=11, y=3], time=2014-03-26 10:00:44.488, clock=0]
org notified sent position(a3,cell(11,3),0).
org notification: Position [subject=a2, id=null, cell=Cell [x=9, y=19], time=2014-03-26 10:00:45.337, clock=0]
org notified found Position [subject=a2, id=null, cell=Cell [x=9, y=19], time=2014-03-26 10:00:45.337, clock=0]
org notified sent position(a2,cell(9,19),0).
org notification: Position [subject=a1, id=null, cell=Cell [x=3, y=6], time=2014-03-26 10:00:45.319, clock=0]
org notified found Position [subject=a1, id=null, cell=Cell [x=3, y=6], time=2014-03-26 10:00:45.319, clock=0]
org notified sent position(a1,cell(3,6),0).
Error while procession organization notification
java.lang.ArrayIndexOutOfBoundsException: -1
	at aplprolog.Parsing.IntPrologTokenManager.jjMoveNfa_0(IntPrologTokenManager.java:343)
	at aplprolog.Parsing.IntPrologTokenManager.jjMoveStringLiteralDfa0_0(IntPrologTokenManager.java:131)
	at aplprolog.Parsing.IntPrologTokenManager.getNextToken(IntPrologTokenManager.java:1042)
	at aplprolog.Parsing.IntProlog.jj_ntk(IntProlog.java:1333)
	at aplprolog.Parsing.IntProlog.Rule(IntProlog.java:244)
	at aplprolog.Parsing.IntProlog.parseFact(IntProlog.java:80)
	at geoSenseMW.EnvGeoSense.notifyOrg(EnvGeoSense.java:693)
	at geoSenseMW.OrgHandler.notify(OrgHandler.java:31)
	at com.j_spaces.core.client.NotifyDelegator.notify(NotifyDelegator.java:142)
	at com.gigaspaces.events.fifo.BlockedOrderedQueue$NotifyFifoTask.dequeueAndTrigger(BlockedOrderedQueue.java:319)
	at com.gigaspaces.events.fifo.BlockedOrderedQueue$NotifyFifoTask.run(BlockedOrderedQueue.java:290)
	at com.gigaspaces.internal.utils.concurrent.RunnableContextClassLoaderDecorator.run(RunnableContextClassLoaderDecorator.java:40)
	at java.util.concurrent.ThreadPoolExecutor$Worker.runTask(ThreadPoolExecutor.java:895)
	at java.util.concurrent.ThreadPoolExecutor$Worker.run(ThreadPoolExecutor.java:918)
	at java.lang.Thread.run(Thread.java:695)
aplprolog.Parsing.ParseException: Encountered " <STD_IDENTIFIER> "osition( "" at line 1, column 2.
Was expecting one of:
    ")" ...
    "," ...
    
Error while procession organization notification
java.lang.NullPointerException
	at oopl.DistributedOOPL.handleEvent(DistributedOOPL.java:49)
	at geoSenseMW.EnvGeoSense.notifyOrg(EnvGeoSense.java:693)
	at geoSenseMW.OrgHandler.notify(OrgHandler.java:31)
	at com.j_spaces.core.client.NotifyDelegator.notify(NotifyDelegator.java:142)
	at com.gigaspaces.events.fifo.BlockedOrderedQueue$NotifyFifoTask.dequeueAndTrigger(BlockedOrderedQueue.java:319)
	at com.gigaspaces.events.fifo.BlockedOrderedQueue$NotifyFifoTask.run(BlockedOrderedQueue.java:290)
	at com.gigaspaces.internal.utils.concurrent.RunnableContextClassLoaderDecorator.run(RunnableContextClassLoaderDecorator.java:40)
	at java.util.concurrent.ThreadPoolExecutor$Worker.runTask(ThreadPoolExecutor.java:895)
	at java.util.concurrent.ThreadPoolExecutor$Worker.run(ThreadPoolExecutor.java:918)
	at java.lang.Thread.run(Thread.java:695)
org notification: Position [subject=t1, id=null, cell=Cell [x=16, y=19], time=2014-03-26 10:00:45.485, clock=0]
org notified found Position [subject=t1, id=null, cell=Cell [x=16, y=19], time=2014-03-26 10:00:45.485, clock=0]
org notified sent position(t1,cell(16,19),0).
org notification: Position [subject=a3, id=null, cell=Cell [x=11, y=4], time=2014-03-26 10:00:45.392, clock=0]
org notified found Position [subject=a3, id=null, cell=Cell [x=11, y=4], time=2014-03-26 10:00:45.392, clock=0]
org notified sent position(a3,cell(11,4),0).
org notification: Position [subject=a2, id=null, cell=Cell [x=10, y=19], time=2014-03-26 10:00:46.127, clock=0]
org notified found Position [subject=a2, id=null, cell=Cell [x=10, y=19], time=2014-03-26 10:00:46.127, clock=0]
org notified sent position(a2,cell(10,19),0).
org notification: Position [subject=a1, id=null, cell=Cell [x=3, y=7], time=2014-03-26 10:00:46.117, clock=0]
org notified found Position [subject=a1, id=null, cell=Cell [x=3, y=7], time=2014-03-26 10:00:46.117, clock=0]
org notified sent position(a1,cell(3,7),0).
org notification: Position [subject=t1, id=null, cell=Cell [x=15, y=19], time=2014-03-26 10:00:46.248, clock=0]
org notification: Position [subject=a3, id=null, cell=Cell [x=11, y=5], time=2014-03-26 10:00:46.157, clock=0]
org notified found Position [subject=t1, id=null, cell=Cell [x=15, y=19], time=2014-03-26 10:00:46.248, clock=0]
org notified found Position [subject=a3, id=null, cell=Cell [x=11, y=5], time=2014-03-26 10:00:46.157, clock=0]
org notified sent position(a3,cell(11,5),0).
org notified sent position(t1,cell(15,19),0).
aplprolog.Parsing.ParseException: Encountered " <STD_IDENTIFIER> "cell "" at line 1, column 12.
Was expecting one of:
    "(" ...
    "." ...
    ":-" ...
    
Error while procession organization notification
java.lang.NullPointerException
	at oopl.DistributedOOPL.handleEvent(DistributedOOPL.java:49)
	at geoSenseMW.EnvGeoSense.notifyOrg(EnvGeoSense.java:693)
	at geoSenseMW.OrgHandler.notify(OrgHandler.java:31)
	at com.j_spaces.core.client.NotifyDelegator.notify(NotifyDelegator.java:142)
	at com.gigaspaces.events.fifo.BlockedOrderedQueue$NotifyFifoTask.dequeueAndTrigger(BlockedOrderedQueue.java:319)
	at com.gigaspaces.events.fifo.BlockedOrderedQueue$NotifyFifoTask.run(BlockedOrderedQueue.java:290)
	at com.gigaspaces.internal.utils.concurrent.RunnableContextClassLoaderDecorator.run(RunnableContextClassLoaderDecorator.java:40)
	at java.util.concurrent.ThreadPoolExecutor$Worker.runTask(ThreadPoolExecutor.java:895)
	at java.util.concurrent.ThreadPoolExecutor$Worker.run(ThreadPoolExecutor.java:918)
	at java.lang.Thread.run(Thread.java:695)
Error while procession organization notification
java.lang.NegativeArraySizeException
	at aplprolog.prolog.Prolog.extractArray(Prolog.java:477)
	at aplprolog.prolog.IntHarvester.checkVar(IntHarvester.java:256)
	at aplprolog.prolog.IntHarvester.handleVars(IntHarvester.java:222)
	at aplprolog.prolog.IntHarvester.unifyTerm(IntHarvester.java:185)
	at aplprolog.prolog.IntHarvester.unifyArguments(IntHarvester.java:278)
	at aplprolog.prolog.IntHarvester.unifyTerm(IntHarvester.java:192)
	at aplprolog.prolog.Prolog.headmatch(Prolog.java:388)
	at aplprolog.prolog.Prolog.findNextRule(Prolog.java:240)
	at aplprolog.prolog.Prolog.prove(Prolog.java:186)
	at aplprolog.prolog.Prolog.query(Prolog.java:120)
	at oopl.DistributedOOPL.handleEvent(DistributedOOPL.java:59)
	at geoSenseMW.EnvGeoSense.notifyOrg(EnvGeoSense.java:693)
	at geoSenseMW.OrgHandler.notify(OrgHandler.java:31)
	at com.j_spaces.core.client.NotifyDelegator.notify(NotifyDelegator.java:142)
	at com.gigaspaces.events.fifo.BlockedOrderedQueue$NotifyFifoTask.dequeueAndTrigger(BlockedOrderedQueue.java:319)
	at com.gigaspaces.events.fifo.BlockedOrderedQueue$NotifyFifoTask.run(BlockedOrderedQueue.java:290)
	at com.gigaspaces.internal.utils.concurrent.RunnableContextClassLoaderDecorator.run(RunnableContextClassLoaderDecorator.java:40)
	at java.util.concurrent.ThreadPoolExecutor$Worker.runTask(ThreadPoolExecutor.java:895)
	at java.util.concurrent.ThreadPoolExecutor$Worker.run(ThreadPoolExecutor.java:918)
	at java.lang.Thread.run(Thread.java:695)
org notification: Position [subject=a2, id=null, cell=Cell [x=11, y=19], time=2014-03-26 10:00:46.901, clock=0]
org notification: Position [subject=a1, id=null, cell=Cell [x=3, y=8], time=2014-03-26 10:00:46.889, clock=0]
org notified found Position [subject=a2, id=null, cell=Cell [x=11, y=19], time=2014-03-26 10:00:46.901, clock=0]
org notified found Position [subject=a1, id=null, cell=Cell [x=3, y=8], time=2014-03-26 10:00:46.889, clock=0]
org notified sent position(a1,cell(3,8),0).
org notified sent position(a2,cell(11,19),0).
Error while procession organization notification
java.lang.ArrayIndexOutOfBoundsException: -1
	at aplprolog.Parsing.IntPrologTokenManager.jjMoveNfa_0(IntPrologTokenManager.java:534)
	at aplprolog.Parsing.IntPrologTokenManager.jjMoveStringLiteralDfa0_0(IntPrologTokenManager.java:131)
	at aplprolog.Parsing.IntPrologTokenManager.getNextToken(IntPrologTokenManager.java:1042)
	at aplprolog.Parsing.IntProlog.jj_ntk(IntProlog.java:1333)
	at aplprolog.Parsing.IntProlog.Rule(IntProlog.java:244)
	at aplprolog.Parsing.IntProlog.parseFact(IntProlog.java:80)
	at geoSenseMW.EnvGeoSense.notifyOrg(EnvGeoSense.java:693)
	at geoSenseMW.OrgHandler.notify(OrgHandler.java:31)
	at com.j_spaces.core.client.NotifyDelegator.notify(NotifyDelegator.java:142)
	at com.gigaspaces.events.fifo.BlockedOrderedQueue$NotifyFifoTask.dequeueAndTrigger(BlockedOrderedQueue.java:319)
	at com.gigaspaces.events.fifo.BlockedOrderedQueue$NotifyFifoTask.run(BlockedOrderedQueue.java:290)
	at com.gigaspaces.internal.utils.concurrent.RunnableContextClassLoaderDecorator.run(RunnableContextClassLoaderDecorator.java:40)
	at java.util.concurrent.ThreadPoolExecutor$Worker.runTask(ThreadPoolExecutor.java:895)
	at java.util.concurrent.ThreadPoolExecutor$Worker.run(ThreadPoolExecutor.java:918)
	at java.lang.Thread.run(Thread.java:695)
aplprolog.Parsing.ParseException: Encountered " <STD_IDENTIFIER> "ition "" at line 1, column 4.
Was expecting one of:
    "(" ...
    "." ...
    ":-" ...
    
Error while procession organization notification
java.lang.NullPointerException
	at oopl.DistributedOOPL.handleEvent(DistributedOOPL.java:49)
	at geoSenseMW.EnvGeoSense.notifyOrg(EnvGeoSense.java:693)
	at geoSenseMW.OrgHandler.notify(OrgHandler.java:31)
	at com.j_spaces.core.client.NotifyDelegator.notify(NotifyDelegator.java:142)
	at com.gigaspaces.events.fifo.BlockedOrderedQueue$NotifyFifoTask.dequeueAndTrigger(BlockedOrderedQueue.java:319)
	at com.gigaspaces.events.fifo.BlockedOrderedQueue$NotifyFifoTask.run(BlockedOrderedQueue.java:290)
	at com.gigaspaces.internal.utils.concurrent.RunnableContextClassLoaderDecorator.run(RunnableContextClassLoaderDecorator.java:40)
	at java.util.concurrent.ThreadPoolExecutor$Worker.runTask(ThreadPoolExecutor.java:895)
	at java.util.concurrent.ThreadPoolExecutor$Worker.run(ThreadPoolExecutor.java:918)
	at java.lang.Thread.run(Thread.java:695)
org notification: Position [subject=t1, id=null, cell=Cell [x=14, y=19], time=2014-03-26 10:00:46.988, clock=0]
org notification: Position [subject=a3, id=null, cell=Cell [x=11, y=6], time=2014-03-26 10:00:46.909, clock=0]
org notified found Position [subject=t1, id=null, cell=Cell [x=14, y=19], time=2014-03-26 10:00:46.988, clock=0]
org notified found Position [subject=a3, id=null, cell=Cell [x=11, y=6], time=2014-03-26 10:00:46.909, clock=0]
org notified sent position(a3,cell(11,6),0).
org notified sent position(t1,cell(14,19),0).
Error while procession organization notification
java.lang.ArrayIndexOutOfBoundsException: -1
	at aplprolog.Parsing.SimpleCharStream.readChar(SimpleCharStream.java:198)
	at aplprolog.Parsing.IntPrologTokenManager.jjMoveNfa_0(IntPrologTokenManager.java:662)
	at aplprolog.Parsing.IntPrologTokenManager.jjMoveStringLiteralDfa0_0(IntPrologTokenManager.java:131)
	at aplprolog.Parsing.IntPrologTokenManager.getNextToken(IntPrologTokenManager.java:1042)
	at aplprolog.Parsing.IntProlog.jj_scan_token(IntProlog.java:1294)
	at aplprolog.Parsing.IntProlog.jj_3R_16(IntProlog.java:734)
	at aplprolog.Parsing.IntProlog.jj_3R_6(IntProlog.java:786)
	at aplprolog.Parsing.IntProlog.jj_3R_5(IntProlog.java:810)
	at aplprolog.Parsing.IntProlog.jj_3_2(IntProlog.java:1150)
	at aplprolog.Parsing.IntProlog.jj_2_2(IntProlog.java:723)
	at aplprolog.Parsing.IntProlog.Argument(IntProlog.java:381)
	at aplprolog.Parsing.IntProlog.Arguments(IntProlog.java:372)
	at aplprolog.Parsing.IntProlog.PosLiteral(IntProlog.java:317)
	at aplprolog.Parsing.IntProlog.Rule(IntProlog.java:250)
	at aplprolog.Parsing.IntProlog.parseFact(IntProlog.java:80)
	at geoSenseMW.EnvGeoSense.notifyOrg(EnvGeoSense.java:693)
	at geoSenseMW.OrgHandler.notify(OrgHandler.java:31)
	at com.j_spaces.core.client.NotifyDelegator.notify(NotifyDelegator.java:142)
	at com.gigaspaces.events.fifo.BlockedOrderedQueue$NotifyFifoTask.dequeueAndTrigger(BlockedOrderedQueue.java:319)
	at com.gigaspaces.events.fifo.BlockedOrderedQueue$NotifyFifoTask.run(BlockedOrderedQueue.java:290)
	at com.gigaspaces.internal.utils.concurrent.RunnableContextClassLoaderDecorator.run(RunnableContextClassLoaderDecorator.java:40)
	at java.util.concurrent.ThreadPoolExecutor$Worker.runTask(ThreadPoolExecutor.java:895)
	at java.util.concurrent.ThreadPoolExecutor$Worker.run(ThreadPoolExecutor.java:918)
	at java.lang.Thread.run(Thread.java:695)
org notification: Position [subject=a1, id=null, cell=Cell [x=3, y=9], time=2014-03-26 10:00:47.648, clock=0]
org notified found Position [subject=a1, id=null, cell=Cell [x=3, y=9], time=2014-03-26 10:00:47.648, clock=0]
org notification: Position [subject=a2, id=null, cell=Cell [x=11, y=18], time=2014-03-26 10:00:47.653, clock=0]
org notified found Position [subject=a2, id=null, cell=Cell [x=11, y=18], time=2014-03-26 10:00:47.653, clock=0]
org notified sent position(a2,cell(11,18),0).
org notified sent position(a1,cell(3,9),0).
org notification: Position [subject=a3, id=null, cell=Cell [x=11, y=7], time=2014-03-26 10:00:47.67, clock=0]
org notification: Position [subject=t1, id=null, cell=Cell [x=13, y=19], time=2014-03-26 10:00:47.729, clock=0]
org notified found Position [subject=a3, id=null, cell=Cell [x=11, y=7], time=2014-03-26 10:00:47.67, clock=0]
org notified sent position(a3,cell(11,7),0).
org notified found Position [subject=t1, id=null, cell=Cell [x=13, y=19], time=2014-03-26 10:00:47.729, clock=0]
org notified sent position(t1,cell(13,19),0).
Error while procession organization notification
java.lang.ArrayIndexOutOfBoundsException: -1
	at aplprolog.Parsing.IntPrologTokenManager.jjMoveNfa_0(IntPrologTokenManager.java:534)
	at aplprolog.Parsing.IntPrologTokenManager.jjMoveStringLiteralDfa0_0(IntPrologTokenManager.java:131)
	at aplprolog.Parsing.IntPrologTokenManager.getNextToken(IntPrologTokenManager.java:1042)
	at aplprolog.Parsing.IntProlog.jj_ntk(IntProlog.java:1333)
	at aplprolog.Parsing.IntProlog.Rule(IntProlog.java:244)
	at aplprolog.Parsing.IntProlog.parseFact(IntProlog.java:80)
	at geoSenseMW.EnvGeoSense.notifyOrg(EnvGeoSense.java:693)
	at geoSenseMW.OrgHandler.notify(OrgHandler.java:31)
	at com.j_spaces.core.client.NotifyDelegator.notify(NotifyDelegator.java:142)
	at com.gigaspaces.events.fifo.BlockedOrderedQueue$NotifyFifoTask.dequeueAndTrigger(BlockedOrderedQueue.java:319)
	at com.gigaspaces.events.fifo.BlockedOrderedQueue$NotifyFifoTask.run(BlockedOrderedQueue.java:290)
	at com.gigaspaces.internal.utils.concurrent.RunnableContextClassLoaderDecorator.run(RunnableContextClassLoaderDecorator.java:40)
	at java.util.concurrent.ThreadPoolExecutor$Worker.runTask(ThreadPoolExecutor.java:895)
	at java.util.concurrent.ThreadPoolExecutor$Worker.run(ThreadPoolExecutor.java:918)
	at java.lang.Thread.run(Thread.java:695)
aplprolog.Parsing.ParseException: Encountered " <STD_IDENTIFIER> "ositio "" at line 1, column 2.
Was expecting:
    "(" ...
    
Error while procession organization notification
java.lang.NullPointerException
	at oopl.DistributedOOPL.handleEvent(DistributedOOPL.java:49)
	at geoSenseMW.EnvGeoSense.notifyOrg(EnvGeoSense.java:693)
	at geoSenseMW.OrgHandler.notify(OrgHandler.java:31)
	at com.j_spaces.core.client.NotifyDelegator.notify(NotifyDelegator.java:142)
	at com.gigaspaces.events.fifo.BlockedOrderedQueue$NotifyFifoTask.dequeueAndTrigger(BlockedOrderedQueue.java:319)
	at com.gigaspaces.events.fifo.BlockedOrderedQueue$NotifyFifoTask.run(BlockedOrderedQueue.java:290)
	at com.gigaspaces.internal.utils.concurrent.RunnableContextClassLoaderDecorator.run(RunnableContextClassLoaderDecorator.java:40)
	at java.util.concurrent.ThreadPoolExecutor$Worker.runTask(ThreadPoolExecutor.java:895)
	at java.util.concurrent.ThreadPoolExecutor$Worker.run(ThreadPoolExecutor.java:918)
	at java.lang.Thread.run(Thread.java:695)
org notification: Position [subject=a1, id=null, cell=Cell [x=3, y=10], time=2014-03-26 10:00:48.436, clock=0]
org notified found Position [subject=a1, id=null, cell=Cell [x=3, y=10], time=2014-03-26 10:00:48.436, clock=0]
org notified sent position(a1,cell(3,10),0).
org notification: Position [subject=a2, id=null, cell=Cell [x=11, y=17], time=2014-03-26 10:00:48.441, clock=0]
org notified found Position [subject=a2, id=null, cell=Cell [x=11, y=17], time=2014-03-26 10:00:48.441, clock=0]
org notified sent position(a2,cell(11,17),0).
org notification: Position [subject=a3, id=null, cell=Cell [x=11, y=8], time=2014-03-26 10:00:48.46, clock=0]
org notification: Position [subject=t1, id=null, cell=Cell [x=12, y=19], time=2014-03-26 10:00:48.505, clock=0]
org notified found Position [subject=a3, id=null, cell=Cell [x=11, y=8], time=2014-03-26 10:00:48.46, clock=0]
org notified found Position [subject=t1, id=null, cell=Cell [x=12, y=19], time=2014-03-26 10:00:48.505, clock=0]
org notified sent position(t1,cell(12,19),0).
org notified sent position(a3,cell(11,8),0).
aplprolog.Parsing.ParseException: Encountered " "(" "( "" at line 1, column 9.
Was expecting one of:
    <CHARACTER_LITERAL> ...
    <STD_IDENTIFIER> ...
    ";" ...
    "." ...
    "->" ...
    ":-" ...
    "|" ...
    
Error while procession organization notification
java.lang.NullPointerException
	at oopl.DistributedOOPL.handleEvent(DistributedOOPL.java:49)
	at geoSenseMW.EnvGeoSense.notifyOrg(EnvGeoSense.java:693)
	at geoSenseMW.OrgHandler.notify(OrgHandler.java:31)
	at com.j_spaces.core.client.NotifyDelegator.notify(NotifyDelegator.java:142)
	at com.gigaspaces.events.fifo.BlockedOrderedQueue$NotifyFifoTask.dequeueAndTrigger(BlockedOrderedQueue.java:319)
	at com.gigaspaces.events.fifo.BlockedOrderedQueue$NotifyFifoTask.run(BlockedOrderedQueue.java:290)
	at com.gigaspaces.internal.utils.concurrent.RunnableContextClassLoaderDecorator.run(RunnableContextClassLoaderDecorator.java:40)
	at java.util.concurrent.ThreadPoolExecutor$Worker.runTask(ThreadPoolExecutor.java:895)
	at java.util.concurrent.ThreadPoolExecutor$Worker.run(ThreadPoolExecutor.java:918)
	at java.lang.Thread.run(Thread.java:695)
aplprolog.Parsing.ParseException: Encountered "<EOF>" at line 1, column 27.
Was expecting one of:
    <INTEGER_LITERAL> ...
    <FLOATING_POINT_LITERAL> ...
    <CHARACTER_LITERAL> ...
    <STD_IDENTIFIER> ...
    <VAR_IDENTIFIER> ...
    "(" ...
    "[" ...
    ";" ...
    "!" ...
    "-" ...
    "->" ...
    "\\+" ...
    "|" ...
    "-" ...
    <STD_IDENTIFIER> ...
    <CHARACTER_LITERAL> ...
    "->" ...
    ";" ...
    "|" ...
    "\\+" ...
    <INTEGER_LITERAL> ...
    <FLOATING_POINT_LITERAL> ...
    <VAR_IDENTIFIER> ...
    "!" ...
    "(" ...
    "[" ...
    "-" ...
    <STD_IDENTIFIER> ...
    <CHARACTER_LITERAL> ...
    "->" ...
    ";" ...
    "|" ...
    "\\+" ...
    <INTEGER_LITERAL> ...
    <FLOATING_POINT_LITERAL> ...
    <VAR_IDENTIFIER> ...
    "!" ...
    "(" ...
    "[" ...
    "[" ...
    "-" ...
    <STD_IDENTIFIER> ...
    <CHARACTER_LITERAL> ...
    "->" ...
    ";" ...
    "|" ...
    "\\+" ...
    <INTEGER_LITERAL> ...
    <FLOATING_POINT_LITERAL> ...
    <VAR_IDENTIFIER> ...
    "!" ...
    "(" ...
    "[" ...
    
Error while procession organization notification
java.lang.NullPointerException
	at oopl.DistributedOOPL.handleEvent(DistributedOOPL.java:49)
	at geoSenseMW.EnvGeoSense.notifyOrg(EnvGeoSense.java:693)
	at geoSenseMW.OrgHandler.notify(OrgHandler.java:31)
	at com.j_spaces.core.client.NotifyDelegator.notify(NotifyDelegator.java:142)
	at com.gigaspaces.events.fifo.BlockedOrderedQueue$NotifyFifoTask.dequeueAndTrigger(BlockedOrderedQueue.java:319)
	at com.gigaspaces.events.fifo.BlockedOrderedQueue$NotifyFifoTask.run(BlockedOrderedQueue.java:290)
	at com.gigaspaces.internal.utils.concurrent.RunnableContextClassLoaderDecorator.run(RunnableContextClassLoaderDecorator.java:40)
	at java.util.concurrent.ThreadPoolExecutor$Worker.runTask(ThreadPoolExecutor.java:895)
	at java.util.concurrent.ThreadPoolExecutor$Worker.run(ThreadPoolExecutor.java:918)
	at java.lang.Thread.run(Thread.java:695)
