2014-03-19 14:52:10,550 CONFIG [com.gigaspaces.logger] - Log file: /Users/dxd/gigaspaces-xap-premium-9.5.1-ga/logs/2014-03-19~14.52-gigaspaces-service-128.243.23.149-5386.log
-------------------------last log tuples start--------------------------------
Position [subject=t1, id=null, cell=Cell [x=2, y=8], time=2014-03-19 14:30:07.436, clock=0]
Cargo [id=null, cell=Cell [x=19, y=19], time=2014-03-19 14:29:47.468, clock=0]
Position [subject=t1, id=null, cell=Cell [x=2, y=15], time=2014-03-19 14:30:02.801, clock=0]
Obligation [subject=ra1, obligation=[group_action(surround(10, 10))], sanction=[sanction_group(g, 1000)], deadline=15, time=2014-03-19 14:29:47.492, clock=0]
Obligation [subject=a1, obligation=[west(10, 10, a1)], sanction=[reduce(a1, _)], deadline=15, time=2014-03-19 14:29:47.503, clock=0]
Coin [id=null, cell=Cell [x=2, y=2], subject=a3, time=2014-03-19 14:29:49.426, clock=0]
Position [subject=t1, id=null, cell=Cell [x=2, y=11], time=2014-03-19 14:30:05.459, clock=0]
Coin [id=null, cell=Cell [x=16, y=16], subject=a2, time=2014-03-19 14:29:48.58, clock=0]
Coin [id=null, cell=Cell [x=8, y=6], subject=a1, time=2014-03-19 14:29:47.535, clock=0]
Obligation [subject=a3, obligation=[north(10, 10, a3)], sanction=[reduce(a3, _)], deadline=15, time=2014-03-19 14:29:47.515, clock=0]
Obligation [subject=a4, obligation=[south(10, 10, a4)], sanction=[reduce(a4, _)], deadline=15, time=2014-03-19 14:29:47.522, clock=0]
Obligation [subject=a2, obligation=[east(10, 10, a2)], sanction=[reduce(a2, _)], deadline=15, time=2014-03-19 14:29:47.511, clock=0]
ActionRequest [id=null, subject=a1, type=reading, cell=Cell [x=9, y=10], clock=0, time=2014-03-19 14:30:08.747]
ActionRequest [id=null, subject=a1, type=reading, cell=Cell [x=9, y=10], clock=0, time=2014-03-19 14:30:06.26]
ActionRequest [id=null, subject=a4, type=reading, cell=Cell [x=10, y=9], clock=0, time=2014-03-19 14:30:06.057]
Position [subject=t1, id=null, cell=Cell [x=2, y=19], time=2014-03-19 14:30:00.067, clock=0]
ActionRequest [id=null, subject=a2, type=reading, cell=Cell [x=11, y=10], clock=0, time=2014-03-19 14:30:06.054]
Position [subject=t1, id=null, cell=Cell [x=2, y=18], time=2014-03-19 14:30:00.742, clock=0]
ActionRequest [id=null, subject=a1, type=reading, cell=Cell [x=9, y=10], clock=0, time=2014-03-19 14:30:04.631]
ActionRequest [id=null, subject=a1, type=reading, cell=Cell [x=9, y=10], clock=0, time=2014-03-19 14:30:09.567]
ActionRequest [id=null, subject=a4, type=reading, cell=Cell [x=10, y=9], clock=0, time=2014-03-19 14:30:09.368]
ActionRequest [id=null, subject=a4, type=reading, cell=Cell [x=10, y=9], clock=0, time=2014-03-19 14:30:05.248]
ActionRequest [id=null, subject=a3, type=reading, cell=Cell [x=10, y=11], clock=0, time=2014-03-19 14:30:09.813]
Position [subject=t1, id=null, cell=Cell [x=5, y=19], time=2014-03-19 14:29:58.051, clock=0]
ActionRequest [id=null, subject=a2, type=reading, cell=Cell [x=11, y=10], clock=0, time=2014-03-19 14:30:09.364]
ActionRequest [id=null, subject=a2, type=reading, cell=Cell [x=11, y=10], clock=0, time=2014-03-19 14:30:06.882]
ActionRequest [id=null, subject=a3, type=reading, cell=Cell [x=10, y=11], clock=0, time=2014-03-19 14:30:08.999]
ActionRequest [id=null, subject=a3, type=reading, cell=Cell [x=10, y=11], clock=0, time=2014-03-19 14:30:07.334]
ActionRequest [id=null, subject=a4, type=reading, cell=Cell [x=10, y=9], clock=0, time=2014-03-19 14:30:08.552]
ActionRequest [id=null, subject=a4, type=reading, cell=Cell [x=10, y=9], clock=0, time=2014-03-19 14:30:07.717]
ActionRequest [id=null, subject=a4, type=reading, cell=Cell [x=10, y=9], clock=0, time=2014-03-19 14:30:02.75]
ActionRequest [id=null, subject=a2, type=reading, cell=Cell [x=11, y=10], clock=0, time=2014-03-19 14:30:02.746]
ActionRequest [id=null, subject=a4, type=reading, cell=Cell [x=10, y=9], clock=0, time=2014-03-19 14:30:04.431]
Position [subject=t1, id=null, cell=Cell [x=2, y=16], time=2014-03-19 14:30:02.132, clock=0]
ActionRequest [id=null, subject=a1, type=reading, cell=Cell [x=9, y=10], clock=0, time=2014-03-19 14:30:02.111]
Position [subject=a2, id=null, cell=Cell [x=11, y=12], time=2014-03-19 14:29:56.611, clock=0]
ActionRequest [id=null, subject=a3, type=reading, cell=Cell [x=10, y=11], clock=0, time=2014-03-19 14:30:00.649]
Position [subject=t1, id=null, cell=Cell [x=2, y=12], time=2014-03-19 14:30:04.806, clock=0]
ActionRequest [id=null, subject=a2, type=reading, cell=Cell [x=11, y=10], clock=0, time=2014-03-19 14:30:07.713]
ActionRequest [id=null, subject=a3, type=reading, cell=Cell [x=10, y=11], clock=0, time=2014-03-19 14:30:04.053]
Position [subject=a4, id=null, cell=Cell [x=10, y=9], time=2014-03-19 14:29:54.558, clock=0]
ActionRequest [id=null, subject=a2, type=reading, cell=Cell [x=11, y=10], clock=0, time=2014-03-19 14:30:08.549]
ActionRequest [id=null, subject=a2, type=reading, cell=Cell [x=11, y=10], clock=0, time=2014-03-19 14:30:05.245]
ActionRequest [id=null, subject=a3, type=reading, cell=Cell [x=10, y=11], clock=0, time=2014-03-19 14:30:03.211]
Position [subject=a3, id=null, cell=Cell [x=11, y=9], time=2014-03-19 14:29:53.823, clock=0]
ActionRequest [id=null, subject=a3, type=reading, cell=Cell [x=10, y=11], clock=0, time=2014-03-19 14:30:08.155]
ActionRequest [id=null, subject=a3, type=reading, cell=Cell [x=10, y=11], clock=0, time=2014-03-19 14:30:05.693]
ActionRequest [id=null, subject=a4, type=reading, cell=Cell [x=10, y=9], clock=0, time=2014-03-19 14:29:55.934]
ActionRequest [id=null, subject=a1, type=reading, cell=Cell [x=9, y=10], clock=0, time=2014-03-19 14:30:03.799]
Position [subject=t1, id=null, cell=Cell [x=6, y=19], time=2014-03-19 14:29:57.358, clock=0]
ActionRequest [id=null, subject=a1, type=reading, cell=Cell [x=9, y=10], clock=0, time=2014-03-19 14:30:07.911]
Position [subject=a1, id=null, cell=Cell [x=4, y=10], time=2014-03-19 14:29:53.915, clock=0]
ActionRequest [id=null, subject=a2, type=reading, cell=Cell [x=11, y=10], clock=0, time=2014-03-19 14:30:01.911]
ActionRequest [id=null, subject=a4, type=reading, cell=Cell [x=10, y=9], clock=0, time=2014-03-19 14:30:01.915]
ActionRequest [id=null, subject=a4, type=reading, cell=Cell [x=10, y=9], clock=0, time=2014-03-19 14:29:58.497]
Position [subject=t1, id=null, cell=Cell [x=12, y=19], time=2014-03-19 14:29:53.24, clock=0]
ActionRequest [id=null, subject=a3, type=reading, cell=Cell [x=10, y=11], clock=0, time=2014-03-19 14:30:04.875]
ActionRequest [id=null, subject=a1, type=reading, cell=Cell [x=9, y=10], clock=0, time=2014-03-19 14:30:02.953]
ActionRequest [id=null, subject=a2, type=reading, cell=Cell [x=11, y=10], clock=0, time=2014-03-19 14:30:01.029]
ActionRequest [id=null, subject=a4, type=reading, cell=Cell [x=10, y=9], clock=0, time=2014-03-19 14:30:06.885]
Position [subject=a2, id=null, cell=Cell [x=11, y=14], time=2014-03-19 14:29:55.231, clock=0]
ActionRequest [id=null, subject=a1, type=reading, cell=Cell [x=9, y=10], clock=0, time=2014-03-19 14:30:07.075]
Position [subject=t1, id=null, cell=Cell [x=7, y=19], time=2014-03-19 14:29:56.662, clock=0]
ActionRequest [id=null, subject=a1, type=reading, cell=Cell [x=9, y=10], clock=0, time=2014-03-19 14:30:05.445]
ActionRequest [id=null, subject=a1, type=reading, cell=Cell [x=9, y=10], clock=0, time=2014-03-19 14:30:01.233]
ActionRequest [id=null, subject=a1, type=reading, cell=Cell [x=9, y=10], clock=0, time=2014-03-19 14:30:00.393]
ActionRequest [id=null, subject=a2, type=reading, cell=Cell [x=11, y=10], clock=0, time=2014-03-19 14:29:59.344]
Position [subject=a1, id=null, cell=Cell [x=3, y=9], time=2014-03-19 14:29:52.499, clock=0]
ActionRequest [id=null, subject=a3, type=reading, cell=Cell [x=10, y=11], clock=0, time=2014-03-19 14:30:02.375]
Position [subject=t1, id=null, cell=Cell [x=2, y=13], time=2014-03-19 14:30:04.157, clock=0]
Position [subject=a3, id=null, cell=Cell [x=11, y=10], time=2014-03-19 14:29:54.505, clock=0]
ActionRequest [id=null, subject=a3, type=reading, cell=Cell [x=10, y=11], clock=0, time=2014-03-19 14:29:58.949]
ActionRequest [id=null, subject=a1, type=reading, cell=Cell [x=9, y=10], clock=0, time=2014-03-19 14:29:57.87]
Position [subject=t1, id=null, cell=Cell [x=2, y=7], time=2014-03-19 14:30:08.088, clock=0]
ActionRequest [id=null, subject=a2, type=reading, cell=Cell [x=11, y=10], clock=0, time=2014-03-19 14:29:58.494]
ActionRequest [id=null, subject=a1, type=reading, cell=Cell [x=9, y=10], clock=0, time=2014-03-19 14:29:58.686]
ActionRequest [id=null, subject=a3, type=reading, cell=Cell [x=11, y=1], clock=0, time=2014-03-19 14:29:46.934]
ActionRequest [id=null, subject=a4, type=reading, cell=Cell [x=10, y=9], clock=0, time=2014-03-19 14:30:00.209]
Position [subject=a3, id=null, cell=Cell [x=11, y=8], time=2014-03-19 14:29:53.139, clock=0]
ActionRequest [id=null, subject=a3, type=reading, cell=Cell [x=10, y=11], clock=0, time=2014-03-19 14:29:58.122]
Position [subject=a4, id=null, cell=Cell [x=11, y=8], time=2014-03-19 14:29:53.194, clock=0]
ActionRequest [id=null, subject=a2, type=reading, cell=Cell [x=11, y=10], clock=0, time=2014-03-19 14:30:04.426]
ActionRequest [id=null, subject=a2, type=reading, cell=Cell [x=11, y=10], clock=0, time=2014-03-19 14:30:03.599]
Position [subject=t1, id=null, cell=Cell [x=2, y=17], time=2014-03-19 14:30:01.408, clock=0]
ActionRequest [id=null, subject=ra1, type=reading, cell=Cell [x=5, y=5], clock=0, time=2014-03-19 14:29:51.011]
ActionRequest [id=null, subject=a2, type=reading, cell=Cell [x=11, y=10], clock=0, time=2014-03-19 14:30:00.205]
ActionRequest [id=null, subject=a3, type=reading, cell=Cell [x=10, y=11], clock=0, time=2014-03-19 14:29:59.802]
Position [subject=a4, id=null, cell=Cell [x=11, y=7], time=2014-03-19 14:29:52.463, clock=0]
Position [subject=t1, id=null, cell=Cell [x=2, y=5], time=2014-03-19 14:30:09.416, clock=0]
ActionRequest [id=null, subject=a3, type=reading, cell=Cell [x=10, y=11], clock=0, time=2014-03-19 14:29:57.251]
Position [subject=t1, id=null, cell=Cell [x=9, y=19], time=2014-03-19 14:29:55.284, clock=0]
ActionRequest [id=null, subject=a4, type=reading, cell=Cell [x=10, y=9], clock=0, time=2014-03-19 14:29:56.782]
Position [subject=a1, id=null, cell=Cell [x=8, y=10], time=2014-03-19 14:29:56.65, clock=0]
ActionRequest [id=null, subject=a4, type=reading, cell=Cell [x=11, y=1], clock=0, time=2014-03-19 14:29:46.97]
ActionRequest [id=null, subject=a3, type=reading, cell=Cell [x=10, y=11], clock=0, time=2014-03-19 14:30:01.481]
Position [subject=a1, id=null, cell=Cell [x=9, y=10], time=2014-03-19 14:29:57.345, clock=0]
ActionRequest [id=null, subject=a3, type=reading, cell=Cell [x=10, y=11], clock=0, time=2014-03-19 14:29:56.399]
ActionRequest [id=null, subject=a3, type=reading, cell=Cell [x=10, y=11], clock=0, time=2014-03-19 14:30:06.505]
ActionRequest [id=null, subject=a4, type=reading, cell=Cell [x=10, y=9], clock=0, time=2014-03-19 14:29:59.348]
Position [subject=a3, id=null, cell=Cell [x=11, y=6], time=2014-03-19 14:29:51.696, clock=0]
Position [subject=t1, id=null, cell=Cell [x=2, y=14], time=2014-03-19 14:30:03.485, clock=0]
ActionRequest [id=null, subject=a4, type=reading, cell=Cell [x=10, y=9], clock=0, time=2014-03-19 14:29:57.648]
ActionRequest [id=null, subject=a4, type=reading, cell=Cell [x=10, y=9], clock=0, time=2014-03-19 14:30:03.602]
Position [subject=t1, id=null, cell=Cell [x=11, y=19], time=2014-03-19 14:29:53.928, clock=0]
ActionRequest [id=null, subject=a4, type=reading, cell=Cell [x=10, y=9], clock=0, time=2014-03-19 14:30:01.032]
ActionRequest [id=null, subject=a1, type=reading, cell=Cell [x=9, y=10], clock=0, time=2014-03-19 14:29:59.549]
ActionRequest [id=null, subject=a4, type=reading, cell=Cell [x=10, y=9], clock=0, time=2014-03-19 14:29:55.063]
Position [subject=t1, id=null, cell=Cell [x=4, y=19], time=2014-03-19 14:29:58.705, clock=0]
Position [subject=ra1, id=null, cell=Cell [x=5, y=6], time=2014-03-19 14:29:51.951, clock=0]
Position [subject=t1, id=null, cell=Cell [x=2, y=10], time=2014-03-19 14:30:06.111, clock=0]
Position [subject=t1, id=null, cell=Cell [x=2, y=9], time=2014-03-19 14:30:06.766, clock=0]
Position [subject=t1, id=null, cell=Cell [x=16, y=19], time=2014-03-19 14:29:50.334, clock=0]
Position [subject=a1, id=null, cell=Cell [x=7, y=10], time=2014-03-19 14:29:55.967, clock=0]
Position [subject=t1, id=null, cell=Cell [x=3, y=19], time=2014-03-19 14:29:59.398, clock=0]
Position [subject=a3, id=null, cell=Cell [x=10, y=11], time=2014-03-19 14:29:55.869, clock=0]
Position [subject=a2, id=null, cell=Cell [x=11, y=13], time=2014-03-19 14:29:55.93, clock=0]
Position [subject=a1, id=null, cell=Cell [x=6, y=10], time=2014-03-19 14:29:55.266, clock=0]
Position [subject=a1, id=null, cell=Cell [x=3, y=7], time=2014-03-19 14:29:51.029, clock=0]
Position [subject=a2, id=null, cell=Cell [x=10, y=19], time=2014-03-19 14:29:50.982, clock=0]
Position [subject=a3, id=null, cell=Cell [x=11, y=5], time=2014-03-19 14:29:50.929, clock=0]
Position [subject=t1, id=null, cell=Cell [x=13, y=19], time=2014-03-19 14:29:52.515, clock=0]
Position [subject=a4, id=null, cell=Cell [x=11, y=4], time=2014-03-19 14:29:50.221, clock=0]
Position [subject=ra1, id=null, cell=Cell [x=4, y=5], time=2014-03-19 14:29:49.642, clock=0]
Position [subject=a2, id=null, cell=Cell [x=9, y=19], time=2014-03-19 14:29:50.216, clock=0]
Position [subject=a1, id=null, cell=Cell [x=5, y=10], time=2014-03-19 14:29:54.592, clock=0]
Position [subject=a1, id=null, cell=Cell [x=3, y=10], time=2014-03-19 14:29:53.225, clock=0]
Position [subject=t1, id=null, cell=Cell [x=2, y=6], time=2014-03-19 14:30:08.766, clock=0]
Position [subject=a2, id=null, cell=Cell [x=11, y=18], time=2014-03-19 14:29:52.458, clock=0]
Position [subject=a3, id=null, cell=Cell [x=11, y=4], time=2014-03-19 14:29:50.181, clock=0]
Position [subject=a1, id=null, cell=Cell [x=3, y=8], time=2014-03-19 14:29:51.797, clock=0]
Position [subject=a2, id=null, cell=Cell [x=11, y=10], time=2014-03-19 14:29:57.989, clock=0]
Position [subject=a2, id=null, cell=Cell [x=11, y=11], time=2014-03-19 14:29:57.299, clock=0]
Position [subject=a1, id=null, cell=Cell [x=3, y=5], time=2014-03-19 14:29:49.446, clock=0]
Position [subject=ra1, id=null, cell=Cell [x=5, y=5], time=2014-03-19 14:29:50.451, clock=0]
Position [subject=a2, id=null, cell=Cell [x=7, y=19], time=2014-03-19 14:29:47.792, clock=0]
Position [subject=a4, id=null, cell=Cell [x=11, y=5], time=2014-03-19 14:29:50.987, clock=0]
Position [subject=a2, id=null, cell=Cell [x=11, y=15], time=2014-03-19 14:29:54.554, clock=0]
Position [subject=t1, id=null, cell=Cell [x=10, y=19], time=2014-03-19 14:29:54.607, clock=0]
Position [subject=t1, id=null, cell=Cell [x=8, y=19], time=2014-03-19 14:29:55.984, clock=0]
Position [subject=ra1, id=null, cell=Cell [x=3, y=4], time=2014-03-19 14:29:47.846, clock=0]
Position [subject=ra1, id=null, cell=Cell [x=3, y=5], time=2014-03-19 14:29:48.796, clock=0]
Position [subject=a2, id=null, cell=Cell [x=11, y=16], time=2014-03-19 14:29:53.868, clock=0]
Position [subject=a4, id=null, cell=Cell [x=11, y=9], time=2014-03-19 14:29:53.873, clock=0]
Position [subject=ra1, id=null, cell=Cell [x=6, y=6], time=2014-03-19 14:29:52.674, clock=0]
Position [subject=a2, id=null, cell=Cell [x=11, y=19], time=2014-03-19 14:29:51.752, clock=0]
Position [subject=a2, id=null, cell=Cell [x=11, y=17], time=2014-03-19 14:29:53.19, clock=0]
Position [subject=t1, id=null, cell=Cell [x=17, y=19], time=2014-03-19 14:29:49.539, clock=0]
Position [subject=a2, id=null, cell=Cell [x=8, y=19], time=2014-03-19 14:29:49.4, clock=0]
Position [subject=a3, id=null, cell=Cell [x=11, y=11], time=2014-03-19 14:29:55.189, clock=0]
Position [subject=a1, id=null, cell=Cell [x=3, y=4], time=2014-03-19 14:29:47.845, clock=0]
Position [subject=a3, id=null, cell=Cell [x=11, y=7], time=2014-03-19 14:29:52.404, clock=0]
Position [subject=t1, id=null, cell=Cell [x=14, y=19], time=2014-03-19 14:29:51.815, clock=0]
Position [subject=a4, id=null, cell=Cell [x=11, y=6], time=2014-03-19 14:29:51.758, clock=0]
Position [subject=t1, id=null, cell=Cell [x=15, y=19], time=2014-03-19 14:29:51.058, clock=0]
Position [subject=a3, id=null, cell=Cell [x=11, y=3], time=2014-03-19 14:29:49.34, clock=0]
Position [subject=t1, id=null, cell=Cell [x=18, y=19], time=2014-03-19 14:29:48.73, clock=0]
Position [subject=a4, id=null, cell=Cell [x=11, y=3], time=2014-03-19 14:29:49.406, clock=0]
Position [subject=a1, id=null, cell=Cell [x=3, y=6], time=2014-03-19 14:29:50.264, clock=0]
-------------------------last log tuples end----------------------------------
register a1
register a2
register a3
register a4
register c1
register t1
register ra1
org notification: Coin [id=null, cell=Cell [x=8, y=6], subject=a1, time=2014-03-19 14:52:16.342, clock=0]
org notified found Coin [id=null, cell=Cell [x=8, y=6], subject=a1, time=2014-03-19 14:52:16.342, clock=0]
org notified sent coin(cell(8,6),0,a1).
Organization notifies agent (write): Obligation [subject=ra1, obligation=[group_action(surround(10, 10))], sanction=[sanction_group(g, 1000)], deadline=15, time=2014-03-19 14:52:16.362, clock=0]
org notification: Cargo [id=null, cell=Cell [x=19, y=19], time=2014-03-19 14:52:16.347, clock=0]
org notified found Cargo [id=null, cell=Cell [x=19, y=19], time=2014-03-19 14:52:16.347, clock=0]
org notified sent cargo(cell(19,19),0).
Organization notifies agent (write): Obligation [subject=a1, obligation=[west(10, 10, a1)], sanction=[reduce(a1, _)], deadline=15, time=2014-03-19 14:52:16.364, clock=0]
Organization notifies agent (write): Obligation [subject=a2, obligation=[east(10, 10, a2)], sanction=[reduce(a2, _)], deadline=15, time=2014-03-19 14:52:16.367, clock=0]
agent notification: Obligation [subject=ra1, obligation=[group_action(surround(10, 10))], sanction=[sanction_group(g, 1000)], deadline=15, time=2014-03-19 14:52:16.362, clock=0]
Event sent to agent      ra1 obligation([group_action('surround(10', 10)], 15, [sanction_group(g, 1000)])
Organization notifies agent (write): Obligation [subject=a3, obligation=[north(10, 10, a3)], sanction=[reduce(a3, _)], deadline=15, time=2014-03-19 14:52:16.371, clock=0]
agent notification: Obligation [subject=a1, obligation=[west(10, 10, a1)], sanction=[reduce(a1, _)], deadline=15, time=2014-03-19 14:52:16.364, clock=0]
Organization notifies agent (write): Obligation [subject=a4, obligation=[south(10, 10, a4)], sanction=[reduce(a4, _)], deadline=15, time=2014-03-19 14:52:16.374, clock=0]
Event sent to agent      a1 obligation([west(10, 10, a1)], 15, [reduce(a1, _)])
agent notification: Obligation [subject=a2, obligation=[east(10, 10, a2)], sanction=[reduce(a2, _)], deadline=15, time=2014-03-19 14:52:16.367, clock=0]
Event sent to agent      a2 obligation([east(10, 10, a2)], 15, [reduce(a2, _)])
agent notification: Obligation [subject=a4, obligation=[south(10, 10, a4)], sanction=[reduce(a4, _)], deadline=15, time=2014-03-19 14:52:16.374, clock=0]
Event sent to agent      a4 obligation([south(10, 10, a4)], 15, [reduce(a4, _)])
agent notification: Obligation [subject=a3, obligation=[north(10, 10, a3)], sanction=[reduce(a3, _)], deadline=15, time=2014-03-19 14:52:16.371, clock=0]
Event sent to agent      a3 obligation([north(10, 10, a3)], 15, [reduce(a3, _)])
Event processed adoptObligation(east(10, 10, a2), 15, reduce(a2, _))
Event processed adoptObligation(west(10, 10, a1), 15, reduce(a1, _))
Event processed adoptObligation(south(10, 10, a4), 15, reduce(a4, _))
Event processed adoptObligation(group_action('surround(10', 10), 15, sanction_group(g, 1000))
Event processed adoptObligation(north(10, 10, a3), 15, reduce(a3, _))
org notification: Position [subject=a2, id=null, cell=Cell [x=7, y=19], time=2014-03-19 14:52:16.635, clock=0]
org notified found Position [subject=a2, id=null, cell=Cell [x=7, y=19], time=2014-03-19 14:52:16.635, clock=0]
org notified sent position(a2,cell(7,19),0).
org notification: Position [subject=a1, id=null, cell=Cell [x=3, y=4], time=2014-03-19 14:52:16.651, clock=0]
org notified found Position [subject=a1, id=null, cell=Cell [x=3, y=4], time=2014-03-19 14:52:16.651, clock=0]
org notified sent position(a1,cell(3,4),0).
org notification: Coin [id=null, cell=Cell [x=16, y=16], subject=a2, time=2014-03-19 14:52:17.343, clock=0]
org notified found Coin [id=null, cell=Cell [x=16, y=16], subject=a2, time=2014-03-19 14:52:17.343, clock=0]
org notified sent coin(cell(16,16),0,a2).
org notification: Position [subject=t1, id=null, cell=Cell [x=18, y=19], time=2014-03-19 14:52:17.569, clock=0]
org notified found Position [subject=t1, id=null, cell=Cell [x=18, y=19], time=2014-03-19 14:52:17.569, clock=0]
org notified sent position(t1,cell(18,19),0).
org notification: Coin [id=null, cell=Cell [x=2, y=2], subject=a3, time=2014-03-19 14:52:18.158, clock=0]
org notified found Coin [id=null, cell=Cell [x=2, y=2], subject=a3, time=2014-03-19 14:52:18.158, clock=0]
org notified sent coin(cell(2,2),0,a3).
org notification: Position [subject=a2, id=null, cell=Cell [x=8, y=19], time=2014-03-19 14:52:18.207, clock=0]
org notified found Position [subject=a2, id=null, cell=Cell [x=8, y=19], time=2014-03-19 14:52:18.207, clock=0]
org notified sent position(a2,cell(8,19),0).
org notification: Position [subject=a1, id=null, cell=Cell [x=3, y=5], time=2014-03-19 14:52:18.228, clock=0]
org notified found Position [subject=a1, id=null, cell=Cell [x=3, y=5], time=2014-03-19 14:52:18.228, clock=0]
org notified sent position(a1,cell(3,5),0).
org notification: Position [subject=a3, id=null, cell=Cell [x=11, y=3], time=2014-03-19 14:52:18.234, clock=0]
org notified found Position [subject=a3, id=null, cell=Cell [x=11, y=3], time=2014-03-19 14:52:18.234, clock=0]
org notified sent position(a3,cell(11,3),0).
org notification: Position [subject=t1, id=null, cell=Cell [x=17, y=19], time=2014-03-19 14:52:18.403, clock=0]
org notified found Position [subject=t1, id=null, cell=Cell [x=17, y=19], time=2014-03-19 14:52:18.403, clock=0]
org notified sent position(t1,cell(17,19),0).
org notification: Position [subject=a2, id=null, cell=Cell [x=9, y=19], time=2014-03-19 14:52:19.026, clock=0]
org notified found Position [subject=a2, id=null, cell=Cell [x=9, y=19], time=2014-03-19 14:52:19.026, clock=0]
org notified sent position(a2,cell(9,19),0).
org notification: Position [subject=a1, id=null, cell=Cell [x=3, y=6], time=2014-03-19 14:52:19.034, clock=0]
org notified found Position [subject=a1, id=null, cell=Cell [x=3, y=6], time=2014-03-19 14:52:19.034, clock=0]
org notified sent position(a1,cell(3,6),0).
org notification: Position [subject=a3, id=null, cell=Cell [x=11, y=4], time=2014-03-19 14:52:19.038, clock=0]
org notified found Position [subject=a3, id=null, cell=Cell [x=11, y=4], time=2014-03-19 14:52:19.038, clock=0]
org notified sent position(a3,cell(11,4),0).
org notification: Position [subject=t1, id=null, cell=Cell [x=16, y=19], time=2014-03-19 14:52:19.19, clock=0]
org notified found Position [subject=t1, id=null, cell=Cell [x=16, y=19], time=2014-03-19 14:52:19.19, clock=0]
org notified sent position(t1,cell(16,19),0).
