2014-03-19 14:28:44,091 CONFIG [com.gigaspaces.logger] - Log file: /Users/dxd/gigaspaces-xap-premium-9.5.1-ga/logs/2014-03-19~14.28-gigaspaces-service-128.243.23.149-5343.log
-------------------------last log tuples start--------------------------------
Coin [id=null, cell=Cell [x=8, y=6], subject=a1, time=2014-03-19 14:27:51.31, clock=0]
Coin [id=null, cell=Cell [x=16, y=16], subject=a2, time=2014-03-19 14:27:52.301, clock=0]
ActionRequest [id=null, subject=a2, type=reading, cell=Cell [x=11, y=10], clock=0, time=2014-03-19 14:28:17.968]
Coin [id=null, cell=Cell [x=2, y=2], subject=a3, time=2014-03-19 14:27:53.129, clock=0]
Obligation [subject=ra1, obligation=[group_action(surround(10, 10))], sanction=[sanction_group(g, 1000)], deadline=15, time=2014-03-19 14:27:51.318, clock=0]
Position [subject=t1, id=null, cell=Cell [x=2, y=3], time=2014-03-19 14:28:14.598, clock=0]
ActionRequest [id=null, subject=a2, type=reading, cell=Cell [x=11, y=10], clock=0, time=2014-03-19 14:28:08.343]
Obligation [subject=a4, obligation=[south(10, 10, a4)], sanction=[reduce(a4, _)], deadline=15, time=2014-03-19 14:27:51.334, clock=0]
Position [subject=t1, id=null, cell=Cell [x=2, y=16], time=2014-03-19 14:28:06.055, clock=0]
Cargo [id=null, cell=Cell [x=19, y=19], time=2014-03-19 14:27:51.319, clock=0]
Position [subject=t1, id=null, cell=Cell [x=2, y=17], time=2014-03-19 14:28:05.329, clock=0]
Obligation [subject=a1, obligation=[west(10, 10, a1)], sanction=[reduce(a1, _)], deadline=15, time=2014-03-19 14:27:51.32, clock=0]
Position [subject=t1, id=null, cell=Cell [x=2, y=8], time=2014-03-19 14:28:11.345, clock=0]
Obligation [subject=a2, obligation=[east(10, 10, a2)], sanction=[reduce(a2, _)], deadline=15, time=2014-03-19 14:27:51.324, clock=0]
Position [subject=t1, id=null, cell=Cell [x=2, y=10], time=2014-03-19 14:28:10.007, clock=0]
ActionRequest [id=null, subject=a2, type=reading, cell=Cell [x=11, y=10], clock=0, time=2014-03-19 14:28:04.153]
Position [subject=t1, id=null, cell=Cell [x=2, y=15], time=2014-03-19 14:28:06.725, clock=0]
Position [subject=t1, id=null, cell=Cell [x=2, y=14], time=2014-03-19 14:28:07.393, clock=0]
Position [subject=a4, id=null, cell=Cell [x=11, y=3], time=2014-03-19 14:27:53.152, clock=0]
Obligation [subject=a3, obligation=[north(10, 10, a3)], sanction=[reduce(a3, _)], deadline=15, time=2014-03-19 14:27:51.332, clock=0]
ActionRequest [id=null, subject=a3, type=reading, cell=Cell [x=10, y=11], clock=0, time=2014-03-19 14:28:19.839]
ActionRequest [id=null, subject=a1, type=reading, cell=Cell [x=9, y=10], clock=0, time=2014-03-19 14:28:18.086]
ActionRequest [id=null, subject=a2, type=reading, cell=Cell [x=11, y=10], clock=0, time=2014-03-19 14:28:13.273]
ActionRequest [id=null, subject=a1, type=reading, cell=Cell [x=9, y=10], clock=0, time=2014-03-19 14:28:14.219]
ActionRequest [id=null, subject=a4, type=reading, cell=Cell [x=10, y=9], clock=0, time=2014-03-19 14:28:18.623]
ActionRequest [id=null, subject=a1, type=reading, cell=Cell [x=9, y=10], clock=0, time=2014-03-19 14:28:18.824]
Position [subject=a1, id=null, cell=Cell [x=5, y=10], time=2014-03-19 14:27:58.58, clock=0]
ActionRequest [id=null, subject=a3, type=reading, cell=Cell [x=10, y=11], clock=0, time=2014-03-19 14:28:13.675]
ActionRequest [id=null, subject=a1, type=reading, cell=Cell [x=9, y=10], clock=0, time=2014-03-19 14:28:19.585]
ActionRequest [id=null, subject=a2, type=reading, cell=Cell [x=11, y=10], clock=0, time=2014-03-19 14:28:18.709]
ActionRequest [id=null, subject=a3, type=reading, cell=Cell [x=10, y=11], clock=0, time=2014-03-19 14:28:12.052]
ActionRequest [id=null, subject=a4, type=reading, cell=Cell [x=10, y=9], clock=0, time=2014-03-19 14:28:07.454]
ActionRequest [id=null, subject=a1, type=reading, cell=Cell [x=9, y=10], clock=0, time=2014-03-19 14:28:16.609]
ActionRequest [id=null, subject=a2, type=reading, cell=Cell [x=11, y=10], clock=0, time=2014-03-19 14:28:19.451]
ActionRequest [id=null, subject=a4, type=reading, cell=Cell [x=10, y=9], clock=0, time=2014-03-19 14:28:13.19]
Position [subject=t1, id=null, cell=Cell [x=2, y=11], time=2014-03-19 14:28:09.351, clock=0]
ActionRequest [id=null, subject=a4, type=reading, cell=Cell [x=10, y=9], clock=0, time=2014-03-19 14:28:15.629]
ActionRequest [id=null, subject=a3, type=reading, cell=Cell [x=10, y=11], clock=0, time=2014-03-19 14:28:19.062]
ActionRequest [id=null, subject=a2, type=reading, cell=Cell [x=11, y=10], clock=0, time=2014-03-19 14:28:16.49]
ActionRequest [id=null, subject=a4, type=reading, cell=Cell [x=10, y=9], clock=0, time=2014-03-19 14:28:19.369]
ActionRequest [id=null, subject=a2, type=reading, cell=Cell [x=11, y=10], clock=0, time=2014-03-19 14:28:12.451]
ActionRequest [id=null, subject=a4, type=reading, cell=Cell [x=10, y=9], clock=0, time=2014-03-19 14:28:04.067]
Position [subject=t1, id=null, cell=Cell [x=5, y=19], time=2014-03-19 14:28:02.006, clock=0]
ActionRequest [id=null, subject=a3, type=reading, cell=Cell [x=10, y=11], clock=0, time=2014-03-19 14:28:08.751]
ActionRequest [id=null, subject=a4, type=reading, cell=Cell [x=10, y=9], clock=0, time=2014-03-19 14:27:59.038]
ActionRequest [id=null, subject=a4, type=reading, cell=Cell [x=10, y=9], clock=0, time=2014-03-19 14:28:17.892]
ActionRequest [id=null, subject=a3, type=reading, cell=Cell [x=10, y=11], clock=0, time=2014-03-19 14:28:02.068]
ActionRequest [id=null, subject=a3, type=reading, cell=Cell [x=10, y=11], clock=0, time=2014-03-19 14:28:11.242]
ActionRequest [id=null, subject=a4, type=reading, cell=Cell [x=10, y=9], clock=0, time=2014-03-19 14:28:08.256]
ActionRequest [id=null, subject=a4, type=reading, cell=Cell [x=10, y=9], clock=0, time=2014-03-19 14:28:09.912]
ActionRequest [id=null, subject=a3, type=reading, cell=Cell [x=10, y=11], clock=0, time=2014-03-19 14:28:15.316]
ActionRequest [id=null, subject=a3, type=reading, cell=Cell [x=10, y=11], clock=0, time=2014-03-19 14:28:18.331]
ActionRequest [id=null, subject=a1, type=reading, cell=Cell [x=9, y=10], clock=0, time=2014-03-19 14:28:15.855]
ActionRequest [id=null, subject=a1, type=reading, cell=Cell [x=9, y=10], clock=0, time=2014-03-19 14:28:11.79]
ActionRequest [id=null, subject=a1, type=reading, cell=Cell [x=9, y=10], clock=0, time=2014-03-19 14:28:06.839]
ActionRequest [id=null, subject=a4, type=reading, cell=Cell [x=10, y=9], clock=0, time=2014-03-19 14:28:13.993]
ActionRequest [id=null, subject=a2, type=reading, cell=Cell [x=11, y=10], clock=0, time=2014-03-19 14:28:14.913]
ActionRequest [id=null, subject=a2, type=reading, cell=Cell [x=11, y=10], clock=0, time=2014-03-19 14:28:15.719]
ActionRequest [id=null, subject=a3, type=reading, cell=Cell [x=10, y=11], clock=0, time=2014-03-19 14:28:12.861]
ActionRequest [id=null, subject=a1, type=reading, cell=Cell [x=9, y=10], clock=0, time=2014-03-19 14:28:09.305]
ActionRequest [id=null, subject=a4, type=reading, cell=Cell [x=10, y=9], clock=0, time=2014-03-19 14:28:17.155]
ActionRequest [id=null, subject=a1, type=reading, cell=Cell [x=9, y=10], clock=0, time=2014-03-19 14:28:06.014]
ActionRequest [id=null, subject=a2, type=reading, cell=Cell [x=11, y=10], clock=0, time=2014-03-19 14:28:04.992]
ActionRequest [id=null, subject=a1, type=reading, cell=Cell [x=9, y=10], clock=0, time=2014-03-19 14:28:17.355]
ActionRequest [id=null, subject=a2, type=reading, cell=Cell [x=11, y=10], clock=0, time=2014-03-19 14:28:09.991]
ActionRequest [id=null, subject=a4, type=reading, cell=Cell [x=10, y=9], clock=0, time=2014-03-19 14:28:02.39]
ActionRequest [id=null, subject=a3, type=reading, cell=Cell [x=10, y=11], clock=0, time=2014-03-19 14:28:06.287]
ActionRequest [id=null, subject=a2, type=reading, cell=Cell [x=11, y=10], clock=0, time=2014-03-19 14:28:14.079]
Position [subject=t1, id=null, cell=Cell [x=2, y=5], time=2014-03-19 14:28:13.287, clock=0]
ActionRequest [id=null, subject=a1, type=reading, cell=Cell [x=9, y=10], clock=0, time=2014-03-19 14:28:08.483]
Position [subject=a3, id=null, cell=Cell [x=11, y=9], time=2014-03-19 14:27:57.806, clock=0]
ActionRequest [id=null, subject=a4, type=reading, cell=Cell [x=10, y=9], clock=0, time=2014-03-19 14:28:16.41]
ActionRequest [id=null, subject=a4, type=reading, cell=Cell [x=10, y=9], clock=0, time=2014-03-19 14:28:10.743]
ActionRequest [id=null, subject=a3, type=reading, cell=Cell [x=10, y=11], clock=0, time=2014-03-19 14:28:16.097]
ActionRequest [id=null, subject=a3, type=reading, cell=Cell [x=10, y=11], clock=0, time=2014-03-19 14:28:07.112]
ActionRequest [id=null, subject=a4, type=reading, cell=Cell [x=10, y=9], clock=0, time=2014-03-19 14:28:04.911]
ActionRequest [id=null, subject=a2, type=reading, cell=Cell [x=11, y=10], clock=0, time=2014-03-19 14:28:17.239]
Position [subject=t1, id=null, cell=Cell [x=13, y=19], time=2014-03-19 14:27:56.522, clock=0]
Position [subject=a2, id=null, cell=Cell [x=11, y=10], time=2014-03-19 14:28:01.992, clock=0]
Position [subject=a1, id=null, cell=Cell [x=6, y=10], time=2014-03-19 14:27:59.259, clock=0]
ActionRequest [id=null, subject=a3, type=reading, cell=Cell [x=10, y=11], clock=0, time=2014-03-19 14:28:02.875]
ActionRequest [id=null, subject=a1, type=reading, cell=Cell [x=9, y=10], clock=0, time=2014-03-19 14:28:10.967]
ActionRequest [id=null, subject=a3, type=reading, cell=Cell [x=10, y=11], clock=0, time=2014-03-19 14:28:16.864]
ActionRequest [id=null, subject=a3, type=reading, cell=Cell [x=10, y=11], clock=0, time=2014-03-19 14:28:01.246]
Position [subject=t1, id=null, cell=Cell [x=2, y=9], time=2014-03-19 14:28:10.68, clock=0]
ActionRequest [id=null, subject=a1, type=reading, cell=Cell [x=9, y=10], clock=0, time=2014-03-19 14:28:12.583]
ActionRequest [id=null, subject=a1, type=reading, cell=Cell [x=9, y=10], clock=0, time=2014-03-19 14:28:15.05]
Position [subject=a1, id=null, cell=Cell [x=8, y=10], time=2014-03-19 14:28:00.649, clock=0]
ActionRequest [id=null, subject=a3, type=reading, cell=Cell [x=10, y=11], clock=0, time=2014-03-19 14:28:04.561]
ActionRequest [id=null, subject=a4, type=reading, cell=Cell [x=10, y=9], clock=0, time=2014-03-19 14:28:12.366]
Position [subject=a1, id=null, cell=Cell [x=3, y=9], time=2014-03-19 14:27:56.441, clock=0]
Position [subject=t1, id=null, cell=Cell [x=2, y=4], time=2014-03-19 14:28:13.929, clock=0]
ActionRequest [id=null, subject=a3, type=reading, cell=Cell [x=10, y=11], clock=0, time=2014-03-19 14:28:03.722]
Position [subject=a2, id=null, cell=Cell [x=11, y=19], time=2014-03-19 14:27:55.701, clock=0]
Position [subject=ra1, id=null, cell=Cell [x=5, y=5], time=2014-03-19 14:27:54.264, clock=0]
ActionRequest [id=null, subject=a2, type=reading, cell=Cell [x=11, y=10], clock=0, time=2014-03-19 14:28:09.162]
ActionRequest [id=null, subject=a1, type=reading, cell=Cell [x=9, y=10], clock=0, time=2014-03-19 14:28:01.799]
ActionRequest [id=null, subject=a4, type=reading, cell=Cell [x=10, y=9], clock=0, time=2014-03-19 14:28:00.763]
Position [subject=t1, id=null, cell=Cell [x=4, y=19], time=2014-03-19 14:28:02.66, clock=0]
Position [subject=t1, id=null, cell=Cell [x=2, y=18], time=2014-03-19 14:28:04.665, clock=0]
ActionRequest [id=null, subject=a4, type=reading, cell=Cell [x=10, y=9], clock=0, time=2014-03-19 14:28:14.832]
Position [subject=ra1, id=null, cell=Cell [x=4, y=5], time=2014-03-19 14:27:53.48, clock=0]
Position [subject=t1, id=null, cell=Cell [x=2, y=12], time=2014-03-19 14:28:08.689, clock=0]
ActionRequest [id=null, subject=a3, type=reading, cell=Cell [x=11, y=1], clock=0, time=2014-03-19 14:27:50.819]
ActionRequest [id=null, subject=a3, type=reading, cell=Cell [x=10, y=11], clock=0, time=2014-03-19 14:28:14.493]
ActionRequest [id=null, subject=a4, type=reading, cell=Cell [x=10, y=9], clock=0, time=2014-03-19 14:27:59.892]
ActionRequest [id=null, subject=a2, type=reading, cell=Cell [x=11, y=10], clock=0, time=2014-03-19 14:28:11.653]
Position [subject=a2, id=null, cell=Cell [x=11, y=11], time=2014-03-19 14:28:01.338, clock=0]
Position [subject=a4, id=null, cell=Cell [x=11, y=6], time=2014-03-19 14:27:55.58, clock=0]
ActionRequest [id=null, subject=a4, type=reading, cell=Cell [x=11, y=1], clock=0, time=2014-03-19 14:27:50.793]
ActionRequest [id=null, subject=a3, type=reading, cell=Cell [x=10, y=11], clock=0, time=2014-03-19 14:28:09.589]
ActionRequest [id=null, subject=a2, type=reading, cell=Cell [x=11, y=10], clock=0, time=2014-03-19 14:28:10.83]
ActionRequest [id=null, subject=a1, type=reading, cell=Cell [x=9, y=10], clock=0, time=2014-03-19 14:28:10.134]
Position [subject=a2, id=null, cell=Cell [x=11, y=15], time=2014-03-19 14:27:58.618, clock=0]
Position [subject=a2, id=null, cell=Cell [x=11, y=14], time=2014-03-19 14:27:59.295, clock=0]
Position [subject=a3, id=null, cell=Cell [x=10, y=11], time=2014-03-19 14:27:59.887, clock=0]
ActionRequest [id=null, subject=a1, type=reading, cell=Cell [x=9, y=10], clock=0, time=2014-03-19 14:28:07.674]
ActionRequest [id=null, subject=a2, type=reading, cell=Cell [x=11, y=10], clock=0, time=2014-03-19 14:28:06.712]
Position [subject=t1, id=null, cell=Cell [x=6, y=19], time=2014-03-19 14:28:01.356, clock=0]
ActionRequest [id=null, subject=a2, type=reading, cell=Cell [x=11, y=10], clock=0, time=2014-03-19 14:28:02.471]
ActionRequest [id=null, subject=a4, type=reading, cell=Cell [x=10, y=9], clock=0, time=2014-03-19 14:28:11.567]
ActionRequest [id=null, subject=a1, type=reading, cell=Cell [x=9, y=10], clock=0, time=2014-03-19 14:28:05.126]
ActionRequest [id=null, subject=a2, type=reading, cell=Cell [x=11, y=10], clock=0, time=2014-03-19 14:28:03.314]
ActionRequest [id=null, subject=a3, type=reading, cell=Cell [x=10, y=11], clock=0, time=2014-03-19 14:28:17.593]
Position [subject=t1, id=null, cell=Cell [x=10, y=19], time=2014-03-19 14:27:58.634, clock=0]
ActionRequest [id=null, subject=a1, type=reading, cell=Cell [x=9, y=10], clock=0, time=2014-03-19 14:28:13.404]
Position [subject=a2, id=null, cell=Cell [x=8, y=19], time=2014-03-19 14:27:53.252, clock=0]
ActionRequest [id=null, subject=a2, type=reading, cell=Cell [x=11, y=10], clock=0, time=2014-03-19 14:28:05.863]
ActionRequest [id=null, subject=ra1, type=reading, cell=Cell [x=5, y=5], clock=0, time=2014-03-19 14:27:54.833]
ActionRequest [id=null, subject=a4, type=reading, cell=Cell [x=10, y=9], clock=0, time=2014-03-19 14:28:09.083]
ActionRequest [id=null, subject=a2, type=reading, cell=Cell [x=11, y=10], clock=0, time=2014-03-19 14:28:07.534]
ActionRequest [id=null, subject=a3, type=reading, cell=Cell [x=10, y=11], clock=0, time=2014-03-19 14:28:05.391]
ActionRequest [id=null, subject=a4, type=reading, cell=Cell [x=10, y=9], clock=0, time=2014-03-19 14:28:06.63]
ActionRequest [id=null, subject=a4, type=reading, cell=Cell [x=10, y=9], clock=0, time=2014-03-19 14:28:05.767]
ActionRequest [id=null, subject=a4, type=reading, cell=Cell [x=10, y=9], clock=0, time=2014-03-19 14:28:03.225]
ActionRequest [id=null, subject=a1, type=reading, cell=Cell [x=9, y=10], clock=0, time=2014-03-19 14:28:04.288]
ActionRequest [id=null, subject=a3, type=reading, cell=Cell [x=10, y=11], clock=0, time=2014-03-19 14:28:00.402]
ActionRequest [id=null, subject=a3, type=reading, cell=Cell [x=10, y=11], clock=0, time=2014-03-19 14:28:10.41]
ActionRequest [id=null, subject=a1, type=reading, cell=Cell [x=9, y=10], clock=0, time=2014-03-19 14:28:02.602]
Position [subject=a3, id=null, cell=Cell [x=11, y=11], time=2014-03-19 14:27:59.197, clock=0]
ActionRequest [id=null, subject=a4, type=reading, cell=Cell [x=10, y=9], clock=0, time=2014-03-19 14:28:01.58]
ActionRequest [id=null, subject=a3, type=reading, cell=Cell [x=10, y=11], clock=0, time=2014-03-19 14:28:07.935]
ActionRequest [id=null, subject=a1, type=reading, cell=Cell [x=9, y=10], clock=0, time=2014-03-19 14:28:03.455]
Position [subject=a4, id=null, cell=Cell [x=10, y=9], time=2014-03-19 14:27:58.531, clock=0]
Position [subject=a3, id=null, cell=Cell [x=11, y=8], time=2014-03-19 14:27:57.112, clock=0]
Position [subject=a2, id=null, cell=Cell [x=11, y=16], time=2014-03-19 14:27:57.905, clock=0]
Position [subject=a1, id=null, cell=Cell [x=7, y=10], time=2014-03-19 14:27:59.965, clock=0]
Position [subject=t1, id=null, cell=Cell [x=2, y=7], time=2014-03-19 14:28:11.99, clock=0]
Position [subject=t1, id=null, cell=Cell [x=2, y=13], time=2014-03-19 14:28:08.038, clock=0]
Position [subject=a3, id=null, cell=Cell [x=11, y=5], time=2014-03-19 14:27:54.713, clock=0]
Position [subject=a2, id=null, cell=Cell [x=10, y=19], time=2014-03-19 14:27:54.817, clock=0]
Position [subject=a1, id=null, cell=Cell [x=4, y=10], time=2014-03-19 14:27:57.878, clock=0]
Position [subject=ra1, id=null, cell=Cell [x=5, y=6], time=2014-03-19 14:27:55.941, clock=0]
Position [subject=t1, id=null, cell=Cell [x=11, y=19], time=2014-03-19 14:27:57.924, clock=0]
Position [subject=ra1, id=null, cell=Cell [x=3, y=5], time=2014-03-19 14:27:52.616, clock=0]
Position [subject=ra1, id=null, cell=Cell [x=6, y=6], time=2014-03-19 14:27:56.693, clock=0]
Position [subject=a2, id=null, cell=Cell [x=11, y=18], time=2014-03-19 14:27:56.476, clock=0]
Position [subject=t1, id=null, cell=Cell [x=8, y=19], time=2014-03-19 14:28:00.013, clock=0]
Position [subject=a1, id=null, cell=Cell [x=3, y=10], time=2014-03-19 14:27:57.192, clock=0]
Position [subject=t1, id=null, cell=Cell [x=2, y=2], time=2014-03-19 14:28:15.254, clock=0]
Position [subject=a1, id=null, cell=Cell [x=3, y=6], time=2014-03-19 14:27:54.018, clock=0]
Position [subject=a2, id=null, cell=Cell [x=11, y=13], time=2014-03-19 14:28:00.0, clock=0]
Position [subject=t1, id=null, cell=Cell [x=2, y=6], time=2014-03-19 14:28:12.636, clock=0]
Position [subject=a4, id=null, cell=Cell [x=11, y=4], time=2014-03-19 14:27:53.947, clock=0]
Position [subject=a2, id=null, cell=Cell [x=9, y=19], time=2014-03-19 14:27:54.036, clock=0]
Position [subject=a1, id=null, cell=Cell [x=9, y=10], time=2014-03-19 14:28:01.308, clock=0]
Position [subject=t1, id=null, cell=Cell [x=7, y=19], time=2014-03-19 14:28:00.688, clock=0]
Position [subject=a4, id=null, cell=Cell [x=11, y=7], time=2014-03-19 14:27:56.38, clock=0]
Position [subject=a2, id=null, cell=Cell [x=11, y=12], time=2014-03-19 14:28:00.675, clock=0]
Position [subject=t1, id=null, cell=Cell [x=9, y=19], time=2014-03-19 14:27:59.311, clock=0]
Position [subject=t1, id=null, cell=Cell [x=2, y=19], time=2014-03-19 14:28:04.004, clock=0]
Position [subject=a3, id=null, cell=Cell [x=11, y=10], time=2014-03-19 14:27:58.518, clock=0]
Position [subject=a1, id=null, cell=Cell [x=3, y=7], time=2014-03-19 14:27:54.787, clock=0]
Position [subject=a4, id=null, cell=Cell [x=11, y=8], time=2014-03-19 14:27:57.116, clock=0]
Position [subject=t1, id=null, cell=Cell [x=17, y=19], time=2014-03-19 14:27:53.375, clock=0]
Position [subject=a3, id=null, cell=Cell [x=11, y=3], time=2014-03-19 14:27:53.17, clock=0]
Position [subject=a3, id=null, cell=Cell [x=11, y=4], time=2014-03-19 14:27:53.978, clock=0]
Position [subject=t1, id=null, cell=Cell [x=3, y=19], time=2014-03-19 14:28:03.326, clock=0]
Position [subject=a1, id=null, cell=Cell [x=3, y=4], time=2014-03-19 14:27:51.638, clock=0]
Position [subject=a3, id=null, cell=Cell [x=11, y=7], time=2014-03-19 14:27:56.371, clock=0]
Position [subject=a1, id=null, cell=Cell [x=3, y=8], time=2014-03-19 14:27:55.648, clock=0]
Position [subject=t1, id=null, cell=Cell [x=14, y=19], time=2014-03-19 14:27:55.757, clock=0]
Position [subject=a3, id=null, cell=Cell [x=11, y=6], time=2014-03-19 14:27:55.575, clock=0]
Position [subject=t1, id=null, cell=Cell [x=12, y=19], time=2014-03-19 14:27:57.252, clock=0]
Position [subject=t1, id=null, cell=Cell [x=16, y=19], time=2014-03-19 14:27:54.144, clock=0]
Position [subject=a2, id=null, cell=Cell [x=11, y=17], time=2014-03-19 14:27:57.227, clock=0]
Position [subject=a1, id=null, cell=Cell [x=3, y=5], time=2014-03-19 14:27:53.243, clock=0]
Position [subject=t1, id=null, cell=Cell [x=15, y=19], time=2014-03-19 14:27:54.867, clock=0]
Position [subject=a2, id=null, cell=Cell [x=7, y=19], time=2014-03-19 14:27:51.648, clock=0]
Position [subject=a4, id=null, cell=Cell [x=11, y=5], time=2014-03-19 14:27:54.709, clock=0]
Position [subject=t1, id=null, cell=Cell [x=18, y=19], time=2014-03-19 14:27:52.543, clock=0]
Position [subject=a4, id=null, cell=Cell [x=11, y=9], time=2014-03-19 14:27:57.812, clock=0]
Position [subject=ra1, id=null, cell=Cell [x=3, y=4], time=2014-03-19 14:27:51.674, clock=0]
-------------------------last log tuples end----------------------------------
