2014-03-19 14:20:47,737 CONFIG [com.gigaspaces.logger] - Log file: /Users/dxd/gigaspaces-xap-premium-9.5.1-ga/logs/2014-03-19~14.20-gigaspaces-service-128.243.23.149-5305.log
-------------------------last log tuples start--------------------------------
Coin [id=null, cell=Cell [x=16, y=16], subject=a2, time=2014-03-19 13:57:59.836, clock=0]
Obligation [subject=a4, obligation=[south(10, 10, a4)], sanction=[reduce(a4, _)], deadline=15, time=2014-03-19 13:57:58.819, clock=0]
ActionRequest [id=null, subject=a3, type=reading, cell=Cell [x=10, y=11], clock=0, time=2014-03-19 13:58:08.961]
Position [subject=a3, id=null, cell=Cell [x=11, y=7], time=2014-03-19 13:58:03.784, clock=0]
Coin [id=null, cell=Cell [x=8, y=6], subject=a1, time=2014-03-19 13:57:58.839, clock=0]
Obligation [subject=a3, obligation=[north(10, 10, a3)], sanction=[reduce(a3, _)], deadline=15, time=2014-03-19 13:57:58.815, clock=0]
Cargo [id=null, cell=Cell [x=19, y=19], time=2014-03-19 13:57:58.796, clock=0]
Position [subject=t1, id=null, cell=Cell [x=5, y=19], time=2014-03-19 13:58:09.852, clock=0]
Obligation [subject=a2, obligation=[east(10, 10, a2)], sanction=[reduce(a2, _)], deadline=15, time=2014-03-19 13:57:58.812, clock=0]
Coin [id=null, cell=Cell [x=2, y=2], subject=a3, time=2014-03-19 13:58:00.676, clock=0]
Position [subject=a2, id=null, cell=Cell [x=11, y=12], time=2014-03-19 13:58:08.291, clock=0]
Obligation [subject=a1, obligation=[west(10, 10, a1)], sanction=[reduce(a1, _)], deadline=15, time=2014-03-19 13:57:58.81, clock=0]
Obligation [subject=ra1, obligation=[group_action(surround(_, _))], sanction=[sanction_group(group, _)], deadline=15, time=2014-03-19 13:57:58.807, clock=0]
ActionRequest [id=null, subject=a4, type=reading, cell=Cell [x=10, y=9], clock=0, time=2014-03-19 13:58:09.327]
Position [subject=t1, id=null, cell=Cell [x=9, y=19], time=2014-03-19 13:58:06.805, clock=0]
ActionRequest [id=null, subject=a3, type=reading, cell=Cell [x=10, y=11], clock=0, time=2014-03-19 13:58:09.921]
ActionRequest [id=null, subject=a4, type=reading, cell=Cell [x=10, y=9], clock=0, time=2014-03-19 13:58:07.606]
ActionRequest [id=null, subject=a4, type=reading, cell=Cell [x=11, y=1], clock=0, time=2014-03-19 13:57:58.288]
ActionRequest [id=null, subject=a3, type=reading, cell=Cell [x=10, y=11], clock=0, time=2014-03-19 13:58:08.116]
ActionRequest [id=null, subject=a4, type=reading, cell=Cell [x=10, y=9], clock=0, time=2014-03-19 13:58:06.543]
ActionRequest [id=null, subject=a1, type=reading, cell=Cell [x=9, y=10], clock=0, time=2014-03-19 13:58:09.508]
ActionRequest [id=null, subject=ra1, type=reading, cell=Cell [x=5, y=5], clock=0, time=2014-03-19 13:58:02.279]
ActionRequest [id=null, subject=a4, type=reading, cell=Cell [x=10, y=9], clock=0, time=2014-03-19 13:58:08.478]
Position [subject=a2, id=null, cell=Cell [x=11, y=11], time=2014-03-19 13:58:08.967, clock=0]
ActionRequest [id=null, subject=a3, type=reading, cell=Cell [x=11, y=1], clock=0, time=2014-03-19 13:57:58.28]
Position [subject=a1, id=null, cell=Cell [x=8, y=10], time=2014-03-19 13:58:08.295, clock=0]
Position [subject=t1, id=null, cell=Cell [x=10, y=19], time=2014-03-19 13:58:06.055, clock=0]
Position [subject=a2, id=null, cell=Cell [x=11, y=10], time=2014-03-19 13:58:09.731, clock=0]
Position [subject=a2, id=null, cell=Cell [x=11, y=14], time=2014-03-19 13:58:06.697, clock=0]
Position [subject=t1, id=null, cell=Cell [x=6, y=19], time=2014-03-19 13:58:09.064, clock=0]
Position [subject=t1, id=null, cell=Cell [x=7, y=19], time=2014-03-19 13:58:08.388, clock=0]
Position [subject=a3, id=null, cell=Cell [x=10, y=11], time=2014-03-19 13:58:07.564, clock=0]
Position [subject=a1, id=null, cell=Cell [x=6, y=10], time=2014-03-19 13:58:06.704, clock=0]
Position [subject=a1, id=null, cell=Cell [x=3, y=8], time=2014-03-19 13:58:03.04, clock=0]
Position [subject=t1, id=null, cell=Cell [x=18, y=19], time=2014-03-19 13:58:00.033, clock=0]
Position [subject=a3, id=null, cell=Cell [x=11, y=6], time=2014-03-19 13:58:03.03, clock=0]
Position [subject=a4, id=null, cell=Cell [x=11, y=8], time=2014-03-19 13:58:04.606, clock=0]
Position [subject=ra1, id=null, cell=Cell [x=3, y=5], time=2014-03-19 13:58:00.06, clock=0]
Position [subject=a1, id=null, cell=Cell [x=5, y=10], time=2014-03-19 13:58:05.957, clock=0]
Position [subject=a1, id=null, cell=Cell [x=7, y=10], time=2014-03-19 13:58:07.581, clock=0]
Position [subject=ra1, id=null, cell=Cell [x=5, y=6], time=2014-03-19 13:58:03.224, clock=0]
Position [subject=t1, id=null, cell=Cell [x=15, y=19], time=2014-03-19 13:58:02.412, clock=0]
Position [subject=t1, id=null, cell=Cell [x=12, y=19], time=2014-03-19 13:58:04.672, clock=0]
Position [subject=ra1, id=null, cell=Cell [x=5, y=5], time=2014-03-19 13:58:01.744, clock=0]
Position [subject=a3, id=null, cell=Cell [x=11, y=10], time=2014-03-19 13:58:05.946, clock=0]
Position [subject=a1, id=null, cell=Cell [x=9, y=10], time=2014-03-19 13:58:08.971, clock=0]
Position [subject=t1, id=null, cell=Cell [x=8, y=19], time=2014-03-19 13:58:07.703, clock=0]
Position [subject=a4, id=null, cell=Cell [x=11, y=5], time=2014-03-19 13:58:02.331, clock=0]
Position [subject=a2, id=null, cell=Cell [x=8, y=19], time=2014-03-19 13:58:00.708, clock=0]
Position [subject=a2, id=null, cell=Cell [x=7, y=19], time=2014-03-19 13:57:59.149, clock=0]
Position [subject=a2, id=null, cell=Cell [x=11, y=15], time=2014-03-19 13:58:05.952, clock=0]
Position [subject=a1, id=null, cell=Cell [x=3, y=10], time=2014-03-19 13:58:04.57, clock=0]
Position [subject=a3, id=null, cell=Cell [x=11, y=9], time=2014-03-19 13:58:05.245, clock=0]
Position [subject=a2, id=null, cell=Cell [x=11, y=13], time=2014-03-19 13:58:07.575, clock=0]
Position [subject=t1, id=null, cell=Cell [x=11, y=19], time=2014-03-19 13:58:05.351, clock=0]
Position [subject=a3, id=null, cell=Cell [x=11, y=11], time=2014-03-19 13:58:06.688, clock=0]
Position [subject=a1, id=null, cell=Cell [x=3, y=9], time=2014-03-19 13:58:03.793, clock=0]
Position [subject=a2, id=null, cell=Cell [x=11, y=18], time=2014-03-19 13:58:03.788, clock=0]
Position [subject=a3, id=null, cell=Cell [x=11, y=5], time=2014-03-19 13:58:02.283, clock=0]
Position [subject=t1, id=null, cell=Cell [x=17, y=19], time=2014-03-19 13:58:00.883, clock=0]
Position [subject=a3, id=null, cell=Cell [x=11, y=8], time=2014-03-19 13:58:04.561, clock=0]
Position [subject=a4, id=null, cell=Cell [x=11, y=3], time=2014-03-19 13:58:00.716, clock=0]
Position [subject=a4, id=null, cell=Cell [x=10, y=9], time=2014-03-19 13:58:05.979, clock=0]
Position [subject=a1, id=null, cell=Cell [x=3, y=4], time=2014-03-19 13:57:59.143, clock=0]
Position [subject=a4, id=null, cell=Cell [x=11, y=9], time=2014-03-19 13:58:05.277, clock=0]
Position [subject=a2, id=null, cell=Cell [x=11, y=17], time=2014-03-19 13:58:04.565, clock=0]
Position [subject=t1, id=null, cell=Cell [x=13, y=19], time=2014-03-19 13:58:03.918, clock=0]
Position [subject=a1, id=null, cell=Cell [x=4, y=10], time=2014-03-19 13:58:05.256, clock=0]
Position [subject=a1, id=null, cell=Cell [x=3, y=5], time=2014-03-19 13:58:00.714, clock=0]
Position [subject=a4, id=null, cell=Cell [x=11, y=4], time=2014-03-19 13:58:01.574, clock=0]
Position [subject=t1, id=null, cell=Cell [x=16, y=19], time=2014-03-19 13:58:01.705, clock=0]
Position [subject=a1, id=null, cell=Cell [x=3, y=7], time=2014-03-19 13:58:02.3, clock=0]
Position [subject=a2, id=null, cell=Cell [x=11, y=19], time=2014-03-19 13:58:03.035, clock=0]
Position [subject=a4, id=null, cell=Cell [x=11, y=6], time=2014-03-19 13:58:03.079, clock=0]
Position [subject=a4, id=null, cell=Cell [x=11, y=7], time=2014-03-19 13:58:03.828, clock=0]
Position [subject=ra1, id=null, cell=Cell [x=4, y=5], time=2014-03-19 13:58:00.918, clock=0]
Position [subject=a2, id=null, cell=Cell [x=10, y=19], time=2014-03-19 13:58:02.292, clock=0]
Position [subject=a3, id=null, cell=Cell [x=11, y=4], time=2014-03-19 13:58:01.531, clock=0]
Position [subject=a1, id=null, cell=Cell [x=3, y=6], time=2014-03-19 13:58:01.545, clock=0]
Position [subject=a2, id=null, cell=Cell [x=11, y=16], time=2014-03-19 13:58:05.252, clock=0]
Position [subject=ra1, id=null, cell=Cell [x=6, y=6], time=2014-03-19 13:58:03.989, clock=0]
Position [subject=t1, id=null, cell=Cell [x=14, y=19], time=2014-03-19 13:58:03.164, clock=0]
Position [subject=a2, id=null, cell=Cell [x=9, y=19], time=2014-03-19 13:58:01.537, clock=0]
Position [subject=a3, id=null, cell=Cell [x=11, y=3], time=2014-03-19 13:58:00.696, clock=0]
Position [subject=ra1, id=null, cell=Cell [x=3, y=4], time=2014-03-19 13:57:59.108, clock=0]
-------------------------last log tuples end----------------------------------
