2014-03-26 13:07:31,557 CONFIG [com.gigaspaces.logger] - Log file: /Users/dxd/gigaspaces-xap-premium-9.5.1-ga/logs/2014-03-26~13.07-gigaspaces-service-128.243.23.149-14103.log
-------------------------last log tuples start--------------------------------
Position [subject=a1, id=null, cell=Cell [x=3, y=4], time=2014-03-26 10:00:42.736, clock=0]
Obligation [subject=ra1, obligation=[surround(10, 10)], sanction=[sanction_group(g, 1000)], deadline=15, time=2014-03-26 10:00:42.418, clock=0]
Obligation [subject=a4, obligation=[south(10, 10, a4)], sanction=[reduce(a4, 1000)], deadline=15, time=2014-03-26 10:00:42.453, clock=0]
Position [subject=ra1, id=null, cell=Cell [x=6, y=6], time=2014-03-26 10:00:47.812, clock=0]
Position [subject=a3, id=null, cell=Cell [x=11, y=6], time=2014-03-26 10:00:46.909, clock=0]
Position [subject=a3, id=null, cell=Cell [x=11, y=5], time=2014-03-26 10:00:46.157, clock=0]
Coin [id=null, cell=Cell [x=2, y=2], subject=a3, time=2014-03-26 10:00:44.324, clock=0]
ActionRequest [id=null, subject=a3, type=reading, cell=Cell [x=11, y=1], clock=0, time=2014-03-26 10:00:41.836]
Position [subject=a2, id=null, cell=Cell [x=11, y=18], time=2014-03-26 10:00:47.653, clock=0]
Coin [id=null, cell=Cell [x=16, y=16], subject=a2, time=2014-03-26 10:00:43.443, clock=0]
Coin [id=null, cell=Cell [x=8, y=6], subject=a1, time=2014-03-26 10:00:42.391, clock=0]
Position [subject=ra1, id=null, cell=Cell [x=5, y=6], time=2014-03-26 10:00:47.036, clock=0]
Obligation [subject=a2, obligation=[east(10, 10, a2)], sanction=[reduce(a2, 1000)], deadline=15, time=2014-03-26 10:00:42.43, clock=0]
Obligation [subject=a1, obligation=[west(10, 10, a1)], sanction=[reduce(a1, 1000)], deadline=15, time=2014-03-26 10:00:42.427, clock=0]
Cargo [id=null, cell=Cell [x=19, y=19], time=2014-03-26 10:00:42.423, clock=0]
Obligation [subject=a3, obligation=[north(10, 10, a3)], sanction=[reduce(a3, 1000)], deadline=15, time=2014-03-26 10:00:42.446, clock=0]
ActionRequest [id=null, subject=a4, type=reading, cell=Cell [x=11, y=1], clock=0, time=2014-03-26 10:00:41.836]
Position [subject=a2, id=null, cell=Cell [x=11, y=19], time=2014-03-26 10:00:46.901, clock=0]
ActionRequest [id=null, subject=ra1, type=reading, cell=Cell [x=5, y=5], clock=0, time=2014-03-26 10:00:46.095]
Position [subject=a4, id=null, cell=Cell [x=11, y=8], time=2014-03-26 10:00:48.449, clock=0]
Position [subject=a1, id=null, cell=Cell [x=3, y=10], time=2014-03-26 10:00:48.436, clock=0]
Position [subject=a2, id=null, cell=Cell [x=11, y=17], time=2014-03-26 10:00:48.441, clock=0]
Position [subject=a4, id=null, cell=Cell [x=11, y=6], time=2014-03-26 10:00:46.905, clock=0]
Position [subject=t1, id=null, cell=Cell [x=12, y=19], time=2014-03-26 10:00:48.505, clock=0]
Position [subject=t1, id=null, cell=Cell [x=13, y=19], time=2014-03-26 10:00:47.729, clock=0]
Position [subject=ra1, id=null, cell=Cell [x=5, y=5], time=2014-03-26 10:00:45.534, clock=0]
Position [subject=a2, id=null, cell=Cell [x=9, y=19], time=2014-03-26 10:00:45.337, clock=0]
Position [subject=a3, id=null, cell=Cell [x=11, y=7], time=2014-03-26 10:00:47.67, clock=0]
Position [subject=a4, id=null, cell=Cell [x=11, y=7], time=2014-03-26 10:00:47.668, clock=0]
Position [subject=a1, id=null, cell=Cell [x=3, y=9], time=2014-03-26 10:00:47.648, clock=0]
Position [subject=a2, id=null, cell=Cell [x=8, y=19], time=2014-03-26 10:00:44.428, clock=0]
Position [subject=t1, id=null, cell=Cell [x=15, y=19], time=2014-03-26 10:00:46.248, clock=0]
Position [subject=a3, id=null, cell=Cell [x=11, y=8], time=2014-03-26 10:00:48.46, clock=0]
Position [subject=a1, id=null, cell=Cell [x=3, y=8], time=2014-03-26 10:00:46.889, clock=0]
Position [subject=a2, id=null, cell=Cell [x=10, y=19], time=2014-03-26 10:00:46.127, clock=0]
Position [subject=a4, id=null, cell=Cell [x=11, y=3], time=2014-03-26 10:00:44.476, clock=0]
Position [subject=a4, id=null, cell=Cell [x=11, y=5], time=2014-03-26 10:00:46.139, clock=0]
Position [subject=a3, id=null, cell=Cell [x=11, y=4], time=2014-03-26 10:00:45.392, clock=0]
Position [subject=t1, id=null, cell=Cell [x=18, y=19], time=2014-03-26 10:00:43.712, clock=0]
Position [subject=a3, id=null, cell=Cell [x=11, y=3], time=2014-03-26 10:00:44.488, clock=0]
Position [subject=t1, id=null, cell=Cell [x=17, y=19], time=2014-03-26 10:00:44.609, clock=0]
Position [subject=a1, id=null, cell=Cell [x=3, y=5], time=2014-03-26 10:00:44.419, clock=0]
Position [subject=ra1, id=null, cell=Cell [x=3, y=5], time=2014-03-26 10:00:43.717, clock=0]
Position [subject=a1, id=null, cell=Cell [x=3, y=7], time=2014-03-26 10:00:46.117, clock=0]
Position [subject=ra1, id=null, cell=Cell [x=4, y=5], time=2014-03-26 10:00:44.67, clock=0]
Position [subject=t1, id=null, cell=Cell [x=16, y=19], time=2014-03-26 10:00:45.485, clock=0]
Position [subject=a4, id=null, cell=Cell [x=11, y=4], time=2014-03-26 10:00:45.381, clock=0]
Position [subject=a1, id=null, cell=Cell [x=3, y=6], time=2014-03-26 10:00:45.319, clock=0]
Position [subject=t1, id=null, cell=Cell [x=14, y=19], time=2014-03-26 10:00:46.988, clock=0]
Position [subject=ra1, id=null, cell=Cell [x=3, y=4], time=2014-03-26 10:00:42.71, clock=0]
Position [subject=a2, id=null, cell=Cell [x=7, y=19], time=2014-03-26 10:00:42.762, clock=0]
-------------------------last log tuples end----------------------------------
