2014-03-19 13:57:52,659 CONFIG [com.gigaspaces.logger] - Log file: /Users/dxd/gigaspaces-xap-premium-9.5.1-ga/logs/2014-03-19~13.57-gigaspaces-service-128.243.23.149-5271.log
-------------------------last log tuples start--------------------------------
Obligation [subject=a1, obligation=[west(10, 10, a1)], sanction=[reduce(a1, _)], deadline=15, time=2014-03-19 13:57:06.455, clock=0]
Coin [id=null, cell=Cell [x=16, y=16], subject=a2, time=2014-03-19 13:57:07.487, clock=0]
Obligation [subject=a4, obligation=[south(10, 10, a4)], sanction=[reduce(a4, _)], deadline=15, time=2014-03-19 13:57:06.461, clock=0]
Position [subject=t1, id=null, cell=Cell [x=6, y=19], time=2014-03-19 13:57:14.802, clock=0]
Coin [id=null, cell=Cell [x=2, y=2], subject=a3, time=2014-03-19 13:57:08.323, clock=0]
Coin [id=null, cell=Cell [x=8, y=6], subject=a1, time=2014-03-19 13:57:06.481, clock=0]
ActionRequest [id=null, subject=a2, type=reading, cell=Cell [x=11, y=10], clock=0, time=2014-03-19 13:57:15.974]
Obligation [subject=ra, obligation=[group_action(surround(_, _))], sanction=[sanction_group(group, _)], deadline=15, time=2014-03-19 13:57:06.453, clock=0]
Cargo [id=null, cell=Cell [x=19, y=19], time=2014-03-19 13:57:06.443, clock=0]
Obligation [subject=a2, obligation=[east(10, 10, a2)], sanction=[reduce(a2, _)], deadline=15, time=2014-03-19 13:57:06.457, clock=0]
Obligation [subject=a3, obligation=[north(10, 10, a3)], sanction=[reduce(a3, _)], deadline=15, time=2014-03-19 13:57:06.459, clock=0]
ActionRequest [id=null, subject=a1, type=reading, cell=Cell [x=9, y=10], clock=0, time=2014-03-19 13:57:15.047]
ActionRequest [id=null, subject=a4, type=reading, cell=Cell [x=10, y=9], clock=0, time=2014-03-19 13:57:16.488]
ActionRequest [id=null, subject=a2, type=reading, cell=Cell [x=11, y=10], clock=0, time=2014-03-19 13:57:16.485]
Position [subject=t1, id=null, cell=Cell [x=8, y=19], time=2014-03-19 13:57:14.01, clock=0]
ActionRequest [id=null, subject=a1, type=reading, cell=Cell [x=9, y=10], clock=0, time=2014-03-19 13:57:16.074]
Position [subject=a2, id=null, cell=Cell [x=11, y=14], time=2014-03-19 13:57:13.476, clock=0]
ActionRequest [id=null, subject=ra1, type=reading, cell=Cell [x=5, y=5], clock=0, time=2014-03-19 13:57:09.903]
ActionRequest [id=null, subject=a3, type=reading, cell=Cell [x=11, y=1], clock=0, time=2014-03-19 13:57:05.977]
ActionRequest [id=null, subject=a3, type=reading, cell=Cell [x=10, y=11], clock=0, time=2014-03-19 13:57:14.756]
Position [subject=t1, id=null, cell=Cell [x=4, y=19], time=2014-03-19 13:57:15.618, clock=0]
ActionRequest [id=null, subject=a3, type=reading, cell=Cell [x=10, y=11], clock=0, time=2014-03-19 13:57:15.258]
Position [subject=t1, id=null, cell=Cell [x=9, y=19], time=2014-03-19 13:57:13.555, clock=0]
ActionRequest [id=null, subject=a3, type=reading, cell=Cell [x=10, y=11], clock=0, time=2014-03-19 13:57:16.286]
ActionRequest [id=null, subject=a2, type=reading, cell=Cell [x=11, y=10], clock=0, time=2014-03-19 13:57:15.455]
ActionRequest [id=null, subject=a4, type=reading, cell=Cell [x=10, y=9], clock=0, time=2014-03-19 13:57:14.447]
ActionRequest [id=null, subject=a4, type=reading, cell=Cell [x=10, y=9], clock=0, time=2014-03-19 13:57:13.943]
ActionRequest [id=null, subject=a3, type=reading, cell=Cell [x=10, y=11], clock=0, time=2014-03-19 13:57:14.249]
ActionRequest [id=null, subject=a3, type=reading, cell=Cell [x=10, y=11], clock=0, time=2014-03-19 13:57:15.78]
ActionRequest [id=null, subject=a4, type=reading, cell=Cell [x=10, y=9], clock=0, time=2014-03-19 13:57:13.373]
ActionRequest [id=null, subject=a4, type=reading, cell=Cell [x=10, y=9], clock=0, time=2014-03-19 13:57:15.46]
ActionRequest [id=null, subject=a4, type=reading, cell=Cell [x=11, y=1], clock=0, time=2014-03-19 13:57:05.957]
ActionRequest [id=null, subject=a1, type=reading, cell=Cell [x=9, y=10], clock=0, time=2014-03-19 13:57:15.557]
ActionRequest [id=null, subject=a1, type=reading, cell=Cell [x=9, y=10], clock=0, time=2014-03-19 13:57:16.585]
ActionRequest [id=null, subject=a4, type=reading, cell=Cell [x=10, y=9], clock=0, time=2014-03-19 13:57:14.958]
ActionRequest [id=null, subject=a4, type=reading, cell=Cell [x=10, y=9], clock=0, time=2014-03-19 13:57:15.981]
Position [subject=t1, id=null, cell=Cell [x=5, y=19], time=2014-03-19 13:57:15.206, clock=0]
Position [subject=t1, id=null, cell=Cell [x=11, y=19], time=2014-03-19 13:57:12.7, clock=0]
Position [subject=a4, id=null, cell=Cell [x=11, y=9], time=2014-03-19 13:57:12.615, clock=0]
Position [subject=a2, id=null, cell=Cell [x=11, y=17], time=2014-03-19 13:57:12.113, clock=0]
Position [subject=a2, id=null, cell=Cell [x=11, y=18], time=2014-03-19 13:57:11.37, clock=0]
Position [subject=a1, id=null, cell=Cell [x=6, y=10], time=2014-03-19 13:57:13.472, clock=0]
Position [subject=a2, id=null, cell=Cell [x=11, y=15], time=2014-03-19 13:57:13.049, clock=0]
Position [subject=a1, id=null, cell=Cell [x=8, y=10], time=2014-03-19 13:57:14.335, clock=0]
Position [subject=t1, id=null, cell=Cell [x=3, y=19], time=2014-03-19 13:57:16.024, clock=0]
Position [subject=a1, id=null, cell=Cell [x=3, y=10], time=2014-03-19 13:57:12.095, clock=0]
Position [subject=a2, id=null, cell=Cell [x=11, y=10], time=2014-03-19 13:57:15.147, clock=0]
Position [subject=a2, id=null, cell=Cell [x=11, y=13], time=2014-03-19 13:57:13.932, clock=0]
Position [subject=a2, id=null, cell=Cell [x=11, y=12], time=2014-03-19 13:57:14.343, clock=0]
Position [subject=t1, id=null, cell=Cell [x=15, y=19], time=2014-03-19 13:57:10.032, clock=0]
Position [subject=a1, id=null, cell=Cell [x=7, y=10], time=2014-03-19 13:57:13.927, clock=0]
Position [subject=a4, id=null, cell=Cell [x=10, y=9], time=2014-03-19 13:57:13.058, clock=0]
Position [subject=t1, id=null, cell=Cell [x=2, y=19], time=2014-03-19 13:57:16.422, clock=0]
Position [subject=a3, id=null, cell=Cell [x=11, y=5], time=2014-03-19 13:57:09.92, clock=0]
Position [subject=a4, id=null, cell=Cell [x=11, y=8], time=2014-03-19 13:57:12.117, clock=0]
Position [subject=a3, id=null, cell=Cell [x=11, y=11], time=2014-03-19 13:57:13.489, clock=0]
Position [subject=a1, id=null, cell=Cell [x=4, y=10], time=2014-03-19 13:57:12.604, clock=0]
Position [subject=a2, id=null, cell=Cell [x=11, y=11], time=2014-03-19 13:57:14.748, clock=0]
Position [subject=a1, id=null, cell=Cell [x=9, y=10], time=2014-03-19 13:57:14.741, clock=0]
Position [subject=a1, id=null, cell=Cell [x=3, y=8], time=2014-03-19 13:57:10.615, clock=0]
Position [subject=a1, id=null, cell=Cell [x=3, y=4], time=2014-03-19 13:57:06.749, clock=0]
Position [subject=a1, id=null, cell=Cell [x=5, y=10], time=2014-03-19 13:57:13.045, clock=0]
Position [subject=a4, id=null, cell=Cell [x=11, y=7], time=2014-03-19 13:57:11.378, clock=0]
Position [subject=a2, id=null, cell=Cell [x=11, y=16], time=2014-03-19 13:57:12.61, clock=0]
Position [subject=t1, id=null, cell=Cell [x=7, y=19], time=2014-03-19 13:57:14.397, clock=0]
Position [subject=a3, id=null, cell=Cell [x=11, y=10], time=2014-03-19 13:57:13.064, clock=0]
Position [subject=a3, id=null, cell=Cell [x=11, y=6], time=2014-03-19 13:57:10.65, clock=0]
Position [subject=ra1, id=null, cell=Cell [x=3, y=4], time=2014-03-19 13:57:06.775, clock=0]
Position [subject=a3, id=null, cell=Cell [x=11, y=3], time=2014-03-19 13:57:08.358, clock=0]
Position [subject=a3, id=null, cell=Cell [x=11, y=8], time=2014-03-19 13:57:12.138, clock=0]
Position [subject=a3, id=null, cell=Cell [x=11, y=7], time=2014-03-19 13:57:11.384, clock=0]
Position [subject=t1, id=null, cell=Cell [x=10, y=19], time=2014-03-19 13:57:13.136, clock=0]
Position [subject=t1, id=null, cell=Cell [x=14, y=19], time=2014-03-19 13:57:10.758, clock=0]
Position [subject=a1, id=null, cell=Cell [x=3, y=9], time=2014-03-19 13:57:11.354, clock=0]
Position [subject=ra1, id=null, cell=Cell [x=5, y=6], time=2014-03-19 13:57:10.814, clock=0]
Position [subject=a2, id=null, cell=Cell [x=11, y=19], time=2014-03-19 13:57:10.64, clock=0]
Position [subject=t1, id=null, cell=Cell [x=17, y=19], time=2014-03-19 13:57:08.527, clock=0]
Position [subject=ra1, id=null, cell=Cell [x=4, y=5], time=2014-03-19 13:57:08.564, clock=0]
Position [subject=t1, id=null, cell=Cell [x=16, y=19], time=2014-03-19 13:57:09.307, clock=0]
Position [subject=a4, id=null, cell=Cell [x=11, y=6], time=2014-03-19 13:57:10.644, clock=0]
Position [subject=a3, id=null, cell=Cell [x=11, y=4], time=2014-03-19 13:57:09.166, clock=0]
Position [subject=a1, id=null, cell=Cell [x=3, y=7], time=2014-03-19 13:57:09.884, clock=0]
Position [subject=ra1, id=null, cell=Cell [x=5, y=5], time=2014-03-19 13:57:09.356, clock=0]
Position [subject=a2, id=null, cell=Cell [x=7, y=19], time=2014-03-19 13:57:06.787, clock=0]
Position [subject=t1, id=null, cell=Cell [x=18, y=19], time=2014-03-19 13:57:07.681, clock=0]
Position [subject=a1, id=null, cell=Cell [x=3, y=6], time=2014-03-19 13:57:09.145, clock=0]
Position [subject=a3, id=null, cell=Cell [x=10, y=11], time=2014-03-19 13:57:13.946, clock=0]
Position [subject=a1, id=null, cell=Cell [x=3, y=5], time=2014-03-19 13:57:08.303, clock=0]
Position [subject=ra1, id=null, cell=Cell [x=3, y=5], time=2014-03-19 13:57:07.705, clock=0]
Position [subject=t1, id=null, cell=Cell [x=12, y=19], time=2014-03-19 13:57:12.246, clock=0]
Position [subject=ra1, id=null, cell=Cell [x=6, y=6], time=2014-03-19 13:57:11.568, clock=0]
Position [subject=t1, id=null, cell=Cell [x=13, y=19], time=2014-03-19 13:57:11.502, clock=0]
Position [subject=a4, id=null, cell=Cell [x=11, y=5], time=2014-03-19 13:57:09.911, clock=0]
Position [subject=a2, id=null, cell=Cell [x=10, y=19], time=2014-03-19 13:57:09.906, clock=0]
Position [subject=a3, id=null, cell=Cell [x=11, y=9], time=2014-03-19 13:57:12.625, clock=0]
Position [subject=a2, id=null, cell=Cell [x=8, y=19], time=2014-03-19 13:57:08.335, clock=0]
Position [subject=a4, id=null, cell=Cell [x=11, y=4], time=2014-03-19 13:57:09.162, clock=0]
Position [subject=a4, id=null, cell=Cell [x=11, y=3], time=2014-03-19 13:57:08.348, clock=0]
Position [subject=a2, id=null, cell=Cell [x=9, y=19], time=2014-03-19 13:57:09.159, clock=0]
-------------------------last log tuples end----------------------------------
register a1
register a2
register a3
register a4
register c1
register t1
register ra1
org notification: Cargo [id=null, cell=Cell [x=19, y=19], time=2014-03-19 13:57:58.796, clock=0]
org notified found Cargo [id=null, cell=Cell [x=19, y=19], time=2014-03-19 13:57:58.796, clock=0]
org notified sent cargo(cell(19,19),0).
Organization notifies agent (write): Obligation [subject=ra1, obligation=[group_action(surround(_, _))], sanction=[sanction_group(group, _)], deadline=15, time=2014-03-19 13:57:58.807, clock=0]
Organization notifies agent (write): Obligation [subject=a1, obligation=[west(10, 10, a1)], sanction=[reduce(a1, _)], deadline=15, time=2014-03-19 13:57:58.81, clock=0]
Organization notifies agent (write): Obligation [subject=a2, obligation=[east(10, 10, a2)], sanction=[reduce(a2, _)], deadline=15, time=2014-03-19 13:57:58.812, clock=0]
Organization notifies agent (write): Obligation [subject=a3, obligation=[north(10, 10, a3)], sanction=[reduce(a3, _)], deadline=15, time=2014-03-19 13:57:58.815, clock=0]
Organization notifies agent (write): Obligation [subject=a4, obligation=[south(10, 10, a4)], sanction=[reduce(a4, _)], deadline=15, time=2014-03-19 13:57:58.819, clock=0]
agent notification: Obligation [subject=a1, obligation=[west(10, 10, a1)], sanction=[reduce(a1, _)], deadline=15, time=2014-03-19 13:57:58.81, clock=0]
agent notification: Obligation [subject=ra1, obligation=[group_action(surround(_, _))], sanction=[sanction_group(group, _)], deadline=15, time=2014-03-19 13:57:58.807, clock=0]
Event sent to agent      a1 obligation([west(10, 10, a1)], 15, [reduce(a1, _)])
Event sent to agent      ra1 obligation([group_action('surround(_', _)], 15, [sanction_group(group, _)])
agent notification: Obligation [subject=a2, obligation=[east(10, 10, a2)], sanction=[reduce(a2, _)], deadline=15, time=2014-03-19 13:57:58.812, clock=0]
Event sent to agent      a2 obligation([east(10, 10, a2)], 15, [reduce(a2, _)])
agent notification: Obligation [subject=a3, obligation=[north(10, 10, a3)], sanction=[reduce(a3, _)], deadline=15, time=2014-03-19 13:57:58.815, clock=0]
Event sent to agent      a3 obligation([north(10, 10, a3)], 15, [reduce(a3, _)])
agent notification: Obligation [subject=a4, obligation=[south(10, 10, a4)], sanction=[reduce(a4, _)], deadline=15, time=2014-03-19 13:57:58.819, clock=0]
Event sent to agent      a4 obligation([south(10, 10, a4)], 15, [reduce(a4, _)])
org notification: Coin [id=null, cell=Cell [x=8, y=6], subject=a1, time=2014-03-19 13:57:58.839, clock=0]
org notified found Coin [id=null, cell=Cell [x=8, y=6], subject=a1, time=2014-03-19 13:57:58.839, clock=0]
org notified sent coin(cell(8,6),0,a1).
Event processed adoptObligation(group_action('surround(_', _), 15, sanction_group(group, _))
Event processed adoptObligation(north(10, 10, a3), 15, reduce(a3, _))
Event processed adoptObligation(south(10, 10, a4), 15, reduce(a4, _))
Event processed adoptObligation(west(10, 10, a1), 15, reduce(a1, _))
Event processed adoptObligation(east(10, 10, a2), 15, reduce(a2, _))
org notification: Position [subject=a1, id=null, cell=Cell [x=3, y=4], time=2014-03-19 13:57:59.143, clock=0]
org notified found Position [subject=a1, id=null, cell=Cell [x=3, y=4], time=2014-03-19 13:57:59.143, clock=0]
org notified sent position(a1,cell(3,4),0).
org notification: Position [subject=a2, id=null, cell=Cell [x=7, y=19], time=2014-03-19 13:57:59.149, clock=0]
org notified found Position [subject=a2, id=null, cell=Cell [x=7, y=19], time=2014-03-19 13:57:59.149, clock=0]
org notified sent position(a2,cell(7,19),0).
org notification: Coin [id=null, cell=Cell [x=16, y=16], subject=a2, time=2014-03-19 13:57:59.836, clock=0]
org notified found Coin [id=null, cell=Cell [x=16, y=16], subject=a2, time=2014-03-19 13:57:59.836, clock=0]
org notified sent coin(cell(16,16),0,a2).
org notification: Position [subject=t1, id=null, cell=Cell [x=18, y=19], time=2014-03-19 13:58:00.033, clock=0]
org notified found Position [subject=t1, id=null, cell=Cell [x=18, y=19], time=2014-03-19 13:58:00.033, clock=0]
org notified sent position(t1,cell(18,19),0).
org notification: Coin [id=null, cell=Cell [x=2, y=2], subject=a3, time=2014-03-19 13:58:00.676, clock=0]
org notified found Coin [id=null, cell=Cell [x=2, y=2], subject=a3, time=2014-03-19 13:58:00.676, clock=0]
org notified sent coin(cell(2,2),0,a3).
org notification: Position [subject=a3, id=null, cell=Cell [x=11, y=3], time=2014-03-19 13:58:00.696, clock=0]
org notified found Position [subject=a3, id=null, cell=Cell [x=11, y=3], time=2014-03-19 13:58:00.696, clock=0]
org notified sent position(a3,cell(11,3),0).
org notification: Position [subject=a2, id=null, cell=Cell [x=8, y=19], time=2014-03-19 13:58:00.708, clock=0]
org notified found Position [subject=a2, id=null, cell=Cell [x=8, y=19], time=2014-03-19 13:58:00.708, clock=0]
org notified sent position(a2,cell(8,19),0).
org notification: Position [subject=a1, id=null, cell=Cell [x=3, y=5], time=2014-03-19 13:58:00.714, clock=0]
org notified found Position [subject=a1, id=null, cell=Cell [x=3, y=5], time=2014-03-19 13:58:00.714, clock=0]
org notified sent position(a1,cell(3,5),0).
org notification: Position [subject=t1, id=null, cell=Cell [x=17, y=19], time=2014-03-19 13:58:00.883, clock=0]
org notified found Position [subject=t1, id=null, cell=Cell [x=17, y=19], time=2014-03-19 13:58:00.883, clock=0]
org notified sent position(t1,cell(17,19),0).
org notification: Position [subject=a3, id=null, cell=Cell [x=11, y=4], time=2014-03-19 13:58:01.531, clock=0]
org notified found Position [subject=a3, id=null, cell=Cell [x=11, y=4], time=2014-03-19 13:58:01.531, clock=0]
org notified sent position(a3,cell(11,4),0).
org notification: Position [subject=a2, id=null, cell=Cell [x=9, y=19], time=2014-03-19 13:58:01.537, clock=0]
org notified found Position [subject=a2, id=null, cell=Cell [x=9, y=19], time=2014-03-19 13:58:01.537, clock=0]
org notified sent position(a2,cell(9,19),0).
org notification: Position [subject=a1, id=null, cell=Cell [x=3, y=6], time=2014-03-19 13:58:01.545, clock=0]
org notified found Position [subject=a1, id=null, cell=Cell [x=3, y=6], time=2014-03-19 13:58:01.545, clock=0]
org notified sent position(a1,cell(3,6),0).
org notification: Position [subject=t1, id=null, cell=Cell [x=16, y=19], time=2014-03-19 13:58:01.705, clock=0]
org notified found Position [subject=t1, id=null, cell=Cell [x=16, y=19], time=2014-03-19 13:58:01.705, clock=0]
org notified sent position(t1,cell(16,19),0).
org notification: Position [subject=a3, id=null, cell=Cell [x=11, y=5], time=2014-03-19 13:58:02.283, clock=0]
org notified found Position [subject=a3, id=null, cell=Cell [x=11, y=5], time=2014-03-19 13:58:02.283, clock=0]
org notified sent position(a3,cell(11,5),0).
org notification: Position [subject=a2, id=null, cell=Cell [x=10, y=19], time=2014-03-19 13:58:02.292, clock=0]
org notified found Position [subject=a2, id=null, cell=Cell [x=10, y=19], time=2014-03-19 13:58:02.292, clock=0]
org notified sent position(a2,cell(10,19),0).
org notification: Position [subject=a1, id=null, cell=Cell [x=3, y=7], time=2014-03-19 13:58:02.3, clock=0]
org notified found Position [subject=a1, id=null, cell=Cell [x=3, y=7], time=2014-03-19 13:58:02.3, clock=0]
org notified sent position(a1,cell(3,7),0).
org notification: Position [subject=t1, id=null, cell=Cell [x=15, y=19], time=2014-03-19 13:58:02.412, clock=0]
org notified found Position [subject=t1, id=null, cell=Cell [x=15, y=19], time=2014-03-19 13:58:02.412, clock=0]
org notified sent position(t1,cell(15,19),0).
org notification: Position [subject=a3, id=null, cell=Cell [x=11, y=6], time=2014-03-19 13:58:03.03, clock=0]
org notified found Position [subject=a3, id=null, cell=Cell [x=11, y=6], time=2014-03-19 13:58:03.03, clock=0]
org notified sent position(a3,cell(11,6),0).
org notification: Position [subject=a2, id=null, cell=Cell [x=11, y=19], time=2014-03-19 13:58:03.035, clock=0]
org notified found Position [subject=a2, id=null, cell=Cell [x=11, y=19], time=2014-03-19 13:58:03.035, clock=0]
org notified sent position(a2,cell(11,19),0).
org notification: Position [subject=a1, id=null, cell=Cell [x=3, y=8], time=2014-03-19 13:58:03.04, clock=0]
org notified found Position [subject=a1, id=null, cell=Cell [x=3, y=8], time=2014-03-19 13:58:03.04, clock=0]
org notified sent position(a1,cell(3,8),0).
org notification: Position [subject=t1, id=null, cell=Cell [x=14, y=19], time=2014-03-19 13:58:03.164, clock=0]
org notified found Position [subject=t1, id=null, cell=Cell [x=14, y=19], time=2014-03-19 13:58:03.164, clock=0]
org notified sent position(t1,cell(14,19),0).
org notification: Position [subject=a3, id=null, cell=Cell [x=11, y=7], time=2014-03-19 13:58:03.784, clock=0]
org notified found Position [subject=a3, id=null, cell=Cell [x=11, y=7], time=2014-03-19 13:58:03.784, clock=0]
org notified sent position(a3,cell(11,7),0).
org notification: Position [subject=a2, id=null, cell=Cell [x=11, y=18], time=2014-03-19 13:58:03.788, clock=0]
org notified found Position [subject=a2, id=null, cell=Cell [x=11, y=18], time=2014-03-19 13:58:03.788, clock=0]
org notified sent position(a2,cell(11,18),0).
org notification: Position [subject=a1, id=null, cell=Cell [x=3, y=9], time=2014-03-19 13:58:03.793, clock=0]
org notified found Position [subject=a1, id=null, cell=Cell [x=3, y=9], time=2014-03-19 13:58:03.793, clock=0]
org notified sent position(a1,cell(3,9),0).
org notification: Position [subject=t1, id=null, cell=Cell [x=13, y=19], time=2014-03-19 13:58:03.918, clock=0]
org notified found Position [subject=t1, id=null, cell=Cell [x=13, y=19], time=2014-03-19 13:58:03.918, clock=0]
org notified sent position(t1,cell(13,19),0).
org notification: Position [subject=a3, id=null, cell=Cell [x=11, y=8], time=2014-03-19 13:58:04.561, clock=0]
org notified found Position [subject=a3, id=null, cell=Cell [x=11, y=8], time=2014-03-19 13:58:04.561, clock=0]
org notified sent position(a3,cell(11,8),0).
org notification: Position [subject=a2, id=null, cell=Cell [x=11, y=17], time=2014-03-19 13:58:04.565, clock=0]
org notified found Position [subject=a2, id=null, cell=Cell [x=11, y=17], time=2014-03-19 13:58:04.565, clock=0]
org notified sent position(a2,cell(11,17),0).
org notification: Position [subject=a1, id=null, cell=Cell [x=3, y=10], time=2014-03-19 13:58:04.57, clock=0]
org notified found Position [subject=a1, id=null, cell=Cell [x=3, y=10], time=2014-03-19 13:58:04.57, clock=0]
org notified sent position(a1,cell(3,10),0).
org notification: Position [subject=t1, id=null, cell=Cell [x=12, y=19], time=2014-03-19 13:58:04.672, clock=0]
org notified found Position [subject=t1, id=null, cell=Cell [x=12, y=19], time=2014-03-19 13:58:04.672, clock=0]
org notified sent position(t1,cell(12,19),0).
org notification: Position [subject=a3, id=null, cell=Cell [x=11, y=9], time=2014-03-19 13:58:05.245, clock=0]
org notified found Position [subject=a3, id=null, cell=Cell [x=11, y=9], time=2014-03-19 13:58:05.245, clock=0]
org notified sent position(a3,cell(11,9),0).
org notification: Position [subject=a2, id=null, cell=Cell [x=11, y=16], time=2014-03-19 13:58:05.252, clock=0]
org notified found Position [subject=a2, id=null, cell=Cell [x=11, y=16], time=2014-03-19 13:58:05.252, clock=0]
org notified sent position(a2,cell(11,16),0).
org notification: Position [subject=a1, id=null, cell=Cell [x=4, y=10], time=2014-03-19 13:58:05.256, clock=0]
org notified found Position [subject=a1, id=null, cell=Cell [x=4, y=10], time=2014-03-19 13:58:05.256, clock=0]
org notified sent position(a1,cell(4,10),0).
org notification: Position [subject=t1, id=null, cell=Cell [x=11, y=19], time=2014-03-19 13:58:05.351, clock=0]
org notified found Position [subject=t1, id=null, cell=Cell [x=11, y=19], time=2014-03-19 13:58:05.351, clock=0]
org notified sent position(t1,cell(11,19),0).
org notification: Position [subject=a3, id=null, cell=Cell [x=11, y=10], time=2014-03-19 13:58:05.946, clock=0]
org notified found Position [subject=a3, id=null, cell=Cell [x=11, y=10], time=2014-03-19 13:58:05.946, clock=0]
org notified sent position(a3,cell(11,10),0).
org notification: Position [subject=a2, id=null, cell=Cell [x=11, y=15], time=2014-03-19 13:58:05.952, clock=0]
org notified found Position [subject=a2, id=null, cell=Cell [x=11, y=15], time=2014-03-19 13:58:05.952, clock=0]
org notified sent position(a2,cell(11,15),0).
org notification: Position [subject=a1, id=null, cell=Cell [x=5, y=10], time=2014-03-19 13:58:05.957, clock=0]
org notified found Position [subject=a1, id=null, cell=Cell [x=5, y=10], time=2014-03-19 13:58:05.957, clock=0]
org notified sent position(a1,cell(5,10),0).
org notification: Position [subject=t1, id=null, cell=Cell [x=10, y=19], time=2014-03-19 13:58:06.055, clock=0]
org notified found Position [subject=t1, id=null, cell=Cell [x=10, y=19], time=2014-03-19 13:58:06.055, clock=0]
org notified sent position(t1,cell(10,19),0).
org notification: Position [subject=a3, id=null, cell=Cell [x=11, y=11], time=2014-03-19 13:58:06.688, clock=0]
org notified found Position [subject=a3, id=null, cell=Cell [x=11, y=11], time=2014-03-19 13:58:06.688, clock=0]
org notified sent position(a3,cell(11,11),0).
org notification: Position [subject=a2, id=null, cell=Cell [x=11, y=14], time=2014-03-19 13:58:06.697, clock=0]
org notified found Position [subject=a2, id=null, cell=Cell [x=11, y=14], time=2014-03-19 13:58:06.697, clock=0]
org notified sent position(a2,cell(11,14),0).
org notification: Position [subject=a1, id=null, cell=Cell [x=6, y=10], time=2014-03-19 13:58:06.704, clock=0]
org notified found Position [subject=a1, id=null, cell=Cell [x=6, y=10], time=2014-03-19 13:58:06.704, clock=0]
org notified sent position(a1,cell(6,10),0).
org notification: Position [subject=t1, id=null, cell=Cell [x=9, y=19], time=2014-03-19 13:58:06.805, clock=0]
org notified found Position [subject=t1, id=null, cell=Cell [x=9, y=19], time=2014-03-19 13:58:06.805, clock=0]
org notified sent position(t1,cell(9,19),0).
org notification: Position [subject=a3, id=null, cell=Cell [x=10, y=11], time=2014-03-19 13:58:07.564, clock=0]
org notified found Position [subject=a3, id=null, cell=Cell [x=10, y=11], time=2014-03-19 13:58:07.564, clock=0]
org notified sent position(a3,cell(10,11),0).
org notification: Position [subject=a2, id=null, cell=Cell [x=11, y=13], time=2014-03-19 13:58:07.575, clock=0]
org notified found Position [subject=a2, id=null, cell=Cell [x=11, y=13], time=2014-03-19 13:58:07.575, clock=0]
org notified sent position(a2,cell(11,13),0).
org notification: Position [subject=a1, id=null, cell=Cell [x=7, y=10], time=2014-03-19 13:58:07.581, clock=0]
org notified found Position [subject=a1, id=null, cell=Cell [x=7, y=10], time=2014-03-19 13:58:07.581, clock=0]
org notified sent position(a1,cell(7,10),0).
org notification: Position [subject=t1, id=null, cell=Cell [x=8, y=19], time=2014-03-19 13:58:07.703, clock=0]
org notified found Position [subject=t1, id=null, cell=Cell [x=8, y=19], time=2014-03-19 13:58:07.703, clock=0]
org notified sent position(t1,cell(8,19),0).
org notification: Position [subject=a2, id=null, cell=Cell [x=11, y=12], time=2014-03-19 13:58:08.291, clock=0]
org notified found Position [subject=a2, id=null, cell=Cell [x=11, y=12], time=2014-03-19 13:58:08.291, clock=0]
org notified sent position(a2,cell(11,12),0).
org notification: Position [subject=a1, id=null, cell=Cell [x=8, y=10], time=2014-03-19 13:58:08.295, clock=0]
org notified found Position [subject=a1, id=null, cell=Cell [x=8, y=10], time=2014-03-19 13:58:08.295, clock=0]
org notified sent position(a1,cell(8,10),0).
org notification: Position [subject=t1, id=null, cell=Cell [x=7, y=19], time=2014-03-19 13:58:08.388, clock=0]
org notified found Position [subject=t1, id=null, cell=Cell [x=7, y=19], time=2014-03-19 13:58:08.388, clock=0]
org notified sent position(t1,cell(7,19),0).
org notification: Position [subject=a2, id=null, cell=Cell [x=11, y=11], time=2014-03-19 13:58:08.967, clock=0]
org notified found Position [subject=a2, id=null, cell=Cell [x=11, y=11], time=2014-03-19 13:58:08.967, clock=0]
org notified sent position(a2,cell(11,11),0).
org notification: Position [subject=a1, id=null, cell=Cell [x=9, y=10], time=2014-03-19 13:58:08.971, clock=0]
org notified found Position [subject=a1, id=null, cell=Cell [x=9, y=10], time=2014-03-19 13:58:08.971, clock=0]
org notified sent position(a1,cell(9,10),0).
org notification: Position [subject=t1, id=null, cell=Cell [x=6, y=19], time=2014-03-19 13:58:09.064, clock=0]
org notified found Position [subject=t1, id=null, cell=Cell [x=6, y=19], time=2014-03-19 13:58:09.064, clock=0]
org notified sent position(t1,cell(6,19),0).
org notification: Position [subject=a2, id=null, cell=Cell [x=11, y=10], time=2014-03-19 13:58:09.731, clock=0]
org notified found Position [subject=a2, id=null, cell=Cell [x=11, y=10], time=2014-03-19 13:58:09.731, clock=0]
org notified sent position(a2,cell(11,10),0).
org notification: Position [subject=t1, id=null, cell=Cell [x=5, y=19], time=2014-03-19 13:58:09.852, clock=0]
org notified found Position [subject=t1, id=null, cell=Cell [x=5, y=19], time=2014-03-19 13:58:09.852, clock=0]
org notified sent position(t1,cell(5,19),0).
